<?xml version="1.0" encoding="UTF-8"?>
<!-- Generated by org.testng.reporters.JUnitXMLReporter -->
<testsuite ignored="2" hostname="Ramesh-P-MacBook-Air.local" failures="4" tests="14" name="OUP_TRF_Firefox" time="1651.521" errors="0" timestamp="2021-08-31T12:59:57 IST">
  <testcase classname="frameworkBase.TestBotBase" name="@BeforeMethod globalTestSetup" time="605.786">
    <failure type="org.openqa.selenium.WebDriverException" message="Test timed out from lambda queue (WARNING: The server did not provide any stacktrace information)
Command duration or timeout: 603.36 seconds
Build info: version: &amp;apos;3.141.59&amp;apos;, revision: &amp;apos;e82be7d358&amp;apos;, time: &amp;apos;2018-11-14T08:17:03&amp;apos;
System info: host: &amp;apos;Ramesh-P-MacBook-Air.local&amp;apos;, ip: &amp;apos;192.168.225.84&amp;apos;, os.name: &amp;apos;Mac OS X&amp;apos;, os.arch: &amp;apos;x86_64&amp;apos;, os.version: &amp;apos;10.14.6&amp;apos;, java.version: &amp;apos;14.0.1&amp;apos;
Driver info: driver.version: RemoteWebDriver">
      <![CDATA[org.openqa.selenium.WebDriverException: Test timed out from lambda queue (WARNING: The server did not provide any stacktrace information)
Command duration or timeout: 603.36 seconds
Build info: version: '3.141.59', revision: 'e82be7d358', time: '2018-11-14T08:17:03'
System info: host: 'Ramesh-P-MacBook-Air.local', ip: '192.168.225.84', os.name: 'Mac OS X', os.arch: 'x86_64', os.version: '10.14.6', java.version: '14.0.1'
Driver info: driver.version: RemoteWebDriver
at org.openqa.selenium.remote.ErrorHandler.createThrowable(ErrorHandler.java:214)
at org.openqa.selenium.remote.ErrorHandler.throwIfResponseFailed(ErrorHandler.java:166)
at org.openqa.selenium.remote.JsonWireProtocolResponse.lambda$errorHandler$0(JsonWireProtocolResponse.java:54)
at org.openqa.selenium.remote.HandshakeResponse.lambda$getResponseFunction$0(HandshakeResponse.java:30)
at org.openqa.selenium.remote.ProtocolHandshake.lambda$createSession$0(ProtocolHandshake.java:126)
at java.base/java.util.stream.ReferencePipeline$3$1.accept(ReferencePipeline.java:195)
at java.base/java.util.Spliterators$ArraySpliterator.tryAdvance(Spliterators.java:958)
at java.base/java.util.stream.ReferencePipeline.forEachWithCancel(ReferencePipeline.java:127)
at java.base/java.util.stream.AbstractPipeline.copyIntoWithCancel(AbstractPipeline.java:502)
at java.base/java.util.stream.AbstractPipeline.copyInto(AbstractPipeline.java:488)
at java.base/java.util.stream.AbstractPipeline.wrapAndCopyInto(AbstractPipeline.java:474)
at java.base/java.util.stream.FindOps$FindOp.evaluateSequential(FindOps.java:150)
at java.base/java.util.stream.AbstractPipeline.evaluate(AbstractPipeline.java:234)
at java.base/java.util.stream.ReferencePipeline.findFirst(ReferencePipeline.java:543)
at org.openqa.selenium.remote.ProtocolHandshake.createSession(ProtocolHandshake.java:128)
at org.openqa.selenium.remote.ProtocolHandshake.createSession(ProtocolHandshake.java:74)
at org.openqa.selenium.remote.HttpCommandExecutor.execute(HttpCommandExecutor.java:136)
at org.openqa.selenium.remote.RemoteWebDriver.execute(RemoteWebDriver.java:552)
at org.openqa.selenium.remote.RemoteWebDriver.startSession(RemoteWebDriver.java:213)
at org.openqa.selenium.remote.RemoteWebDriver.<init>(RemoteWebDriver.java:131)
at org.openqa.selenium.remote.RemoteWebDriver.<init>(RemoteWebDriver.java:144)
at frameworkBase.TestBotBase.globalTestSetup(TestBotBase.java:107)
at java.base/java.util.concurrent.ThreadPoolExecutor.runWorker(ThreadPoolExecutor.java:1130)
at java.base/java.util.concurrent.ThreadPoolExecutor$Worker.run(ThreadPoolExecutor.java:630)
at java.base/java.lang.Thread.run(Thread.java:832)
... Removed 21 stack frames]]>
    </failure>
  </testcase> <!-- @BeforeMethod globalTestSetup -->
  <testcase classname="frameworkBase.TestBotBase" name="@AfterMethod globalTearDown" time="-1.630393950162E9">
    <skipped/>
  </testcase> <!-- @AfterMethod globalTearDown -->
  <testcase classname="frameworkBase.TestBotBase" name="@BeforeMethod globalTestSetup" time="-1.630393950213E9">
    <skipped/>
  </testcase> <!-- @BeforeMethod globalTestSetup -->
  <testcase classname="frameworkBase.TestBotBase" name="@AfterMethod globalTearDown" time="-1.630393950248E9">
    <skipped/>
  </testcase> <!-- @AfterMethod globalTearDown -->
  <testcase classname="frameworkBase.TestBotBase" name="@BeforeMethod globalTestSetup" time="-1.630393950274E9">
    <skipped/>
  </testcase> <!-- @BeforeMethod globalTestSetup -->
  <testcase classname="frameworkBase.TestBotBase" name="@AfterMethod globalTearDown" time="-1.630393950442E9">
    <skipped/>
  </testcase> <!-- @AfterMethod globalTearDown -->
  <testcase classname="frameworkBase.TestBotBase" name="@BeforeMethod globalTestSetup" time="-1.630393950456E9">
    <skipped/>
  </testcase> <!-- @BeforeMethod globalTestSetup -->
  <testcase classname="frameworkBase.TestBotBase" name="@AfterMethod globalTearDown" time="-1.630393950509E9">
    <skipped/>
  </testcase> <!-- @AfterMethod globalTearDown -->
  <testcase classname="frameworkBase.TestBotBase" name="@BeforeMethod globalTestSetup" time="-1.630393950525E9">
    <skipped/>
  </testcase> <!-- @BeforeMethod globalTestSetup -->
  <testcase classname="frameworkBase.TestBotBase" name="@AfterMethod globalTearDown" time="-1.630393950691E9">
    <skipped/>
  </testcase> <!-- @AfterMethod globalTearDown -->
  <testcase classname="frameworkBase.TestBotBase" name="@BeforeMethod globalTestSetup" time="-1.630393950696E9">
    <skipped/>
  </testcase> <!-- @BeforeMethod globalTestSetup -->
  <testcase classname="frameworkBase.TestBotBase" name="@AfterMethod globalTearDown" time="-1.63039395073E9">
    <skipped/>
  </testcase> <!-- @AfterMethod globalTearDown -->
  <testcase classname="frameworkBase.TestBotBase" name="@AfterMethod globalTearDown" time="-1.630394225524E9">
    <skipped/>
  </testcase> <!-- @AfterMethod globalTearDown -->
  <testcase classname="frameworkBase.TestBotBase" name="@AfterMethod globalTearDown" time="-1.630394232059E9">
    <skipped/>
  </testcase> <!-- @AfterMethod globalTearDown -->
  <testcase classname="frameworkBase.TestBotBase" name="@AfterMethod globalTearDown" time="-1.630394250215E9">
    <skipped/>
  </testcase> <!-- @AfterMethod globalTearDown -->
  <testcase classname="frameworkBase.TestBotBase" name="@AfterMethod globalTearDown" time="-1.630394995292E9">
    <skipped/>
  </testcase> <!-- @AfterMethod globalTearDown -->
  <testcase classname="frameworkBase.TestBotBase" name="@AfterClass terminate" time="-1.630394995506E9">
    <skipped/>
  </testcase> <!-- @AfterClass terminate -->
  <testcase classname="testCases.TRF.TRF_TestcasesOUP" name="Test002_TRFVerifyPendingList" time="424.814">
    <skipped/>
  </testcase> <!-- Test002_TRFVerifyPendingList -->
  <testcase classname="testCases.TRF.TRF_TestcasesOUP" name="Test001_TRFCreation" time="424.805">
    <skipped/>
  </testcase> <!-- Test001_TRFCreation -->
  <testcase classname="testCases.TRF.TRF_TestcasesOUP" name="Test005_TripDelete" time="425.513">
    <skipped/>
  </testcase> <!-- Test005_TripDelete -->
  <testcase classname="testCases.TRF.TRF_TestcasesOUP" name="Test006_SaveTRF" time="383.373">
    <skipped/>
  </testcase> <!-- Test006_SaveTRF -->
  <testcase classname="testCases.TRF.TRF_TestcasesOUP" name="Test004_TripEdit" time="0.0">
    <skipped/>
  </testcase> <!-- Test004_TripEdit -->
  <testcase classname="testCases.TRF.TRF_TestcasesOUP" name="Test006_SubmitTRF" time="0.0">
    <skipped/>
  </testcase> <!-- Test006_SubmitTRF -->
  <testcase classname="testCases.TRF.TRF_TestcasesOUP" name="Test012_TRFDelete" time="0.0">
    <skipped/>
  </testcase> <!-- Test012_TRFDelete -->
  <testcase classname="testCases.TRF.TRF_TestcasesOUP" name="Test015_TRFExport" time="0.0">
    <skipped/>
  </testcase> <!-- Test015_TRFExport -->
  <testcase classname="testCases.TRF.TRF_TestcasesOUP" name="Test016_downloadPolicyException" time="0.0">
    <skipped/>
  </testcase> <!-- Test016_downloadPolicyException -->
  <testcase classname="testCases.TRF.TRF_TestcasesOUP" name="Test017_downloadWorkflowComments" time="0.0">
    <skipped/>
  </testcase> <!-- Test017_downloadWorkflowComments -->
  <testcase classname="testCases.TRF.TRF_TestcasesOUP" name="Test002_TRFVerifyPendingList" time="418.1">
    <failure type="org.openqa.selenium.json.JsonException" message="java.lang.reflect.InvocationTargetException
Build info: version: &amp;apos;3.141.59&amp;apos;, revision: &amp;apos;e82be7d358&amp;apos;, time: &amp;apos;2018-11-14T08:17:03&amp;apos;
System info: host: &amp;apos;Ramesh-P-MacBook-Air.local&amp;apos;, ip: &amp;apos;192.168.225.84&amp;apos;, os.name: &amp;apos;Mac OS X&amp;apos;, os.arch: &amp;apos;x86_64&amp;apos;, os.version: &amp;apos;10.14.6&amp;apos;, java.version: &amp;apos;14.0.1&amp;apos;
Driver info: driver.version: RemoteWebDriver">
      <![CDATA[org.openqa.selenium.json.JsonException: java.lang.reflect.InvocationTargetException
Build info: version: '3.141.59', revision: 'e82be7d358', time: '2018-11-14T08:17:03'
System info: host: 'Ramesh-P-MacBook-Air.local', ip: '192.168.225.84', os.name: 'Mac OS X', os.arch: 'x86_64', os.version: '10.14.6', java.version: '14.0.1'
Driver info: driver.version: RemoteWebDriver
at org.openqa.selenium.json.JsonOutput.convertUsingMethod(JsonOutput.java:332)
at org.openqa.selenium.json.JsonOutput.lambda$new$16(JsonOutput.java:155)
at org.openqa.selenium.json.JsonOutput.write(JsonOutput.java:264)
at org.openqa.selenium.json.JsonOutput.lambda$null$21(JsonOutput.java:168)
at java.base/java.util.LinkedHashMap$LinkedValues.forEach(LinkedHashMap.java:647)
at org.openqa.selenium.json.JsonOutput.lambda$new$22(JsonOutput.java:168)
at org.openqa.selenium.json.JsonOutput.write(JsonOutput.java:264)
at org.openqa.selenium.json.JsonOutput.lambda$null$23(JsonOutput.java:177)
at com.google.common.collect.SingletonImmutableBiMap.forEach(SingletonImmutableBiMap.java:65)
at org.openqa.selenium.json.JsonOutput.lambda$new$24(JsonOutput.java:176)
at org.openqa.selenium.json.JsonOutput.write(JsonOutput.java:264)
at org.openqa.selenium.json.JsonOutput.write(JsonOutput.java:255)
at org.openqa.selenium.json.Json.toJson(Json.java:42)
at org.openqa.selenium.remote.http.AbstractHttpCommandCodec.encode(AbstractHttpCommandCodec.java:227)
at org.openqa.selenium.remote.http.AbstractHttpCommandCodec.encode(AbstractHttpCommandCodec.java:117)
at org.openqa.selenium.remote.HttpCommandExecutor.execute(HttpCommandExecutor.java:152)
at org.openqa.selenium.remote.RemoteWebDriver.execute(RemoteWebDriver.java:552)
at org.openqa.selenium.remote.RemoteWebDriver.perform(RemoteWebDriver.java:618)
at org.openqa.selenium.interactions.Actions$BuiltAction.perform(Actions.java:639)
at frameworkBase.TestBotElementsWrapper.click_Actions(TestBotElementsWrapper.java:563)
at pageobjects.EmployeeViews.TRFPage.Goto_TRF_Page(TRFPage.java:583)
at testCases.TRF.TRF_TestcasesOUP.Test002_TRFVerifyPendingList(TRF_TestcasesOUP.java:53)
at java.base/java.util.concurrent.ThreadPoolExecutor.runWorker(ThreadPoolExecutor.java:1130)
at java.base/java.util.concurrent.ThreadPoolExecutor$Worker.run(ThreadPoolExecutor.java:630)
at java.base/java.lang.Thread.run(Thread.java:832)
Suppressed: org.openqa.selenium.json.JsonException: Attempting to close incomplete json stream
Build info: version: '3.141.59', revision: 'e82be7d358', time: '2018-11-14T08:17:03'
System info: host: 'Ramesh-P-MacBook-Air.local', ip: '192.168.225.84', os.name: 'Mac OS X', os.arch: 'x86_64', os.version: '10.14.6', java.version: '14.0.1'
Driver info: driver.version: RemoteWebDriver
at org.openqa.selenium.json.JsonOutput.close(JsonOutput.java:279)
at org.openqa.selenium.json.Json.toJson(Json.java:44)
... 24 more
at org.openqa.selenium.json.JsonOutput.convertUsingMethod(JsonOutput.java:328)
... 36 more
Caused by: org.openqa.selenium.NoSuchElementException: Unable to locate element: //a[text()='Travel Requests']
For documentation on this error, please visit: https://www.seleniumhq.org/exceptions/no_such_element.html
Build info: version: '3.141.59', revision: 'e82be7d358', time: '2018-11-14T08:17:03'
System info: host: 'Ramesh-P-MacBook-Air.local', ip: '192.168.225.84', os.name: 'Mac OS X', os.arch: 'x86_64', os.version: '10.14.6', java.version: '14.0.1'
Driver info: org.openqa.selenium.remote.RemoteWebDriver
Capabilities {acceptInsecureCerts: true, browserName: firefox, browserVersion: 90.0, javascriptEnabled: true, moz:accessibilityChecks: false, moz:buildID: 20210608185546, moz:geckodriverVersion: 0.29.0, moz:headless: false, moz:processID: 2144, moz:profile: C:\Users\ltuser\AppData\Loc..., moz:shutdownTimeout: 60000, moz:useNonSpecCompliantPointerOrigin: false, moz:webdriverClick: true, pageLoadStrategy: normal, platform: WINDOWS, platformName: WINDOWS, platformVersion: 10.0, proxy: Proxy(), setWindowRect: true, strictFileInteractability: false, timeouts: {implicit: 0, pageLoad: 300000, script: 30000}, unhandledPromptBehavior: dismiss and notify, webdriver.remote.sessionid: d829eb12-1365-492a-92ec-997...}
Session ID: d829eb12-1365-492a-92ec-997d9dc2a8a6
*** Element info: {Using=xpath, value=//a[text()='Travel Requests']}
at org.openqa.selenium.remote.http.W3CHttpResponseCodec.createException(W3CHttpResponseCodec.java:187)
at org.openqa.selenium.remote.http.W3CHttpResponseCodec.decode(W3CHttpResponseCodec.java:122)
at org.openqa.selenium.remote.http.W3CHttpResponseCodec.decode(W3CHttpResponseCodec.java:49)
at org.openqa.selenium.remote.HttpCommandExecutor.execute(HttpCommandExecutor.java:158)
at org.openqa.selenium.remote.RemoteWebDriver.execute(RemoteWebDriver.java:552)
at org.openqa.selenium.remote.RemoteWebDriver.findElement(RemoteWebDriver.java:323)
at org.openqa.selenium.remote.RemoteWebDriver.findElementByXPath(RemoteWebDriver.java:428)
at org.openqa.selenium.By$ByXPath.findElement(By.java:353)
at org.openqa.selenium.remote.RemoteWebDriver.findElement(RemoteWebDriver.java:315)
at org.openqa.selenium.support.pagefactory.DefaultElementLocator.findElement(DefaultElementLocator.java:69)
at org.openqa.selenium.support.pagefactory.internal.LocatingElementHandler.invoke(LocatingElementHandler.java:38)
at com.sun.proxy.$Proxy31.getWrappedElement(Unknown Source)
at org.openqa.selenium.interactions.PointerInput$Origin.asArg(PointerInput.java:204)
at org.openqa.selenium.interactions.PointerInput$Move.encode(PointerInput.java:155)
at org.openqa.selenium.interactions.Sequence.encode(Sequence.java:75)
at org.openqa.selenium.interactions.Sequence.toJson(Sequence.java:84)
... 41 more
... Removed 21 stack frames]]>
    </failure>
  </testcase> <!-- Test002_TRFVerifyPendingList -->
  <testcase classname="testCases.TRF.TRF_TestcasesOUP" name="Test001_TRFCreation" time="424.09">
    <failure type="org.openqa.selenium.json.JsonException" message="java.lang.reflect.InvocationTargetException
Build info: version: &amp;apos;3.141.59&amp;apos;, revision: &amp;apos;e82be7d358&amp;apos;, time: &amp;apos;2018-11-14T08:17:03&amp;apos;
System info: host: &amp;apos;Ramesh-P-MacBook-Air.local&amp;apos;, ip: &amp;apos;192.168.225.84&amp;apos;, os.name: &amp;apos;Mac OS X&amp;apos;, os.arch: &amp;apos;x86_64&amp;apos;, os.version: &amp;apos;10.14.6&amp;apos;, java.version: &amp;apos;14.0.1&amp;apos;
Driver info: driver.version: RemoteWebDriver">
      <![CDATA[org.openqa.selenium.json.JsonException: java.lang.reflect.InvocationTargetException
Build info: version: '3.141.59', revision: 'e82be7d358', time: '2018-11-14T08:17:03'
System info: host: 'Ramesh-P-MacBook-Air.local', ip: '192.168.225.84', os.name: 'Mac OS X', os.arch: 'x86_64', os.version: '10.14.6', java.version: '14.0.1'
Driver info: driver.version: RemoteWebDriver
at org.openqa.selenium.json.JsonOutput.convertUsingMethod(JsonOutput.java:332)
at org.openqa.selenium.json.JsonOutput.lambda$new$16(JsonOutput.java:155)
at org.openqa.selenium.json.JsonOutput.write(JsonOutput.java:264)
at org.openqa.selenium.json.JsonOutput.lambda$null$21(JsonOutput.java:168)
at java.base/java.util.LinkedHashMap$LinkedValues.forEach(LinkedHashMap.java:647)
at org.openqa.selenium.json.JsonOutput.lambda$new$22(JsonOutput.java:168)
at org.openqa.selenium.json.JsonOutput.write(JsonOutput.java:264)
at org.openqa.selenium.json.JsonOutput.lambda$null$23(JsonOutput.java:177)
at com.google.common.collect.SingletonImmutableBiMap.forEach(SingletonImmutableBiMap.java:65)
at org.openqa.selenium.json.JsonOutput.lambda$new$24(JsonOutput.java:176)
at org.openqa.selenium.json.JsonOutput.write(JsonOutput.java:264)
at org.openqa.selenium.json.JsonOutput.write(JsonOutput.java:255)
at org.openqa.selenium.json.Json.toJson(Json.java:42)
at org.openqa.selenium.remote.http.AbstractHttpCommandCodec.encode(AbstractHttpCommandCodec.java:227)
at org.openqa.selenium.remote.http.AbstractHttpCommandCodec.encode(AbstractHttpCommandCodec.java:117)
at org.openqa.selenium.remote.HttpCommandExecutor.execute(HttpCommandExecutor.java:152)
at org.openqa.selenium.remote.RemoteWebDriver.execute(RemoteWebDriver.java:552)
at org.openqa.selenium.remote.RemoteWebDriver.perform(RemoteWebDriver.java:618)
at org.openqa.selenium.interactions.Actions$BuiltAction.perform(Actions.java:639)
at frameworkBase.TestBotElementsWrapper.click_Actions(TestBotElementsWrapper.java:563)
at pageobjects.EmployeeViews.TRFPage.Goto_TRFCreation_Page(TRFPage.java:572)
at testCases.TRF.TRF_TestcasesOUP.Test001_TRFCreation(TRF_TestcasesOUP.java:35)
at java.base/java.util.concurrent.ThreadPoolExecutor.runWorker(ThreadPoolExecutor.java:1130)
at java.base/java.util.concurrent.ThreadPoolExecutor$Worker.run(ThreadPoolExecutor.java:630)
at java.base/java.lang.Thread.run(Thread.java:832)
Suppressed: org.openqa.selenium.json.JsonException: Attempting to close incomplete json stream
Build info: version: '3.141.59', revision: 'e82be7d358', time: '2018-11-14T08:17:03'
System info: host: 'Ramesh-P-MacBook-Air.local', ip: '192.168.225.84', os.name: 'Mac OS X', os.arch: 'x86_64', os.version: '10.14.6', java.version: '14.0.1'
Driver info: driver.version: RemoteWebDriver
at org.openqa.selenium.json.JsonOutput.close(JsonOutput.java:279)
at org.openqa.selenium.json.Json.toJson(Json.java:44)
... 24 more
at org.openqa.selenium.json.JsonOutput.convertUsingMethod(JsonOutput.java:328)
... 36 more
Caused by: org.openqa.selenium.NoSuchElementException: Unable to locate element: //a[text()='Travel Requests']
For documentation on this error, please visit: https://www.seleniumhq.org/exceptions/no_such_element.html
Build info: version: '3.141.59', revision: 'e82be7d358', time: '2018-11-14T08:17:03'
System info: host: 'Ramesh-P-MacBook-Air.local', ip: '192.168.225.84', os.name: 'Mac OS X', os.arch: 'x86_64', os.version: '10.14.6', java.version: '14.0.1'
Driver info: org.openqa.selenium.remote.RemoteWebDriver
Capabilities {acceptInsecureCerts: true, browserName: firefox, browserVersion: 90.0, javascriptEnabled: true, moz:accessibilityChecks: false, moz:buildID: 20210608185546, moz:geckodriverVersion: 0.29.0, moz:headless: false, moz:processID: 840, moz:profile: C:\Users\ltuser\AppData\Loc..., moz:shutdownTimeout: 60000, moz:useNonSpecCompliantPointerOrigin: false, moz:webdriverClick: true, pageLoadStrategy: normal, platform: WINDOWS, platformName: WINDOWS, platformVersion: 10.0, proxy: Proxy(), setWindowRect: true, strictFileInteractability: false, timeouts: {implicit: 0, pageLoad: 300000, script: 30000}, unhandledPromptBehavior: dismiss and notify, webdriver.remote.sessionid: d71f55b2-2b1e-41f1-bfba-62b...}
Session ID: d71f55b2-2b1e-41f1-bfba-62b9d4861a84
*** Element info: {Using=xpath, value=//a[text()='Travel Requests']}
at org.openqa.selenium.remote.http.W3CHttpResponseCodec.createException(W3CHttpResponseCodec.java:187)
at org.openqa.selenium.remote.http.W3CHttpResponseCodec.decode(W3CHttpResponseCodec.java:122)
at org.openqa.selenium.remote.http.W3CHttpResponseCodec.decode(W3CHttpResponseCodec.java:49)
at org.openqa.selenium.remote.HttpCommandExecutor.execute(HttpCommandExecutor.java:158)
at org.openqa.selenium.remote.RemoteWebDriver.execute(RemoteWebDriver.java:552)
at org.openqa.selenium.remote.RemoteWebDriver.findElement(RemoteWebDriver.java:323)
at org.openqa.selenium.remote.RemoteWebDriver.findElementByXPath(RemoteWebDriver.java:428)
at org.openqa.selenium.By$ByXPath.findElement(By.java:353)
at org.openqa.selenium.remote.RemoteWebDriver.findElement(RemoteWebDriver.java:315)
at org.openqa.selenium.support.pagefactory.DefaultElementLocator.findElement(DefaultElementLocator.java:69)
at org.openqa.selenium.support.pagefactory.internal.LocatingElementHandler.invoke(LocatingElementHandler.java:38)
at com.sun.proxy.$Proxy31.getWrappedElement(Unknown Source)
at org.openqa.selenium.interactions.PointerInput$Origin.asArg(PointerInput.java:204)
at org.openqa.selenium.interactions.PointerInput$Move.encode(PointerInput.java:155)
at org.openqa.selenium.interactions.Sequence.encode(Sequence.java:75)
at org.openqa.selenium.interactions.Sequence.toJson(Sequence.java:84)
... 41 more
... Removed 21 stack frames]]>
    </failure>
  </testcase> <!-- Test001_TRFCreation -->
  <testcase classname="testCases.TRF.TRF_TestcasesOUP" name="Test006_SaveTRF" time="420.773">
    <failure type="org.openqa.selenium.json.JsonException" message="java.lang.reflect.InvocationTargetException
Build info: version: &amp;apos;3.141.59&amp;apos;, revision: &amp;apos;e82be7d358&amp;apos;, time: &amp;apos;2018-11-14T08:17:03&amp;apos;
System info: host: &amp;apos;Ramesh-P-MacBook-Air.local&amp;apos;, ip: &amp;apos;192.168.225.84&amp;apos;, os.name: &amp;apos;Mac OS X&amp;apos;, os.arch: &amp;apos;x86_64&amp;apos;, os.version: &amp;apos;10.14.6&amp;apos;, java.version: &amp;apos;14.0.1&amp;apos;
Driver info: driver.version: RemoteWebDriver">
      <![CDATA[org.openqa.selenium.json.JsonException: java.lang.reflect.InvocationTargetException
Build info: version: '3.141.59', revision: 'e82be7d358', time: '2018-11-14T08:17:03'
System info: host: 'Ramesh-P-MacBook-Air.local', ip: '192.168.225.84', os.name: 'Mac OS X', os.arch: 'x86_64', os.version: '10.14.6', java.version: '14.0.1'
Driver info: driver.version: RemoteWebDriver
at org.openqa.selenium.json.JsonOutput.convertUsingMethod(JsonOutput.java:332)
at org.openqa.selenium.json.JsonOutput.lambda$new$16(JsonOutput.java:155)
at org.openqa.selenium.json.JsonOutput.write(JsonOutput.java:264)
at org.openqa.selenium.json.JsonOutput.lambda$null$21(JsonOutput.java:168)
at java.base/java.util.LinkedHashMap$LinkedValues.forEach(LinkedHashMap.java:647)
at org.openqa.selenium.json.JsonOutput.lambda$new$22(JsonOutput.java:168)
at org.openqa.selenium.json.JsonOutput.write(JsonOutput.java:264)
at org.openqa.selenium.json.JsonOutput.lambda$null$23(JsonOutput.java:177)
at com.google.common.collect.SingletonImmutableBiMap.forEach(SingletonImmutableBiMap.java:65)
at org.openqa.selenium.json.JsonOutput.lambda$new$24(JsonOutput.java:176)
at org.openqa.selenium.json.JsonOutput.write(JsonOutput.java:264)
at org.openqa.selenium.json.JsonOutput.write(JsonOutput.java:255)
at org.openqa.selenium.json.Json.toJson(Json.java:42)
at org.openqa.selenium.remote.http.AbstractHttpCommandCodec.encode(AbstractHttpCommandCodec.java:227)
at org.openqa.selenium.remote.http.AbstractHttpCommandCodec.encode(AbstractHttpCommandCodec.java:117)
at org.openqa.selenium.remote.HttpCommandExecutor.execute(HttpCommandExecutor.java:152)
at org.openqa.selenium.remote.RemoteWebDriver.execute(RemoteWebDriver.java:552)
at org.openqa.selenium.remote.RemoteWebDriver.perform(RemoteWebDriver.java:618)
at org.openqa.selenium.interactions.Actions$BuiltAction.perform(Actions.java:639)
at frameworkBase.TestBotElementsWrapper.click_Actions(TestBotElementsWrapper.java:563)
at pageobjects.EmployeeViews.TRFPage.Goto_TRFCreation_Page(TRFPage.java:572)
at testCases.TRF.TRF_TestcasesOUP.Test006_SaveTRF(TRF_TestcasesOUP.java:150)
at java.base/java.util.concurrent.ThreadPoolExecutor.runWorker(ThreadPoolExecutor.java:1130)
at java.base/java.util.concurrent.ThreadPoolExecutor$Worker.run(ThreadPoolExecutor.java:630)
at java.base/java.lang.Thread.run(Thread.java:832)
Suppressed: org.openqa.selenium.json.JsonException: Attempting to close incomplete json stream
Build info: version: '3.141.59', revision: 'e82be7d358', time: '2018-11-14T08:17:03'
System info: host: 'Ramesh-P-MacBook-Air.local', ip: '192.168.225.84', os.name: 'Mac OS X', os.arch: 'x86_64', os.version: '10.14.6', java.version: '14.0.1'
Driver info: driver.version: RemoteWebDriver
at org.openqa.selenium.json.JsonOutput.close(JsonOutput.java:279)
at org.openqa.selenium.json.Json.toJson(Json.java:44)
... 24 more
at org.openqa.selenium.json.JsonOutput.convertUsingMethod(JsonOutput.java:328)
... 36 more
Caused by: org.openqa.selenium.NoSuchElementException: Unable to locate element: //a[text()='Travel Requests']
For documentation on this error, please visit: https://www.seleniumhq.org/exceptions/no_such_element.html
Build info: version: '3.141.59', revision: 'e82be7d358', time: '2018-11-14T08:17:03'
System info: host: 'Ramesh-P-MacBook-Air.local', ip: '192.168.225.84', os.name: 'Mac OS X', os.arch: 'x86_64', os.version: '10.14.6', java.version: '14.0.1'
Driver info: org.openqa.selenium.remote.RemoteWebDriver
Capabilities {acceptInsecureCerts: true, browserName: firefox, browserVersion: 90.0, javascriptEnabled: true, moz:accessibilityChecks: false, moz:buildID: 20210608185546, moz:geckodriverVersion: 0.29.0, moz:headless: false, moz:processID: 3004, moz:profile: C:\Users\ltuser\AppData\Loc..., moz:shutdownTimeout: 60000, moz:useNonSpecCompliantPointerOrigin: false, moz:webdriverClick: true, pageLoadStrategy: normal, platform: WINDOWS, platformName: WINDOWS, platformVersion: 10.0, proxy: Proxy(), setWindowRect: true, strictFileInteractability: false, timeouts: {implicit: 0, pageLoad: 300000, script: 30000}, unhandledPromptBehavior: dismiss and notify, webdriver.remote.sessionid: c22e38a5-8827-466d-b217-2be...}
Session ID: c22e38a5-8827-466d-b217-2be3227630f9
*** Element info: {Using=xpath, value=//a[text()='Travel Requests']}
at org.openqa.selenium.remote.http.W3CHttpResponseCodec.createException(W3CHttpResponseCodec.java:187)
at org.openqa.selenium.remote.http.W3CHttpResponseCodec.decode(W3CHttpResponseCodec.java:122)
at org.openqa.selenium.remote.http.W3CHttpResponseCodec.decode(W3CHttpResponseCodec.java:49)
at org.openqa.selenium.remote.HttpCommandExecutor.execute(HttpCommandExecutor.java:158)
at org.openqa.selenium.remote.RemoteWebDriver.execute(RemoteWebDriver.java:552)
at org.openqa.selenium.remote.RemoteWebDriver.findElement(RemoteWebDriver.java:323)
at org.openqa.selenium.remote.RemoteWebDriver.findElementByXPath(RemoteWebDriver.java:428)
at org.openqa.selenium.By$ByXPath.findElement(By.java:353)
at org.openqa.selenium.remote.RemoteWebDriver.findElement(RemoteWebDriver.java:315)
at org.openqa.selenium.support.pagefactory.DefaultElementLocator.findElement(DefaultElementLocator.java:69)
at org.openqa.selenium.support.pagefactory.internal.LocatingElementHandler.invoke(LocatingElementHandler.java:38)
at com.sun.proxy.$Proxy31.getWrappedElement(Unknown Source)
at org.openqa.selenium.interactions.PointerInput$Origin.asArg(PointerInput.java:204)
at org.openqa.selenium.interactions.PointerInput$Move.encode(PointerInput.java:155)
at org.openqa.selenium.interactions.Sequence.encode(Sequence.java:75)
at org.openqa.selenium.interactions.Sequence.toJson(Sequence.java:84)
... 41 more
... Removed 21 stack frames]]>
    </failure>
  </testcase> <!-- Test006_SaveTRF -->
  <testcase classname="testCases.TRF.TRF_TestcasesOUP" name="Test005_TripDelete" time="1147.076">
    <failure type="org.openqa.selenium.json.JsonException" message="java.lang.reflect.InvocationTargetException
Build info: version: &amp;apos;3.141.59&amp;apos;, revision: &amp;apos;e82be7d358&amp;apos;, time: &amp;apos;2018-11-14T08:17:03&amp;apos;
System info: host: &amp;apos;Ramesh-P-MacBook-Air.local&amp;apos;, ip: &amp;apos;192.168.225.84&amp;apos;, os.name: &amp;apos;Mac OS X&amp;apos;, os.arch: &amp;apos;x86_64&amp;apos;, os.version: &amp;apos;10.14.6&amp;apos;, java.version: &amp;apos;14.0.1&amp;apos;
Driver info: driver.version: RemoteWebDriver">
      <![CDATA[org.openqa.selenium.json.JsonException: java.lang.reflect.InvocationTargetException
Build info: version: '3.141.59', revision: 'e82be7d358', time: '2018-11-14T08:17:03'
System info: host: 'Ramesh-P-MacBook-Air.local', ip: '192.168.225.84', os.name: 'Mac OS X', os.arch: 'x86_64', os.version: '10.14.6', java.version: '14.0.1'
Driver info: driver.version: RemoteWebDriver
at org.openqa.selenium.json.JsonOutput.convertUsingMethod(JsonOutput.java:332)
at org.openqa.selenium.json.JsonOutput.lambda$new$16(JsonOutput.java:155)
at org.openqa.selenium.json.JsonOutput.write(JsonOutput.java:264)
at org.openqa.selenium.json.JsonOutput.lambda$null$21(JsonOutput.java:168)
at java.base/java.util.LinkedHashMap$LinkedValues.forEach(LinkedHashMap.java:647)
at org.openqa.selenium.json.JsonOutput.lambda$new$22(JsonOutput.java:168)
at org.openqa.selenium.json.JsonOutput.write(JsonOutput.java:264)
at org.openqa.selenium.json.JsonOutput.lambda$null$23(JsonOutput.java:177)
at com.google.common.collect.SingletonImmutableBiMap.forEach(SingletonImmutableBiMap.java:65)
at org.openqa.selenium.json.JsonOutput.lambda$new$24(JsonOutput.java:176)
at org.openqa.selenium.json.JsonOutput.write(JsonOutput.java:264)
at org.openqa.selenium.json.JsonOutput.write(JsonOutput.java:255)
at org.openqa.selenium.json.Json.toJson(Json.java:42)
at org.openqa.selenium.remote.http.AbstractHttpCommandCodec.encode(AbstractHttpCommandCodec.java:227)
at org.openqa.selenium.remote.http.AbstractHttpCommandCodec.encode(AbstractHttpCommandCodec.java:117)
at org.openqa.selenium.remote.HttpCommandExecutor.execute(HttpCommandExecutor.java:152)
at org.openqa.selenium.remote.RemoteWebDriver.execute(RemoteWebDriver.java:552)
at org.openqa.selenium.remote.RemoteWebDriver.perform(RemoteWebDriver.java:618)
at org.openqa.selenium.interactions.Actions$BuiltAction.perform(Actions.java:639)
at frameworkBase.TestBotElementsWrapper.click_Actions(TestBotElementsWrapper.java:563)
at pageobjects.EmployeeViews.TRFPage.Goto_TRF_Page(TRFPage.java:583)
at testCases.TRF.TRF_TestcasesOUP.Test005_TripDelete(TRF_TestcasesOUP.java:113)
at java.base/java.util.concurrent.ThreadPoolExecutor.runWorker(ThreadPoolExecutor.java:1130)
at java.base/java.util.concurrent.ThreadPoolExecutor$Worker.run(ThreadPoolExecutor.java:630)
at java.base/java.lang.Thread.run(Thread.java:832)
Suppressed: org.openqa.selenium.json.JsonException: Attempting to close incomplete json stream
Build info: version: '3.141.59', revision: 'e82be7d358', time: '2018-11-14T08:17:03'
System info: host: 'Ramesh-P-MacBook-Air.local', ip: '192.168.225.84', os.name: 'Mac OS X', os.arch: 'x86_64', os.version: '10.14.6', java.version: '14.0.1'
Driver info: driver.version: RemoteWebDriver
at org.openqa.selenium.json.JsonOutput.close(JsonOutput.java:279)
at org.openqa.selenium.json.Json.toJson(Json.java:44)
... 24 more
at org.openqa.selenium.json.JsonOutput.convertUsingMethod(JsonOutput.java:328)
... 36 more
Caused by: org.openqa.selenium.NoSuchElementException: Unable to locate element: //a[text()='Travel Requests']
For documentation on this error, please visit: https://www.seleniumhq.org/exceptions/no_such_element.html
Build info: version: '3.141.59', revision: 'e82be7d358', time: '2018-11-14T08:17:03'
System info: host: 'Ramesh-P-MacBook-Air.local', ip: '192.168.225.84', os.name: 'Mac OS X', os.arch: 'x86_64', os.version: '10.14.6', java.version: '14.0.1'
Driver info: org.openqa.selenium.remote.RemoteWebDriver
Capabilities {acceptInsecureCerts: true, browserName: firefox, browserVersion: 90.0, javascriptEnabled: true, moz:accessibilityChecks: false, moz:buildID: 20210608185546, moz:geckodriverVersion: 0.29.0, moz:headless: false, moz:processID: 4420, moz:profile: C:\Users\ltuser\AppData\Loc..., moz:shutdownTimeout: 60000, moz:useNonSpecCompliantPointerOrigin: false, moz:webdriverClick: true, pageLoadStrategy: normal, platform: WINDOWS, platformName: WINDOWS, platformVersion: 10.0, proxy: Proxy(), setWindowRect: true, strictFileInteractability: false, timeouts: {implicit: 0, pageLoad: 300000, script: 30000}, unhandledPromptBehavior: dismiss and notify, webdriver.remote.sessionid: ceed096c-8682-4a6d-9e77-8fd...}
Session ID: ceed096c-8682-4a6d-9e77-8fd10ac30f3b
*** Element info: {Using=xpath, value=//a[text()='Travel Requests']}
at org.openqa.selenium.remote.http.W3CHttpResponseCodec.createException(W3CHttpResponseCodec.java:187)
at org.openqa.selenium.remote.http.W3CHttpResponseCodec.decode(W3CHttpResponseCodec.java:122)
at org.openqa.selenium.remote.http.W3CHttpResponseCodec.decode(W3CHttpResponseCodec.java:49)
at org.openqa.selenium.remote.HttpCommandExecutor.execute(HttpCommandExecutor.java:158)
at org.openqa.selenium.remote.RemoteWebDriver.execute(RemoteWebDriver.java:552)
at org.openqa.selenium.remote.RemoteWebDriver.findElement(RemoteWebDriver.java:323)
at org.openqa.selenium.remote.RemoteWebDriver.findElementByXPath(RemoteWebDriver.java:428)
at org.openqa.selenium.By$ByXPath.findElement(By.java:353)
at org.openqa.selenium.remote.RemoteWebDriver.findElement(RemoteWebDriver.java:315)
at org.openqa.selenium.support.pagefactory.DefaultElementLocator.findElement(DefaultElementLocator.java:69)
at org.openqa.selenium.support.pagefactory.internal.LocatingElementHandler.invoke(LocatingElementHandler.java:38)
at com.sun.proxy.$Proxy31.getWrappedElement(Unknown Source)
at org.openqa.selenium.interactions.PointerInput$Origin.asArg(PointerInput.java:204)
at org.openqa.selenium.interactions.PointerInput$Move.encode(PointerInput.java:155)
at org.openqa.selenium.interactions.Sequence.encode(Sequence.java:75)
at org.openqa.selenium.interactions.Sequence.toJson(Sequence.java:84)
... 41 more
... Removed 21 stack frames]]>
    </failure>
  </testcase> <!-- Test005_TripDelete -->
  <testcase classname="testCases.TRF.TRF_TestcasesOUP" name="Test014_NotViolatedTRF" time="0.0">
    <ignored/>
  </testcase> <!-- Test014_NotViolatedTRF -->
  <testcase classname="testCases.TRF.TRF_TestcasesOUP" name="Test013_ViolatedTRF" time="0.0">
    <ignored/>
  </testcase> <!-- Test013_ViolatedTRF -->
</testsuite> <!-- OUP_TRF_Firefox -->
