{"name":"Edit report, remove expense inside report","status":"skipped","statusDetails":{"known":false,"muted":false,"flaky":false,"message":"Failed to parse the JSON document","trace":"io.restassured.path.json.exception.JsonPathException: Failed to parse the JSON document\n\tat io.restassured.path.json.JsonPath$ExceptionCatcher.invoke(JsonPath.java:986)\n\tat io.restassured.path.json.JsonPath$4.doParseWith(JsonPath.java:951)\n\tat io.restassured.path.json.JsonPath$JsonParser.parseWith(JsonPath.java:1031)\n\tat io.restassured.path.json.JsonPath.get(JsonPath.java:202)\n\tat io.restassured.path.json.JsonPath.getString(JsonPath.java:352)\n\tat testUtils.ExpenseUtilsOUP.reportCreation_API(ExpenseUtilsOUP.java:54)\n\tat testCases.Reports.ReportsModuleTestsOUP.TC008_EditReportRemoveExpense(ReportsModuleTestsOUP.java:78)\n\tat java.base/jdk.internal.reflect.NativeMethodAccessorImpl.invoke0(Native Method)\n\tat java.base/jdk.internal.reflect.NativeMethodAccessorImpl.invoke(NativeMethodAccessorImpl.java:62)\n\tat java.base/jdk.internal.reflect.DelegatingMethodAccessorImpl.invoke(DelegatingMethodAccessorImpl.java:43)\n\tat java.base/java.lang.reflect.Method.invoke(Method.java:564)\n\tat org.testng.internal.MethodInvocationHelper.invokeMethod(MethodInvocationHelper.java:134)\n\tat org.testng.internal.TestInvoker.invokeMethod(TestInvoker.java:597)\n\tat org.testng.internal.TestInvoker.invokeTestMethod(TestInvoker.java:173)\n\tat org.testng.internal.MethodRunner.runInSequence(MethodRunner.java:46)\n\tat org.testng.internal.TestInvoker$MethodInvocationAgent.invoke(TestInvoker.java:816)\n\tat org.testng.internal.TestInvoker.invokeTestMethods(TestInvoker.java:146)\n\tat org.testng.internal.TestMethodWorker.invokeTestMethods(TestMethodWorker.java:146)\n\tat org.testng.internal.TestMethodWorker.run(TestMethodWorker.java:128)\n\tat java.base/java.util.concurrent.ThreadPoolExecutor.runWorker(ThreadPoolExecutor.java:1130)\n\tat java.base/java.util.concurrent.ThreadPoolExecutor$Worker.run(ThreadPoolExecutor.java:630)\n\tat java.base/java.lang.Thread.run(Thread.java:832)\nCaused by: groovy.json.JsonException: Lexing failed on line: 1, column: 1, while reading 'I', no possible valid JSON value or punctuation could be recognized.\n\tat groovy.json.JsonLexer.nextToken(JsonLexer.java:87)\n\tat groovy.json.JsonLexer$nextToken.call(Unknown Source)\n\tat org.codehaus.groovy.runtime.callsite.CallSiteArray.defaultCall(CallSiteArray.java:47)\n\tat org.codehaus.groovy.runtime.callsite.AbstractCallSite.call(AbstractCallSite.java:116)\n\tat org.codehaus.groovy.runtime.callsite.AbstractCallSite.call(AbstractCallSite.java:120)\n\tat io.restassured.internal.path.json.ConfigurableJsonSlurper.parse(ConfigurableJsonSlurper.groovy:97)\n\tat io.restassured.internal.path.json.ConfigurableJsonSlurper$parse.callCurrent(Unknown Source)\n\tat org.codehaus.groovy.runtime.callsite.CallSiteArray.defaultCallCurrent(CallSiteArray.java:51)\n\tat org.codehaus.groovy.runtime.callsite.AbstractCallSite.callCurrent(AbstractCallSite.java:157)\n\tat org.codehaus.groovy.runtime.callsite.AbstractCallSite.callCurrent(AbstractCallSite.java:169)\n\tat io.restassured.internal.path.json.ConfigurableJsonSlurper.parseText(ConfigurableJsonSlurper.groovy:83)\n\tat io.restassured.path.json.JsonPath$4$1.method(JsonPath.java:949)\n\tat io.restassured.path.json.JsonPath$ExceptionCatcher.invoke(JsonPath.java:984)\n\t... 21 more\n"},"stage":"finished","description":"Test Description: Edit report, remove expense inside report","steps":[],"attachments":[],"parameters":[{"name":"env","value":"https://expense.uat.happay.in"},{"name":"browser","value":"chrome"}],"start":1630045799139,"stop":1630045808922,"uuid":"253ca2ff-2b0c-481b-835c-3cdfe7d87f1a","historyId":"37468a40880b2a4905f3a3f5eb00535b","fullName":"testCases.Reports.ReportsModuleTestsOUP.TC008_EditReportRemoveExpense","labels":[{"name":"package","value":"testCases.Reports.ReportsModuleTestsOUP"},{"name":"testClass","value":"testCases.Reports.ReportsModuleTestsOUP"},{"name":"testMethod","value":"TC008_EditReportRemoveExpense"},{"name":"parentSuite","value":"Reports Module-OUP"},{"name":"suite","value":"OUP_Report_Chrome"},{"name":"subSuite","value":"testCases.Reports.ReportsModuleTestsOUP"},{"name":"host","value":"Ramesh-P-Air"},{"name":"thread","value":"42277@Ramesh-P-Air.TestNG-test=OUP_Report_Chrome-4(16)"},{"name":"framework","value":"testng"},{"name":"language","value":"java"},{"name":"epic","value":"Report Creation Tests"},{"name":"feature","value":"Reports"}],"links":[]}