{"name":"Download Workflow Comments TRF","status":"broken","statusDetails":{"known":false,"muted":false,"flaky":false,"message":"java.lang.reflect.InvocationTargetException\nBuild info: version: '3.141.59', revision: 'e82be7d358', time: '2018-11-14T08:17:03'\nSystem info: host: 'Ramesh-P-Air', ip: '2409:4070:2e1c:ee56:84fd:2d48:cb8f:c4d9%en0', os.name: 'Mac OS X', os.arch: 'x86_64', os.version: '10.14.6', java.version: '14.0.1'\nDriver info: driver.version: RemoteWebDriver","trace":"org.openqa.selenium.json.JsonException: java.lang.reflect.InvocationTargetException\nBuild info: version: '3.141.59', revision: 'e82be7d358', time: '2018-11-14T08:17:03'\nSystem info: host: 'Ramesh-P-Air', ip: '2409:4070:2e1c:ee56:84fd:2d48:cb8f:c4d9%en0', os.name: 'Mac OS X', os.arch: 'x86_64', os.version: '10.14.6', java.version: '14.0.1'\nDriver info: driver.version: RemoteWebDriver\n\tat org.openqa.selenium.json.JsonOutput.convertUsingMethod(JsonOutput.java:332)\n\tat org.openqa.selenium.json.JsonOutput.lambda$new$16(JsonOutput.java:155)\n\tat org.openqa.selenium.json.JsonOutput.write(JsonOutput.java:264)\n\tat org.openqa.selenium.json.JsonOutput.lambda$null$21(JsonOutput.java:168)\n\tat java.base/java.util.LinkedHashMap$LinkedValues.forEach(LinkedHashMap.java:647)\n\tat org.openqa.selenium.json.JsonOutput.lambda$new$22(JsonOutput.java:168)\n\tat org.openqa.selenium.json.JsonOutput.write(JsonOutput.java:264)\n\tat org.openqa.selenium.json.JsonOutput.lambda$null$23(JsonOutput.java:177)\n\tat com.google.common.collect.SingletonImmutableBiMap.forEach(SingletonImmutableBiMap.java:65)\n\tat org.openqa.selenium.json.JsonOutput.lambda$new$24(JsonOutput.java:176)\n\tat org.openqa.selenium.json.JsonOutput.write(JsonOutput.java:264)\n\tat org.openqa.selenium.json.JsonOutput.write(JsonOutput.java:255)\n\tat org.openqa.selenium.json.Json.toJson(Json.java:42)\n\tat org.openqa.selenium.remote.http.AbstractHttpCommandCodec.encode(AbstractHttpCommandCodec.java:227)\n\tat org.openqa.selenium.remote.http.AbstractHttpCommandCodec.encode(AbstractHttpCommandCodec.java:117)\n\tat org.openqa.selenium.remote.HttpCommandExecutor.execute(HttpCommandExecutor.java:152)\n\tat org.openqa.selenium.remote.RemoteWebDriver.execute(RemoteWebDriver.java:552)\n\tat org.openqa.selenium.remote.RemoteWebDriver.perform(RemoteWebDriver.java:618)\n\tat org.openqa.selenium.interactions.Actions$BuiltAction.perform(Actions.java:639)\n\tat frameworkBase.TestBotElementsWrapper.click_Actions(TestBotElementsWrapper.java:563)\n\tat pageobjects.EmployeeViews.TRFPage.Goto_TRF_Page(TRFPage.java:583)\n\tat testCases.TRF.TRF_TestcasesOUP.Test017_downloadWorkflowComments(TRF_TestcasesOUP.java:332)\n\tat java.base/jdk.internal.reflect.NativeMethodAccessorImpl.invoke0(Native Method)\n\tat java.base/jdk.internal.reflect.NativeMethodAccessorImpl.invoke(NativeMethodAccessorImpl.java:62)\n\tat java.base/jdk.internal.reflect.DelegatingMethodAccessorImpl.invoke(DelegatingMethodAccessorImpl.java:43)\n\tat java.base/java.lang.reflect.Method.invoke(Method.java:564)\n\tat org.testng.internal.MethodInvocationHelper.invokeMethod(MethodInvocationHelper.java:134)\n\tat org.testng.internal.TestInvoker.invokeMethod(TestInvoker.java:597)\n\tat org.testng.internal.TestInvoker.retryFailed(TestInvoker.java:213)\n\tat org.testng.internal.MethodRunner.runInSequence(MethodRunner.java:58)\n\tat org.testng.internal.TestInvoker$MethodInvocationAgent.invoke(TestInvoker.java:816)\n\tat org.testng.internal.TestInvoker.invokeTestMethods(TestInvoker.java:146)\n\tat org.testng.internal.TestMethodWorker.invokeTestMethods(TestMethodWorker.java:146)\n\tat org.testng.internal.TestMethodWorker.run(TestMethodWorker.java:128)\n\tat java.base/java.util.ArrayList.forEach(ArrayList.java:1510)\n\tat org.testng.TestRunner.privateRun(TestRunner.java:766)\n\tat org.testng.TestRunner.run(TestRunner.java:587)\n\tat org.testng.SuiteRunner.runTest(SuiteRunner.java:384)\n\tat org.testng.SuiteRunner.access$000(SuiteRunner.java:28)\n\tat org.testng.SuiteRunner$SuiteWorker.run(SuiteRunner.java:425)\n\tat org.testng.internal.thread.ThreadUtil.lambda$execute$0(ThreadUtil.java:68)\n\tat java.base/java.util.concurrent.FutureTask.run(FutureTask.java:264)\n\tat java.base/java.util.concurrent.ThreadPoolExecutor.runWorker(ThreadPoolExecutor.java:1130)\n\tat java.base/java.util.concurrent.ThreadPoolExecutor$Worker.run(ThreadPoolExecutor.java:630)\n\tat java.base/java.lang.Thread.run(Thread.java:832)\n\tSuppressed: org.openqa.selenium.json.JsonException: Attempting to close incomplete json stream\nBuild info: version: '3.141.59', revision: 'e82be7d358', time: '2018-11-14T08:17:03'\nSystem info: host: 'Ramesh-P-Air', ip: '2409:4070:2e1c:ee56:84fd:2d48:cb8f:c4d9%en0', os.name: 'Mac OS X', os.arch: 'x86_64', os.version: '10.14.6', java.version: '14.0.1'\nDriver info: driver.version: RemoteWebDriver\n\t\tat org.openqa.selenium.json.JsonOutput.close(JsonOutput.java:279)\n\t\tat org.openqa.selenium.json.Json.toJson(Json.java:44)\n\t\t... 32 more\nCaused by: java.lang.reflect.InvocationTargetException\n\tat jdk.internal.reflect.GeneratedMethodAccessor136.invoke(Unknown Source)\n\tat java.base/jdk.internal.reflect.DelegatingMethodAccessorImpl.invoke(DelegatingMethodAccessorImpl.java:43)\n\tat java.base/java.lang.reflect.Method.invoke(Method.java:564)\n\tat org.openqa.selenium.json.JsonOutput.convertUsingMethod(JsonOutput.java:328)\n\t... 44 more\nCaused by: org.openqa.selenium.NoSuchElementException: no such element: Unable to locate element: {\"method\":\"xpath\",\"selector\":\"//a[text()='Travel Requests']\"}\n  (Session info: chrome=93.0.4577.18)\nFor documentation on this error, please visit: https://www.seleniumhq.org/exceptions/no_such_element.html\nBuild info: version: '3.141.59', revision: 'e82be7d358', time: '2018-11-14T08:17:03'\nSystem info: host: 'Ramesh-P-Air', ip: '2409:4070:2e1c:ee56:84fd:2d48:cb8f:c4d9%en0', os.name: 'Mac OS X', os.arch: 'x86_64', os.version: '10.14.6', java.version: '14.0.1'\nDriver info: org.openqa.selenium.remote.RemoteWebDriver\nCapabilities {acceptInsecureCerts: false, browserName: chrome, browserVersion: 93.0.4577.18, chrome: {chromedriverVersion: 93.0.4577.15 (660fc11082ba5..., userDataDir: C:\\Users\\ltuser\\AppData\\Loc...}, goog:chromeOptions: {debuggerAddress: localhost:50079}, javascriptEnabled: true, networkConnectionEnabled: false, pageLoadStrategy: normal, platform: WINDOWS, platformName: WINDOWS, proxy: Proxy(), setWindowRect: true, strictFileInteractability: false, timeouts: {implicit: 0, pageLoad: 300000, script: 30000}, unhandledPromptBehavior: dismiss and notify, webauthn:extension:credBlob: true, webauthn:extension:largeBlob: true, webauthn:virtualAuthenticators: true, webdriver.remote.sessionid: 22b9b21c6844df6872a891726ed...}\nSession ID: 22b9b21c6844df6872a891726edc5799\n*** Element info: {Using=xpath, value=//a[text()='Travel Requests']}\n\tat jdk.internal.reflect.GeneratedConstructorAccessor42.newInstance(Unknown Source)\n\tat java.base/jdk.internal.reflect.DelegatingConstructorAccessorImpl.newInstance(DelegatingConstructorAccessorImpl.java:45)\n\tat java.base/java.lang.reflect.Constructor.newInstanceWithCaller(Constructor.java:500)\n\tat java.base/java.lang.reflect.Constructor.newInstance(Constructor.java:481)\n\tat org.openqa.selenium.remote.http.W3CHttpResponseCodec.createException(W3CHttpResponseCodec.java:187)\n\tat org.openqa.selenium.remote.http.W3CHttpResponseCodec.decode(W3CHttpResponseCodec.java:122)\n\tat org.openqa.selenium.remote.http.W3CHttpResponseCodec.decode(W3CHttpResponseCodec.java:49)\n\tat org.openqa.selenium.remote.HttpCommandExecutor.execute(HttpCommandExecutor.java:158)\n\tat org.openqa.selenium.remote.RemoteWebDriver.execute(RemoteWebDriver.java:552)\n\tat org.openqa.selenium.remote.RemoteWebDriver.findElement(RemoteWebDriver.java:323)\n\tat org.openqa.selenium.remote.RemoteWebDriver.findElementByXPath(RemoteWebDriver.java:428)\n\tat org.openqa.selenium.By$ByXPath.findElement(By.java:353)\n\tat org.openqa.selenium.remote.RemoteWebDriver.findElement(RemoteWebDriver.java:315)\n\tat org.openqa.selenium.support.pagefactory.DefaultElementLocator.findElement(DefaultElementLocator.java:69)\n\tat org.openqa.selenium.support.pagefactory.internal.LocatingElementHandler.invoke(LocatingElementHandler.java:38)\n\tat com.sun.proxy.$Proxy31.getWrappedElement(Unknown Source)\n\tat org.openqa.selenium.interactions.PointerInput$Origin.asArg(PointerInput.java:204)\n\tat org.openqa.selenium.interactions.PointerInput$Move.encode(PointerInput.java:155)\n\tat org.openqa.selenium.interactions.Sequence.encode(Sequence.java:75)\n\tat org.openqa.selenium.interactions.Sequence.toJson(Sequence.java:84)\n\t... 48 more\n"},"stage":"finished","description":"Test Description: Download TRF with workflow comments","steps":[],"attachments":[],"parameters":[{"name":"env","value":"https://expense.uat.happay.in"},{"name":"browser","value":"chrome"}],"start":1630334961139,"stop":1630335406086,"uuid":"60d660d8-c117-4ed4-b17d-d9628b531ec2","historyId":"a6649c3978a510575e63a59046df8b3d","fullName":"testCases.TRF.TRF_TestcasesOUP.Test017_downloadWorkflowComments","labels":[{"name":"package","value":"testCases.TRF.TRF_TestcasesOUP"},{"name":"testClass","value":"testCases.TRF.TRF_TestcasesOUP"},{"name":"testMethod","value":"Test017_downloadWorkflowComments"},{"name":"parentSuite","value":"Travel FLight Module"},{"name":"suite","value":"LoginTestChrome"},{"name":"subSuite","value":"testCases.TRF.TRF_TestcasesOUP"},{"name":"host","value":"Ramesh-P-Air"},{"name":"thread","value":"5862@Ramesh-P-MacBook-Air.local.TestNG-tests-1(13)"},{"name":"framework","value":"testng"},{"name":"language","value":"java"},{"name":"epic","value":"TRF Creation Tests"},{"name":"feature","value":"TRF"}],"links":[]}