{"name":"Money Request Resubmit","status":"skipped","statusDetails":{"known":false,"muted":false,"flaky":false,"message":"Error forwarding the new session cannot find : Capabilities {accessKey: UBRMB23t6PwDTmOWo5GKkCSnaUi..., browserName: Chrome, browserVersion: 92.0, build: your build name, goog:chromeOptions: {args: [start-maximized, disable-extensions, test-type, no-default-browser-check, disable-popup-blocking, ignore-certificate-errors, --window-size=1920,1080, --headless, --disable-dev-shm-usage, --no-sandbox, --disable-setuid-sandbox], extensions: []}, name: OUP_MoneyRequest_Chrome, platformName: macos big sur, user: testbots}\nCommand duration or timeout: 3.94 seconds","trace":"org.openqa.selenium.WebDriverException: Error forwarding the new session cannot find : Capabilities {accessKey: UBRMB23t6PwDTmOWo5GKkCSnaUi..., browserName: Chrome, browserVersion: 92.0, build: your build name, goog:chromeOptions: {args: [start-maximized, disable-extensions, test-type, no-default-browser-check, disable-popup-blocking, ignore-certificate-errors, --window-size=1920,1080, --headless, --disable-dev-shm-usage, --no-sandbox, --disable-setuid-sandbox], extensions: []}, name: OUP_MoneyRequest_Chrome, platformName: macos big sur, user: testbots}\nCommand duration or timeout: 3.94 seconds\n\tat java.base/jdk.internal.reflect.NativeConstructorAccessorImpl.newInstance0(Native Method)\n\tat java.base/jdk.internal.reflect.NativeConstructorAccessorImpl.newInstance(NativeConstructorAccessorImpl.java:62)\n\tat java.base/jdk.internal.reflect.DelegatingConstructorAccessorImpl.newInstance(DelegatingConstructorAccessorImpl.java:45)\n\tat java.base/java.lang.reflect.Constructor.newInstanceWithCaller(Constructor.java:500)\n\tat java.base/java.lang.reflect.Constructor.newInstance(Constructor.java:481)\n\tat org.openqa.selenium.remote.ErrorHandler.createThrowable(ErrorHandler.java:214)\n\tat org.openqa.selenium.remote.ErrorHandler.throwIfResponseFailed(ErrorHandler.java:166)\n\tat org.openqa.selenium.remote.JsonWireProtocolResponse.lambda$errorHandler$0(JsonWireProtocolResponse.java:54)\n\tat org.openqa.selenium.remote.HandshakeResponse.lambda$getResponseFunction$0(HandshakeResponse.java:30)\n\tat org.openqa.selenium.remote.ProtocolHandshake.lambda$createSession$0(ProtocolHandshake.java:126)\n\tat java.base/java.util.stream.ReferencePipeline$3$1.accept(ReferencePipeline.java:195)\n\tat java.base/java.util.Spliterators$ArraySpliterator.tryAdvance(Spliterators.java:958)\n\tat java.base/java.util.stream.ReferencePipeline.forEachWithCancel(ReferencePipeline.java:127)\n\tat java.base/java.util.stream.AbstractPipeline.copyIntoWithCancel(AbstractPipeline.java:502)\n\tat java.base/java.util.stream.AbstractPipeline.copyInto(AbstractPipeline.java:488)\n\tat java.base/java.util.stream.AbstractPipeline.wrapAndCopyInto(AbstractPipeline.java:474)\n\tat java.base/java.util.stream.FindOps$FindOp.evaluateSequential(FindOps.java:150)\n\tat java.base/java.util.stream.AbstractPipeline.evaluate(AbstractPipeline.java:234)\n\tat java.base/java.util.stream.ReferencePipeline.findFirst(ReferencePipeline.java:543)\n\tat org.openqa.selenium.remote.ProtocolHandshake.createSession(ProtocolHandshake.java:128)\n\tat org.openqa.selenium.remote.ProtocolHandshake.createSession(ProtocolHandshake.java:74)\n\tat org.openqa.selenium.remote.HttpCommandExecutor.execute(HttpCommandExecutor.java:136)\n\tat org.openqa.selenium.remote.RemoteWebDriver.execute(RemoteWebDriver.java:552)\n\tat org.openqa.selenium.remote.RemoteWebDriver.startSession(RemoteWebDriver.java:213)\n\tat org.openqa.selenium.remote.RemoteWebDriver.<init>(RemoteWebDriver.java:131)\n\tat org.openqa.selenium.remote.RemoteWebDriver.<init>(RemoteWebDriver.java:144)\n\tat frameworkBase.TestBotBase.globalTestSetup(TestBotBase.java:91)\n\tat java.base/jdk.internal.reflect.NativeMethodAccessorImpl.invoke0(Native Method)\n\tat java.base/jdk.internal.reflect.NativeMethodAccessorImpl.invoke(NativeMethodAccessorImpl.java:62)\n\tat java.base/jdk.internal.reflect.DelegatingMethodAccessorImpl.invoke(DelegatingMethodAccessorImpl.java:43)\n\tat java.base/java.lang.reflect.Method.invoke(Method.java:564)\n\tat org.testng.internal.MethodInvocationHelper.invokeMethod(MethodInvocationHelper.java:134)\n\tat org.testng.internal.MethodInvocationHelper.invokeMethodConsideringTimeout(MethodInvocationHelper.java:63)\n\tat org.testng.internal.ConfigInvoker.invokeConfigurationMethod(ConfigInvoker.java:348)\n\tat org.testng.internal.ConfigInvoker.invokeConfigurations(ConfigInvoker.java:302)\n\tat org.testng.internal.TestInvoker.runConfigMethods(TestInvoker.java:695)\n\tat org.testng.internal.TestInvoker.invokeMethod(TestInvoker.java:523)\n\tat org.testng.internal.TestInvoker.invokeTestMethod(TestInvoker.java:173)\n\tat org.testng.internal.MethodRunner.runInSequence(MethodRunner.java:46)\n\tat org.testng.internal.TestInvoker$MethodInvocationAgent.invoke(TestInvoker.java:816)\n\tat org.testng.internal.TestInvoker.invokeTestMethods(TestInvoker.java:146)\n\tat org.testng.internal.TestMethodWorker.invokeTestMethods(TestMethodWorker.java:146)\n\tat org.testng.internal.TestMethodWorker.run(TestMethodWorker.java:128)\n\tat java.base/java.util.ArrayList.forEach(ArrayList.java:1510)\n\tat org.testng.TestRunner.privateRun(TestRunner.java:766)\n\tat org.testng.TestRunner.run(TestRunner.java:587)\n\tat org.testng.SuiteRunner.runTest(SuiteRunner.java:384)\n\tat org.testng.SuiteRunner.runSequentially(SuiteRunner.java:378)\n\tat org.testng.SuiteRunner.privateRun(SuiteRunner.java:337)\n\tat org.testng.SuiteRunner.run(SuiteRunner.java:286)\n\tat org.testng.SuiteRunnerWorker.runSuite(SuiteRunnerWorker.java:53)\n\tat org.testng.SuiteRunnerWorker.run(SuiteRunnerWorker.java:96)\n\tat org.testng.TestNG.runSuitesSequentially(TestNG.java:1187)\n\tat org.testng.TestNG.runSuitesLocally(TestNG.java:1109)\n\tat org.testng.TestNG.runSuites(TestNG.java:1039)\n\tat org.testng.TestNG.run(TestNG.java:1007)\n\tat org.testng.remote.AbstractRemoteTestNG.run(AbstractRemoteTestNG.java:115)\n\tat org.testng.remote.RemoteTestNG.initAndRun(RemoteTestNG.java:251)\n\tat org.testng.remote.RemoteTestNG.main(RemoteTestNG.java:77)\nCaused by: org.openqa.selenium.WebDriverException: Error forwarding the new session cannot find : Capabilities {accessKey: UBRMB23t6PwDTmOWo5GKkCSnaUi..., browserName: Chrome, browserVersion: 92.0, build: your build name, goog:chromeOptions: {args: [start-maximized, disable-extensions, test-type, no-default-browser-check, disable-popup-blocking, ignore-certificate-errors, --window-size=1920,1080, --headless, --disable-dev-shm-usage, --no-sandbox, --disable-setuid-sandbox], extensions: []}, name: OUP_MoneyRequest_Chrome, platformName: macos big sur, user: testbots}\nBuild info: version: '3.141.59', revision: 'e82be7d358', time: '2018-11-14T08:17:03'\nSystem info: host: 'Ramesh-P-Air', ip: '2409:4070:4dca:52d9:18eb:ac2e:9ca6:c95b%en0', os.name: 'Mac OS X', os.arch: 'x86_64', os.version: '10.14.6', java.version: '14.0.1'\nDriver info: driver.version: unknown\n\tat org.openqa.grid.web.servlet.handler.RequestHandler.process(RequestHandler.java:118)\n\tat org.openqa.grid.web.servlet.DriverServlet.process(DriverServlet.java:85)\n\tat org.openqa.grid.web.servlet.DriverServlet.doPost(DriverServlet.java:69)\n\tat javax.servlet.http.HttpServlet.service(HttpServlet.java:707)\n\tat javax.servlet.http.HttpServlet.service(HttpServlet.java:790)\n\tat org.seleniumhq.jetty9.servlet.ServletHolder.handle(ServletHolder.java:865)\n\tat org.seleniumhq.jetty9.servlet.ServletHandler.doHandle(ServletHandler.java:535)\n\tat org.seleniumhq.jetty9.server.handler.ScopedHandler.handle(ScopedHandler.java:146)\n\tat org.seleniumhq.jetty9.security.SecurityHandler.handle(SecurityHandler.java:548)\n\tat org.seleniumhq.jetty9.server.handler.HandlerWrapper.handle(HandlerWrapper.java:132)\n\tat org.seleniumhq.jetty9.server.handler.ScopedHandler.nextHandle(ScopedHandler.java:257)\n\tat org.seleniumhq.jetty9.server.session.SessionHandler.doHandle(SessionHandler.java:1595)\n\tat org.seleniumhq.jetty9.server.handler.ScopedHandler.nextHandle(ScopedHandler.java:255)\n\tat org.seleniumhq.jetty9.server.handler.ContextHandler.doHandle(ContextHandler.java:1340)\n\tat org.seleniumhq.jetty9.server.handler.ScopedHandler.nextScope(ScopedHandler.java:203)\n\tat org.seleniumhq.jetty9.servlet.ServletHandler.doScope(ServletHandler.java:473)\n\tat org.seleniumhq.jetty9.server.session.SessionHandler.doScope(SessionHandler.java:1564)\n\tat org.seleniumhq.jetty9.server.handler.ScopedHandler.nextScope(ScopedHandler.java:201)\n\tat org.seleniumhq.jetty9.server.handler.ContextHandler.doScope(ContextHandler.java:1242)\n\tat org.seleniumhq.jetty9.server.handler.ScopedHandler.handle(ScopedHandler.java:144)\n\tat org.seleniumhq.jetty9.server.handler.HandlerWrapper.handle(HandlerWrapper.java:132)\n\tat org.seleniumhq.jetty9.server.Server.handle(Server.java:503)\n\tat org.seleniumhq.jetty9.server.HttpChannel.handle(HttpChannel.java:364)\n\tat org.seleniumhq.jetty9.server.HttpConnection.onFillable(HttpConnection.java:260)\n\tat org.seleniumhq.jetty9.io.AbstractConnection$ReadCallback.succeeded(AbstractConnection.java:305)\n\tat org.seleniumhq.jetty9.io.FillInterest.fillable(FillInterest.java:103)\n\tat org.seleniumhq.jetty9.io.ChannelEndPoint$2.run(ChannelEndPoint.java:118)\n\tat org.seleniumhq.jetty9.util.thread.strategy.EatWhatYouKill.runTask(EatWhatYouKill.java:333)\n\tat org.seleniumhq.jetty9.util.thread.strategy.EatWhatYouKill.doProduce(EatWhatYouKill.java:310)\n\tat org.seleniumhq.jetty9.util.thread.strategy.EatWhatYouKill.tryProduce(EatWhatYouKill.java:168)\n\tat org.seleniumhq.jetty9.util.thread.strategy.EatWhatYouKill.run(EatWhatYouKill.java:126)\n\tat org.seleniumhq.jetty9.util.thread.ReservedThreadExecutor$ReservedThread.run(ReservedThreadExecutor.java:366)\n\tat org.seleniumhq.jetty9.util.thread.QueuedThreadPool.runJob(QueuedThreadPool.java:765)\n\tat org.seleniumhq.jetty9.util.thread.QueuedThreadPool$2.run(QueuedThreadPool.java:683)\n\tat java.lang.Thread.run(Thread.java:832)\n"},"stage":"finished","description":"Test Description: Resubmitting the MoneyRequest declinedByManager","steps":[],"attachments":[],"parameters":[{"name":"env","value":"https://expense.uat.happay.in"},{"name":"browser","value":"chrome"}],"start":1629865832819,"stop":1629865832825,"uuid":"ab4c170d-e718-4f3f-9d0a-40b08f41f32e","historyId":"b4daae2e98f44f14e432944764f09da6","fullName":"testCases.MoneyRequest.MoneyRequestCreateOUP.TC022_ResubmitMRDeclinedByFinance","labels":[{"name":"package","value":"testCases.MoneyRequest.MoneyRequestCreateOUP"},{"name":"testClass","value":"testCases.MoneyRequest.MoneyRequestCreateOUP"},{"name":"testMethod","value":"TC022_ResubmitMRDeclinedByFinance"},{"name":"parentSuite","value":"MoneyRequests Module"},{"name":"suite","value":"OUP_MoneyRequest_Chrome"},{"name":"subSuite","value":"testCases.MoneyRequest.MoneyRequestCreateOUP"},{"name":"host","value":"Ramesh-P-Air"},{"name":"thread","value":"16631@Ramesh-P-Air.main(1)"},{"name":"framework","value":"testng"},{"name":"language","value":"java"},{"name":"story","value":"Resubitting declined MoneyRequest"},{"name":"epic","value":"Money Request Smoke Tests"},{"name":"severity","value":"blocker"}],"links":[]}