{"name":"save TRF from employee side","status":"skipped","statusDetails":{"known":false,"muted":false,"flaky":false,"message":"java.lang.reflect.InvocationTargetException\nBuild info: version: '3.141.59', revision: 'e82be7d358', time: '2018-11-14T08:17:03'\nSystem info: host: 'Ramesh-P-MacBook-Air.local', ip: '192.168.225.84', os.name: 'Mac OS X', os.arch: 'x86_64', os.version: '10.14.6', java.version: '14.0.1'\nDriver info: driver.version: RemoteWebDriver","trace":"org.openqa.selenium.json.JsonException: java.lang.reflect.InvocationTargetException\nBuild info: version: '3.141.59', revision: 'e82be7d358', time: '2018-11-14T08:17:03'\nSystem info: host: 'Ramesh-P-MacBook-Air.local', ip: '192.168.225.84', os.name: 'Mac OS X', os.arch: 'x86_64', os.version: '10.14.6', java.version: '14.0.1'\nDriver info: driver.version: RemoteWebDriver\n\tat org.openqa.selenium.json.JsonOutput.convertUsingMethod(JsonOutput.java:332)\n\tat org.openqa.selenium.json.JsonOutput.lambda$new$16(JsonOutput.java:155)\n\tat org.openqa.selenium.json.JsonOutput.write(JsonOutput.java:264)\n\tat org.openqa.selenium.json.JsonOutput.lambda$null$21(JsonOutput.java:168)\n\tat java.base/java.util.LinkedHashMap$LinkedValues.forEach(LinkedHashMap.java:647)\n\tat org.openqa.selenium.json.JsonOutput.lambda$new$22(JsonOutput.java:168)\n\tat org.openqa.selenium.json.JsonOutput.write(JsonOutput.java:264)\n\tat org.openqa.selenium.json.JsonOutput.lambda$null$23(JsonOutput.java:177)\n\tat com.google.common.collect.SingletonImmutableBiMap.forEach(SingletonImmutableBiMap.java:65)\n\tat org.openqa.selenium.json.JsonOutput.lambda$new$24(JsonOutput.java:176)\n\tat org.openqa.selenium.json.JsonOutput.write(JsonOutput.java:264)\n\tat org.openqa.selenium.json.JsonOutput.write(JsonOutput.java:255)\n\tat org.openqa.selenium.json.Json.toJson(Json.java:42)\n\tat org.openqa.selenium.remote.http.AbstractHttpCommandCodec.encode(AbstractHttpCommandCodec.java:227)\n\tat org.openqa.selenium.remote.http.AbstractHttpCommandCodec.encode(AbstractHttpCommandCodec.java:117)\n\tat org.openqa.selenium.remote.HttpCommandExecutor.execute(HttpCommandExecutor.java:152)\n\tat org.openqa.selenium.remote.RemoteWebDriver.execute(RemoteWebDriver.java:552)\n\tat org.openqa.selenium.remote.RemoteWebDriver.perform(RemoteWebDriver.java:618)\n\tat org.openqa.selenium.interactions.Actions$BuiltAction.perform(Actions.java:639)\n\tat frameworkBase.TestBotElementsWrapper.click_Actions(TestBotElementsWrapper.java:563)\n\tat pageobjects.EmployeeViews.TRFPage.Goto_TRFCreation_Page(TRFPage.java:572)\n\tat testCases.TRF.TRF_TestcasesOUP.Test006_SaveTRF(TRF_TestcasesOUP.java:150)\n\tat java.base/jdk.internal.reflect.NativeMethodAccessorImpl.invoke0(Native Method)\n\tat java.base/jdk.internal.reflect.NativeMethodAccessorImpl.invoke(NativeMethodAccessorImpl.java:62)\n\tat java.base/jdk.internal.reflect.DelegatingMethodAccessorImpl.invoke(DelegatingMethodAccessorImpl.java:43)\n\tat java.base/java.lang.reflect.Method.invoke(Method.java:564)\n\tat org.testng.internal.MethodInvocationHelper.invokeMethod(MethodInvocationHelper.java:134)\n\tat org.testng.internal.TestInvoker.invokeMethod(TestInvoker.java:597)\n\tat org.testng.internal.TestInvoker.invokeTestMethod(TestInvoker.java:173)\n\tat org.testng.internal.MethodRunner.runInSequence(MethodRunner.java:46)\n\tat org.testng.internal.TestInvoker$MethodInvocationAgent.invoke(TestInvoker.java:816)\n\tat org.testng.internal.TestInvoker.invokeTestMethods(TestInvoker.java:146)\n\tat org.testng.internal.TestMethodWorker.invokeTestMethods(TestMethodWorker.java:146)\n\tat org.testng.internal.TestMethodWorker.run(TestMethodWorker.java:128)\n\tat java.base/java.util.concurrent.ThreadPoolExecutor.runWorker(ThreadPoolExecutor.java:1130)\n\tat java.base/java.util.concurrent.ThreadPoolExecutor$Worker.run(ThreadPoolExecutor.java:630)\n\tat java.base/java.lang.Thread.run(Thread.java:832)\n\tSuppressed: org.openqa.selenium.json.JsonException: Attempting to close incomplete json stream\nBuild info: version: '3.141.59', revision: 'e82be7d358', time: '2018-11-14T08:17:03'\nSystem info: host: 'Ramesh-P-MacBook-Air.local', ip: '192.168.225.84', os.name: 'Mac OS X', os.arch: 'x86_64', os.version: '10.14.6', java.version: '14.0.1'\nDriver info: driver.version: RemoteWebDriver\n\t\tat org.openqa.selenium.json.JsonOutput.close(JsonOutput.java:279)\n\t\tat org.openqa.selenium.json.Json.toJson(Json.java:44)\n\t\t... 24 more\nCaused by: java.lang.reflect.InvocationTargetException\n\tat java.base/jdk.internal.reflect.NativeMethodAccessorImpl.invoke0(Native Method)\n\tat java.base/jdk.internal.reflect.NativeMethodAccessorImpl.invoke(NativeMethodAccessorImpl.java:62)\n\tat java.base/jdk.internal.reflect.DelegatingMethodAccessorImpl.invoke(DelegatingMethodAccessorImpl.java:43)\n\tat java.base/java.lang.reflect.Method.invoke(Method.java:564)\n\tat org.openqa.selenium.json.JsonOutput.convertUsingMethod(JsonOutput.java:328)\n\t... 36 more\nCaused by: org.openqa.selenium.NoSuchElementException: Unable to locate element: //a[text()='Travel Requests']\nFor documentation on this error, please visit: https://www.seleniumhq.org/exceptions/no_such_element.html\nBuild info: version: '3.141.59', revision: 'e82be7d358', time: '2018-11-14T08:17:03'\nSystem info: host: 'Ramesh-P-MacBook-Air.local', ip: '192.168.225.84', os.name: 'Mac OS X', os.arch: 'x86_64', os.version: '10.14.6', java.version: '14.0.1'\nDriver info: org.openqa.selenium.remote.RemoteWebDriver\nCapabilities {acceptInsecureCerts: true, browserName: firefox, browserVersion: 90.0, javascriptEnabled: true, moz:accessibilityChecks: false, moz:buildID: 20210608185546, moz:geckodriverVersion: 0.29.0, moz:headless: false, moz:processID: 4616, moz:profile: C:\\Users\\ltuser\\AppData\\Loc..., moz:shutdownTimeout: 60000, moz:useNonSpecCompliantPointerOrigin: false, moz:webdriverClick: true, pageLoadStrategy: normal, platform: WINDOWS, platformName: WINDOWS, platformVersion: 10.0, proxy: Proxy(), setWindowRect: true, strictFileInteractability: false, timeouts: {implicit: 0, pageLoad: 300000, script: 30000}, unhandledPromptBehavior: dismiss and notify, webdriver.remote.sessionid: a560b69e-abdb-4d8e-8e44-2a2...}\nSession ID: a560b69e-abdb-4d8e-8e44-2a22d908f92e\n*** Element info: {Using=xpath, value=//a[text()='Travel Requests']}\n\tat jdk.internal.reflect.GeneratedConstructorAccessor47.newInstance(Unknown Source)\n\tat java.base/jdk.internal.reflect.DelegatingConstructorAccessorImpl.newInstance(DelegatingConstructorAccessorImpl.java:45)\n\tat java.base/java.lang.reflect.Constructor.newInstanceWithCaller(Constructor.java:500)\n\tat java.base/java.lang.reflect.Constructor.newInstance(Constructor.java:481)\n\tat org.openqa.selenium.remote.http.W3CHttpResponseCodec.createException(W3CHttpResponseCodec.java:187)\n\tat org.openqa.selenium.remote.http.W3CHttpResponseCodec.decode(W3CHttpResponseCodec.java:122)\n\tat org.openqa.selenium.remote.http.W3CHttpResponseCodec.decode(W3CHttpResponseCodec.java:49)\n\tat org.openqa.selenium.remote.HttpCommandExecutor.execute(HttpCommandExecutor.java:158)\n\tat org.openqa.selenium.remote.RemoteWebDriver.execute(RemoteWebDriver.java:552)\n\tat org.openqa.selenium.remote.RemoteWebDriver.findElement(RemoteWebDriver.java:323)\n\tat org.openqa.selenium.remote.RemoteWebDriver.findElementByXPath(RemoteWebDriver.java:428)\n\tat org.openqa.selenium.By$ByXPath.findElement(By.java:353)\n\tat org.openqa.selenium.remote.RemoteWebDriver.findElement(RemoteWebDriver.java:315)\n\tat org.openqa.selenium.support.pagefactory.DefaultElementLocator.findElement(DefaultElementLocator.java:69)\n\tat org.openqa.selenium.support.pagefactory.internal.LocatingElementHandler.invoke(LocatingElementHandler.java:38)\n\tat com.sun.proxy.$Proxy31.getWrappedElement(Unknown Source)\n\tat org.openqa.selenium.interactions.PointerInput$Origin.asArg(PointerInput.java:204)\n\tat org.openqa.selenium.interactions.PointerInput$Move.encode(PointerInput.java:155)\n\tat org.openqa.selenium.interactions.Sequence.encode(Sequence.java:75)\n\tat org.openqa.selenium.interactions.Sequence.toJson(Sequence.java:84)\n\t... 41 more\n"},"stage":"finished","description":"Test Description: Submit TRF from employee side","steps":[],"attachments":[],"parameters":[{"name":"env","value":"https://expense.uat.happay.in"},{"name":"browser","value":"chrome"}],"start":1630393424313,"stop":1630393808342,"uuid":"fc67f697-7bf5-4b14-acec-933b6dff0c05","historyId":"c8000e9940bd21d784dbd113c7eab40","fullName":"testCases.TRF.TRF_TestcasesOUP.Test006_SaveTRF","labels":[{"name":"package","value":"testCases.TRF.TRF_TestcasesOUP"},{"name":"testClass","value":"testCases.TRF.TRF_TestcasesOUP"},{"name":"testMethod","value":"Test006_SaveTRF"},{"name":"parentSuite","value":"TRF Module"},{"name":"suite","value":"OUP_TRF_Firefox"},{"name":"subSuite","value":"testCases.TRF.TRF_TestcasesOUP"},{"name":"host","value":"Ramesh-P-MacBook-Air.local"},{"name":"thread","value":"24719@Ramesh-P-MacBook-Air.local.TestNG-test=OUP_TRF_Firefox-5(17)"},{"name":"framework","value":"testng"},{"name":"language","value":"java"},{"name":"story","value":"Submit TRF from employee side"},{"name":"epic","value":"TRF Creation Tests"},{"name":"feature","value":"TRF"},{"name":"severity","value":"blocker"}],"links":[]}