<?xml version="1.0" encoding="UTF-8"?>
<!-- Generated by org.testng.reporters.JUnitReportReporter -->
<testsuite hostname="Ramesh-P-Air" failures="1" tests="21" name="testCases.Expense.MergeExpenseAutomationOrg" time="3279.088" errors="2" timestamp="2021-09-01T13:58:59 IST" skipped="16">
  <testcase classname="testCases.Expense.MergeExpenseAutomationOrg" name="TC001_Expense_createExpenseformergeDeposit" time="243.651"/>
  <system-out/>
  <testcase classname="testCases.Expense.MergeExpenseAutomationOrg" name="TC002_Expense_createExpenseformergeCab" time="273.363"/>
  <system-out/>
  <testcase classname="testCases.Expense.MergeExpenseAutomationOrg" name="TC003_Expense_AutoMergeExpenseIconinExpenseList" time="179.918">
    <skipped/>
  </testcase> <!-- TC003_Expense_AutoMergeExpenseIconinExpenseList -->
  <system-out/>
  <testcase classname="testCases.Expense.MergeExpenseAutomationOrg" name="TC003_Expense_AutoMergeExpenseIconinExpenseList" time="173.093">
    <error message="Unable to locate element: (//img[@src=&#039;/assets/images/merged_expense.svg&#039;]/parent::span)[1]
For documentation on this error, please visit: https://www.seleniumhq.org/exceptions/no_such_element.html
Build info: version: &#039;3.141.59&#039;, revision: &#039;e82be7d358&#039;, time: &#039;2018-11-14T08:17:03&#039;
System info: host: &#039;Ramesh-P-Air&#039;, ip: &#039;2409:4070:2e1c:ee56:983f:2bf9:3b28:f61e%en0&#039;, os.name: &#039;Mac OS X&#039;, os.arch: &#039;x86_64&#039;, os.version: &#039;10.14.6&#039;, java.version: &#039;14.0.1&#039;
Driver info: org.openqa.selenium.remote.RemoteWebDriver
Capabilities {acceptInsecureCerts: true, browserName: firefox, browserVersion: 90.0.2, javascriptEnabled: true, moz:accessibilityChecks: false, moz:buildID: 20210721174149, moz:geckodriverVersion: 0.29.0, moz:headless: false, moz:processID: 18690, moz:profile: /var/folders/4c/lg2hcd3x1cq..., moz:shutdownTimeout: 60000, moz:useNonSpecCompliantPointerOrigin: false, moz:webdriverClick: true, pageLoadStrategy: normal, platform: MAC, platformName: MAC, platformVersion: 20.4.0, proxy: Proxy(), setWindowRect: true, strictFileInteractability: false, timeouts: {implicit: 0, pageLoad: 300000, script: 30000}, unhandledPromptBehavior: dismiss and notify, webdriver.remote.sessionid: cc2b06b6-5a1b-8640-96d7-074...}
Session ID: cc2b06b6-5a1b-8640-96d7-074da498747c
*** Element info: {Using=xpath, value=(//img[@src=&#039;/assets/images/merged_expense.svg&#039;]/parent::span)[1]}" type="org.openqa.selenium.NoSuchElementException">
      <![CDATA[org.openqa.selenium.NoSuchElementException: Unable to locate element: (//img[@src='/assets/images/merged_expense.svg']/parent::span)[1]
For documentation on this error, please visit: https://www.seleniumhq.org/exceptions/no_such_element.html
Build info: version: '3.141.59', revision: 'e82be7d358', time: '2018-11-14T08:17:03'
System info: host: 'Ramesh-P-Air', ip: '2409:4070:2e1c:ee56:983f:2bf9:3b28:f61e%en0', os.name: 'Mac OS X', os.arch: 'x86_64', os.version: '10.14.6', java.version: '14.0.1'
Driver info: org.openqa.selenium.remote.RemoteWebDriver
Capabilities {acceptInsecureCerts: true, browserName: firefox, browserVersion: 90.0.2, javascriptEnabled: true, moz:accessibilityChecks: false, moz:buildID: 20210721174149, moz:geckodriverVersion: 0.29.0, moz:headless: false, moz:processID: 18690, moz:profile: /var/folders/4c/lg2hcd3x1cq..., moz:shutdownTimeout: 60000, moz:useNonSpecCompliantPointerOrigin: false, moz:webdriverClick: true, pageLoadStrategy: normal, platform: MAC, platformName: MAC, platformVersion: 20.4.0, proxy: Proxy(), setWindowRect: true, strictFileInteractability: false, timeouts: {implicit: 0, pageLoad: 300000, script: 30000}, unhandledPromptBehavior: dismiss and notify, webdriver.remote.sessionid: cc2b06b6-5a1b-8640-96d7-074...}
Session ID: cc2b06b6-5a1b-8640-96d7-074da498747c
*** Element info: {Using=xpath, value=(//img[@src='/assets/images/merged_expense.svg']/parent::span)[1]}
at jdk.internal.reflect.GeneratedConstructorAccessor62.newInstance(Unknown Source)
at java.base/jdk.internal.reflect.DelegatingConstructorAccessorImpl.newInstance(DelegatingConstructorAccessorImpl.java:45)
at java.base/java.lang.reflect.Constructor.newInstanceWithCaller(Constructor.java:500)
at java.base/java.lang.reflect.Constructor.newInstance(Constructor.java:481)
at org.openqa.selenium.remote.http.W3CHttpResponseCodec.createException(W3CHttpResponseCodec.java:187)
at org.openqa.selenium.remote.http.W3CHttpResponseCodec.decode(W3CHttpResponseCodec.java:122)
at org.openqa.selenium.remote.http.W3CHttpResponseCodec.decode(W3CHttpResponseCodec.java:49)
at org.openqa.selenium.remote.HttpCommandExecutor.execute(HttpCommandExecutor.java:158)
at org.openqa.selenium.remote.RemoteWebDriver.execute(RemoteWebDriver.java:552)
at org.openqa.selenium.remote.RemoteWebDriver.findElement(RemoteWebDriver.java:323)
at org.openqa.selenium.remote.RemoteWebDriver.findElementByXPath(RemoteWebDriver.java:428)
at org.openqa.selenium.By$ByXPath.findElement(By.java:353)
at org.openqa.selenium.remote.RemoteWebDriver.findElement(RemoteWebDriver.java:315)
at org.openqa.selenium.support.pagefactory.DefaultElementLocator.findElement(DefaultElementLocator.java:69)
at org.openqa.selenium.support.pagefactory.internal.LocatingElementHandler.invoke(LocatingElementHandler.java:38)
at com.sun.proxy.$Proxy31.getAttribute(Unknown Source)
at frameworkBase.TestBotElementsWrapper.getAttributeValue(TestBotElementsWrapper.java:674)
at pageobjects.EmployeeViews.ExpensePage.AutoMergeVerify(ExpensePage.java:1786)
at testCases.Expense.MergeExpenseAutomationOrg.TC003_Expense_AutoMergeExpenseIconinExpenseList(MergeExpenseAutomationOrg.java:126)
at java.base/jdk.internal.reflect.NativeMethodAccessorImpl.invoke0(Native Method)
at java.base/jdk.internal.reflect.NativeMethodAccessorImpl.invoke(NativeMethodAccessorImpl.java:62)
at java.base/jdk.internal.reflect.DelegatingMethodAccessorImpl.invoke(DelegatingMethodAccessorImpl.java:43)
at java.base/java.lang.reflect.Method.invoke(Method.java:564)
at org.testng.internal.MethodInvocationHelper.invokeMethod(MethodInvocationHelper.java:134)
at org.testng.internal.TestInvoker.invokeMethod(TestInvoker.java:597)
at org.testng.internal.TestInvoker.retryFailed(TestInvoker.java:213)
at org.testng.internal.MethodRunner.runInSequence(MethodRunner.java:58)
at org.testng.internal.TestInvoker$MethodInvocationAgent.invoke(TestInvoker.java:816)
at org.testng.internal.TestInvoker.invokeTestMethods(TestInvoker.java:146)
at org.testng.internal.TestMethodWorker.invokeTestMethods(TestMethodWorker.java:146)
at org.testng.internal.TestMethodWorker.run(TestMethodWorker.java:128)
at java.base/java.util.concurrent.ThreadPoolExecutor.runWorker(ThreadPoolExecutor.java:1130)
at java.base/java.util.concurrent.ThreadPoolExecutor$Worker.run(ThreadPoolExecutor.java:630)
at java.base/java.lang.Thread.run(Thread.java:832)
]]>
    </error>
  </testcase> <!-- TC003_Expense_AutoMergeExpenseIconinExpenseList -->
  <system-out/>
  <testcase classname="testCases.Expense.MergeExpenseAutomationOrg" name="TC004_Expense_VerfiyAutoMergeExpenseDetailsBills" time="16.725">
    <skipped/>
  </testcase> <!-- TC004_Expense_VerfiyAutoMergeExpenseDetailsBills -->
  <system-out/>
  <testcase classname="testCases.Expense.MergeExpenseAutomationOrg" name="TC005_Expense_VerfiyAutoMergeExpenseDetails" time="14.651">
    <skipped/>
  </testcase> <!-- TC005_Expense_VerfiyAutoMergeExpenseDetails -->
  <system-out/>
  <testcase classname="testCases.Expense.MergeExpenseAutomationOrg" name="TC006_Expense_UnMerge" time="14.528">
    <skipped/>
  </testcase> <!-- TC006_Expense_UnMerge -->
  <system-out/>
  <testcase classname="testCases.Expense.MergeExpenseAutomationOrg" name="TC007_Expense_VerifyBillsAfterUnMerge" time="14.147">
    <skipped/>
  </testcase> <!-- TC007_Expense_VerifyBillsAfterUnMerge -->
  <system-out/>
  <testcase classname="testCases.Expense.MergeExpenseAutomationOrg" name="TC008_Expense_MergeExpenseIconinExpenseList" time="0.000">
    <skipped/>
  </testcase> <!-- TC008_Expense_MergeExpenseIconinExpenseList -->
  <system-out/>
  <testcase classname="testCases.Expense.MergeExpenseAutomationOrg" name="TC009_Expense_MergeExpenseIconinHamburger" time="0.000">
    <skipped/>
  </testcase> <!-- TC009_Expense_MergeExpenseIconinHamburger -->
  <system-out/>
  <testcase classname="testCases.Expense.MergeExpenseAutomationOrg" name="TC010_Expense_MergeExpenseWithoutSelectingMergableTransaction" time="0.000">
    <skipped/>
  </testcase> <!-- TC010_Expense_MergeExpenseWithoutSelectingMergableTransaction -->
  <system-out/>
  <testcase classname="testCases.Expense.MergeExpenseAutomationOrg" name="TC011_Expense_MergeExpense" time="0.000">
    <skipped/>
  </testcase> <!-- TC011_Expense_MergeExpense -->
  <system-out/>
  <testcase classname="testCases.Expense.MergeExpenseAutomationOrg" name="TC012_Expense_VerfiyMergeExpenseDetails" time="0.000">
    <skipped/>
  </testcase> <!-- TC012_Expense_VerfiyMergeExpenseDetails -->
  <system-out/>
  <testcase classname="testCases.Expense.MergeExpenseAutomationOrg" name="TC013_Expense_VerfiyMergeExpenseDetailsBills" time="0.000">
    <skipped/>
  </testcase> <!-- TC013_Expense_VerfiyMergeExpenseDetailsBills -->
  <system-out/>
  <testcase classname="testCases.Expense.MergeExpenseAutomationOrg" name="TC014_Expense_EditMergeExpenseDetails" time="794.871">
    <failure message="The following asserts failed:
	expected [Transaction updated successfully.] but found []" type="java.lang.AssertionError">
      <![CDATA[java.lang.AssertionError: The following asserts failed:
expected [Transaction updated successfully.] but found []
at org.testng.asserts.SoftAssert.assertAll(SoftAssert.java:47)
at org.testng.asserts.SoftAssert.assertAll(SoftAssert.java:31)
at pageobjects.EmployeeViews.CreateExpensePage.clickUpdate(CreateExpensePage.java:1272)
at testCases.Expense.MergeExpenseAutomationOrg.TC014_Expense_EditMergeExpenseDetails(MergeExpenseAutomationOrg.java:412)
at java.base/jdk.internal.reflect.NativeMethodAccessorImpl.invoke0(Native Method)
at java.base/jdk.internal.reflect.NativeMethodAccessorImpl.invoke(NativeMethodAccessorImpl.java:62)
at java.base/jdk.internal.reflect.DelegatingMethodAccessorImpl.invoke(DelegatingMethodAccessorImpl.java:43)
at java.base/java.lang.reflect.Method.invoke(Method.java:564)
at org.testng.internal.MethodInvocationHelper.invokeMethod(MethodInvocationHelper.java:134)
at org.testng.internal.TestInvoker.invokeMethod(TestInvoker.java:597)
at org.testng.internal.TestInvoker.retryFailed(TestInvoker.java:213)
at org.testng.internal.MethodRunner.runInSequence(MethodRunner.java:58)
at org.testng.internal.TestInvoker$MethodInvocationAgent.invoke(TestInvoker.java:816)
at org.testng.internal.TestInvoker.invokeTestMethods(TestInvoker.java:146)
at org.testng.internal.TestMethodWorker.invokeTestMethods(TestMethodWorker.java:146)
at org.testng.internal.TestMethodWorker.run(TestMethodWorker.java:128)
at java.base/java.util.concurrent.ThreadPoolExecutor.runWorker(ThreadPoolExecutor.java:1130)
at java.base/java.util.concurrent.ThreadPoolExecutor$Worker.run(ThreadPoolExecutor.java:630)
at java.base/java.lang.Thread.run(Thread.java:832)
]]>
    </failure>
  </testcase> <!-- TC014_Expense_EditMergeExpenseDetails -->
  <system-out/>
  <testcase classname="testCases.Expense.MergeExpenseAutomationOrg" name="TC014_Expense_EditMergeExpenseDetails" time="795.754">
    <skipped/>
  </testcase> <!-- TC014_Expense_EditMergeExpenseDetails -->
  <system-out/>
  <testcase classname="testCases.Expense.MergeExpenseAutomationOrg" name="TC015_Expense_createExpenseformerge" time="0.000">
    <skipped/>
  </testcase> <!-- TC015_Expense_createExpenseformerge -->
  <system-out/>
  <testcase classname="testCases.Expense.MergeExpenseAutomationOrg" name="TC016_Expense_VerfiyAutoMergeExpenseDetails" time="0.000">
    <skipped/>
  </testcase> <!-- TC016_Expense_VerfiyAutoMergeExpenseDetails -->
  <system-out/>
  <testcase classname="testCases.Expense.MergeExpenseAutomationOrg" name="TC017_Expense_MergeExpensemorethanTwoTransactions" time="0.000">
    <skipped/>
  </testcase> <!-- TC017_Expense_MergeExpensemorethanTwoTransactions -->
  <system-out/>
  <testcase classname="testCases.Expense.MergeExpenseAutomationOrg" name="TC018_Expense_DeleteFromHamburger" time="378.561">
    <skipped/>
  </testcase> <!-- TC018_Expense_DeleteFromHamburger -->
  <system-out/>
  <testcase classname="testCases.Expense.MergeExpenseAutomationOrg" name="TC018_Expense_DeleteFromHamburger" time="379.826">
    <error message="Expected condition failed: waiting for visibility of [[RemoteWebDriver: firefox on MAC (64dfb3c9-2d0c-df46-b374-f1f3512c012d)] -&gt; xpath: //div[@class=&#039;customToastContent&#039;]] (tried for 100 second(s) with 600 milliseconds interval)
Build info: version: &#039;3.141.59&#039;, revision: &#039;e82be7d358&#039;, time: &#039;2018-11-14T08:17:03&#039;
System info: host: &#039;Ramesh-P-Air&#039;, ip: &#039;2409:4070:2e1c:ee56:983f:2bf9:3b28:f61e%en0&#039;, os.name: &#039;Mac OS X&#039;, os.arch: &#039;x86_64&#039;, os.version: &#039;10.14.6&#039;, java.version: &#039;14.0.1&#039;
Driver info: driver.version: unknown" type="org.openqa.selenium.TimeoutException">
      <![CDATA[org.openqa.selenium.TimeoutException: Expected condition failed: waiting for visibility of [[RemoteWebDriver: firefox on MAC (64dfb3c9-2d0c-df46-b374-f1f3512c012d)] -> xpath: //div[@class='customToastContent']] (tried for 100 second(s) with 600 milliseconds interval)
Build info: version: '3.141.59', revision: 'e82be7d358', time: '2018-11-14T08:17:03'
System info: host: 'Ramesh-P-Air', ip: '2409:4070:2e1c:ee56:983f:2bf9:3b28:f61e%en0', os.name: 'Mac OS X', os.arch: 'x86_64', os.version: '10.14.6', java.version: '14.0.1'
Driver info: driver.version: unknown
at org.openqa.selenium.support.ui.FluentWait.timeoutException(FluentWait.java:304)
at org.openqa.selenium.support.ui.FluentWait.until(FluentWait.java:272)
at frameworkBase.TestBotElementsWrapper.fluentWaitForElementVisible(TestBotElementsWrapper.java:296)
at pageobjects.EmployeeViews.ExpensePage.deleteExpenseHamburger_Automation(ExpensePage.java:1430)
at testCases.Expense.MergeExpenseAutomationOrg.TC018_Expense_DeleteFromHamburger(MergeExpenseAutomationOrg.java:518)
at java.base/jdk.internal.reflect.NativeMethodAccessorImpl.invoke0(Native Method)
at java.base/jdk.internal.reflect.NativeMethodAccessorImpl.invoke(NativeMethodAccessorImpl.java:62)
at java.base/jdk.internal.reflect.DelegatingMethodAccessorImpl.invoke(DelegatingMethodAccessorImpl.java:43)
at java.base/java.lang.reflect.Method.invoke(Method.java:564)
at org.testng.internal.MethodInvocationHelper.invokeMethod(MethodInvocationHelper.java:134)
at org.testng.internal.TestInvoker.invokeMethod(TestInvoker.java:597)
at org.testng.internal.TestInvoker.retryFailed(TestInvoker.java:213)
at org.testng.internal.MethodRunner.runInSequence(MethodRunner.java:58)
at org.testng.internal.TestInvoker$MethodInvocationAgent.invoke(TestInvoker.java:816)
at org.testng.internal.TestInvoker.invokeTestMethods(TestInvoker.java:146)
at org.testng.internal.TestMethodWorker.invokeTestMethods(TestMethodWorker.java:146)
at org.testng.internal.TestMethodWorker.run(TestMethodWorker.java:128)
at java.base/java.util.concurrent.ThreadPoolExecutor.runWorker(ThreadPoolExecutor.java:1130)
at java.base/java.util.concurrent.ThreadPoolExecutor$Worker.run(ThreadPoolExecutor.java:630)
at java.base/java.lang.Thread.run(Thread.java:832)
]]>
    </error>
  </testcase> <!-- TC018_Expense_DeleteFromHamburger -->
  <system-out/>
</testsuite> <!-- testCases.Expense.MergeExpenseAutomationOrg -->
