<?xml version="1.0" encoding="UTF-8"?>
<!-- Generated by org.testng.reporters.JUnitXMLReporter -->
<testsuite ignored="0" hostname="Ramesh-P-MacBook-Air.local" failures="15" tests="36" name="OUP_Report_Chrome" time="5508.188" errors="0" timestamp="2021-08-31T16:07:12 IST">
  <testcase classname="frameworkBase.TestBotBase" name="@BeforeMethod globalTestSetup" time="603.325">
    <failure type="org.openqa.selenium.WebDriverException" message="Test timed out from lambda queue (WARNING: The server did not provide any stacktrace information)
Command duration or timeout: 603.31 seconds
Build info: version: &amp;apos;3.141.59&amp;apos;, revision: &amp;apos;e82be7d358&amp;apos;, time: &amp;apos;2018-11-14T08:17:03&amp;apos;
System info: host: &amp;apos;Ramesh-P-MacBook-Air.local&amp;apos;, ip: &amp;apos;192.168.225.84&amp;apos;, os.name: &amp;apos;Mac OS X&amp;apos;, os.arch: &amp;apos;x86_64&amp;apos;, os.version: &amp;apos;10.14.6&amp;apos;, java.version: &amp;apos;14.0.1&amp;apos;
Driver info: driver.version: RemoteWebDriver">
      <![CDATA[org.openqa.selenium.WebDriverException: Test timed out from lambda queue (WARNING: The server did not provide any stacktrace information)
Command duration or timeout: 603.31 seconds
Build info: version: '3.141.59', revision: 'e82be7d358', time: '2018-11-14T08:17:03'
System info: host: 'Ramesh-P-MacBook-Air.local', ip: '192.168.225.84', os.name: 'Mac OS X', os.arch: 'x86_64', os.version: '10.14.6', java.version: '14.0.1'
Driver info: driver.version: RemoteWebDriver
at org.openqa.selenium.remote.ErrorHandler.createThrowable(ErrorHandler.java:214)
at org.openqa.selenium.remote.ErrorHandler.throwIfResponseFailed(ErrorHandler.java:166)
at org.openqa.selenium.remote.JsonWireProtocolResponse.lambda$errorHandler$0(JsonWireProtocolResponse.java:54)
at org.openqa.selenium.remote.HandshakeResponse.lambda$getResponseFunction$0(HandshakeResponse.java:30)
at org.openqa.selenium.remote.ProtocolHandshake.lambda$createSession$0(ProtocolHandshake.java:126)
at java.base/java.util.stream.ReferencePipeline$3$1.accept(ReferencePipeline.java:195)
at java.base/java.util.Spliterators$ArraySpliterator.tryAdvance(Spliterators.java:958)
at java.base/java.util.stream.ReferencePipeline.forEachWithCancel(ReferencePipeline.java:127)
at java.base/java.util.stream.AbstractPipeline.copyIntoWithCancel(AbstractPipeline.java:502)
at java.base/java.util.stream.AbstractPipeline.copyInto(AbstractPipeline.java:488)
at java.base/java.util.stream.AbstractPipeline.wrapAndCopyInto(AbstractPipeline.java:474)
at java.base/java.util.stream.FindOps$FindOp.evaluateSequential(FindOps.java:150)
at java.base/java.util.stream.AbstractPipeline.evaluate(AbstractPipeline.java:234)
at java.base/java.util.stream.ReferencePipeline.findFirst(ReferencePipeline.java:543)
at org.openqa.selenium.remote.ProtocolHandshake.createSession(ProtocolHandshake.java:128)
at org.openqa.selenium.remote.ProtocolHandshake.createSession(ProtocolHandshake.java:74)
at org.openqa.selenium.remote.HttpCommandExecutor.execute(HttpCommandExecutor.java:136)
at org.openqa.selenium.remote.RemoteWebDriver.execute(RemoteWebDriver.java:552)
at org.openqa.selenium.remote.RemoteWebDriver.startSession(RemoteWebDriver.java:213)
at org.openqa.selenium.remote.RemoteWebDriver.<init>(RemoteWebDriver.java:131)
at org.openqa.selenium.remote.RemoteWebDriver.<init>(RemoteWebDriver.java:144)
at frameworkBase.TestBotBase.globalTestSetup(TestBotBase.java:107)
at java.base/java.util.concurrent.ThreadPoolExecutor.runWorker(ThreadPoolExecutor.java:1130)
at java.base/java.util.concurrent.ThreadPoolExecutor$Worker.run(ThreadPoolExecutor.java:630)
at java.base/java.lang.Thread.run(Thread.java:832)
... Removed 20 stack frames]]>
    </failure>
  </testcase> <!-- @BeforeMethod globalTestSetup -->
  <testcase classname="testCases.Reports.ReportsModuleTestsOUP" name="@BeforeMethod Preconditions" time="-1.630404198411E9">
    <skipped/>
  </testcase> <!-- @BeforeMethod Preconditions -->
  <testcase classname="frameworkBase.TestBotBase" name="@AfterMethod globalTearDown" time="-1.630404310896E9">
    <skipped/>
  </testcase> <!-- @AfterMethod globalTearDown -->
  <testcase classname="frameworkBase.TestBotBase" name="@BeforeMethod globalTestSetup" time="-1.630404310899E9">
    <skipped/>
  </testcase> <!-- @BeforeMethod globalTestSetup -->
  <testcase classname="testCases.Reports.ReportsModuleTestsOUP" name="@BeforeMethod Preconditions" time="-1.630404310902E9">
    <skipped/>
  </testcase> <!-- @BeforeMethod Preconditions -->
  <testcase classname="frameworkBase.TestBotBase" name="@AfterMethod globalTearDown" time="-1.630404327045E9">
    <skipped/>
  </testcase> <!-- @AfterMethod globalTearDown -->
  <testcase classname="frameworkBase.TestBotBase" name="@BeforeMethod globalTestSetup" time="-1.630404327049E9">
    <skipped/>
  </testcase> <!-- @BeforeMethod globalTestSetup -->
  <testcase classname="testCases.Reports.ReportsModuleTestsOUP" name="@BeforeMethod Preconditions" time="-1.630404327052E9">
    <skipped/>
  </testcase> <!-- @BeforeMethod Preconditions -->
  <testcase classname="frameworkBase.TestBotBase" name="@AfterMethod globalTearDown" time="-1.63040441805E9">
    <skipped/>
  </testcase> <!-- @AfterMethod globalTearDown -->
  <testcase classname="frameworkBase.TestBotBase" name="@BeforeMethod globalTestSetup" time="-1.630404418054E9">
    <skipped/>
  </testcase> <!-- @BeforeMethod globalTestSetup -->
  <testcase classname="testCases.Reports.ReportsModuleTestsOUP" name="@BeforeMethod Preconditions" time="-1.630404418059E9">
    <skipped/>
  </testcase> <!-- @BeforeMethod Preconditions -->
  <testcase classname="frameworkBase.TestBotBase" name="@AfterMethod globalTearDown" time="-1.630404664517E9">
    <skipped/>
  </testcase> <!-- @AfterMethod globalTearDown -->
  <testcase classname="frameworkBase.TestBotBase" name="@BeforeMethod globalTestSetup" time="-1.630404664521E9">
    <skipped/>
  </testcase> <!-- @BeforeMethod globalTestSetup -->
  <testcase classname="testCases.Reports.ReportsModuleTestsOUP" name="@BeforeMethod Preconditions" time="-1.630404664525E9">
    <skipped/>
  </testcase> <!-- @BeforeMethod Preconditions -->
  <testcase classname="frameworkBase.TestBotBase" name="@AfterMethod globalTearDown" time="-1.630405461783E9">
    <skipped/>
  </testcase> <!-- @AfterMethod globalTearDown -->
  <testcase classname="frameworkBase.TestBotBase" name="@AfterMethod globalTearDown" time="-1.630405744945E9">
    <skipped/>
  </testcase> <!-- @AfterMethod globalTearDown -->
  <testcase classname="frameworkBase.TestBotBase" name="@AfterMethod globalTearDown" time="-1.630405850912E9">
    <skipped/>
  </testcase> <!-- @AfterMethod globalTearDown -->
  <testcase classname="frameworkBase.TestBotBase" name="@AfterMethod globalTearDown" time="-1.630406231559E9">
    <skipped/>
  </testcase> <!-- @AfterMethod globalTearDown -->
  <testcase classname="frameworkBase.TestBotBase" name="@AfterClass terminate" time="-1.630406231612E9">
    <skipped/>
  </testcase> <!-- @AfterClass terminate -->
  <testcase classname="testCases.Reports.ReportsModuleTestsOUP" name="TC008_EditReportRemoveExpense" time="8.952">
    <skipped/>
  </testcase> <!-- TC008_EditReportRemoveExpense -->
  <testcase classname="testCases.Reports.ReportsModuleTestsOUP" name="TC001_createReportWithoutMandatoryFields" time="146.105"/>
  <testcase classname="testCases.Reports.ReportsModuleTestsOUP" name="TC008_EditReportRemoveExpense" time="199.231">
    <failure type="org.openqa.selenium.NoSuchElementException" message="Unable to locate element: //td[@class=&amp;apos;actionColumnHoverClass&amp;apos;]//div//img
For documentation on this error, please visit: https://www.seleniumhq.org/exceptions/no_such_element.html
Build info: version: &amp;apos;3.141.59&amp;apos;, revision: &amp;apos;e82be7d358&amp;apos;, time: &amp;apos;2018-11-14T08:17:03&amp;apos;
System info: host: &amp;apos;Ramesh-P-MacBook-Air.local&amp;apos;, ip: &amp;apos;192.168.225.84&amp;apos;, os.name: &amp;apos;Mac OS X&amp;apos;, os.arch: &amp;apos;x86_64&amp;apos;, os.version: &amp;apos;10.14.6&amp;apos;, java.version: &amp;apos;14.0.1&amp;apos;
Driver info: org.openqa.selenium.remote.RemoteWebDriver
Capabilities {acceptInsecureCerts: true, browserName: firefox, browserVersion: 90.0, javascriptEnabled: true, moz:accessibilityChecks: false, moz:buildID: 20210608185546, moz:geckodriverVersion: 0.29.0, moz:headless: false, moz:processID: 2612, moz:profile: C:\Users\ltuser\AppData\Loc..., moz:shutdownTimeout: 60000, moz:useNonSpecCompliantPointerOrigin: false, moz:webdriverClick: true, pageLoadStrategy: normal, platform: WINDOWS, platformName: WINDOWS, platformVersion: 10.0, proxy: Proxy(), setWindowRect: true, strictFileInteractability: false, timeouts: {implicit: 0, pageLoad: 300000, script: 30000}, unhandledPromptBehavior: dismiss and notify, webdriver.remote.sessionid: ea781e92-c555-474a-b889-022...}
Session ID: ea781e92-c555-474a-b889-022d12ec67a8
*** Element info: {Using=xpath, value=//td[@class=&amp;apos;actionColumnHoverClass&amp;apos;]//div//img}">
      <![CDATA[org.openqa.selenium.NoSuchElementException: Unable to locate element: //td[@class='actionColumnHoverClass']//div//img
For documentation on this error, please visit: https://www.seleniumhq.org/exceptions/no_such_element.html
Build info: version: '3.141.59', revision: 'e82be7d358', time: '2018-11-14T08:17:03'
System info: host: 'Ramesh-P-MacBook-Air.local', ip: '192.168.225.84', os.name: 'Mac OS X', os.arch: 'x86_64', os.version: '10.14.6', java.version: '14.0.1'
Driver info: org.openqa.selenium.remote.RemoteWebDriver
Capabilities {acceptInsecureCerts: true, browserName: firefox, browserVersion: 90.0, javascriptEnabled: true, moz:accessibilityChecks: false, moz:buildID: 20210608185546, moz:geckodriverVersion: 0.29.0, moz:headless: false, moz:processID: 2612, moz:profile: C:\Users\ltuser\AppData\Loc..., moz:shutdownTimeout: 60000, moz:useNonSpecCompliantPointerOrigin: false, moz:webdriverClick: true, pageLoadStrategy: normal, platform: WINDOWS, platformName: WINDOWS, platformVersion: 10.0, proxy: Proxy(), setWindowRect: true, strictFileInteractability: false, timeouts: {implicit: 0, pageLoad: 300000, script: 30000}, unhandledPromptBehavior: dismiss and notify, webdriver.remote.sessionid: ea781e92-c555-474a-b889-022...}
Session ID: ea781e92-c555-474a-b889-022d12ec67a8
*** Element info: {Using=xpath, value=//td[@class='actionColumnHoverClass']//div//img}
at org.openqa.selenium.remote.http.W3CHttpResponseCodec.createException(W3CHttpResponseCodec.java:187)
at org.openqa.selenium.remote.http.W3CHttpResponseCodec.decode(W3CHttpResponseCodec.java:122)
at org.openqa.selenium.remote.http.W3CHttpResponseCodec.decode(W3CHttpResponseCodec.java:49)
at org.openqa.selenium.remote.HttpCommandExecutor.execute(HttpCommandExecutor.java:158)
at org.openqa.selenium.remote.RemoteWebDriver.execute(RemoteWebDriver.java:552)
at org.openqa.selenium.remote.RemoteWebDriver.findElement(RemoteWebDriver.java:323)
at org.openqa.selenium.remote.RemoteWebDriver.findElementByXPath(RemoteWebDriver.java:428)
at org.openqa.selenium.By$ByXPath.findElement(By.java:353)
at org.openqa.selenium.remote.RemoteWebDriver.findElement(RemoteWebDriver.java:315)
at org.openqa.selenium.support.pagefactory.DefaultElementLocator.findElement(DefaultElementLocator.java:69)
at org.openqa.selenium.support.pagefactory.internal.LocatingElementHandler.invoke(LocatingElementHandler.java:38)
at com.sun.proxy.$Proxy29.getWrappedElement(Unknown Source)
at org.openqa.selenium.remote.internal.WebElementToJsonConverter.apply(WebElementToJsonConverter.java:50)
at java.base/java.util.stream.ReferencePipeline$3$1.accept(ReferencePipeline.java:195)
at java.base/java.util.Spliterators$ArraySpliterator.forEachRemaining(Spliterators.java:948)
at java.base/java.util.stream.AbstractPipeline.copyInto(AbstractPipeline.java:484)
at java.base/java.util.stream.AbstractPipeline.wrapAndCopyInto(AbstractPipeline.java:474)
at java.base/java.util.stream.ReduceOps$ReduceOp.evaluateSequential(ReduceOps.java:913)
at java.base/java.util.stream.AbstractPipeline.evaluate(AbstractPipeline.java:234)
at java.base/java.util.stream.ReferencePipeline.collect(ReferencePipeline.java:578)
at org.openqa.selenium.remote.RemoteWebDriver.executeScript(RemoteWebDriver.java:484)
at frameworkBase.TestBotElementsWrapper.ScrollToElement(TestBotElementsWrapper.java:640)
at orgUtils_ExpenseProduct.OUP_ReportOrg.RemoveExpense(OUP_ReportOrg.java:421)
at testCases.Reports.ReportsModuleTestsOUP.TC008_EditReportRemoveExpense(ReportsModuleTestsOUP.java:82)
at java.base/java.util.concurrent.ThreadPoolExecutor.runWorker(ThreadPoolExecutor.java:1130)
at java.base/java.util.concurrent.ThreadPoolExecutor$Worker.run(ThreadPoolExecutor.java:630)
at java.base/java.lang.Thread.run(Thread.java:832)
... Removed 16 stack frames]]>
    </failure>
  </testcase> <!-- TC008_EditReportRemoveExpense -->
  <testcase classname="testCases.Reports.ReportsModuleTestsOUP" name="TC002_createReport" time="340.836">
    <skipped/>
  </testcase> <!-- TC002_createReport -->
  <testcase classname="testCases.Reports.ReportsModuleTestsOUP" name="TC004_createReport_AddNewExpense" time="350.351">
    <skipped/>
  </testcase> <!-- TC004_createReport_AddNewExpense -->
  <testcase classname="testCases.Reports.ReportsModuleTestsOUP" name="TC003_createReport_Add_ExistingExpense" time="357.1">
    <skipped/>
  </testcase> <!-- TC003_createReport_Add_ExistingExpense -->
  <testcase classname="testCases.Reports.ReportsModuleTestsOUP" name="TC005_AddBillExpenseInsideReport" time="716.342">
    <skipped/>
  </testcase> <!-- TC005_AddBillExpenseInsideReport -->
  <testcase classname="testCases.Reports.ReportsModuleTestsOUP" name="TC002_createReport" time="568.145">
    <failure type="org.openqa.selenium.NoSuchElementException" message="Unable to locate element: //span[text()=&amp;apos;Edit Report&amp;apos;]
For documentation on this error, please visit: https://www.seleniumhq.org/exceptions/no_such_element.html
Build info: version: &amp;apos;3.141.59&amp;apos;, revision: &amp;apos;e82be7d358&amp;apos;, time: &amp;apos;2018-11-14T08:17:03&amp;apos;
System info: host: &amp;apos;Ramesh-P-MacBook-Air.local&amp;apos;, ip: &amp;apos;192.168.225.84&amp;apos;, os.name: &amp;apos;Mac OS X&amp;apos;, os.arch: &amp;apos;x86_64&amp;apos;, os.version: &amp;apos;10.14.6&amp;apos;, java.version: &amp;apos;14.0.1&amp;apos;
Driver info: org.openqa.selenium.remote.RemoteWebDriver
Capabilities {acceptInsecureCerts: true, browserName: firefox, browserVersion: 90.0, javascriptEnabled: true, moz:accessibilityChecks: false, moz:buildID: 20210608185546, moz:geckodriverVersion: 0.29.0, moz:headless: false, moz:processID: 3124, moz:profile: C:\Users\ltuser\AppData\Loc..., moz:shutdownTimeout: 60000, moz:useNonSpecCompliantPointerOrigin: false, moz:webdriverClick: true, pageLoadStrategy: normal, platform: WINDOWS, platformName: WINDOWS, platformVersion: 10.0, proxy: Proxy(), setWindowRect: true, strictFileInteractability: false, timeouts: {implicit: 0, pageLoad: 300000, script: 30000}, unhandledPromptBehavior: dismiss and notify, webdriver.remote.sessionid: 7929a255-5e06-4489-a5db-eec...}
Session ID: 7929a255-5e06-4489-a5db-eec7a043f2b8
*** Element info: {Using=xpath, value=//span[text()=&amp;apos;Edit Report&amp;apos;]}">
      <![CDATA[org.openqa.selenium.NoSuchElementException: Unable to locate element: //span[text()='Edit Report']
For documentation on this error, please visit: https://www.seleniumhq.org/exceptions/no_such_element.html
Build info: version: '3.141.59', revision: 'e82be7d358', time: '2018-11-14T08:17:03'
System info: host: 'Ramesh-P-MacBook-Air.local', ip: '192.168.225.84', os.name: 'Mac OS X', os.arch: 'x86_64', os.version: '10.14.6', java.version: '14.0.1'
Driver info: org.openqa.selenium.remote.RemoteWebDriver
Capabilities {acceptInsecureCerts: true, browserName: firefox, browserVersion: 90.0, javascriptEnabled: true, moz:accessibilityChecks: false, moz:buildID: 20210608185546, moz:geckodriverVersion: 0.29.0, moz:headless: false, moz:processID: 3124, moz:profile: C:\Users\ltuser\AppData\Loc..., moz:shutdownTimeout: 60000, moz:useNonSpecCompliantPointerOrigin: false, moz:webdriverClick: true, pageLoadStrategy: normal, platform: WINDOWS, platformName: WINDOWS, platformVersion: 10.0, proxy: Proxy(), setWindowRect: true, strictFileInteractability: false, timeouts: {implicit: 0, pageLoad: 300000, script: 30000}, unhandledPromptBehavior: dismiss and notify, webdriver.remote.sessionid: 7929a255-5e06-4489-a5db-eec...}
Session ID: 7929a255-5e06-4489-a5db-eec7a043f2b8
*** Element info: {Using=xpath, value=//span[text()='Edit Report']}
at org.openqa.selenium.remote.http.W3CHttpResponseCodec.createException(W3CHttpResponseCodec.java:187)
at org.openqa.selenium.remote.http.W3CHttpResponseCodec.decode(W3CHttpResponseCodec.java:122)
at org.openqa.selenium.remote.http.W3CHttpResponseCodec.decode(W3CHttpResponseCodec.java:49)
at org.openqa.selenium.remote.HttpCommandExecutor.execute(HttpCommandExecutor.java:158)
at org.openqa.selenium.remote.RemoteWebDriver.execute(RemoteWebDriver.java:552)
at org.openqa.selenium.remote.RemoteWebDriver.findElement(RemoteWebDriver.java:323)
at org.openqa.selenium.remote.RemoteWebDriver.findElementByXPath(RemoteWebDriver.java:428)
at org.openqa.selenium.By$ByXPath.findElement(By.java:353)
at org.openqa.selenium.remote.RemoteWebDriver.findElement(RemoteWebDriver.java:315)
at org.openqa.selenium.support.pagefactory.DefaultElementLocator.findElement(DefaultElementLocator.java:69)
at org.openqa.selenium.support.pagefactory.internal.LocatingElementHandler.invoke(LocatingElementHandler.java:38)
at com.sun.proxy.$Proxy29.getText(Unknown Source)
at orgUtils_ExpenseProduct.OUP_ExpenseOrg.CreateReportWithMandatoryFields_OUP(OUP_ExpenseOrg.java:516)
at orgUtils_ExpenseProduct.OUP_ReportOrg.CreateReportWithMandatoryFields(OUP_ReportOrg.java:954)
at testCases.Reports.ReportsModuleTestsOUP.TC002_createReport(ReportsModuleTestsOUP.java:53)
at java.base/java.util.concurrent.ThreadPoolExecutor.runWorker(ThreadPoolExecutor.java:1130)
at java.base/java.util.concurrent.ThreadPoolExecutor$Worker.run(ThreadPoolExecutor.java:630)
at java.base/java.lang.Thread.run(Thread.java:832)
... Removed 16 stack frames]]>
    </failure>
  </testcase> <!-- TC002_createReport -->
  <testcase classname="testCases.Reports.ReportsModuleTestsOUP" name="TC004_createReport_AddNewExpense" time="560.658">
    <failure type="org.openqa.selenium.NoSuchElementException" message="Unable to locate element: //span[text()=&amp;apos;Edit Report&amp;apos;]
For documentation on this error, please visit: https://www.seleniumhq.org/exceptions/no_such_element.html
Build info: version: &amp;apos;3.141.59&amp;apos;, revision: &amp;apos;e82be7d358&amp;apos;, time: &amp;apos;2018-11-14T08:17:03&amp;apos;
System info: host: &amp;apos;Ramesh-P-MacBook-Air.local&amp;apos;, ip: &amp;apos;192.168.225.84&amp;apos;, os.name: &amp;apos;Mac OS X&amp;apos;, os.arch: &amp;apos;x86_64&amp;apos;, os.version: &amp;apos;10.14.6&amp;apos;, java.version: &amp;apos;14.0.1&amp;apos;
Driver info: org.openqa.selenium.remote.RemoteWebDriver
Capabilities {acceptInsecureCerts: true, browserName: firefox, browserVersion: 90.0, javascriptEnabled: true, moz:accessibilityChecks: false, moz:buildID: 20210608185546, moz:geckodriverVersion: 0.29.0, moz:headless: false, moz:processID: 712, moz:profile: C:\Users\ltuser\AppData\Loc..., moz:shutdownTimeout: 60000, moz:useNonSpecCompliantPointerOrigin: false, moz:webdriverClick: true, pageLoadStrategy: normal, platform: WINDOWS, platformName: WINDOWS, platformVersion: 10.0, proxy: Proxy(), setWindowRect: true, strictFileInteractability: false, timeouts: {implicit: 0, pageLoad: 300000, script: 30000}, unhandledPromptBehavior: dismiss and notify, webdriver.remote.sessionid: 405cafb4-c87b-42bd-8165-c0d...}
Session ID: 405cafb4-c87b-42bd-8165-c0d98f3f2f7f
*** Element info: {Using=xpath, value=//span[text()=&amp;apos;Edit Report&amp;apos;]}">
      <![CDATA[org.openqa.selenium.NoSuchElementException: Unable to locate element: //span[text()='Edit Report']
For documentation on this error, please visit: https://www.seleniumhq.org/exceptions/no_such_element.html
Build info: version: '3.141.59', revision: 'e82be7d358', time: '2018-11-14T08:17:03'
System info: host: 'Ramesh-P-MacBook-Air.local', ip: '192.168.225.84', os.name: 'Mac OS X', os.arch: 'x86_64', os.version: '10.14.6', java.version: '14.0.1'
Driver info: org.openqa.selenium.remote.RemoteWebDriver
Capabilities {acceptInsecureCerts: true, browserName: firefox, browserVersion: 90.0, javascriptEnabled: true, moz:accessibilityChecks: false, moz:buildID: 20210608185546, moz:geckodriverVersion: 0.29.0, moz:headless: false, moz:processID: 712, moz:profile: C:\Users\ltuser\AppData\Loc..., moz:shutdownTimeout: 60000, moz:useNonSpecCompliantPointerOrigin: false, moz:webdriverClick: true, pageLoadStrategy: normal, platform: WINDOWS, platformName: WINDOWS, platformVersion: 10.0, proxy: Proxy(), setWindowRect: true, strictFileInteractability: false, timeouts: {implicit: 0, pageLoad: 300000, script: 30000}, unhandledPromptBehavior: dismiss and notify, webdriver.remote.sessionid: 405cafb4-c87b-42bd-8165-c0d...}
Session ID: 405cafb4-c87b-42bd-8165-c0d98f3f2f7f
*** Element info: {Using=xpath, value=//span[text()='Edit Report']}
at org.openqa.selenium.remote.http.W3CHttpResponseCodec.createException(W3CHttpResponseCodec.java:187)
at org.openqa.selenium.remote.http.W3CHttpResponseCodec.decode(W3CHttpResponseCodec.java:122)
at org.openqa.selenium.remote.http.W3CHttpResponseCodec.decode(W3CHttpResponseCodec.java:49)
at org.openqa.selenium.remote.HttpCommandExecutor.execute(HttpCommandExecutor.java:158)
at org.openqa.selenium.remote.RemoteWebDriver.execute(RemoteWebDriver.java:552)
at org.openqa.selenium.remote.RemoteWebDriver.findElement(RemoteWebDriver.java:323)
at org.openqa.selenium.remote.RemoteWebDriver.findElementByXPath(RemoteWebDriver.java:428)
at org.openqa.selenium.By$ByXPath.findElement(By.java:353)
at org.openqa.selenium.remote.RemoteWebDriver.findElement(RemoteWebDriver.java:315)
at org.openqa.selenium.support.pagefactory.DefaultElementLocator.findElement(DefaultElementLocator.java:69)
at org.openqa.selenium.support.pagefactory.internal.LocatingElementHandler.invoke(LocatingElementHandler.java:38)
at com.sun.proxy.$Proxy29.getText(Unknown Source)
at orgUtils_ExpenseProduct.OUP_ExpenseOrg.CreateReportWithMandatoryFields_OUP(OUP_ExpenseOrg.java:516)
at pageobjects.EmployeeViews.ReportsPage.CreateReportWithMandatoryFields(ReportsPage.java:988)
at testCases.Reports.ReportsModuleTestsOUP.TC004_createReport_AddNewExpense(ReportsModuleTestsOUP.java:94)
at java.base/java.util.concurrent.ThreadPoolExecutor.runWorker(ThreadPoolExecutor.java:1130)
at java.base/java.util.concurrent.ThreadPoolExecutor$Worker.run(ThreadPoolExecutor.java:630)
at java.base/java.lang.Thread.run(Thread.java:832)
... Removed 16 stack frames]]>
    </failure>
  </testcase> <!-- TC004_createReport_AddNewExpense -->
  <testcase classname="testCases.Reports.ReportsModuleTestsOUP" name="TC003_createReport_Add_ExistingExpense" time="611.869">
    <failure type="org.openqa.selenium.NoSuchElementException" message="Unable to locate element: //span[text()=&amp;apos;Edit Report&amp;apos;]
For documentation on this error, please visit: https://www.seleniumhq.org/exceptions/no_such_element.html
Build info: version: &amp;apos;3.141.59&amp;apos;, revision: &amp;apos;e82be7d358&amp;apos;, time: &amp;apos;2018-11-14T08:17:03&amp;apos;
System info: host: &amp;apos;Ramesh-P-MacBook-Air.local&amp;apos;, ip: &amp;apos;192.168.225.84&amp;apos;, os.name: &amp;apos;Mac OS X&amp;apos;, os.arch: &amp;apos;x86_64&amp;apos;, os.version: &amp;apos;10.14.6&amp;apos;, java.version: &amp;apos;14.0.1&amp;apos;
Driver info: org.openqa.selenium.remote.RemoteWebDriver
Capabilities {acceptInsecureCerts: true, browserName: firefox, browserVersion: 90.0, javascriptEnabled: true, moz:accessibilityChecks: false, moz:buildID: 20210608185546, moz:geckodriverVersion: 0.29.0, moz:headless: false, moz:processID: 3916, moz:profile: C:\Users\ltuser\AppData\Loc..., moz:shutdownTimeout: 60000, moz:useNonSpecCompliantPointerOrigin: false, moz:webdriverClick: true, pageLoadStrategy: normal, platform: WINDOWS, platformName: WINDOWS, platformVersion: 10.0, proxy: Proxy(), setWindowRect: true, strictFileInteractability: false, timeouts: {implicit: 0, pageLoad: 300000, script: 30000}, unhandledPromptBehavior: dismiss and notify, webdriver.remote.sessionid: b37a9d80-18df-4ee0-9791-ddb...}
Session ID: b37a9d80-18df-4ee0-9791-ddb19cedb148
*** Element info: {Using=xpath, value=//span[text()=&amp;apos;Edit Report&amp;apos;]}">
      <![CDATA[org.openqa.selenium.NoSuchElementException: Unable to locate element: //span[text()='Edit Report']
For documentation on this error, please visit: https://www.seleniumhq.org/exceptions/no_such_element.html
Build info: version: '3.141.59', revision: 'e82be7d358', time: '2018-11-14T08:17:03'
System info: host: 'Ramesh-P-MacBook-Air.local', ip: '192.168.225.84', os.name: 'Mac OS X', os.arch: 'x86_64', os.version: '10.14.6', java.version: '14.0.1'
Driver info: org.openqa.selenium.remote.RemoteWebDriver
Capabilities {acceptInsecureCerts: true, browserName: firefox, browserVersion: 90.0, javascriptEnabled: true, moz:accessibilityChecks: false, moz:buildID: 20210608185546, moz:geckodriverVersion: 0.29.0, moz:headless: false, moz:processID: 3916, moz:profile: C:\Users\ltuser\AppData\Loc..., moz:shutdownTimeout: 60000, moz:useNonSpecCompliantPointerOrigin: false, moz:webdriverClick: true, pageLoadStrategy: normal, platform: WINDOWS, platformName: WINDOWS, platformVersion: 10.0, proxy: Proxy(), setWindowRect: true, strictFileInteractability: false, timeouts: {implicit: 0, pageLoad: 300000, script: 30000}, unhandledPromptBehavior: dismiss and notify, webdriver.remote.sessionid: b37a9d80-18df-4ee0-9791-ddb...}
Session ID: b37a9d80-18df-4ee0-9791-ddb19cedb148
*** Element info: {Using=xpath, value=//span[text()='Edit Report']}
at org.openqa.selenium.remote.http.W3CHttpResponseCodec.createException(W3CHttpResponseCodec.java:187)
at org.openqa.selenium.remote.http.W3CHttpResponseCodec.decode(W3CHttpResponseCodec.java:122)
at org.openqa.selenium.remote.http.W3CHttpResponseCodec.decode(W3CHttpResponseCodec.java:49)
at org.openqa.selenium.remote.HttpCommandExecutor.execute(HttpCommandExecutor.java:158)
at org.openqa.selenium.remote.RemoteWebDriver.execute(RemoteWebDriver.java:552)
at org.openqa.selenium.remote.RemoteWebDriver.findElement(RemoteWebDriver.java:323)
at org.openqa.selenium.remote.RemoteWebDriver.findElementByXPath(RemoteWebDriver.java:428)
at org.openqa.selenium.By$ByXPath.findElement(By.java:353)
at org.openqa.selenium.remote.RemoteWebDriver.findElement(RemoteWebDriver.java:315)
at org.openqa.selenium.support.pagefactory.DefaultElementLocator.findElement(DefaultElementLocator.java:69)
at org.openqa.selenium.support.pagefactory.internal.LocatingElementHandler.invoke(LocatingElementHandler.java:38)
at com.sun.proxy.$Proxy29.getText(Unknown Source)
at orgUtils_ExpenseProduct.OUP_ExpenseOrg.CreateReportWithMandatoryFields_OUP(OUP_ExpenseOrg.java:516)
at orgUtils_ExpenseProduct.OUP_ReportOrg.CreateReportWithMandatoryFields(OUP_ReportOrg.java:954)
at testCases.Reports.ReportsModuleTestsOUP.TC003_createReport_Add_ExistingExpense(ReportsModuleTestsOUP.java:67)
at java.base/java.util.concurrent.ThreadPoolExecutor.runWorker(ThreadPoolExecutor.java:1130)
at java.base/java.util.concurrent.ThreadPoolExecutor$Worker.run(ThreadPoolExecutor.java:630)
at java.base/java.lang.Thread.run(Thread.java:832)
... Removed 16 stack frames]]>
    </failure>
  </testcase> <!-- TC003_createReport_Add_ExistingExpense -->
  <testcase classname="testCases.Reports.ReportsModuleTestsOUP" name="TC006_DeleteBillExpenseInsideReport" time="811.523">
    <skipped/>
  </testcase> <!-- TC006_DeleteBillExpenseInsideReport -->
  <testcase classname="testCases.Reports.ReportsModuleTestsOUP" name="TC010_SubmitReport" time="300.754"/>
  <testcase classname="testCases.Reports.ReportsModuleTestsOUP" name="TC013_SubmitWithoutActionManager" time="220.792"/>
  <testcase classname="testCases.Reports.ReportsModuleTestsOUP" name="TC012_SubmitReport_Noapprover" time="550.243"/>
  <testcase classname="testCases.Reports.ReportsModuleTestsOUP" name="TC005_AddBillExpenseInsideReport" time="719.253">
    <failure type="org.openqa.selenium.NoSuchElementException" message="Unable to locate element: //div/input[@type=&amp;apos;file&amp;apos;]
For documentation on this error, please visit: https://www.seleniumhq.org/exceptions/no_such_element.html
Build info: version: &amp;apos;3.141.59&amp;apos;, revision: &amp;apos;e82be7d358&amp;apos;, time: &amp;apos;2018-11-14T08:17:03&amp;apos;
System info: host: &amp;apos;Ramesh-P-MacBook-Air.local&amp;apos;, ip: &amp;apos;192.168.225.84&amp;apos;, os.name: &amp;apos;Mac OS X&amp;apos;, os.arch: &amp;apos;x86_64&amp;apos;, os.version: &amp;apos;10.14.6&amp;apos;, java.version: &amp;apos;14.0.1&amp;apos;
Driver info: org.openqa.selenium.remote.RemoteWebDriver
Capabilities {acceptInsecureCerts: true, browserName: firefox, browserVersion: 90.0, javascriptEnabled: true, moz:accessibilityChecks: false, moz:buildID: 20210608185546, moz:geckodriverVersion: 0.29.0, moz:headless: false, moz:processID: 5104, moz:profile: C:\Users\ltuser\AppData\Loc..., moz:shutdownTimeout: 60000, moz:useNonSpecCompliantPointerOrigin: false, moz:webdriverClick: true, pageLoadStrategy: normal, platform: WINDOWS, platformName: WINDOWS, platformVersion: 10.0, proxy: Proxy(), setWindowRect: true, strictFileInteractability: false, timeouts: {implicit: 0, pageLoad: 300000, script: 30000}, unhandledPromptBehavior: dismiss and notify, webdriver.remote.sessionid: a6ee3562-7530-465d-85ab-375...}
Session ID: a6ee3562-7530-465d-85ab-3751c43a8358
*** Element info: {Using=xpath, value=//div/input[@type=&amp;apos;file&amp;apos;]}">
      <![CDATA[org.openqa.selenium.NoSuchElementException: Unable to locate element: //div/input[@type='file']
For documentation on this error, please visit: https://www.seleniumhq.org/exceptions/no_such_element.html
Build info: version: '3.141.59', revision: 'e82be7d358', time: '2018-11-14T08:17:03'
System info: host: 'Ramesh-P-MacBook-Air.local', ip: '192.168.225.84', os.name: 'Mac OS X', os.arch: 'x86_64', os.version: '10.14.6', java.version: '14.0.1'
Driver info: org.openqa.selenium.remote.RemoteWebDriver
Capabilities {acceptInsecureCerts: true, browserName: firefox, browserVersion: 90.0, javascriptEnabled: true, moz:accessibilityChecks: false, moz:buildID: 20210608185546, moz:geckodriverVersion: 0.29.0, moz:headless: false, moz:processID: 5104, moz:profile: C:\Users\ltuser\AppData\Loc..., moz:shutdownTimeout: 60000, moz:useNonSpecCompliantPointerOrigin: false, moz:webdriverClick: true, pageLoadStrategy: normal, platform: WINDOWS, platformName: WINDOWS, platformVersion: 10.0, proxy: Proxy(), setWindowRect: true, strictFileInteractability: false, timeouts: {implicit: 0, pageLoad: 300000, script: 30000}, unhandledPromptBehavior: dismiss and notify, webdriver.remote.sessionid: a6ee3562-7530-465d-85ab-375...}
Session ID: a6ee3562-7530-465d-85ab-3751c43a8358
*** Element info: {Using=xpath, value=//div/input[@type='file']}
at org.openqa.selenium.remote.http.W3CHttpResponseCodec.createException(W3CHttpResponseCodec.java:187)
at org.openqa.selenium.remote.http.W3CHttpResponseCodec.decode(W3CHttpResponseCodec.java:122)
at org.openqa.selenium.remote.http.W3CHttpResponseCodec.decode(W3CHttpResponseCodec.java:49)
at org.openqa.selenium.remote.HttpCommandExecutor.execute(HttpCommandExecutor.java:158)
at org.openqa.selenium.remote.RemoteWebDriver.execute(RemoteWebDriver.java:552)
at org.openqa.selenium.remote.RemoteWebDriver.findElement(RemoteWebDriver.java:323)
at org.openqa.selenium.remote.RemoteWebDriver.findElementByXPath(RemoteWebDriver.java:428)
at org.openqa.selenium.By$ByXPath.findElement(By.java:353)
at org.openqa.selenium.remote.RemoteWebDriver.findElement(RemoteWebDriver.java:315)
at org.openqa.selenium.support.pagefactory.DefaultElementLocator.findElement(DefaultElementLocator.java:69)
at org.openqa.selenium.support.pagefactory.internal.LocatingElementHandler.invoke(LocatingElementHandler.java:38)
at com.sun.proxy.$Proxy29.sendKeys(Unknown Source)
at orgUtils_ExpenseProduct.OUP_ReportOrg.imageUploadAndAssert(OUP_ReportOrg.java:896)
at orgUtils_ExpenseProduct.OUP_ReportOrg.AddBillInsideReport_OUP(OUP_ReportOrg.java:907)
at testCases.Reports.ReportsModuleTestsOUP.TC005_AddBillExpenseInsideReport(ReportsModuleTestsOUP.java:121)
at java.base/java.util.concurrent.ThreadPoolExecutor.runWorker(ThreadPoolExecutor.java:1130)
at java.base/java.util.concurrent.ThreadPoolExecutor$Worker.run(ThreadPoolExecutor.java:630)
at java.base/java.lang.Thread.run(Thread.java:832)
... Removed 16 stack frames]]>
    </failure>
  </testcase> <!-- TC005_AddBillExpenseInsideReport -->
  <testcase classname="testCases.Reports.ReportsModuleTestsOUP" name="TC006_DeleteBillExpenseInsideReport" time="674.537">
    <failure type="org.openqa.selenium.NoSuchElementException" message="Unable to locate element: //div/input[@type=&amp;apos;file&amp;apos;]
For documentation on this error, please visit: https://www.seleniumhq.org/exceptions/no_such_element.html
Build info: version: &amp;apos;3.141.59&amp;apos;, revision: &amp;apos;e82be7d358&amp;apos;, time: &amp;apos;2018-11-14T08:17:03&amp;apos;
System info: host: &amp;apos;Ramesh-P-MacBook-Air.local&amp;apos;, ip: &amp;apos;192.168.225.84&amp;apos;, os.name: &amp;apos;Mac OS X&amp;apos;, os.arch: &amp;apos;x86_64&amp;apos;, os.version: &amp;apos;10.14.6&amp;apos;, java.version: &amp;apos;14.0.1&amp;apos;
Driver info: org.openqa.selenium.remote.RemoteWebDriver
Capabilities {acceptInsecureCerts: true, browserName: firefox, browserVersion: 90.0, javascriptEnabled: true, moz:accessibilityChecks: false, moz:buildID: 20210608185546, moz:geckodriverVersion: 0.29.0, moz:headless: false, moz:processID: 2972, moz:profile: C:\Users\ltuser\AppData\Loc..., moz:shutdownTimeout: 60000, moz:useNonSpecCompliantPointerOrigin: false, moz:webdriverClick: true, pageLoadStrategy: normal, platform: WINDOWS, platformName: WINDOWS, platformVersion: 10.0, proxy: Proxy(), setWindowRect: true, strictFileInteractability: false, timeouts: {implicit: 0, pageLoad: 300000, script: 30000}, unhandledPromptBehavior: dismiss and notify, webdriver.remote.sessionid: d03f67ff-af5c-4059-935a-138...}
Session ID: d03f67ff-af5c-4059-935a-138b8ab5516f
*** Element info: {Using=xpath, value=//div/input[@type=&amp;apos;file&amp;apos;]}">
      <![CDATA[org.openqa.selenium.NoSuchElementException: Unable to locate element: //div/input[@type='file']
For documentation on this error, please visit: https://www.seleniumhq.org/exceptions/no_such_element.html
Build info: version: '3.141.59', revision: 'e82be7d358', time: '2018-11-14T08:17:03'
System info: host: 'Ramesh-P-MacBook-Air.local', ip: '192.168.225.84', os.name: 'Mac OS X', os.arch: 'x86_64', os.version: '10.14.6', java.version: '14.0.1'
Driver info: org.openqa.selenium.remote.RemoteWebDriver
Capabilities {acceptInsecureCerts: true, browserName: firefox, browserVersion: 90.0, javascriptEnabled: true, moz:accessibilityChecks: false, moz:buildID: 20210608185546, moz:geckodriverVersion: 0.29.0, moz:headless: false, moz:processID: 2972, moz:profile: C:\Users\ltuser\AppData\Loc..., moz:shutdownTimeout: 60000, moz:useNonSpecCompliantPointerOrigin: false, moz:webdriverClick: true, pageLoadStrategy: normal, platform: WINDOWS, platformName: WINDOWS, platformVersion: 10.0, proxy: Proxy(), setWindowRect: true, strictFileInteractability: false, timeouts: {implicit: 0, pageLoad: 300000, script: 30000}, unhandledPromptBehavior: dismiss and notify, webdriver.remote.sessionid: d03f67ff-af5c-4059-935a-138...}
Session ID: d03f67ff-af5c-4059-935a-138b8ab5516f
*** Element info: {Using=xpath, value=//div/input[@type='file']}
at org.openqa.selenium.remote.http.W3CHttpResponseCodec.createException(W3CHttpResponseCodec.java:187)
at org.openqa.selenium.remote.http.W3CHttpResponseCodec.decode(W3CHttpResponseCodec.java:122)
at org.openqa.selenium.remote.http.W3CHttpResponseCodec.decode(W3CHttpResponseCodec.java:49)
at org.openqa.selenium.remote.HttpCommandExecutor.execute(HttpCommandExecutor.java:158)
at org.openqa.selenium.remote.RemoteWebDriver.execute(RemoteWebDriver.java:552)
at org.openqa.selenium.remote.RemoteWebDriver.findElement(RemoteWebDriver.java:323)
at org.openqa.selenium.remote.RemoteWebDriver.findElementByXPath(RemoteWebDriver.java:428)
at org.openqa.selenium.By$ByXPath.findElement(By.java:353)
at org.openqa.selenium.remote.RemoteWebDriver.findElement(RemoteWebDriver.java:315)
at org.openqa.selenium.support.pagefactory.DefaultElementLocator.findElement(DefaultElementLocator.java:69)
at org.openqa.selenium.support.pagefactory.internal.LocatingElementHandler.invoke(LocatingElementHandler.java:38)
at com.sun.proxy.$Proxy29.sendKeys(Unknown Source)
at orgUtils_ExpenseProduct.OUP_ReportOrg.imageUploadAndAssert(OUP_ReportOrg.java:896)
at orgUtils_ExpenseProduct.OUP_ReportOrg.AddBillInsideReport_OUP(OUP_ReportOrg.java:907)
at testCases.Reports.ReportsModuleTestsOUP.TC006_DeleteBillExpenseInsideReport(ReportsModuleTestsOUP.java:134)
at java.base/java.util.concurrent.ThreadPoolExecutor.runWorker(ThreadPoolExecutor.java:1130)
at java.base/java.util.concurrent.ThreadPoolExecutor$Worker.run(ThreadPoolExecutor.java:630)
at java.base/java.lang.Thread.run(Thread.java:832)
... Removed 16 stack frames]]>
    </failure>
  </testcase> <!-- TC006_DeleteBillExpenseInsideReport -->
  <testcase classname="testCases.Reports.ReportsModuleTestsOUP" name="TC014_AcceptActionManager_Report" time="446.881">
    <skipped/>
  </testcase> <!-- TC014_AcceptActionManager_Report -->
  <testcase classname="testCases.Reports.ReportsModuleTestsOUP" name="TC007_addEditExpenseInReport" time="1150.791">
    <skipped/>
  </testcase> <!-- TC007_addEditExpenseInReport -->
  <testcase classname="testCases.Reports.ReportsModuleTestsOUP" name="TC015_SubmitWithoutActionFinance" time="643.833"/>
  <testcase classname="testCases.Reports.ReportsModuleTestsOUP" name="TC014_AcceptActionManager_Report" time="447.212">
    <failure type="java.lang.AssertionError" message="The following asserts failed:
	expected [Updated successfully] but found []">
      <![CDATA[java.lang.AssertionError: The following asserts failed:
expected [Updated successfully] but found []
at pageobjects.PrivilegedViews.ReportsPagePrivilegedOUP.AcceptAllManager_OUP(ReportsPagePrivilegedOUP.java:188)
at testCases.Reports.ReportsModuleTestsOUP.TC014_AcceptActionManager_Report(ReportsModuleTestsOUP.java:226)
at java.base/java.util.concurrent.ThreadPoolExecutor.runWorker(ThreadPoolExecutor.java:1130)
at java.base/java.util.concurrent.ThreadPoolExecutor$Worker.run(ThreadPoolExecutor.java:630)
at java.base/java.lang.Thread.run(Thread.java:832)
... Removed 14 stack frames]]>
    </failure>
  </testcase> <!-- TC014_AcceptActionManager_Report -->
  <testcase classname="testCases.Reports.ReportsModuleTestsOUP" name="TC016_AcceptHardcopyFinance_Report" time="749.046">
    <skipped/>
  </testcase> <!-- TC016_AcceptHardcopyFinance_Report -->
  <testcase classname="testCases.Reports.ReportsModuleTestsOUP" name="TC018_viewNonViolatedReport" time="363.223">
    <skipped/>
  </testcase> <!-- TC018_viewNonViolatedReport -->
  <testcase classname="testCases.Reports.ReportsModuleTestsOUP" name="TC017_AcceptActionFinance_Report" time="914.173">
    <skipped/>
  </testcase> <!-- TC017_AcceptActionFinance_Report -->
  <testcase classname="testCases.Reports.ReportsModuleTestsOUP" name="TC019_downloadExcel" time="442.2">
    <skipped/>
  </testcase> <!-- TC019_downloadExcel -->
  <testcase classname="testCases.Reports.ReportsModuleTestsOUP" name="TC018_viewNonViolatedReport" time="354.21">
    <failure type="org.openqa.selenium.NoSuchElementException" message="Unable to locate element: //div[text()=&amp;apos;Not Violated&amp;apos;]
For documentation on this error, please visit: https://www.seleniumhq.org/exceptions/no_such_element.html
Build info: version: &amp;apos;3.141.59&amp;apos;, revision: &amp;apos;e82be7d358&amp;apos;, time: &amp;apos;2018-11-14T08:17:03&amp;apos;
System info: host: &amp;apos;Ramesh-P-MacBook-Air.local&amp;apos;, ip: &amp;apos;192.168.225.84&amp;apos;, os.name: &amp;apos;Mac OS X&amp;apos;, os.arch: &amp;apos;x86_64&amp;apos;, os.version: &amp;apos;10.14.6&amp;apos;, java.version: &amp;apos;14.0.1&amp;apos;
Driver info: org.openqa.selenium.remote.RemoteWebDriver
Capabilities {acceptInsecureCerts: true, browserName: firefox, browserVersion: 90.0, javascriptEnabled: true, moz:accessibilityChecks: false, moz:buildID: 20210608185546, moz:geckodriverVersion: 0.29.0, moz:headless: false, moz:processID: 4924, moz:profile: C:\Users\ltuser\AppData\Loc..., moz:shutdownTimeout: 60000, moz:useNonSpecCompliantPointerOrigin: false, moz:webdriverClick: true, pageLoadStrategy: normal, platform: WINDOWS, platformName: WINDOWS, platformVersion: 10.0, proxy: Proxy(), setWindowRect: true, strictFileInteractability: false, timeouts: {implicit: 0, pageLoad: 300000, script: 30000}, unhandledPromptBehavior: dismiss and notify, webdriver.remote.sessionid: be1ba884-86d6-42e4-b00e-0a4...}
Session ID: be1ba884-86d6-42e4-b00e-0a4099527b71
*** Element info: {Using=xpath, value=//div[text()=&amp;apos;Not Violated&amp;apos;]}">
      <![CDATA[org.openqa.selenium.NoSuchElementException: Unable to locate element: //div[text()='Not Violated']
For documentation on this error, please visit: https://www.seleniumhq.org/exceptions/no_such_element.html
Build info: version: '3.141.59', revision: 'e82be7d358', time: '2018-11-14T08:17:03'
System info: host: 'Ramesh-P-MacBook-Air.local', ip: '192.168.225.84', os.name: 'Mac OS X', os.arch: 'x86_64', os.version: '10.14.6', java.version: '14.0.1'
Driver info: org.openqa.selenium.remote.RemoteWebDriver
Capabilities {acceptInsecureCerts: true, browserName: firefox, browserVersion: 90.0, javascriptEnabled: true, moz:accessibilityChecks: false, moz:buildID: 20210608185546, moz:geckodriverVersion: 0.29.0, moz:headless: false, moz:processID: 4924, moz:profile: C:\Users\ltuser\AppData\Loc..., moz:shutdownTimeout: 60000, moz:useNonSpecCompliantPointerOrigin: false, moz:webdriverClick: true, pageLoadStrategy: normal, platform: WINDOWS, platformName: WINDOWS, platformVersion: 10.0, proxy: Proxy(), setWindowRect: true, strictFileInteractability: false, timeouts: {implicit: 0, pageLoad: 300000, script: 30000}, unhandledPromptBehavior: dismiss and notify, webdriver.remote.sessionid: be1ba884-86d6-42e4-b00e-0a4...}
Session ID: be1ba884-86d6-42e4-b00e-0a4099527b71
*** Element info: {Using=xpath, value=//div[text()='Not Violated']}
at org.openqa.selenium.remote.http.W3CHttpResponseCodec.createException(W3CHttpResponseCodec.java:187)
at org.openqa.selenium.remote.http.W3CHttpResponseCodec.decode(W3CHttpResponseCodec.java:122)
at org.openqa.selenium.remote.http.W3CHttpResponseCodec.decode(W3CHttpResponseCodec.java:49)
at org.openqa.selenium.remote.HttpCommandExecutor.execute(HttpCommandExecutor.java:158)
at org.openqa.selenium.remote.RemoteWebDriver.execute(RemoteWebDriver.java:552)
at org.openqa.selenium.remote.RemoteWebDriver.findElement(RemoteWebDriver.java:323)
at org.openqa.selenium.remote.RemoteWebDriver.findElementByXPath(RemoteWebDriver.java:428)
at org.openqa.selenium.By$ByXPath.findElement(By.java:353)
at org.openqa.selenium.remote.RemoteWebDriver.findElement(RemoteWebDriver.java:315)
at org.openqa.selenium.support.pagefactory.DefaultElementLocator.findElement(DefaultElementLocator.java:69)
at org.openqa.selenium.support.pagefactory.internal.LocatingElementHandler.invoke(LocatingElementHandler.java:38)
at com.sun.proxy.$Proxy29.getText(Unknown Source)
at pageobjects.EmployeeViews.ReportsPage.selectNonViolatedFilter(ReportsPage.java:644)
at testCases.Reports.ReportsModuleTestsOUP.TC018_viewNonViolatedReport(ReportsModuleTestsOUP.java:273)
at java.base/java.util.concurrent.ThreadPoolExecutor.runWorker(ThreadPoolExecutor.java:1130)
at java.base/java.util.concurrent.ThreadPoolExecutor$Worker.run(ThreadPoolExecutor.java:630)
at java.base/java.lang.Thread.run(Thread.java:832)
... Removed 16 stack frames]]>
    </failure>
  </testcase> <!-- TC018_viewNonViolatedReport -->
  <testcase classname="testCases.Reports.ReportsModuleTestsOUP" name="TC007_addEditExpenseInReport" time="1078.708">
    <failure type="java.lang.AssertionError" message="The following asserts failed:
	expected [Transaction updated successfully.] but found []">
      <![CDATA[java.lang.AssertionError: The following asserts failed:
expected [Transaction updated successfully.] but found []
at orgUtils_ExpenseProduct.OUP_ReportOrg.clickUpdate(OUP_ReportOrg.java:562)
at testCases.Reports.ReportsModuleTestsOUP.TC007_addEditExpenseInReport(ReportsModuleTestsOUP.java:152)
at java.base/java.util.concurrent.ThreadPoolExecutor.runWorker(ThreadPoolExecutor.java:1130)
at java.base/java.util.concurrent.ThreadPoolExecutor$Worker.run(ThreadPoolExecutor.java:630)
at java.base/java.lang.Thread.run(Thread.java:832)
... Removed 14 stack frames]]>
    </failure>
  </testcase> <!-- TC007_addEditExpenseInReport -->
  <testcase classname="testCases.Reports.ReportsModuleTestsOUP" name="TC016_AcceptHardcopyFinance_Report" time="732.81">
    <failure type="java.lang.AssertionError" message="The following asserts failed:
	expected [Updated successfully] but found []">
      <![CDATA[java.lang.AssertionError: The following asserts failed:
expected [Updated successfully] but found []
at pageobjects.PrivilegedViews.ReportsPagePrivilegedOUP.HardCopyReceivedALlFinance_OUP(ReportsPagePrivilegedOUP.java:227)
at testCases.Reports.ReportsModuleTestsOUP.TC016_AcceptHardcopyFinance_Report(ReportsModuleTestsOUP.java:252)
at java.base/java.util.concurrent.ThreadPoolExecutor.runWorker(ThreadPoolExecutor.java:1130)
at java.base/java.util.concurrent.ThreadPoolExecutor$Worker.run(ThreadPoolExecutor.java:630)
at java.base/java.lang.Thread.run(Thread.java:832)
... Removed 14 stack frames]]>
    </failure>
  </testcase> <!-- TC016_AcceptHardcopyFinance_Report -->
  <testcase classname="testCases.Reports.ReportsModuleTestsOUP" name="TC019_downloadExcel" time="446.06">
    <failure type="org.openqa.selenium.NoSuchElementException" message="Unable to locate element: //div[@class=&amp;apos;customToast showCustomToast&amp;apos;]
For documentation on this error, please visit: https://www.seleniumhq.org/exceptions/no_such_element.html
Build info: version: &amp;apos;3.141.59&amp;apos;, revision: &amp;apos;e82be7d358&amp;apos;, time: &amp;apos;2018-11-14T08:17:03&amp;apos;
System info: host: &amp;apos;Ramesh-P-MacBook-Air.local&amp;apos;, ip: &amp;apos;192.168.225.84&amp;apos;, os.name: &amp;apos;Mac OS X&amp;apos;, os.arch: &amp;apos;x86_64&amp;apos;, os.version: &amp;apos;10.14.6&amp;apos;, java.version: &amp;apos;14.0.1&amp;apos;
Driver info: org.openqa.selenium.remote.RemoteWebDriver
Capabilities {acceptInsecureCerts: true, browserName: firefox, browserVersion: 90.0, javascriptEnabled: true, moz:accessibilityChecks: false, moz:buildID: 20210608185546, moz:geckodriverVersion: 0.29.0, moz:headless: false, moz:processID: 2352, moz:profile: C:\Users\ltuser\AppData\Loc..., moz:shutdownTimeout: 60000, moz:useNonSpecCompliantPointerOrigin: false, moz:webdriverClick: true, pageLoadStrategy: normal, platform: WINDOWS, platformName: WINDOWS, platformVersion: 10.0, proxy: Proxy(), setWindowRect: true, strictFileInteractability: false, timeouts: {implicit: 0, pageLoad: 300000, script: 30000}, unhandledPromptBehavior: dismiss and notify, webdriver.remote.sessionid: 36687322-60c9-42e5-a75f-017...}
Session ID: 36687322-60c9-42e5-a75f-017a0191d95c
*** Element info: {Using=xpath, value=//div[@class=&amp;apos;customToast showCustomToast&amp;apos;]}">
      <![CDATA[org.openqa.selenium.NoSuchElementException: Unable to locate element: //div[@class='customToast showCustomToast']
For documentation on this error, please visit: https://www.seleniumhq.org/exceptions/no_such_element.html
Build info: version: '3.141.59', revision: 'e82be7d358', time: '2018-11-14T08:17:03'
System info: host: 'Ramesh-P-MacBook-Air.local', ip: '192.168.225.84', os.name: 'Mac OS X', os.arch: 'x86_64', os.version: '10.14.6', java.version: '14.0.1'
Driver info: org.openqa.selenium.remote.RemoteWebDriver
Capabilities {acceptInsecureCerts: true, browserName: firefox, browserVersion: 90.0, javascriptEnabled: true, moz:accessibilityChecks: false, moz:buildID: 20210608185546, moz:geckodriverVersion: 0.29.0, moz:headless: false, moz:processID: 2352, moz:profile: C:\Users\ltuser\AppData\Loc..., moz:shutdownTimeout: 60000, moz:useNonSpecCompliantPointerOrigin: false, moz:webdriverClick: true, pageLoadStrategy: normal, platform: WINDOWS, platformName: WINDOWS, platformVersion: 10.0, proxy: Proxy(), setWindowRect: true, strictFileInteractability: false, timeouts: {implicit: 0, pageLoad: 300000, script: 30000}, unhandledPromptBehavior: dismiss and notify, webdriver.remote.sessionid: 36687322-60c9-42e5-a75f-017...}
Session ID: 36687322-60c9-42e5-a75f-017a0191d95c
*** Element info: {Using=xpath, value=//div[@class='customToast showCustomToast']}
at org.openqa.selenium.remote.http.W3CHttpResponseCodec.createException(W3CHttpResponseCodec.java:187)
at org.openqa.selenium.remote.http.W3CHttpResponseCodec.decode(W3CHttpResponseCodec.java:122)
at org.openqa.selenium.remote.http.W3CHttpResponseCodec.decode(W3CHttpResponseCodec.java:49)
at org.openqa.selenium.remote.HttpCommandExecutor.execute(HttpCommandExecutor.java:158)
at org.openqa.selenium.remote.RemoteWebDriver.execute(RemoteWebDriver.java:552)
at org.openqa.selenium.remote.RemoteWebDriver.findElement(RemoteWebDriver.java:323)
at org.openqa.selenium.remote.RemoteWebDriver.findElementByXPath(RemoteWebDriver.java:428)
at org.openqa.selenium.By$ByXPath.findElement(By.java:353)
at org.openqa.selenium.remote.RemoteWebDriver.findElement(RemoteWebDriver.java:315)
at org.openqa.selenium.support.pagefactory.DefaultElementLocator.findElement(DefaultElementLocator.java:69)
at org.openqa.selenium.support.pagefactory.internal.LocatingElementHandler.invoke(LocatingElementHandler.java:38)
at com.sun.proxy.$Proxy29.getText(Unknown Source)
at pageobjects.EmployeeViews.ReportsPage.exportReportOUP(ReportsPage.java:746)
at testCases.Reports.ReportsModuleTestsOUP.TC019_downloadExcel(ReportsModuleTestsOUP.java:284)
at java.base/java.util.concurrent.ThreadPoolExecutor.runWorker(ThreadPoolExecutor.java:1130)
at java.base/java.util.concurrent.ThreadPoolExecutor$Worker.run(ThreadPoolExecutor.java:630)
at java.base/java.lang.Thread.run(Thread.java:832)
... Removed 16 stack frames]]>
    </failure>
  </testcase> <!-- TC019_downloadExcel -->
  <testcase classname="testCases.Reports.ReportsModuleTestsOUP" name="TC020_downloadPolicyException" time="432.967">
    <skipped/>
  </testcase> <!-- TC020_downloadPolicyException -->
  <testcase classname="testCases.Reports.ReportsModuleTestsOUP" name="TC023_RecallReport" time="189.175">
    <skipped/>
  </testcase> <!-- TC023_RecallReport -->
  <testcase classname="testCases.Reports.ReportsModuleTestsOUP" name="TC021_downloadWorkflowComments" time="435.114">
    <skipped/>
  </testcase> <!-- TC021_downloadWorkflowComments -->
  <testcase classname="testCases.Reports.ReportsModuleTestsOUP" name="TC022_DeleteReportQuickView" time="625.569">
    <skipped/>
  </testcase> <!-- TC022_DeleteReportQuickView -->
  <testcase classname="testCases.Reports.ReportsModuleTestsOUP" name="TC023_RecallReport" time="1131.21">
    <failure type="org.openqa.selenium.json.JsonException" message="java.lang.reflect.InvocationTargetException
Build info: version: &amp;apos;3.141.59&amp;apos;, revision: &amp;apos;e82be7d358&amp;apos;, time: &amp;apos;2018-11-14T08:17:03&amp;apos;
System info: host: &amp;apos;Ramesh-P-MacBook-Air.local&amp;apos;, ip: &amp;apos;192.168.225.84&amp;apos;, os.name: &amp;apos;Mac OS X&amp;apos;, os.arch: &amp;apos;x86_64&amp;apos;, os.version: &amp;apos;10.14.6&amp;apos;, java.version: &amp;apos;14.0.1&amp;apos;
Driver info: driver.version: RemoteWebDriver">
      <![CDATA[org.openqa.selenium.json.JsonException: java.lang.reflect.InvocationTargetException
Build info: version: '3.141.59', revision: 'e82be7d358', time: '2018-11-14T08:17:03'
System info: host: 'Ramesh-P-MacBook-Air.local', ip: '192.168.225.84', os.name: 'Mac OS X', os.arch: 'x86_64', os.version: '10.14.6', java.version: '14.0.1'
Driver info: driver.version: RemoteWebDriver
at org.openqa.selenium.json.JsonOutput.convertUsingMethod(JsonOutput.java:332)
at org.openqa.selenium.json.JsonOutput.lambda$new$16(JsonOutput.java:155)
at org.openqa.selenium.json.JsonOutput.write(JsonOutput.java:264)
at org.openqa.selenium.json.JsonOutput.lambda$null$21(JsonOutput.java:168)
at java.base/java.util.LinkedHashMap$LinkedValues.forEach(LinkedHashMap.java:647)
at org.openqa.selenium.json.JsonOutput.lambda$new$22(JsonOutput.java:168)
at org.openqa.selenium.json.JsonOutput.write(JsonOutput.java:264)
at org.openqa.selenium.json.JsonOutput.lambda$null$23(JsonOutput.java:177)
at com.google.common.collect.SingletonImmutableBiMap.forEach(SingletonImmutableBiMap.java:65)
at org.openqa.selenium.json.JsonOutput.lambda$new$24(JsonOutput.java:176)
at org.openqa.selenium.json.JsonOutput.write(JsonOutput.java:264)
at org.openqa.selenium.json.JsonOutput.write(JsonOutput.java:255)
at org.openqa.selenium.json.Json.toJson(Json.java:42)
at org.openqa.selenium.remote.http.AbstractHttpCommandCodec.encode(AbstractHttpCommandCodec.java:227)
at org.openqa.selenium.remote.http.AbstractHttpCommandCodec.encode(AbstractHttpCommandCodec.java:117)
at org.openqa.selenium.remote.HttpCommandExecutor.execute(HttpCommandExecutor.java:152)
at org.openqa.selenium.remote.RemoteWebDriver.execute(RemoteWebDriver.java:552)
at org.openqa.selenium.remote.RemoteWebDriver.perform(RemoteWebDriver.java:618)
at org.openqa.selenium.interactions.Actions$BuiltAction.perform(Actions.java:639)
at frameworkBase.TestBotElementsWrapper.moveToElement_Actions(TestBotElementsWrapper.java:548)
at orgUtils_ExpenseProduct.OUP_ExpenseOrg.RecallReport(OUP_ExpenseOrg.java:586)
at testCases.Reports.ReportsModuleTestsOUP.TC023_RecallReport(ReportsModuleTestsOUP.java:347)
at java.base/java.util.concurrent.ThreadPoolExecutor.runWorker(ThreadPoolExecutor.java:1130)
at java.base/java.util.concurrent.ThreadPoolExecutor$Worker.run(ThreadPoolExecutor.java:630)
at java.base/java.lang.Thread.run(Thread.java:832)
Suppressed: org.openqa.selenium.json.JsonException: Attempting to close incomplete json stream
Build info: version: '3.141.59', revision: 'e82be7d358', time: '2018-11-14T08:17:03'
System info: host: 'Ramesh-P-MacBook-Air.local', ip: '192.168.225.84', os.name: 'Mac OS X', os.arch: 'x86_64', os.version: '10.14.6', java.version: '14.0.1'
Driver info: driver.version: RemoteWebDriver
at org.openqa.selenium.json.JsonOutput.close(JsonOutput.java:279)
at org.openqa.selenium.json.Json.toJson(Json.java:44)
... 24 more
at org.openqa.selenium.json.JsonOutput.convertUsingMethod(JsonOutput.java:328)
... 36 more
Caused by: org.openqa.selenium.NoSuchElementException: Unable to locate element: //div/label[text()='Pending at Manager']
For documentation on this error, please visit: https://www.seleniumhq.org/exceptions/no_such_element.html
Build info: version: '3.141.59', revision: 'e82be7d358', time: '2018-11-14T08:17:03'
System info: host: 'Ramesh-P-MacBook-Air.local', ip: '192.168.225.84', os.name: 'Mac OS X', os.arch: 'x86_64', os.version: '10.14.6', java.version: '14.0.1'
Driver info: org.openqa.selenium.remote.RemoteWebDriver
Capabilities {acceptInsecureCerts: true, browserName: firefox, browserVersion: 90.0, javascriptEnabled: true, moz:accessibilityChecks: false, moz:buildID: 20210608185546, moz:geckodriverVersion: 0.29.0, moz:headless: false, moz:processID: 1932, moz:profile: C:\Users\ltuser\AppData\Loc..., moz:shutdownTimeout: 60000, moz:useNonSpecCompliantPointerOrigin: false, moz:webdriverClick: true, pageLoadStrategy: normal, platform: WINDOWS, platformName: WINDOWS, platformVersion: 10.0, proxy: Proxy(), setWindowRect: true, strictFileInteractability: false, timeouts: {implicit: 0, pageLoad: 300000, script: 30000}, unhandledPromptBehavior: dismiss and notify, webdriver.remote.sessionid: b248a65a-307e-4c91-b3bd-3b9...}
Session ID: b248a65a-307e-4c91-b3bd-3b975e15433f
*** Element info: {Using=xpath, value=//div/label[text()='Pending at Manager']}
at org.openqa.selenium.remote.http.W3CHttpResponseCodec.createException(W3CHttpResponseCodec.java:187)
at org.openqa.selenium.remote.http.W3CHttpResponseCodec.decode(W3CHttpResponseCodec.java:122)
at org.openqa.selenium.remote.http.W3CHttpResponseCodec.decode(W3CHttpResponseCodec.java:49)
at org.openqa.selenium.remote.HttpCommandExecutor.execute(HttpCommandExecutor.java:158)
at org.openqa.selenium.remote.RemoteWebDriver.execute(RemoteWebDriver.java:552)
at org.openqa.selenium.remote.RemoteWebDriver.findElement(RemoteWebDriver.java:323)
at org.openqa.selenium.remote.RemoteWebDriver.findElementByXPath(RemoteWebDriver.java:428)
at org.openqa.selenium.By$ByXPath.findElement(By.java:353)
at org.openqa.selenium.remote.RemoteWebDriver.findElement(RemoteWebDriver.java:315)
at org.openqa.selenium.support.pagefactory.DefaultElementLocator.findElement(DefaultElementLocator.java:69)
at org.openqa.selenium.support.pagefactory.internal.LocatingElementHandler.invoke(LocatingElementHandler.java:38)
at com.sun.proxy.$Proxy29.getWrappedElement(Unknown Source)
at org.openqa.selenium.interactions.PointerInput$Origin.asArg(PointerInput.java:204)
at org.openqa.selenium.interactions.PointerInput$Move.encode(PointerInput.java:155)
at org.openqa.selenium.interactions.Sequence.encode(Sequence.java:75)
at org.openqa.selenium.interactions.Sequence.toJson(Sequence.java:84)
... 40 more
... Removed 20 stack frames]]>
    </failure>
  </testcase> <!-- TC023_RecallReport -->
  <testcase classname="testCases.Reports.ReportsModuleTestsOUP" name="TC020_downloadPolicyException" time="1430.989">
    <failure type="org.openqa.selenium.NoSuchElementException" message="Unable to locate element: //div[@class=&amp;apos;customToast showCustomToast&amp;apos;]
For documentation on this error, please visit: https://www.seleniumhq.org/exceptions/no_such_element.html
Build info: version: &amp;apos;3.141.59&amp;apos;, revision: &amp;apos;e82be7d358&amp;apos;, time: &amp;apos;2018-11-14T08:17:03&amp;apos;
System info: host: &amp;apos;Ramesh-P-MacBook-Air.local&amp;apos;, ip: &amp;apos;192.168.225.84&amp;apos;, os.name: &amp;apos;Mac OS X&amp;apos;, os.arch: &amp;apos;x86_64&amp;apos;, os.version: &amp;apos;10.14.6&amp;apos;, java.version: &amp;apos;14.0.1&amp;apos;
Driver info: org.openqa.selenium.remote.RemoteWebDriver
Capabilities {acceptInsecureCerts: true, browserName: firefox, browserVersion: 90.0, javascriptEnabled: true, moz:accessibilityChecks: false, moz:buildID: 20210608185546, moz:geckodriverVersion: 0.29.0, moz:headless: false, moz:processID: 4144, moz:profile: C:\Users\ltuser\AppData\Loc..., moz:shutdownTimeout: 60000, moz:useNonSpecCompliantPointerOrigin: false, moz:webdriverClick: true, pageLoadStrategy: normal, platform: WINDOWS, platformName: WINDOWS, platformVersion: 10.0, proxy: Proxy(), setWindowRect: true, strictFileInteractability: false, timeouts: {implicit: 0, pageLoad: 300000, script: 30000}, unhandledPromptBehavior: dismiss and notify, webdriver.remote.sessionid: 7676b2eb-a9d6-4f39-84fb-c0a...}
Session ID: 7676b2eb-a9d6-4f39-84fb-c0aed1a9e832
*** Element info: {Using=xpath, value=//div[@class=&amp;apos;customToast showCustomToast&amp;apos;]}">
      <![CDATA[org.openqa.selenium.NoSuchElementException: Unable to locate element: //div[@class='customToast showCustomToast']
For documentation on this error, please visit: https://www.seleniumhq.org/exceptions/no_such_element.html
Build info: version: '3.141.59', revision: 'e82be7d358', time: '2018-11-14T08:17:03'
System info: host: 'Ramesh-P-MacBook-Air.local', ip: '192.168.225.84', os.name: 'Mac OS X', os.arch: 'x86_64', os.version: '10.14.6', java.version: '14.0.1'
Driver info: org.openqa.selenium.remote.RemoteWebDriver
Capabilities {acceptInsecureCerts: true, browserName: firefox, browserVersion: 90.0, javascriptEnabled: true, moz:accessibilityChecks: false, moz:buildID: 20210608185546, moz:geckodriverVersion: 0.29.0, moz:headless: false, moz:processID: 4144, moz:profile: C:\Users\ltuser\AppData\Loc..., moz:shutdownTimeout: 60000, moz:useNonSpecCompliantPointerOrigin: false, moz:webdriverClick: true, pageLoadStrategy: normal, platform: WINDOWS, platformName: WINDOWS, platformVersion: 10.0, proxy: Proxy(), setWindowRect: true, strictFileInteractability: false, timeouts: {implicit: 0, pageLoad: 300000, script: 30000}, unhandledPromptBehavior: dismiss and notify, webdriver.remote.sessionid: 7676b2eb-a9d6-4f39-84fb-c0a...}
Session ID: 7676b2eb-a9d6-4f39-84fb-c0aed1a9e832
*** Element info: {Using=xpath, value=//div[@class='customToast showCustomToast']}
at org.openqa.selenium.remote.http.W3CHttpResponseCodec.createException(W3CHttpResponseCodec.java:187)
at org.openqa.selenium.remote.http.W3CHttpResponseCodec.decode(W3CHttpResponseCodec.java:122)
at org.openqa.selenium.remote.http.W3CHttpResponseCodec.decode(W3CHttpResponseCodec.java:49)
at org.openqa.selenium.remote.HttpCommandExecutor.execute(HttpCommandExecutor.java:158)
at org.openqa.selenium.remote.RemoteWebDriver.execute(RemoteWebDriver.java:552)
at org.openqa.selenium.remote.RemoteWebDriver.findElement(RemoteWebDriver.java:323)
at org.openqa.selenium.remote.RemoteWebDriver.findElementByXPath(RemoteWebDriver.java:428)
at org.openqa.selenium.By$ByXPath.findElement(By.java:353)
at org.openqa.selenium.remote.RemoteWebDriver.findElement(RemoteWebDriver.java:315)
at org.openqa.selenium.support.pagefactory.DefaultElementLocator.findElement(DefaultElementLocator.java:69)
at org.openqa.selenium.support.pagefactory.internal.LocatingElementHandler.invoke(LocatingElementHandler.java:38)
at com.sun.proxy.$Proxy29.getText(Unknown Source)
at pageobjects.EmployeeViews.ReportsPage.policyExceptionReport(ReportsPage.java:774)
at testCases.Reports.ReportsModuleTestsOUP.TC020_downloadPolicyException(ReportsModuleTestsOUP.java:296)
at java.base/java.util.concurrent.ThreadPoolExecutor.runWorker(ThreadPoolExecutor.java:1130)
at java.base/java.util.concurrent.ThreadPoolExecutor$Worker.run(ThreadPoolExecutor.java:630)
at java.base/java.lang.Thread.run(Thread.java:832)
... Removed 16 stack frames]]>
    </failure>
  </testcase> <!-- TC020_downloadPolicyException -->
  <testcase classname="testCases.Reports.ReportsModuleTestsOUP" name="TC021_downloadWorkflowComments" time="1428.969">
    <failure type="org.openqa.selenium.NoSuchElementException" message="Unable to locate element: //div[@class=&amp;apos;customToast showCustomToast&amp;apos;]
For documentation on this error, please visit: https://www.seleniumhq.org/exceptions/no_such_element.html
Build info: version: &amp;apos;3.141.59&amp;apos;, revision: &amp;apos;e82be7d358&amp;apos;, time: &amp;apos;2018-11-14T08:17:03&amp;apos;
System info: host: &amp;apos;Ramesh-P-MacBook-Air.local&amp;apos;, ip: &amp;apos;192.168.225.84&amp;apos;, os.name: &amp;apos;Mac OS X&amp;apos;, os.arch: &amp;apos;x86_64&amp;apos;, os.version: &amp;apos;10.14.6&amp;apos;, java.version: &amp;apos;14.0.1&amp;apos;
Driver info: org.openqa.selenium.remote.RemoteWebDriver
Capabilities {acceptInsecureCerts: true, browserName: firefox, browserVersion: 90.0, javascriptEnabled: true, moz:accessibilityChecks: false, moz:buildID: 20210608185546, moz:geckodriverVersion: 0.29.0, moz:headless: false, moz:processID: 3184, moz:profile: C:\Users\ltuser\AppData\Loc..., moz:shutdownTimeout: 60000, moz:useNonSpecCompliantPointerOrigin: false, moz:webdriverClick: true, pageLoadStrategy: normal, platform: WINDOWS, platformName: WINDOWS, platformVersion: 10.0, proxy: Proxy(), setWindowRect: true, strictFileInteractability: false, timeouts: {implicit: 0, pageLoad: 300000, script: 30000}, unhandledPromptBehavior: dismiss and notify, webdriver.remote.sessionid: e71d56bd-7804-42d3-8ece-241...}
Session ID: e71d56bd-7804-42d3-8ece-24183b0469e3
*** Element info: {Using=xpath, value=//div[@class=&amp;apos;customToast showCustomToast&amp;apos;]}">
      <![CDATA[org.openqa.selenium.NoSuchElementException: Unable to locate element: //div[@class='customToast showCustomToast']
For documentation on this error, please visit: https://www.seleniumhq.org/exceptions/no_such_element.html
Build info: version: '3.141.59', revision: 'e82be7d358', time: '2018-11-14T08:17:03'
System info: host: 'Ramesh-P-MacBook-Air.local', ip: '192.168.225.84', os.name: 'Mac OS X', os.arch: 'x86_64', os.version: '10.14.6', java.version: '14.0.1'
Driver info: org.openqa.selenium.remote.RemoteWebDriver
Capabilities {acceptInsecureCerts: true, browserName: firefox, browserVersion: 90.0, javascriptEnabled: true, moz:accessibilityChecks: false, moz:buildID: 20210608185546, moz:geckodriverVersion: 0.29.0, moz:headless: false, moz:processID: 3184, moz:profile: C:\Users\ltuser\AppData\Loc..., moz:shutdownTimeout: 60000, moz:useNonSpecCompliantPointerOrigin: false, moz:webdriverClick: true, pageLoadStrategy: normal, platform: WINDOWS, platformName: WINDOWS, platformVersion: 10.0, proxy: Proxy(), setWindowRect: true, strictFileInteractability: false, timeouts: {implicit: 0, pageLoad: 300000, script: 30000}, unhandledPromptBehavior: dismiss and notify, webdriver.remote.sessionid: e71d56bd-7804-42d3-8ece-241...}
Session ID: e71d56bd-7804-42d3-8ece-24183b0469e3
*** Element info: {Using=xpath, value=//div[@class='customToast showCustomToast']}
at org.openqa.selenium.remote.http.W3CHttpResponseCodec.createException(W3CHttpResponseCodec.java:187)
at org.openqa.selenium.remote.http.W3CHttpResponseCodec.decode(W3CHttpResponseCodec.java:122)
at org.openqa.selenium.remote.http.W3CHttpResponseCodec.decode(W3CHttpResponseCodec.java:49)
at org.openqa.selenium.remote.HttpCommandExecutor.execute(HttpCommandExecutor.java:158)
at org.openqa.selenium.remote.RemoteWebDriver.execute(RemoteWebDriver.java:552)
at org.openqa.selenium.remote.RemoteWebDriver.findElement(RemoteWebDriver.java:323)
at org.openqa.selenium.remote.RemoteWebDriver.findElementByXPath(RemoteWebDriver.java:428)
at org.openqa.selenium.By$ByXPath.findElement(By.java:353)
at org.openqa.selenium.remote.RemoteWebDriver.findElement(RemoteWebDriver.java:315)
at org.openqa.selenium.support.pagefactory.DefaultElementLocator.findElement(DefaultElementLocator.java:69)
at org.openqa.selenium.support.pagefactory.internal.LocatingElementHandler.invoke(LocatingElementHandler.java:38)
at com.sun.proxy.$Proxy29.getText(Unknown Source)
at pageobjects.EmployeeViews.ReportsPage.downloadWorkflowComments(ReportsPage.java:807)
at testCases.Reports.ReportsModuleTestsOUP.TC021_downloadWorkflowComments(ReportsModuleTestsOUP.java:307)
at java.base/java.util.concurrent.ThreadPoolExecutor.runWorker(ThreadPoolExecutor.java:1130)
at java.base/java.util.concurrent.ThreadPoolExecutor$Worker.run(ThreadPoolExecutor.java:630)
at java.base/java.lang.Thread.run(Thread.java:832)
... Removed 16 stack frames]]>
    </failure>
  </testcase> <!-- TC021_downloadWorkflowComments -->
  <testcase classname="testCases.Reports.ReportsModuleTestsOUP" name="TC022_DeleteReportQuickView" time="1562.826">
    <failure type="org.openqa.selenium.NoSuchElementException" message="Unable to locate element: //div[@class=&amp;apos;customToast showCustomToast&amp;apos;]
For documentation on this error, please visit: https://www.seleniumhq.org/exceptions/no_such_element.html
Build info: version: &amp;apos;3.141.59&amp;apos;, revision: &amp;apos;e82be7d358&amp;apos;, time: &amp;apos;2018-11-14T08:17:03&amp;apos;
System info: host: &amp;apos;Ramesh-P-MacBook-Air.local&amp;apos;, ip: &amp;apos;192.168.225.84&amp;apos;, os.name: &amp;apos;Mac OS X&amp;apos;, os.arch: &amp;apos;x86_64&amp;apos;, os.version: &amp;apos;10.14.6&amp;apos;, java.version: &amp;apos;14.0.1&amp;apos;
Driver info: org.openqa.selenium.remote.RemoteWebDriver
Capabilities {acceptInsecureCerts: true, browserName: firefox, browserVersion: 90.0, javascriptEnabled: true, moz:accessibilityChecks: false, moz:buildID: 20210608185546, moz:geckodriverVersion: 0.29.0, moz:headless: false, moz:processID: 4244, moz:profile: C:\Users\ltuser\AppData\Loc..., moz:shutdownTimeout: 60000, moz:useNonSpecCompliantPointerOrigin: false, moz:webdriverClick: true, pageLoadStrategy: normal, platform: WINDOWS, platformName: WINDOWS, platformVersion: 10.0, proxy: Proxy(), setWindowRect: true, strictFileInteractability: false, timeouts: {implicit: 0, pageLoad: 300000, script: 30000}, unhandledPromptBehavior: dismiss and notify, webdriver.remote.sessionid: 47d17566-1dff-4367-a69f-58a...}
Session ID: 47d17566-1dff-4367-a69f-58abbf0f031a
*** Element info: {Using=xpath, value=//div[@class=&amp;apos;customToast showCustomToast&amp;apos;]}">
      <![CDATA[org.openqa.selenium.NoSuchElementException: Unable to locate element: //div[@class='customToast showCustomToast']
For documentation on this error, please visit: https://www.seleniumhq.org/exceptions/no_such_element.html
Build info: version: '3.141.59', revision: 'e82be7d358', time: '2018-11-14T08:17:03'
System info: host: 'Ramesh-P-MacBook-Air.local', ip: '192.168.225.84', os.name: 'Mac OS X', os.arch: 'x86_64', os.version: '10.14.6', java.version: '14.0.1'
Driver info: org.openqa.selenium.remote.RemoteWebDriver
Capabilities {acceptInsecureCerts: true, browserName: firefox, browserVersion: 90.0, javascriptEnabled: true, moz:accessibilityChecks: false, moz:buildID: 20210608185546, moz:geckodriverVersion: 0.29.0, moz:headless: false, moz:processID: 4244, moz:profile: C:\Users\ltuser\AppData\Loc..., moz:shutdownTimeout: 60000, moz:useNonSpecCompliantPointerOrigin: false, moz:webdriverClick: true, pageLoadStrategy: normal, platform: WINDOWS, platformName: WINDOWS, platformVersion: 10.0, proxy: Proxy(), setWindowRect: true, strictFileInteractability: false, timeouts: {implicit: 0, pageLoad: 300000, script: 30000}, unhandledPromptBehavior: dismiss and notify, webdriver.remote.sessionid: 47d17566-1dff-4367-a69f-58a...}
Session ID: 47d17566-1dff-4367-a69f-58abbf0f031a
*** Element info: {Using=xpath, value=//div[@class='customToast showCustomToast']}
at org.openqa.selenium.remote.http.W3CHttpResponseCodec.createException(W3CHttpResponseCodec.java:187)
at org.openqa.selenium.remote.http.W3CHttpResponseCodec.decode(W3CHttpResponseCodec.java:122)
at org.openqa.selenium.remote.http.W3CHttpResponseCodec.decode(W3CHttpResponseCodec.java:49)
at org.openqa.selenium.remote.HttpCommandExecutor.execute(HttpCommandExecutor.java:158)
at org.openqa.selenium.remote.RemoteWebDriver.execute(RemoteWebDriver.java:552)
at org.openqa.selenium.remote.RemoteWebDriver.findElement(RemoteWebDriver.java:323)
at org.openqa.selenium.remote.RemoteWebDriver.findElementByXPath(RemoteWebDriver.java:428)
at org.openqa.selenium.By$ByXPath.findElement(By.java:353)
at org.openqa.selenium.remote.RemoteWebDriver.findElement(RemoteWebDriver.java:315)
at org.openqa.selenium.support.pagefactory.DefaultElementLocator.findElement(DefaultElementLocator.java:69)
at org.openqa.selenium.support.pagefactory.internal.LocatingElementHandler.invoke(LocatingElementHandler.java:38)
at com.sun.proxy.$Proxy29.getText(Unknown Source)
at orgUtils_ExpenseProduct.OUP_ExpenseOrg.DeleteReportQucikView(OUP_ExpenseOrg.java:575)
at testCases.Reports.ReportsModuleTestsOUP.TC022_DeleteReportQuickView(ReportsModuleTestsOUP.java:321)
at java.base/java.util.concurrent.ThreadPoolExecutor.runWorker(ThreadPoolExecutor.java:1130)
at java.base/java.util.concurrent.ThreadPoolExecutor$Worker.run(ThreadPoolExecutor.java:630)
at java.base/java.lang.Thread.run(Thread.java:832)
... Removed 16 stack frames]]>
    </failure>
  </testcase> <!-- TC022_DeleteReportQuickView -->
</testsuite> <!-- OUP_Report_Chrome -->
