<?xml version="1.0" encoding="UTF-8"?>
<!-- Generated by org.testng.reporters.JUnitXMLReporter -->
<testsuite ignored="0" hostname="Ramesh-P-Air" failures="40" tests="145" name="LoginTestChrome" time="8896.676" errors="0" timestamp="2021-09-01T13:58:57 IST">
  <testcase classname="frameworkBase.TestBotBase" name="@BeforeMethod globalTestSetup" time="311.672">
    <failure type="org.openqa.selenium.WebDriverException" message="we were not able to complete the request as the request timeout limit (300 second) is breached
Build info: version: &amp;apos;3.141.59&amp;apos;, revision: &amp;apos;e82be7d358&amp;apos;, time: &amp;apos;2018-11-14T08:17:03&amp;apos;
System info: host: &amp;apos;Ramesh-P-Air&amp;apos;, ip: &amp;apos;2409:4070:2e1c:ee56:983f:2bf9:3b28:f61e%en0&amp;apos;, os.name: &amp;apos;Mac OS X&amp;apos;, os.arch: &amp;apos;x86_64&amp;apos;, os.version: &amp;apos;10.14.6&amp;apos;, java.version: &amp;apos;14.0.1&amp;apos;
Driver info: org.openqa.selenium.remote.RemoteWebDriver
Capabilities {acceptInsecureCerts: true, browserName: firefox, browserVersion: 90.0.2, javascriptEnabled: true, moz:accessibilityChecks: false, moz:buildID: 20210721174149, moz:geckodriverVersion: 0.29.0, moz:headless: false, moz:processID: 15984, moz:profile: /var/folders/66/2l5glm0d18q..., moz:shutdownTimeout: 60000, moz:useNonSpecCompliantPointerOrigin: false, moz:webdriverClick: true, pageLoadStrategy: normal, platform: MAC, platformName: MAC, platformVersion: 20.5.0, proxy: Proxy(), setWindowRect: true, strictFileInteractability: false, timeouts: {implicit: 0, pageLoad: 300000, script: 30000}, unhandledPromptBehavior: dismiss and notify, webdriver.remote.sessionid: d4bad8b3-a014-bc46-9200-77e...}
Session ID: d4bad8b3-a014-bc46-9200-77eedbd3cddd">
      <![CDATA[org.openqa.selenium.WebDriverException: we were not able to complete the request as the request timeout limit (300 second) is breached
Build info: version: '3.141.59', revision: 'e82be7d358', time: '2018-11-14T08:17:03'
System info: host: 'Ramesh-P-Air', ip: '2409:4070:2e1c:ee56:983f:2bf9:3b28:f61e%en0', os.name: 'Mac OS X', os.arch: 'x86_64', os.version: '10.14.6', java.version: '14.0.1'
Driver info: org.openqa.selenium.remote.RemoteWebDriver
Capabilities {acceptInsecureCerts: true, browserName: firefox, browserVersion: 90.0.2, javascriptEnabled: true, moz:accessibilityChecks: false, moz:buildID: 20210721174149, moz:geckodriverVersion: 0.29.0, moz:headless: false, moz:processID: 15984, moz:profile: /var/folders/66/2l5glm0d18q..., moz:shutdownTimeout: 60000, moz:useNonSpecCompliantPointerOrigin: false, moz:webdriverClick: true, pageLoadStrategy: normal, platform: MAC, platformName: MAC, platformVersion: 20.5.0, proxy: Proxy(), setWindowRect: true, strictFileInteractability: false, timeouts: {implicit: 0, pageLoad: 300000, script: 30000}, unhandledPromptBehavior: dismiss and notify, webdriver.remote.sessionid: d4bad8b3-a014-bc46-9200-77e...}
Session ID: d4bad8b3-a014-bc46-9200-77eedbd3cddd
at org.openqa.selenium.remote.http.W3CHttpResponseCodec.createException(W3CHttpResponseCodec.java:187)
at org.openqa.selenium.remote.http.W3CHttpResponseCodec.decode(W3CHttpResponseCodec.java:122)
at org.openqa.selenium.remote.http.W3CHttpResponseCodec.decode(W3CHttpResponseCodec.java:49)
at org.openqa.selenium.remote.HttpCommandExecutor.execute(HttpCommandExecutor.java:158)
at org.openqa.selenium.remote.RemoteWebDriver.execute(RemoteWebDriver.java:552)
at org.openqa.selenium.remote.RemoteWebDriver.get(RemoteWebDriver.java:277)
at org.openqa.selenium.remote.RemoteWebDriver$RemoteNavigation.to(RemoteWebDriver.java:857)
at frameworkBase.TestBotBase.globalTestSetup(TestBotBase.java:115)
at java.base/java.util.concurrent.ThreadPoolExecutor.runWorker(ThreadPoolExecutor.java:1130)
at java.base/java.util.concurrent.ThreadPoolExecutor$Worker.run(ThreadPoolExecutor.java:630)
at java.base/java.lang.Thread.run(Thread.java:832)
... Removed 20 stack frames]]>
    </failure>
  </testcase> <!-- @BeforeMethod globalTestSetup -->
  <testcase classname="frameworkBase.TestBotBase" name="@AfterMethod globalTearDown" time="-1.630477612396E9">
    <skipped/>
  </testcase> <!-- @AfterMethod globalTearDown -->
  <testcase classname="frameworkBase.TestBotBase" name="@BeforeMethod globalTestSetup" time="-1.630477612404E9">
    <skipped/>
  </testcase> <!-- @BeforeMethod globalTestSetup -->
  <testcase classname="frameworkBase.TestBotBase" name="@AfterMethod globalTearDown" time="-1.630477612433E9">
    <skipped/>
  </testcase> <!-- @AfterMethod globalTearDown -->
  <testcase classname="frameworkBase.TestBotBase" name="@BeforeMethod globalTestSetup" time="-1.630477612444E9">
    <skipped/>
  </testcase> <!-- @BeforeMethod globalTestSetup -->
  <testcase classname="frameworkBase.TestBotBase" name="@AfterMethod globalTearDown" time="-1.630477612469E9">
    <skipped/>
  </testcase> <!-- @AfterMethod globalTearDown -->
  <testcase classname="frameworkBase.TestBotBase" name="@BeforeMethod globalTestSetup" time="-1.630477612475E9">
    <skipped/>
  </testcase> <!-- @BeforeMethod globalTestSetup -->
  <testcase classname="frameworkBase.TestBotBase" name="@AfterMethod globalTearDown" time="-1.630477612497E9">
    <skipped/>
  </testcase> <!-- @AfterMethod globalTearDown -->
  <testcase classname="frameworkBase.TestBotBase" name="@BeforeMethod globalTestSetup" time="-1.630477612501E9">
    <skipped/>
  </testcase> <!-- @BeforeMethod globalTestSetup -->
  <testcase classname="frameworkBase.TestBotBase" name="@AfterMethod globalTearDown" time="-1.630477612514E9">
    <skipped/>
  </testcase> <!-- @AfterMethod globalTearDown -->
  <testcase classname="frameworkBase.TestBotBase" name="@AfterMethod globalTearDown" time="-1.630477787063E9">
    <skipped/>
  </testcase> <!-- @AfterMethod globalTearDown -->
  <testcase classname="frameworkBase.TestBotBase" name="@AfterMethod globalTearDown" time="-1.630477884515E9">
    <skipped/>
  </testcase> <!-- @AfterMethod globalTearDown -->
  <testcase classname="frameworkBase.TestBotBase" name="@AfterMethod globalTearDown" time="-1.630478059127E9">
    <skipped/>
  </testcase> <!-- @AfterMethod globalTearDown -->
  <testcase classname="frameworkBase.TestBotBase" name="@BeforeMethod globalTestSetup" time="306.829">
    <failure type="org.openqa.selenium.WebDriverException" message="we were not able to complete the request as the request timeout limit (300 second) is breached
Build info: version: &amp;apos;3.141.59&amp;apos;, revision: &amp;apos;e82be7d358&amp;apos;, time: &amp;apos;2018-11-14T08:17:03&amp;apos;
System info: host: &amp;apos;Ramesh-P-Air&amp;apos;, ip: &amp;apos;2409:4070:2e1c:ee56:983f:2bf9:3b28:f61e%en0&amp;apos;, os.name: &amp;apos;Mac OS X&amp;apos;, os.arch: &amp;apos;x86_64&amp;apos;, os.version: &amp;apos;10.14.6&amp;apos;, java.version: &amp;apos;14.0.1&amp;apos;
Driver info: org.openqa.selenium.remote.RemoteWebDriver
Capabilities {acceptInsecureCerts: true, browserName: firefox, browserVersion: 90.0.2, javascriptEnabled: true, moz:accessibilityChecks: false, moz:buildID: 20210721174149, moz:geckodriverVersion: 0.29.0, moz:headless: false, moz:processID: 52086, moz:profile: /var/folders/vl/0xfr13zn0nz..., moz:shutdownTimeout: 60000, moz:useNonSpecCompliantPointerOrigin: false, moz:webdriverClick: true, pageLoadStrategy: normal, platform: MAC, platformName: MAC, platformVersion: 20.5.0, proxy: Proxy(), setWindowRect: true, strictFileInteractability: false, timeouts: {implicit: 0, pageLoad: 300000, script: 30000}, unhandledPromptBehavior: dismiss and notify, webdriver.remote.sessionid: 2892a424-0d71-c147-9c9b-a1c...}
Session ID: 2892a424-0d71-c147-9c9b-a1ca77fcd4b7">
      <![CDATA[org.openqa.selenium.WebDriverException: we were not able to complete the request as the request timeout limit (300 second) is breached
Build info: version: '3.141.59', revision: 'e82be7d358', time: '2018-11-14T08:17:03'
System info: host: 'Ramesh-P-Air', ip: '2409:4070:2e1c:ee56:983f:2bf9:3b28:f61e%en0', os.name: 'Mac OS X', os.arch: 'x86_64', os.version: '10.14.6', java.version: '14.0.1'
Driver info: org.openqa.selenium.remote.RemoteWebDriver
Capabilities {acceptInsecureCerts: true, browserName: firefox, browserVersion: 90.0.2, javascriptEnabled: true, moz:accessibilityChecks: false, moz:buildID: 20210721174149, moz:geckodriverVersion: 0.29.0, moz:headless: false, moz:processID: 52086, moz:profile: /var/folders/vl/0xfr13zn0nz..., moz:shutdownTimeout: 60000, moz:useNonSpecCompliantPointerOrigin: false, moz:webdriverClick: true, pageLoadStrategy: normal, platform: MAC, platformName: MAC, platformVersion: 20.5.0, proxy: Proxy(), setWindowRect: true, strictFileInteractability: false, timeouts: {implicit: 0, pageLoad: 300000, script: 30000}, unhandledPromptBehavior: dismiss and notify, webdriver.remote.sessionid: 2892a424-0d71-c147-9c9b-a1c...}
Session ID: 2892a424-0d71-c147-9c9b-a1ca77fcd4b7
at org.openqa.selenium.remote.http.W3CHttpResponseCodec.createException(W3CHttpResponseCodec.java:187)
at org.openqa.selenium.remote.http.W3CHttpResponseCodec.decode(W3CHttpResponseCodec.java:122)
at org.openqa.selenium.remote.http.W3CHttpResponseCodec.decode(W3CHttpResponseCodec.java:49)
at org.openqa.selenium.remote.HttpCommandExecutor.execute(HttpCommandExecutor.java:158)
at org.openqa.selenium.remote.RemoteWebDriver.execute(RemoteWebDriver.java:552)
at org.openqa.selenium.remote.RemoteWebDriver.get(RemoteWebDriver.java:277)
at org.openqa.selenium.remote.RemoteWebDriver$RemoteNavigation.to(RemoteWebDriver.java:857)
at frameworkBase.TestBotBase.globalTestSetup(TestBotBase.java:115)
at java.base/java.util.concurrent.ThreadPoolExecutor.runWorker(ThreadPoolExecutor.java:1130)
at java.base/java.util.concurrent.ThreadPoolExecutor$Worker.run(ThreadPoolExecutor.java:630)
at java.base/java.lang.Thread.run(Thread.java:832)
... Removed 20 stack frames]]>
    </failure>
  </testcase> <!-- @BeforeMethod globalTestSetup -->
  <testcase classname="frameworkBase.TestBotBase" name="@AfterMethod globalTearDown" time="-1.630478383099E9">
    <skipped/>
  </testcase> <!-- @AfterMethod globalTearDown -->
  <testcase classname="frameworkBase.TestBotBase" name="@BeforeMethod globalTestSetup" time="-1.630478383102E9">
    <skipped/>
  </testcase> <!-- @BeforeMethod globalTestSetup -->
  <testcase classname="frameworkBase.TestBotBase" name="@AfterMethod globalTearDown" time="-1.630478383121E9">
    <skipped/>
  </testcase> <!-- @AfterMethod globalTearDown -->
  <testcase classname="frameworkBase.TestBotBase" name="@BeforeMethod globalTestSetup" time="-1.630478654368E9">
    <skipped/>
  </testcase> <!-- @BeforeMethod globalTestSetup -->
  <testcase classname="frameworkBase.TestBotBase" name="@AfterMethod globalTearDown" time="-1.630478654386E9">
    <skipped/>
  </testcase> <!-- @AfterMethod globalTearDown -->
  <testcase classname="frameworkBase.TestBotBase" name="@BeforeMethod globalTestSetup" time="-1.630478654408E9">
    <skipped/>
  </testcase> <!-- @BeforeMethod globalTestSetup -->
  <testcase classname="frameworkBase.TestBotBase" name="@AfterMethod globalTearDown" time="-1.630478654429E9">
    <skipped/>
  </testcase> <!-- @AfterMethod globalTearDown -->
  <testcase classname="frameworkBase.TestBotBase" name="@BeforeMethod globalTestSetup" time="-1.630478668355E9">
    <skipped/>
  </testcase> <!-- @BeforeMethod globalTestSetup -->
  <testcase classname="frameworkBase.TestBotBase" name="@AfterMethod globalTearDown" time="-1.630478668372E9">
    <skipped/>
  </testcase> <!-- @AfterMethod globalTearDown -->
  <testcase classname="frameworkBase.TestBotBase" name="@BeforeMethod globalTestSetup" time="-1.63047923462E9">
    <skipped/>
  </testcase> <!-- @BeforeMethod globalTestSetup -->
  <testcase classname="frameworkBase.TestBotBase" name="@AfterMethod globalTearDown" time="-1.630479234635E9">
    <skipped/>
  </testcase> <!-- @AfterMethod globalTearDown -->
  <testcase classname="frameworkBase.TestBotBase" name="@BeforeMethod globalTestSetup" time="-1.630479234665E9">
    <skipped/>
  </testcase> <!-- @BeforeMethod globalTestSetup -->
  <testcase classname="frameworkBase.TestBotBase" name="@AfterMethod globalTearDown" time="-1.630479234704E9">
    <skipped/>
  </testcase> <!-- @AfterMethod globalTearDown -->
  <testcase classname="frameworkBase.TestBotBase" name="@BeforeMethod globalTestSetup" time="-1.630479234712E9">
    <skipped/>
  </testcase> <!-- @BeforeMethod globalTestSetup -->
  <testcase classname="frameworkBase.TestBotBase" name="@AfterMethod globalTearDown" time="-1.63047923473E9">
    <skipped/>
  </testcase> <!-- @AfterMethod globalTearDown -->
  <testcase classname="frameworkBase.TestBotBase" name="@BeforeMethod globalTestSetup" time="-1.630479234746E9">
    <skipped/>
  </testcase> <!-- @BeforeMethod globalTestSetup -->
  <testcase classname="frameworkBase.TestBotBase" name="@AfterMethod globalTearDown" time="-1.630479234767E9">
    <skipped/>
  </testcase> <!-- @AfterMethod globalTearDown -->
  <testcase classname="frameworkBase.TestBotBase" name="@BeforeMethod globalTestSetup" time="-1.630479234817E9">
    <skipped/>
  </testcase> <!-- @BeforeMethod globalTestSetup -->
  <testcase classname="frameworkBase.TestBotBase" name="@AfterMethod globalTearDown" time="-1.630479234835E9">
    <skipped/>
  </testcase> <!-- @AfterMethod globalTearDown -->
  <testcase classname="frameworkBase.TestBotBase" name="@BeforeMethod globalTestSetup" time="-1.630479234865E9">
    <skipped/>
  </testcase> <!-- @BeforeMethod globalTestSetup -->
  <testcase classname="frameworkBase.TestBotBase" name="@AfterMethod globalTearDown" time="-1.63047923488E9">
    <skipped/>
  </testcase> <!-- @AfterMethod globalTearDown -->
  <testcase classname="frameworkBase.TestBotBase" name="@BeforeMethod globalTestSetup" time="-1.630479467235E9">
    <skipped/>
  </testcase> <!-- @BeforeMethod globalTestSetup -->
  <testcase classname="frameworkBase.TestBotBase" name="@AfterMethod globalTearDown" time="-1.630479467249E9">
    <skipped/>
  </testcase> <!-- @AfterMethod globalTearDown -->
  <testcase classname="frameworkBase.TestBotBase" name="@AfterMethod globalTearDown" time="-1.630479740124E9">
    <skipped/>
  </testcase> <!-- @AfterMethod globalTearDown -->
  <testcase classname="frameworkBase.TestBotBase" name="@AfterClass terminate" time="-1.630479740132E9">
    <skipped/>
  </testcase> <!-- @AfterClass terminate -->
  <testcase classname="frameworkBase.TestBotBase" name="@BeforeMethod globalTestSetup" time="-1.630479740138E9">
    <skipped/>
  </testcase> <!-- @BeforeMethod globalTestSetup -->
  <testcase classname="frameworkBase.TestBotBase" name="@AfterMethod globalTearDown" time="-1.630479740163E9">
    <skipped/>
  </testcase> <!-- @AfterMethod globalTearDown -->
  <testcase classname="frameworkBase.TestBotBase" name="@BeforeMethod globalTestSetup" time="-1.630479765707E9">
    <skipped/>
  </testcase> <!-- @BeforeMethod globalTestSetup -->
  <testcase classname="frameworkBase.TestBotBase" name="@AfterMethod globalTearDown" time="-1.630479765727E9">
    <skipped/>
  </testcase> <!-- @AfterMethod globalTearDown -->
  <testcase classname="frameworkBase.TestBotBase" name="@BeforeMethod globalTestSetup" time="-1.63048004881E9">
    <skipped/>
  </testcase> <!-- @BeforeMethod globalTestSetup -->
  <testcase classname="frameworkBase.TestBotBase" name="@AfterMethod globalTearDown" time="-1.630480048834E9">
    <skipped/>
  </testcase> <!-- @AfterMethod globalTearDown -->
  <testcase classname="frameworkBase.TestBotBase" name="@BeforeMethod globalTestSetup" time="-1.630480325044E9">
    <skipped/>
  </testcase> <!-- @BeforeMethod globalTestSetup -->
  <testcase classname="frameworkBase.TestBotBase" name="@AfterMethod globalTearDown" time="-1.63048032506E9">
    <skipped/>
  </testcase> <!-- @AfterMethod globalTearDown -->
  <testcase classname="frameworkBase.TestBotBase" name="@BeforeMethod globalTestSetup" time="-1.630480616967E9">
    <skipped/>
  </testcase> <!-- @BeforeMethod globalTestSetup -->
  <testcase classname="frameworkBase.TestBotBase" name="@AfterMethod globalTearDown" time="-1.630480616987E9">
    <skipped/>
  </testcase> <!-- @AfterMethod globalTearDown -->
  <testcase classname="frameworkBase.TestBotBase" name="@BeforeMethod globalTestSetup" time="-1.630481562074E9">
    <skipped/>
  </testcase> <!-- @BeforeMethod globalTestSetup -->
  <testcase classname="frameworkBase.TestBotBase" name="@AfterMethod globalTearDown" time="-1.630481562102E9">
    <skipped/>
  </testcase> <!-- @AfterMethod globalTearDown -->
  <testcase classname="frameworkBase.TestBotBase" name="@BeforeMethod globalTestSetup" time="-1.630482041022E9">
    <skipped/>
  </testcase> <!-- @BeforeMethod globalTestSetup -->
  <testcase classname="frameworkBase.TestBotBase" name="@AfterMethod globalTearDown" time="-1.630482041035E9">
    <skipped/>
  </testcase> <!-- @AfterMethod globalTearDown -->
  <testcase classname="frameworkBase.TestBotBase" name="@BeforeMethod globalTestSetup" time="-1.630482280399E9">
    <skipped/>
  </testcase> <!-- @BeforeMethod globalTestSetup -->
  <testcase classname="frameworkBase.TestBotBase" name="@AfterMethod globalTearDown" time="-1.63048228042E9">
    <skipped/>
  </testcase> <!-- @AfterMethod globalTearDown -->
  <testcase classname="frameworkBase.TestBotBase" name="@BeforeMethod globalTestSetup" time="-1.630482574962E9">
    <skipped/>
  </testcase> <!-- @BeforeMethod globalTestSetup -->
  <testcase classname="frameworkBase.TestBotBase" name="@AfterMethod globalTearDown" time="-1.630482574981E9">
    <skipped/>
  </testcase> <!-- @AfterMethod globalTearDown -->
  <testcase classname="frameworkBase.TestBotBase" name="@BeforeMethod globalTestSetup" time="-1.630482644562E9">
    <skipped/>
  </testcase> <!-- @BeforeMethod globalTestSetup -->
  <testcase classname="frameworkBase.TestBotBase" name="@AfterMethod globalTearDown" time="-1.630482644578E9">
    <skipped/>
  </testcase> <!-- @AfterMethod globalTearDown -->
  <testcase classname="frameworkBase.TestBotBase" name="@BeforeMethod globalTestSetup" time="-1.630482832909E9">
    <skipped/>
  </testcase> <!-- @BeforeMethod globalTestSetup -->
  <testcase classname="frameworkBase.TestBotBase" name="@AfterMethod globalTearDown" time="-1.630482832926E9">
    <skipped/>
  </testcase> <!-- @AfterMethod globalTearDown -->
  <testcase classname="frameworkBase.TestBotBase" name="@BeforeMethod globalTestSetup" time="-1.630482892296E9">
    <skipped/>
  </testcase> <!-- @BeforeMethod globalTestSetup -->
  <testcase classname="frameworkBase.TestBotBase" name="@AfterMethod globalTearDown" time="-1.630482892316E9">
    <skipped/>
  </testcase> <!-- @AfterMethod globalTearDown -->
  <testcase classname="frameworkBase.TestBotBase" name="@BeforeMethod globalTestSetup" time="-1.630483529589E9">
    <skipped/>
  </testcase> <!-- @BeforeMethod globalTestSetup -->
  <testcase classname="frameworkBase.TestBotBase" name="@AfterMethod globalTearDown" time="-1.630483529613E9">
    <skipped/>
  </testcase> <!-- @AfterMethod globalTearDown -->
  <testcase classname="frameworkBase.TestBotBase" name="@BeforeMethod globalTestSetup" time="-1.630483659186E9">
    <skipped/>
  </testcase> <!-- @BeforeMethod globalTestSetup -->
  <testcase classname="frameworkBase.TestBotBase" name="@AfterMethod globalTearDown" time="-1.630483659208E9">
    <skipped/>
  </testcase> <!-- @AfterMethod globalTearDown -->
  <testcase classname="frameworkBase.TestBotBase" name="@AfterClass terminate" time="-1.630483659212E9">
    <skipped/>
  </testcase> <!-- @AfterClass terminate -->
  <testcase classname="testCases.MoneyRequest.MoneyRequestCreateOUP" name="TC004_ApproveMoneyrequest" time="13.989"/>
  <testcase classname="testCases.MoneyRequest.MoneyRequestCreateOUP" name="TC002_MoneyrequestHavingNoapprover" time="136.05">
    <skipped/>
  </testcase> <!-- TC002_MoneyrequestHavingNoapprover -->
  <testcase classname="testCases.MoneyRequest.MoneyRequestCreateOUP" name="TC001_MoneyrequestWithoutMandatoryfields" time="210.965">
    <skipped/>
  </testcase> <!-- TC001_MoneyrequestWithoutMandatoryfields -->
  <testcase classname="testCases.MoneyRequest.MoneyRequestCreateOUP" name="TC006_CreateMoneyrequestWithBill" time="217.78">
    <skipped/>
  </testcase> <!-- TC006_CreateMoneyrequestWithBill -->
  <testcase classname="testCases.MoneyRequest.MoneyRequestCreateOUP" name="TC003_CreateMoneyrequestAndCaptureMrID" time="257.722">
    <skipped/>
  </testcase> <!-- TC003_CreateMoneyrequestAndCaptureMrID -->
  <testcase classname="testCases.MoneyRequest.MoneyRequestCreateOUP" name="TC002_MoneyrequestHavingNoapprover" time="186.312">
    <failure type="org.openqa.selenium.remote.UnreachableBrowserException" message="Error communicating with the remote browser. It may have died.
Build info: version: &amp;apos;3.141.59&amp;apos;, revision: &amp;apos;e82be7d358&amp;apos;, time: &amp;apos;2018-11-14T08:17:03&amp;apos;
System info: host: &amp;apos;Ramesh-P-Air&amp;apos;, ip: &amp;apos;2409:4070:2e1c:ee56:983f:2bf9:3b28:f61e%en0&amp;apos;, os.name: &amp;apos;Mac OS X&amp;apos;, os.arch: &amp;apos;x86_64&amp;apos;, os.version: &amp;apos;10.14.6&amp;apos;, java.version: &amp;apos;14.0.1&amp;apos;
Driver info: driver.version: RemoteWebDriver
Capabilities {acceptInsecureCerts: true, browserName: firefox, browserVersion: 90.0.2, javascriptEnabled: true, moz:accessibilityChecks: false, moz:buildID: 20210721174149, moz:geckodriverVersion: 0.29.0, moz:headless: false, moz:processID: 16938, moz:profile: /var/folders/80/6r7g16wn4lz..., moz:shutdownTimeout: 60000, moz:useNonSpecCompliantPointerOrigin: false, moz:webdriverClick: true, pageLoadStrategy: normal, platform: MAC, platformName: MAC, platformVersion: 20.4.0, proxy: Proxy(), setWindowRect: true, strictFileInteractability: false, timeouts: {implicit: 0, pageLoad: 300000, script: 30000}, unhandledPromptBehavior: dismiss and notify, webdriver.remote.sessionid: 179a738e-f910-3b48-a9aa-4f9...}
Session ID: 179a738e-f910-3b48-a9aa-4f9b6a08558d">
      <![CDATA[org.openqa.selenium.remote.UnreachableBrowserException: Error communicating with the remote browser. It may have died.
Build info: version: '3.141.59', revision: 'e82be7d358', time: '2018-11-14T08:17:03'
System info: host: 'Ramesh-P-Air', ip: '2409:4070:2e1c:ee56:983f:2bf9:3b28:f61e%en0', os.name: 'Mac OS X', os.arch: 'x86_64', os.version: '10.14.6', java.version: '14.0.1'
Driver info: driver.version: RemoteWebDriver
Capabilities {acceptInsecureCerts: true, browserName: firefox, browserVersion: 90.0.2, javascriptEnabled: true, moz:accessibilityChecks: false, moz:buildID: 20210721174149, moz:geckodriverVersion: 0.29.0, moz:headless: false, moz:processID: 16938, moz:profile: /var/folders/80/6r7g16wn4lz..., moz:shutdownTimeout: 60000, moz:useNonSpecCompliantPointerOrigin: false, moz:webdriverClick: true, pageLoadStrategy: normal, platform: MAC, platformName: MAC, platformVersion: 20.4.0, proxy: Proxy(), setWindowRect: true, strictFileInteractability: false, timeouts: {implicit: 0, pageLoad: 300000, script: 30000}, unhandledPromptBehavior: dismiss and notify, webdriver.remote.sessionid: 179a738e-f910-3b48-a9aa-4f9...}
Session ID: 179a738e-f910-3b48-a9aa-4f9b6a08558d
at org.openqa.selenium.remote.RemoteWebDriver.execute(RemoteWebDriver.java:573)
at org.openqa.selenium.remote.RemoteWebElement.execute(RemoteWebElement.java:285)
at org.openqa.selenium.remote.RemoteWebElement.upload(RemoteWebElement.java:116)
at org.openqa.selenium.remote.RemoteWebElement.sendKeys(RemoteWebElement.java:102)
at org.openqa.selenium.support.pagefactory.internal.LocatingElementHandler.invoke(LocatingElementHandler.java:51)
at com.sun.proxy.$Proxy31.sendKeys(Unknown Source)
at pageobjects.EmployeeViews.LoadRequestsPage.imageUploadAndAssert(LoadRequestsPage.java:448)
at pageobjects.EmployeeViews.LoadRequestsPage.createMoneyrequestcommon_OUP(LoadRequestsPage.java:848)
at pageobjects.EmployeeViews.LoadRequestsPage.createMoneyrequest_OUP(LoadRequestsPage.java:915)
at testCases.MoneyRequest.MoneyRequestCreateOUP.TC002_MoneyrequestHavingNoapprover(MoneyRequestCreateOUP.java:74)
at java.base/java.util.concurrent.ThreadPoolExecutor.runWorker(ThreadPoolExecutor.java:1130)
at java.base/java.util.concurrent.ThreadPoolExecutor$Worker.run(ThreadPoolExecutor.java:630)
at java.base/java.lang.Thread.run(Thread.java:832)
Caused by: java.net.SocketTimeoutException: timeout
at okhttp3.internal.http2.Http2Stream$StreamTimeout.newTimeoutException(Http2Stream.java:616)
at okhttp3.internal.http2.Http2Stream$StreamTimeout.exitAndThrowIfTimedOut(Http2Stream.java:624)
at okhttp3.internal.http2.Http2Stream$FramingSink.emitFrame(Http2Stream.java:532)
at okhttp3.internal.http2.Http2Stream$FramingSink.write(Http2Stream.java:503)
at okio.ForwardingSink.write(ForwardingSink.java:35)
at okhttp3.internal.http.CallServerInterceptor$CountingSink.write(CallServerInterceptor.java:149)
at okio.RealBufferedSink.emitCompleteSegments(RealBufferedSink.java:179)
at okio.RealBufferedSink.write(RealBufferedSink.java:92)
at okhttp3.RequestBody$2.writeTo(RequestBody.java:98)
at okhttp3.internal.http.CallServerInterceptor.intercept(CallServerInterceptor.java:72)
at okhttp3.internal.http.RealInterceptorChain.proceed(RealInterceptorChain.java:147)
at okhttp3.internal.http.RealInterceptorChain.proceed(RealInterceptorChain.java:121)
at org.openqa.selenium.remote.internal.OkHttpClient$Factory$1.lambda$createClient$1(OkHttpClient.java:152)
at okhttp3.internal.http.RealInterceptorChain.proceed(RealInterceptorChain.java:147)
at okhttp3.internal.connection.ConnectInterceptor.intercept(ConnectInterceptor.java:45)
at okhttp3.internal.http.RealInterceptorChain.proceed(RealInterceptorChain.java:147)
at okhttp3.internal.http.RealInterceptorChain.proceed(RealInterceptorChain.java:121)
at okhttp3.internal.cache.CacheInterceptor.intercept(CacheInterceptor.java:93)
at okhttp3.internal.http.RealInterceptorChain.proceed(RealInterceptorChain.java:147)
at okhttp3.internal.http.RealInterceptorChain.proceed(RealInterceptorChain.java:121)
at okhttp3.internal.http.BridgeInterceptor.intercept(BridgeInterceptor.java:93)
at okhttp3.internal.http.RealInterceptorChain.proceed(RealInterceptorChain.java:147)
at okhttp3.internal.http.RetryAndFollowUpInterceptor.intercept(RetryAndFollowUpInterceptor.java:126)
at okhttp3.internal.http.RealInterceptorChain.proceed(RealInterceptorChain.java:147)
at okhttp3.internal.http.RealInterceptorChain.proceed(RealInterceptorChain.java:121)
at okhttp3.RealCall.getResponseWithInterceptorChain(RealCall.java:200)
at okhttp3.RealCall.execute(RealCall.java:77)
at org.openqa.selenium.remote.internal.OkHttpClient.execute(OkHttpClient.java:103)
at org.openqa.selenium.remote.HttpCommandExecutor.execute(HttpCommandExecutor.java:155)
at org.openqa.selenium.remote.RemoteWebDriver.execute(RemoteWebDriver.java:552)
... 27 more
... Removed 15 stack frames]]>
    </failure>
  </testcase> <!-- TC002_MoneyrequestHavingNoapprover -->
  <testcase classname="testCases.MoneyRequest.MoneyRequestCreateOUP" name="TC006_CreateMoneyrequestWithBill" time="180.135">
    <failure type="org.openqa.selenium.remote.UnreachableBrowserException" message="Error communicating with the remote browser. It may have died.
Build info: version: &amp;apos;3.141.59&amp;apos;, revision: &amp;apos;e82be7d358&amp;apos;, time: &amp;apos;2018-11-14T08:17:03&amp;apos;
System info: host: &amp;apos;Ramesh-P-Air&amp;apos;, ip: &amp;apos;2409:4070:2e1c:ee56:983f:2bf9:3b28:f61e%en0&amp;apos;, os.name: &amp;apos;Mac OS X&amp;apos;, os.arch: &amp;apos;x86_64&amp;apos;, os.version: &amp;apos;10.14.6&amp;apos;, java.version: &amp;apos;14.0.1&amp;apos;
Driver info: driver.version: RemoteWebDriver
Capabilities {acceptInsecureCerts: true, browserName: firefox, browserVersion: 90.0.2, javascriptEnabled: true, moz:accessibilityChecks: false, moz:buildID: 20210721174149, moz:geckodriverVersion: 0.29.0, moz:headless: false, moz:processID: 49226, moz:profile: /var/folders/vl/0xfr13zn0nz..., moz:shutdownTimeout: 60000, moz:useNonSpecCompliantPointerOrigin: false, moz:webdriverClick: true, pageLoadStrategy: normal, platform: MAC, platformName: MAC, platformVersion: 20.5.0, proxy: Proxy(), setWindowRect: true, strictFileInteractability: false, timeouts: {implicit: 0, pageLoad: 300000, script: 30000}, unhandledPromptBehavior: dismiss and notify, webdriver.remote.sessionid: a02921bb-a6d3-2246-bd4e-51c...}
Session ID: a02921bb-a6d3-2246-bd4e-51cf4b97751a">
      <![CDATA[org.openqa.selenium.remote.UnreachableBrowserException: Error communicating with the remote browser. It may have died.
Build info: version: '3.141.59', revision: 'e82be7d358', time: '2018-11-14T08:17:03'
System info: host: 'Ramesh-P-Air', ip: '2409:4070:2e1c:ee56:983f:2bf9:3b28:f61e%en0', os.name: 'Mac OS X', os.arch: 'x86_64', os.version: '10.14.6', java.version: '14.0.1'
Driver info: driver.version: RemoteWebDriver
Capabilities {acceptInsecureCerts: true, browserName: firefox, browserVersion: 90.0.2, javascriptEnabled: true, moz:accessibilityChecks: false, moz:buildID: 20210721174149, moz:geckodriverVersion: 0.29.0, moz:headless: false, moz:processID: 49226, moz:profile: /var/folders/vl/0xfr13zn0nz..., moz:shutdownTimeout: 60000, moz:useNonSpecCompliantPointerOrigin: false, moz:webdriverClick: true, pageLoadStrategy: normal, platform: MAC, platformName: MAC, platformVersion: 20.5.0, proxy: Proxy(), setWindowRect: true, strictFileInteractability: false, timeouts: {implicit: 0, pageLoad: 300000, script: 30000}, unhandledPromptBehavior: dismiss and notify, webdriver.remote.sessionid: a02921bb-a6d3-2246-bd4e-51c...}
Session ID: a02921bb-a6d3-2246-bd4e-51cf4b97751a
at org.openqa.selenium.remote.RemoteWebDriver.execute(RemoteWebDriver.java:573)
at org.openqa.selenium.remote.RemoteWebElement.execute(RemoteWebElement.java:285)
at org.openqa.selenium.remote.RemoteWebElement.upload(RemoteWebElement.java:116)
at org.openqa.selenium.remote.RemoteWebElement.sendKeys(RemoteWebElement.java:102)
at org.openqa.selenium.support.pagefactory.internal.LocatingElementHandler.invoke(LocatingElementHandler.java:51)
at com.sun.proxy.$Proxy31.sendKeys(Unknown Source)
at pageobjects.EmployeeViews.LoadRequestsPage.imageUploadAndAssert(LoadRequestsPage.java:448)
at pageobjects.EmployeeViews.LoadRequestsPage.createMoneyrequestcommon_OUP(LoadRequestsPage.java:848)
at testCases.MoneyRequest.MoneyRequestCreateOUP.TC006_CreateMoneyrequestWithBill(MoneyRequestCreateOUP.java:210)
at java.base/java.util.concurrent.ThreadPoolExecutor.runWorker(ThreadPoolExecutor.java:1130)
at java.base/java.util.concurrent.ThreadPoolExecutor$Worker.run(ThreadPoolExecutor.java:630)
at java.base/java.lang.Thread.run(Thread.java:832)
Caused by: java.net.SocketTimeoutException: timeout
at okhttp3.internal.http2.Http2Stream$StreamTimeout.newTimeoutException(Http2Stream.java:616)
at okhttp3.internal.http2.Http2Stream$StreamTimeout.exitAndThrowIfTimedOut(Http2Stream.java:624)
at okhttp3.internal.http2.Http2Stream$FramingSink.emitFrame(Http2Stream.java:532)
at okhttp3.internal.http2.Http2Stream$FramingSink.write(Http2Stream.java:503)
at okio.ForwardingSink.write(ForwardingSink.java:35)
at okhttp3.internal.http.CallServerInterceptor$CountingSink.write(CallServerInterceptor.java:149)
at okio.RealBufferedSink.emitCompleteSegments(RealBufferedSink.java:179)
at okio.RealBufferedSink.write(RealBufferedSink.java:92)
at okhttp3.RequestBody$2.writeTo(RequestBody.java:98)
at okhttp3.internal.http.CallServerInterceptor.intercept(CallServerInterceptor.java:72)
at okhttp3.internal.http.RealInterceptorChain.proceed(RealInterceptorChain.java:147)
at okhttp3.internal.http.RealInterceptorChain.proceed(RealInterceptorChain.java:121)
at org.openqa.selenium.remote.internal.OkHttpClient$Factory$1.lambda$createClient$1(OkHttpClient.java:152)
at okhttp3.internal.http.RealInterceptorChain.proceed(RealInterceptorChain.java:147)
at okhttp3.internal.connection.ConnectInterceptor.intercept(ConnectInterceptor.java:45)
at okhttp3.internal.http.RealInterceptorChain.proceed(RealInterceptorChain.java:147)
at okhttp3.internal.http.RealInterceptorChain.proceed(RealInterceptorChain.java:121)
at okhttp3.internal.cache.CacheInterceptor.intercept(CacheInterceptor.java:93)
at okhttp3.internal.http.RealInterceptorChain.proceed(RealInterceptorChain.java:147)
at okhttp3.internal.http.RealInterceptorChain.proceed(RealInterceptorChain.java:121)
at okhttp3.internal.http.BridgeInterceptor.intercept(BridgeInterceptor.java:93)
at okhttp3.internal.http.RealInterceptorChain.proceed(RealInterceptorChain.java:147)
at okhttp3.internal.http.RetryAndFollowUpInterceptor.intercept(RetryAndFollowUpInterceptor.java:126)
at okhttp3.internal.http.RealInterceptorChain.proceed(RealInterceptorChain.java:147)
at okhttp3.internal.http.RealInterceptorChain.proceed(RealInterceptorChain.java:121)
at okhttp3.RealCall.getResponseWithInterceptorChain(RealCall.java:200)
at okhttp3.RealCall.execute(RealCall.java:77)
at org.openqa.selenium.remote.internal.OkHttpClient.execute(OkHttpClient.java:103)
at org.openqa.selenium.remote.HttpCommandExecutor.execute(HttpCommandExecutor.java:155)
at org.openqa.selenium.remote.RemoteWebDriver.execute(RemoteWebDriver.java:552)
... 26 more
... Removed 15 stack frames]]>
    </failure>
  </testcase> <!-- TC006_CreateMoneyrequestWithBill -->
  <testcase classname="testCases.MoneyRequest.MoneyRequestCreateOUP" name="TC001_MoneyrequestWithoutMandatoryfields" time="200.946">
    <failure type="org.openqa.selenium.remote.UnreachableBrowserException" message="Error communicating with the remote browser. It may have died.
Build info: version: &amp;apos;3.141.59&amp;apos;, revision: &amp;apos;e82be7d358&amp;apos;, time: &amp;apos;2018-11-14T08:17:03&amp;apos;
System info: host: &amp;apos;Ramesh-P-Air&amp;apos;, ip: &amp;apos;2409:4070:2e1c:ee56:983f:2bf9:3b28:f61e%en0&amp;apos;, os.name: &amp;apos;Mac OS X&amp;apos;, os.arch: &amp;apos;x86_64&amp;apos;, os.version: &amp;apos;10.14.6&amp;apos;, java.version: &amp;apos;14.0.1&amp;apos;
Driver info: driver.version: RemoteWebDriver
Capabilities {acceptInsecureCerts: true, browserName: firefox, browserVersion: 90.0.2, javascriptEnabled: true, moz:accessibilityChecks: false, moz:buildID: 20210721174149, moz:geckodriverVersion: 0.29.0, moz:headless: false, moz:processID: 76623, moz:profile: /var/folders/4y/ddmftd0135j..., moz:shutdownTimeout: 60000, moz:useNonSpecCompliantPointerOrigin: false, moz:webdriverClick: true, pageLoadStrategy: normal, platform: MAC, platformName: MAC, platformVersion: 20.5.0, proxy: Proxy(), setWindowRect: true, strictFileInteractability: false, timeouts: {implicit: 0, pageLoad: 300000, script: 30000}, unhandledPromptBehavior: dismiss and notify, webdriver.remote.sessionid: 5d2eacf4-a768-1144-be57-73c...}
Session ID: 5d2eacf4-a768-1144-be57-73c009b086ca">
      <![CDATA[org.openqa.selenium.remote.UnreachableBrowserException: Error communicating with the remote browser. It may have died.
Build info: version: '3.141.59', revision: 'e82be7d358', time: '2018-11-14T08:17:03'
System info: host: 'Ramesh-P-Air', ip: '2409:4070:2e1c:ee56:983f:2bf9:3b28:f61e%en0', os.name: 'Mac OS X', os.arch: 'x86_64', os.version: '10.14.6', java.version: '14.0.1'
Driver info: driver.version: RemoteWebDriver
Capabilities {acceptInsecureCerts: true, browserName: firefox, browserVersion: 90.0.2, javascriptEnabled: true, moz:accessibilityChecks: false, moz:buildID: 20210721174149, moz:geckodriverVersion: 0.29.0, moz:headless: false, moz:processID: 76623, moz:profile: /var/folders/4y/ddmftd0135j..., moz:shutdownTimeout: 60000, moz:useNonSpecCompliantPointerOrigin: false, moz:webdriverClick: true, pageLoadStrategy: normal, platform: MAC, platformName: MAC, platformVersion: 20.5.0, proxy: Proxy(), setWindowRect: true, strictFileInteractability: false, timeouts: {implicit: 0, pageLoad: 300000, script: 30000}, unhandledPromptBehavior: dismiss and notify, webdriver.remote.sessionid: 5d2eacf4-a768-1144-be57-73c...}
Session ID: 5d2eacf4-a768-1144-be57-73c009b086ca
at org.openqa.selenium.remote.RemoteWebDriver.execute(RemoteWebDriver.java:573)
at org.openqa.selenium.remote.RemoteWebElement.execute(RemoteWebElement.java:285)
at org.openqa.selenium.remote.RemoteWebElement.upload(RemoteWebElement.java:116)
at org.openqa.selenium.remote.RemoteWebElement.sendKeys(RemoteWebElement.java:102)
at org.openqa.selenium.support.pagefactory.internal.LocatingElementHandler.invoke(LocatingElementHandler.java:51)
at com.sun.proxy.$Proxy31.sendKeys(Unknown Source)
at pageobjects.EmployeeViews.LoadRequestsPage.imageUploadAndAssert(LoadRequestsPage.java:448)
at testCases.MoneyRequest.MoneyRequestCreateOUP.TC001_MoneyrequestWithoutMandatoryfields(MoneyRequestCreateOUP.java:50)
at java.base/java.util.concurrent.ThreadPoolExecutor.runWorker(ThreadPoolExecutor.java:1130)
at java.base/java.util.concurrent.ThreadPoolExecutor$Worker.run(ThreadPoolExecutor.java:630)
at java.base/java.lang.Thread.run(Thread.java:832)
Caused by: java.net.SocketTimeoutException: timeout
at okhttp3.internal.http2.Http2Stream$StreamTimeout.newTimeoutException(Http2Stream.java:616)
at okhttp3.internal.http2.Http2Stream$StreamTimeout.exitAndThrowIfTimedOut(Http2Stream.java:624)
at okhttp3.internal.http2.Http2Stream$FramingSink.emitFrame(Http2Stream.java:532)
at okhttp3.internal.http2.Http2Stream$FramingSink.write(Http2Stream.java:503)
at okio.ForwardingSink.write(ForwardingSink.java:35)
at okhttp3.internal.http.CallServerInterceptor$CountingSink.write(CallServerInterceptor.java:149)
at okio.RealBufferedSink.emitCompleteSegments(RealBufferedSink.java:179)
at okio.RealBufferedSink.write(RealBufferedSink.java:92)
at okhttp3.RequestBody$2.writeTo(RequestBody.java:98)
at okhttp3.internal.http.CallServerInterceptor.intercept(CallServerInterceptor.java:72)
at okhttp3.internal.http.RealInterceptorChain.proceed(RealInterceptorChain.java:147)
at okhttp3.internal.http.RealInterceptorChain.proceed(RealInterceptorChain.java:121)
at org.openqa.selenium.remote.internal.OkHttpClient$Factory$1.lambda$createClient$1(OkHttpClient.java:152)
at okhttp3.internal.http.RealInterceptorChain.proceed(RealInterceptorChain.java:147)
at okhttp3.internal.connection.ConnectInterceptor.intercept(ConnectInterceptor.java:45)
at okhttp3.internal.http.RealInterceptorChain.proceed(RealInterceptorChain.java:147)
at okhttp3.internal.http.RealInterceptorChain.proceed(RealInterceptorChain.java:121)
at okhttp3.internal.cache.CacheInterceptor.intercept(CacheInterceptor.java:93)
at okhttp3.internal.http.RealInterceptorChain.proceed(RealInterceptorChain.java:147)
at okhttp3.internal.http.RealInterceptorChain.proceed(RealInterceptorChain.java:121)
at okhttp3.internal.http.BridgeInterceptor.intercept(BridgeInterceptor.java:93)
at okhttp3.internal.http.RealInterceptorChain.proceed(RealInterceptorChain.java:147)
at okhttp3.internal.http.RetryAndFollowUpInterceptor.intercept(RetryAndFollowUpInterceptor.java:126)
at okhttp3.internal.http.RealInterceptorChain.proceed(RealInterceptorChain.java:147)
at okhttp3.internal.http.RealInterceptorChain.proceed(RealInterceptorChain.java:121)
at okhttp3.RealCall.getResponseWithInterceptorChain(RealCall.java:200)
at okhttp3.RealCall.execute(RealCall.java:77)
at org.openqa.selenium.remote.internal.OkHttpClient.execute(OkHttpClient.java:103)
at org.openqa.selenium.remote.HttpCommandExecutor.execute(HttpCommandExecutor.java:155)
at org.openqa.selenium.remote.RemoteWebDriver.execute(RemoteWebDriver.java:552)
... 25 more
... Removed 15 stack frames]]>
    </failure>
  </testcase> <!-- TC001_MoneyrequestWithoutMandatoryfields -->
  <testcase classname="testCases.MoneyRequest.MoneyRequestCreateOUP" name="TC003_CreateMoneyrequestAndCaptureMrID" time="177.597">
    <failure type="org.openqa.selenium.remote.UnreachableBrowserException" message="Error communicating with the remote browser. It may have died.
Build info: version: &amp;apos;3.141.59&amp;apos;, revision: &amp;apos;e82be7d358&amp;apos;, time: &amp;apos;2018-11-14T08:17:03&amp;apos;
System info: host: &amp;apos;Ramesh-P-Air&amp;apos;, ip: &amp;apos;2409:4070:2e1c:ee56:983f:2bf9:3b28:f61e%en0&amp;apos;, os.name: &amp;apos;Mac OS X&amp;apos;, os.arch: &amp;apos;x86_64&amp;apos;, os.version: &amp;apos;10.14.6&amp;apos;, java.version: &amp;apos;14.0.1&amp;apos;
Driver info: driver.version: RemoteWebDriver
Capabilities {acceptInsecureCerts: true, browserName: firefox, browserVersion: 90.0.2, javascriptEnabled: true, moz:accessibilityChecks: false, moz:buildID: 20210721174149, moz:geckodriverVersion: 0.29.0, moz:headless: false, moz:processID: 41002, moz:profile: /var/folders/s0/h2xfsvn150n..., moz:shutdownTimeout: 60000, moz:useNonSpecCompliantPointerOrigin: false, moz:webdriverClick: true, pageLoadStrategy: normal, platform: MAC, platformName: MAC, platformVersion: 20.4.0, proxy: Proxy(), setWindowRect: true, strictFileInteractability: false, timeouts: {implicit: 0, pageLoad: 300000, script: 30000}, unhandledPromptBehavior: dismiss and notify, webdriver.remote.sessionid: 50ca787c-3e5d-5d40-ab00-04f...}
Session ID: 50ca787c-3e5d-5d40-ab00-04f5f658c13e">
      <![CDATA[org.openqa.selenium.remote.UnreachableBrowserException: Error communicating with the remote browser. It may have died.
Build info: version: '3.141.59', revision: 'e82be7d358', time: '2018-11-14T08:17:03'
System info: host: 'Ramesh-P-Air', ip: '2409:4070:2e1c:ee56:983f:2bf9:3b28:f61e%en0', os.name: 'Mac OS X', os.arch: 'x86_64', os.version: '10.14.6', java.version: '14.0.1'
Driver info: driver.version: RemoteWebDriver
Capabilities {acceptInsecureCerts: true, browserName: firefox, browserVersion: 90.0.2, javascriptEnabled: true, moz:accessibilityChecks: false, moz:buildID: 20210721174149, moz:geckodriverVersion: 0.29.0, moz:headless: false, moz:processID: 41002, moz:profile: /var/folders/s0/h2xfsvn150n..., moz:shutdownTimeout: 60000, moz:useNonSpecCompliantPointerOrigin: false, moz:webdriverClick: true, pageLoadStrategy: normal, platform: MAC, platformName: MAC, platformVersion: 20.4.0, proxy: Proxy(), setWindowRect: true, strictFileInteractability: false, timeouts: {implicit: 0, pageLoad: 300000, script: 30000}, unhandledPromptBehavior: dismiss and notify, webdriver.remote.sessionid: 50ca787c-3e5d-5d40-ab00-04f...}
Session ID: 50ca787c-3e5d-5d40-ab00-04f5f658c13e
at org.openqa.selenium.remote.RemoteWebDriver.execute(RemoteWebDriver.java:573)
at org.openqa.selenium.remote.RemoteWebElement.execute(RemoteWebElement.java:285)
at org.openqa.selenium.remote.RemoteWebElement.upload(RemoteWebElement.java:116)
at org.openqa.selenium.remote.RemoteWebElement.sendKeys(RemoteWebElement.java:102)
at org.openqa.selenium.support.pagefactory.internal.LocatingElementHandler.invoke(LocatingElementHandler.java:51)
at com.sun.proxy.$Proxy31.sendKeys(Unknown Source)
at pageobjects.EmployeeViews.LoadRequestsPage.imageUploadAndAssert(LoadRequestsPage.java:448)
at pageobjects.EmployeeViews.LoadRequestsPage.createMoneyrequestcommon_OUP(LoadRequestsPage.java:848)
at pageobjects.EmployeeViews.LoadRequestsPage.createMoneyrequest_OUP(LoadRequestsPage.java:915)
at testCases.MoneyRequest.MoneyRequestCreateOUP.TC003_CreateMoneyrequestAndCaptureMrID(MoneyRequestCreateOUP.java:101)
at java.base/java.util.concurrent.ThreadPoolExecutor.runWorker(ThreadPoolExecutor.java:1130)
at java.base/java.util.concurrent.ThreadPoolExecutor$Worker.run(ThreadPoolExecutor.java:630)
at java.base/java.lang.Thread.run(Thread.java:832)
Caused by: java.net.SocketTimeoutException: timeout
at okhttp3.internal.http2.Http2Stream$StreamTimeout.newTimeoutException(Http2Stream.java:616)
at okhttp3.internal.http2.Http2Stream$StreamTimeout.exitAndThrowIfTimedOut(Http2Stream.java:624)
at okhttp3.internal.http2.Http2Stream$FramingSink.emitFrame(Http2Stream.java:532)
at okhttp3.internal.http2.Http2Stream$FramingSink.write(Http2Stream.java:503)
at okio.ForwardingSink.write(ForwardingSink.java:35)
at okhttp3.internal.http.CallServerInterceptor$CountingSink.write(CallServerInterceptor.java:149)
at okio.RealBufferedSink.emitCompleteSegments(RealBufferedSink.java:179)
at okio.RealBufferedSink.write(RealBufferedSink.java:92)
at okhttp3.RequestBody$2.writeTo(RequestBody.java:98)
at okhttp3.internal.http.CallServerInterceptor.intercept(CallServerInterceptor.java:72)
at okhttp3.internal.http.RealInterceptorChain.proceed(RealInterceptorChain.java:147)
at okhttp3.internal.http.RealInterceptorChain.proceed(RealInterceptorChain.java:121)
at org.openqa.selenium.remote.internal.OkHttpClient$Factory$1.lambda$createClient$1(OkHttpClient.java:152)
at okhttp3.internal.http.RealInterceptorChain.proceed(RealInterceptorChain.java:147)
at okhttp3.internal.connection.ConnectInterceptor.intercept(ConnectInterceptor.java:45)
at okhttp3.internal.http.RealInterceptorChain.proceed(RealInterceptorChain.java:147)
at okhttp3.internal.http.RealInterceptorChain.proceed(RealInterceptorChain.java:121)
at okhttp3.internal.cache.CacheInterceptor.intercept(CacheInterceptor.java:93)
at okhttp3.internal.http.RealInterceptorChain.proceed(RealInterceptorChain.java:147)
at okhttp3.internal.http.RealInterceptorChain.proceed(RealInterceptorChain.java:121)
at okhttp3.internal.http.BridgeInterceptor.intercept(BridgeInterceptor.java:93)
at okhttp3.internal.http.RealInterceptorChain.proceed(RealInterceptorChain.java:147)
at okhttp3.internal.http.RetryAndFollowUpInterceptor.intercept(RetryAndFollowUpInterceptor.java:126)
at okhttp3.internal.http.RealInterceptorChain.proceed(RealInterceptorChain.java:147)
at okhttp3.internal.http.RealInterceptorChain.proceed(RealInterceptorChain.java:121)
at okhttp3.RealCall.getResponseWithInterceptorChain(RealCall.java:200)
at okhttp3.RealCall.execute(RealCall.java:77)
at org.openqa.selenium.remote.internal.OkHttpClient.execute(OkHttpClient.java:103)
at org.openqa.selenium.remote.HttpCommandExecutor.execute(HttpCommandExecutor.java:155)
at org.openqa.selenium.remote.RemoteWebDriver.execute(RemoteWebDriver.java:552)
... 27 more
... Removed 15 stack frames]]>
    </failure>
  </testcase> <!-- TC003_CreateMoneyrequestAndCaptureMrID -->
  <testcase classname="testCases.MoneyRequest.MoneyRequestCreateOUP" name="TC007_PartApproveMoneyrequest" time="511.971">
    <skipped/>
  </testcase> <!-- TC007_PartApproveMoneyrequest -->
  <testcase classname="testCases.MoneyRequest.MoneyRequestCreateOUP" name="TC009_MoneyrequestFromHome" time="191.041">
    <skipped/>
  </testcase> <!-- TC009_MoneyrequestFromHome -->
  <testcase classname="testCases.MoneyRequest.MoneyRequestCreateOUP" name="TC011_MoneyrequestFromHome" time="182.273"/>
  <testcase classname="testCases.MoneyRequest.MoneyRequestCreateOUP" name="TC008_PartVerifyMoneyrequest" time="349.98"/>
  <testcase classname="testCases.MoneyRequest.MoneyRequestCreateOUP" name="TC009_MoneyrequestFromHome" time="143.077"/>
  <testcase classname="testCases.MoneyRequest.MoneyRequestCreateOUP" name="TC007_PartApproveMoneyrequest" time="417.636">
    <failure type="org.openqa.selenium.NoSuchElementException" message="Unable to locate element: //div[@class=&amp;apos;audit-trail-status-name&amp;apos; and text()=&amp;apos;Approved&amp;apos;]
For documentation on this error, please visit: https://www.seleniumhq.org/exceptions/no_such_element.html
Build info: version: &amp;apos;3.141.59&amp;apos;, revision: &amp;apos;e82be7d358&amp;apos;, time: &amp;apos;2018-11-14T08:17:03&amp;apos;
System info: host: &amp;apos;Ramesh-P-Air&amp;apos;, ip: &amp;apos;2409:4070:2e1c:ee56:983f:2bf9:3b28:f61e%en0&amp;apos;, os.name: &amp;apos;Mac OS X&amp;apos;, os.arch: &amp;apos;x86_64&amp;apos;, os.version: &amp;apos;10.14.6&amp;apos;, java.version: &amp;apos;14.0.1&amp;apos;
Driver info: org.openqa.selenium.remote.RemoteWebDriver
Capabilities {acceptInsecureCerts: true, browserName: firefox, browserVersion: 90.0.2, javascriptEnabled: true, moz:accessibilityChecks: false, moz:buildID: 20210721174149, moz:geckodriverVersion: 0.29.0, moz:headless: false, moz:processID: 49559, moz:profile: /var/folders/vl/0xfr13zn0nz..., moz:shutdownTimeout: 60000, moz:useNonSpecCompliantPointerOrigin: false, moz:webdriverClick: true, pageLoadStrategy: normal, platform: MAC, platformName: MAC, platformVersion: 20.5.0, proxy: Proxy(), setWindowRect: true, strictFileInteractability: false, timeouts: {implicit: 0, pageLoad: 300000, script: 30000}, unhandledPromptBehavior: dismiss and notify, webdriver.remote.sessionid: 1c00d2ac-49a9-4348-8c5b-085...}
Session ID: 1c00d2ac-49a9-4348-8c5b-0854b18c3fd6
*** Element info: {Using=xpath, value=//div[@class=&amp;apos;audit-trail-status-name&amp;apos; and text()=&amp;apos;Approved&amp;apos;]}">
      <![CDATA[org.openqa.selenium.NoSuchElementException: Unable to locate element: //div[@class='audit-trail-status-name' and text()='Approved']
For documentation on this error, please visit: https://www.seleniumhq.org/exceptions/no_such_element.html
Build info: version: '3.141.59', revision: 'e82be7d358', time: '2018-11-14T08:17:03'
System info: host: 'Ramesh-P-Air', ip: '2409:4070:2e1c:ee56:983f:2bf9:3b28:f61e%en0', os.name: 'Mac OS X', os.arch: 'x86_64', os.version: '10.14.6', java.version: '14.0.1'
Driver info: org.openqa.selenium.remote.RemoteWebDriver
Capabilities {acceptInsecureCerts: true, browserName: firefox, browserVersion: 90.0.2, javascriptEnabled: true, moz:accessibilityChecks: false, moz:buildID: 20210721174149, moz:geckodriverVersion: 0.29.0, moz:headless: false, moz:processID: 49559, moz:profile: /var/folders/vl/0xfr13zn0nz..., moz:shutdownTimeout: 60000, moz:useNonSpecCompliantPointerOrigin: false, moz:webdriverClick: true, pageLoadStrategy: normal, platform: MAC, platformName: MAC, platformVersion: 20.5.0, proxy: Proxy(), setWindowRect: true, strictFileInteractability: false, timeouts: {implicit: 0, pageLoad: 300000, script: 30000}, unhandledPromptBehavior: dismiss and notify, webdriver.remote.sessionid: 1c00d2ac-49a9-4348-8c5b-085...}
Session ID: 1c00d2ac-49a9-4348-8c5b-0854b18c3fd6
*** Element info: {Using=xpath, value=//div[@class='audit-trail-status-name' and text()='Approved']}
at org.openqa.selenium.remote.http.W3CHttpResponseCodec.createException(W3CHttpResponseCodec.java:187)
at org.openqa.selenium.remote.http.W3CHttpResponseCodec.decode(W3CHttpResponseCodec.java:122)
at org.openqa.selenium.remote.http.W3CHttpResponseCodec.decode(W3CHttpResponseCodec.java:49)
at org.openqa.selenium.remote.HttpCommandExecutor.execute(HttpCommandExecutor.java:158)
at org.openqa.selenium.remote.RemoteWebDriver.execute(RemoteWebDriver.java:552)
at org.openqa.selenium.remote.RemoteWebDriver.findElement(RemoteWebDriver.java:323)
at org.openqa.selenium.remote.RemoteWebDriver.findElementByXPath(RemoteWebDriver.java:428)
at org.openqa.selenium.By$ByXPath.findElement(By.java:353)
at org.openqa.selenium.remote.RemoteWebDriver.findElement(RemoteWebDriver.java:315)
at org.openqa.selenium.support.pagefactory.DefaultElementLocator.findElement(DefaultElementLocator.java:69)
at org.openqa.selenium.support.pagefactory.internal.LocatingElementHandler.invoke(LocatingElementHandler.java:38)
at com.sun.proxy.$Proxy31.getText(Unknown Source)
at pageobjects.EmployeeViews.LoadRequestsPage.Verfiyactionstate_manager(LoadRequestsPage.java:1346)
at testCases.MoneyRequest.MoneyRequestCreateOUP.TC007_PartApproveMoneyrequest(MoneyRequestCreateOUP.java:234)
at java.base/java.util.concurrent.ThreadPoolExecutor.runWorker(ThreadPoolExecutor.java:1130)
at java.base/java.util.concurrent.ThreadPoolExecutor$Worker.run(ThreadPoolExecutor.java:630)
at java.base/java.lang.Thread.run(Thread.java:832)
... Removed 16 stack frames]]>
    </failure>
  </testcase> <!-- TC007_PartApproveMoneyrequest -->
  <testcase classname="testCases.MoneyRequest.MoneyRequestCreateOUP" name="TC014_MRExport" time="180.584"/>
  <testcase classname="testCases.MoneyRequest.MoneyRequestCreateOUP" name="TC013_DeclineMoneyrequestFinance" time="287.146"/>
  <testcase classname="testCases.MoneyRequest.MoneyRequestCreateOUP" name="TC012_ApproveMoneyrequest" time="405.172">
    <skipped/>
  </testcase> <!-- TC012_ApproveMoneyrequest -->
  <testcase classname="testCases.MoneyRequest.MoneyRequestCreateOUP" name="TC016_MRPDFDownloadWithInvoices" time="133.226">
    <skipped/>
  </testcase> <!-- TC016_MRPDFDownloadWithInvoices -->
  <testcase classname="testCases.MoneyRequest.MoneyRequestCreateOUP" name="TC017_MRPDFDownloadWithoutInvoices" time="120.73">
    <skipped/>
  </testcase> <!-- TC017_MRPDFDownloadWithoutInvoices -->
  <testcase classname="testCases.MoneyRequest.MoneyRequestCreateOUP" name="TC010_DeclineMoneyrequestManager" time="766.33">
    <skipped/>
  </testcase> <!-- TC010_DeclineMoneyrequestManager -->
  <testcase classname="testCases.MoneyRequest.MoneyRequestCreateOUP" name="TC017_MRPDFDownloadWithoutInvoices" time="75.4">
    <failure type="org.openqa.selenium.StaleElementReferenceException" message="The element reference of &amp;lt;input id=&amp;quot;myFile&amp;quot; type=&amp;quot;file&amp;quot;&amp;gt; is stale; either the element is no longer attached to the DOM, it is not in the current frame context, or the document has been refreshed
For documentation on this error, please visit: https://www.seleniumhq.org/exceptions/stale_element_reference.html
Build info: version: &amp;apos;3.141.59&amp;apos;, revision: &amp;apos;e82be7d358&amp;apos;, time: &amp;apos;2018-11-14T08:17:03&amp;apos;
System info: host: &amp;apos;Ramesh-P-Air&amp;apos;, ip: &amp;apos;2409:4070:2e1c:ee56:983f:2bf9:3b28:f61e%en0&amp;apos;, os.name: &amp;apos;Mac OS X&amp;apos;, os.arch: &amp;apos;x86_64&amp;apos;, os.version: &amp;apos;10.14.6&amp;apos;, java.version: &amp;apos;14.0.1&amp;apos;
Driver info: org.openqa.selenium.remote.RemoteWebDriver
Capabilities {acceptInsecureCerts: true, browserName: firefox, browserVersion: 90.0.2, javascriptEnabled: true, moz:accessibilityChecks: false, moz:buildID: 20210721174149, moz:geckodriverVersion: 0.29.0, moz:headless: false, moz:processID: 78775, moz:profile: /var/folders/4y/ddmftd0135j..., moz:shutdownTimeout: 60000, moz:useNonSpecCompliantPointerOrigin: false, moz:webdriverClick: true, pageLoadStrategy: normal, platform: MAC, platformName: MAC, platformVersion: 20.5.0, proxy: Proxy(), setWindowRect: true, strictFileInteractability: false, timeouts: {implicit: 0, pageLoad: 300000, script: 30000}, unhandledPromptBehavior: dismiss and notify, webdriver.remote.sessionid: d1e44231-2c97-fc4c-bf98-a05...}
Session ID: d1e44231-2c97-fc4c-bf98-a05b044b42ce">
      <![CDATA[org.openqa.selenium.StaleElementReferenceException: The element reference of <input id="myFile" type="file"> is stale; either the element is no longer attached to the DOM, it is not in the current frame context, or the document has been refreshed
For documentation on this error, please visit: https://www.seleniumhq.org/exceptions/stale_element_reference.html
Build info: version: '3.141.59', revision: 'e82be7d358', time: '2018-11-14T08:17:03'
System info: host: 'Ramesh-P-Air', ip: '2409:4070:2e1c:ee56:983f:2bf9:3b28:f61e%en0', os.name: 'Mac OS X', os.arch: 'x86_64', os.version: '10.14.6', java.version: '14.0.1'
Driver info: org.openqa.selenium.remote.RemoteWebDriver
Capabilities {acceptInsecureCerts: true, browserName: firefox, browserVersion: 90.0.2, javascriptEnabled: true, moz:accessibilityChecks: false, moz:buildID: 20210721174149, moz:geckodriverVersion: 0.29.0, moz:headless: false, moz:processID: 78775, moz:profile: /var/folders/4y/ddmftd0135j..., moz:shutdownTimeout: 60000, moz:useNonSpecCompliantPointerOrigin: false, moz:webdriverClick: true, pageLoadStrategy: normal, platform: MAC, platformName: MAC, platformVersion: 20.5.0, proxy: Proxy(), setWindowRect: true, strictFileInteractability: false, timeouts: {implicit: 0, pageLoad: 300000, script: 30000}, unhandledPromptBehavior: dismiss and notify, webdriver.remote.sessionid: d1e44231-2c97-fc4c-bf98-a05...}
Session ID: d1e44231-2c97-fc4c-bf98-a05b044b42ce
at org.openqa.selenium.remote.http.W3CHttpResponseCodec.createException(W3CHttpResponseCodec.java:187)
at org.openqa.selenium.remote.http.W3CHttpResponseCodec.decode(W3CHttpResponseCodec.java:122)
at org.openqa.selenium.remote.http.W3CHttpResponseCodec.decode(W3CHttpResponseCodec.java:49)
at org.openqa.selenium.remote.HttpCommandExecutor.execute(HttpCommandExecutor.java:158)
at org.openqa.selenium.remote.RemoteWebDriver.execute(RemoteWebDriver.java:552)
at org.openqa.selenium.remote.RemoteWebElement.execute(RemoteWebElement.java:285)
at org.openqa.selenium.remote.RemoteWebElement.sendKeys(RemoteWebElement.java:106)
at org.openqa.selenium.support.pagefactory.internal.LocatingElementHandler.invoke(LocatingElementHandler.java:51)
at com.sun.proxy.$Proxy31.sendKeys(Unknown Source)
at pageobjects.EmployeeViews.LoadRequestsPage.uploadMaxBills(LoadRequestsPage.java:463)
at pageobjects.EmployeeViews.LoadRequestsPage.createMoneyrequestcommon_OUP(LoadRequestsPage.java:850)
at pageobjects.EmployeeViews.LoadRequestsPage.createMoneyrequest_OUP(LoadRequestsPage.java:915)
at testCases.MoneyRequest.MoneyRequestCreateOUP.TC017_MRPDFDownloadWithoutInvoices(MoneyRequestCreateOUP.java:511)
at java.base/java.util.concurrent.ThreadPoolExecutor.runWorker(ThreadPoolExecutor.java:1130)
at java.base/java.util.concurrent.ThreadPoolExecutor$Worker.run(ThreadPoolExecutor.java:630)
at java.base/java.lang.Thread.run(Thread.java:832)
... Removed 20 stack frames]]>
    </failure>
  </testcase> <!-- TC017_MRPDFDownloadWithoutInvoices -->
  <testcase classname="testCases.MoneyRequest.MoneyRequestCreateOUP" name="TC015_MRExportWorkflowComments" time="315.927"/>
  <testcase classname="testCases.MoneyRequest.MoneyRequestCreateOUP" name="TC016_MRPDFDownloadWithInvoices" time="171.357">
    <failure type="org.openqa.selenium.StaleElementReferenceException" message="The element reference of &amp;lt;input id=&amp;quot;myFile&amp;quot; type=&amp;quot;file&amp;quot;&amp;gt; is stale; either the element is no longer attached to the DOM, it is not in the current frame context, or the document has been refreshed
For documentation on this error, please visit: https://www.seleniumhq.org/exceptions/stale_element_reference.html
Build info: version: &amp;apos;3.141.59&amp;apos;, revision: &amp;apos;e82be7d358&amp;apos;, time: &amp;apos;2018-11-14T08:17:03&amp;apos;
System info: host: &amp;apos;Ramesh-P-Air&amp;apos;, ip: &amp;apos;2409:4070:2e1c:ee56:983f:2bf9:3b28:f61e%en0&amp;apos;, os.name: &amp;apos;Mac OS X&amp;apos;, os.arch: &amp;apos;x86_64&amp;apos;, os.version: &amp;apos;10.14.6&amp;apos;, java.version: &amp;apos;14.0.1&amp;apos;
Driver info: org.openqa.selenium.remote.RemoteWebDriver
Capabilities {acceptInsecureCerts: true, browserName: firefox, browserVersion: 90.0.2, javascriptEnabled: true, moz:accessibilityChecks: false, moz:buildID: 20210721174149, moz:geckodriverVersion: 0.29.0, moz:headless: false, moz:processID: 89758, moz:profile: /var/folders/pl/pp82696s3zs..., moz:shutdownTimeout: 60000, moz:useNonSpecCompliantPointerOrigin: false, moz:webdriverClick: true, pageLoadStrategy: normal, platform: MAC, platformName: MAC, platformVersion: 20.5.0, proxy: Proxy(), setWindowRect: true, strictFileInteractability: false, timeouts: {implicit: 0, pageLoad: 300000, script: 30000}, unhandledPromptBehavior: dismiss and notify, webdriver.remote.sessionid: c774c1a8-7f21-ae46-9a1e-d3b...}
Session ID: c774c1a8-7f21-ae46-9a1e-d3b0865fa8e8">
      <![CDATA[org.openqa.selenium.StaleElementReferenceException: The element reference of <input id="myFile" type="file"> is stale; either the element is no longer attached to the DOM, it is not in the current frame context, or the document has been refreshed
For documentation on this error, please visit: https://www.seleniumhq.org/exceptions/stale_element_reference.html
Build info: version: '3.141.59', revision: 'e82be7d358', time: '2018-11-14T08:17:03'
System info: host: 'Ramesh-P-Air', ip: '2409:4070:2e1c:ee56:983f:2bf9:3b28:f61e%en0', os.name: 'Mac OS X', os.arch: 'x86_64', os.version: '10.14.6', java.version: '14.0.1'
Driver info: org.openqa.selenium.remote.RemoteWebDriver
Capabilities {acceptInsecureCerts: true, browserName: firefox, browserVersion: 90.0.2, javascriptEnabled: true, moz:accessibilityChecks: false, moz:buildID: 20210721174149, moz:geckodriverVersion: 0.29.0, moz:headless: false, moz:processID: 89758, moz:profile: /var/folders/pl/pp82696s3zs..., moz:shutdownTimeout: 60000, moz:useNonSpecCompliantPointerOrigin: false, moz:webdriverClick: true, pageLoadStrategy: normal, platform: MAC, platformName: MAC, platformVersion: 20.5.0, proxy: Proxy(), setWindowRect: true, strictFileInteractability: false, timeouts: {implicit: 0, pageLoad: 300000, script: 30000}, unhandledPromptBehavior: dismiss and notify, webdriver.remote.sessionid: c774c1a8-7f21-ae46-9a1e-d3b...}
Session ID: c774c1a8-7f21-ae46-9a1e-d3b0865fa8e8
at org.openqa.selenium.remote.http.W3CHttpResponseCodec.createException(W3CHttpResponseCodec.java:187)
at org.openqa.selenium.remote.http.W3CHttpResponseCodec.decode(W3CHttpResponseCodec.java:122)
at org.openqa.selenium.remote.http.W3CHttpResponseCodec.decode(W3CHttpResponseCodec.java:49)
at org.openqa.selenium.remote.HttpCommandExecutor.execute(HttpCommandExecutor.java:158)
at org.openqa.selenium.remote.RemoteWebDriver.execute(RemoteWebDriver.java:552)
at org.openqa.selenium.remote.RemoteWebElement.execute(RemoteWebElement.java:285)
at org.openqa.selenium.remote.RemoteWebElement.sendKeys(RemoteWebElement.java:106)
at org.openqa.selenium.support.pagefactory.internal.LocatingElementHandler.invoke(LocatingElementHandler.java:51)
at com.sun.proxy.$Proxy31.sendKeys(Unknown Source)
at pageobjects.EmployeeViews.LoadRequestsPage.uploadMaxBills(LoadRequestsPage.java:463)
at pageobjects.EmployeeViews.LoadRequestsPage.createMoneyrequestcommon_OUP(LoadRequestsPage.java:850)
at pageobjects.EmployeeViews.LoadRequestsPage.createMoneyrequest_OUP(LoadRequestsPage.java:915)
at testCases.MoneyRequest.MoneyRequestCreateOUP.TC016_MRPDFDownloadWithInvoices(MoneyRequestCreateOUP.java:486)
at java.base/java.util.concurrent.ThreadPoolExecutor.runWorker(ThreadPoolExecutor.java:1130)
at java.base/java.util.concurrent.ThreadPoolExecutor$Worker.run(ThreadPoolExecutor.java:630)
at java.base/java.lang.Thread.run(Thread.java:832)
... Removed 20 stack frames]]>
    </failure>
  </testcase> <!-- TC016_MRPDFDownloadWithInvoices -->
  <testcase classname="testCases.MoneyRequest.MoneyRequestCreateOUP" name="TC018_MRPDFDownloadWithInvoicesByManager" time="179.908"/>
  <testcase classname="testCases.MoneyRequest.MoneyRequestCreateOUP" name="TC019_MRPDFDownloadWithoutInvoicesByManager" time="175.097"/>
  <testcase classname="testCases.MoneyRequest.MoneyRequestCreateOUP" name="TC022_ResubmitMRDeclinedByFinance" time="0.0">
    <skipped/>
  </testcase> <!-- TC022_ResubmitMRDeclinedByFinance -->
  <testcase classname="testCases.MoneyRequest.MoneyRequestCreateOUP" name="TC023_recallbuttonCheckForVerifiedMR" time="0.0">
    <skipped/>
  </testcase> <!-- TC023_recallbuttonCheckForVerifiedMR -->
  <testcase classname="testCases.MoneyRequest.MoneyRequestCreateOUP" name="TC024_resubmitRecalledMR" time="0.0">
    <skipped/>
  </testcase> <!-- TC024_resubmitRecalledMR -->
  <testcase classname="testCases.MoneyRequest.MoneyRequestCreateOUP" name="TC025_recallAndResubmitApproveddMR" time="0.0">
    <skipped/>
  </testcase> <!-- TC025_recallAndResubmitApproveddMR -->
  <testcase classname="testCases.MoneyRequest.MoneyRequestCreateOUP" name="TC026_requestedAmountEditByFinance" time="0.0">
    <skipped/>
  </testcase> <!-- TC026_requestedAmountEditByFinance -->
  <testcase classname="testCases.MoneyRequest.MoneyRequestCreateOUP" name="TC020_MRPDFDownloadVisibilityCheckByManager" time="368.157"/>
  <testcase classname="testCases.Expense.CreateExpenseTestOUP" name="TC001_Expense_CreateExpenseMissingAmountFields" time="187.064"/>
  <testcase classname="testCases.MoneyRequest.MoneyRequestCreateOUP" name="TC012_ApproveMoneyrequest" time="708.912">
    <failure type="org.openqa.selenium.NoSuchElementException" message="Unable to locate element: (//input[@type=&amp;apos;text&amp;apos; and @class=&amp;apos; searchFilterTextInput&amp;apos;])[1]
For documentation on this error, please visit: https://www.seleniumhq.org/exceptions/no_such_element.html
Build info: version: &amp;apos;3.141.59&amp;apos;, revision: &amp;apos;e82be7d358&amp;apos;, time: &amp;apos;2018-11-14T08:17:03&amp;apos;
System info: host: &amp;apos;Ramesh-P-Air&amp;apos;, ip: &amp;apos;2409:4070:2e1c:ee56:983f:2bf9:3b28:f61e%en0&amp;apos;, os.name: &amp;apos;Mac OS X&amp;apos;, os.arch: &amp;apos;x86_64&amp;apos;, os.version: &amp;apos;10.14.6&amp;apos;, java.version: &amp;apos;14.0.1&amp;apos;
Driver info: org.openqa.selenium.remote.RemoteWebDriver
Capabilities {acceptInsecureCerts: true, browserName: firefox, browserVersion: 90.0.2, javascriptEnabled: true, moz:accessibilityChecks: false, moz:buildID: 20210721174149, moz:geckodriverVersion: 0.29.0, moz:headless: false, moz:processID: 18062, moz:profile: /var/folders/4c/lg2hcd3x1cq..., moz:shutdownTimeout: 60000, moz:useNonSpecCompliantPointerOrigin: false, moz:webdriverClick: true, pageLoadStrategy: normal, platform: MAC, platformName: MAC, platformVersion: 20.4.0, proxy: Proxy(), setWindowRect: true, strictFileInteractability: false, timeouts: {implicit: 0, pageLoad: 300000, script: 30000}, unhandledPromptBehavior: dismiss and notify, webdriver.remote.sessionid: 88e82375-e25b-1948-a73f-ed9...}
Session ID: 88e82375-e25b-1948-a73f-ed941a889ffb
*** Element info: {Using=xpath, value=(//input[@type=&amp;apos;text&amp;apos; and @class=&amp;apos; searchFilterTextInput&amp;apos;])[1]}">
      <![CDATA[org.openqa.selenium.NoSuchElementException: Unable to locate element: (//input[@type='text' and @class=' searchFilterTextInput'])[1]
For documentation on this error, please visit: https://www.seleniumhq.org/exceptions/no_such_element.html
Build info: version: '3.141.59', revision: 'e82be7d358', time: '2018-11-14T08:17:03'
System info: host: 'Ramesh-P-Air', ip: '2409:4070:2e1c:ee56:983f:2bf9:3b28:f61e%en0', os.name: 'Mac OS X', os.arch: 'x86_64', os.version: '10.14.6', java.version: '14.0.1'
Driver info: org.openqa.selenium.remote.RemoteWebDriver
Capabilities {acceptInsecureCerts: true, browserName: firefox, browserVersion: 90.0.2, javascriptEnabled: true, moz:accessibilityChecks: false, moz:buildID: 20210721174149, moz:geckodriverVersion: 0.29.0, moz:headless: false, moz:processID: 18062, moz:profile: /var/folders/4c/lg2hcd3x1cq..., moz:shutdownTimeout: 60000, moz:useNonSpecCompliantPointerOrigin: false, moz:webdriverClick: true, pageLoadStrategy: normal, platform: MAC, platformName: MAC, platformVersion: 20.4.0, proxy: Proxy(), setWindowRect: true, strictFileInteractability: false, timeouts: {implicit: 0, pageLoad: 300000, script: 30000}, unhandledPromptBehavior: dismiss and notify, webdriver.remote.sessionid: 88e82375-e25b-1948-a73f-ed9...}
Session ID: 88e82375-e25b-1948-a73f-ed941a889ffb
*** Element info: {Using=xpath, value=(//input[@type='text' and @class=' searchFilterTextInput'])[1]}
at org.openqa.selenium.remote.http.W3CHttpResponseCodec.createException(W3CHttpResponseCodec.java:187)
at org.openqa.selenium.remote.http.W3CHttpResponseCodec.decode(W3CHttpResponseCodec.java:122)
at org.openqa.selenium.remote.http.W3CHttpResponseCodec.decode(W3CHttpResponseCodec.java:49)
at org.openqa.selenium.remote.HttpCommandExecutor.execute(HttpCommandExecutor.java:158)
at org.openqa.selenium.remote.RemoteWebDriver.execute(RemoteWebDriver.java:552)
at org.openqa.selenium.remote.RemoteWebDriver.findElement(RemoteWebDriver.java:323)
at org.openqa.selenium.remote.RemoteWebDriver.findElementByXPath(RemoteWebDriver.java:428)
at org.openqa.selenium.By$ByXPath.findElement(By.java:353)
at org.openqa.selenium.remote.RemoteWebDriver.findElement(RemoteWebDriver.java:315)
at org.openqa.selenium.support.pagefactory.DefaultElementLocator.findElement(DefaultElementLocator.java:69)
at org.openqa.selenium.support.pagefactory.internal.LocatingElementHandler.invoke(LocatingElementHandler.java:38)
at com.sun.proxy.$Proxy31.clear(Unknown Source)
at pageobjects.EmployeeViews.LoadRequestsPage.partial_Amount(LoadRequestsPage.java:1196)
at pageobjects.EmployeeViews.LoadRequestsPage.PartialApprove_manager(LoadRequestsPage.java:1221)
at pageobjects.EmployeeViews.LoadRequestsPage.PartApprove_manager(LoadRequestsPage.java:1517)
at testCases.MoneyRequest.MoneyRequestCreateOUP.TC012_ApproveMoneyrequest(MoneyRequestCreateOUP.java:371)
at java.base/java.util.concurrent.ThreadPoolExecutor.runWorker(ThreadPoolExecutor.java:1130)
at java.base/java.util.concurrent.ThreadPoolExecutor$Worker.run(ThreadPoolExecutor.java:630)
at java.base/java.lang.Thread.run(Thread.java:832)
... Removed 16 stack frames]]>
    </failure>
  </testcase> <!-- TC012_ApproveMoneyrequest -->
  <testcase classname="testCases.Expense.MergeExpenseAutomationOrg" name="TC001_Expense_createExpenseformergeDeposit" time="225.289"/>
  <testcase classname="testCases.MoneyRequest.MoneyRequestCreateOUP" name="TC021_ResubmitMRDeclinedByManager" time="497.202"/>
  <testcase classname="testCases.Expense.CreateExpenseTestOUP" name="TC002_Expense_createExpense_Verify_pending_list" time="178.276"/>
  <testcase classname="testCases.TRF.TRF_TestcasesOUP" name="Test001_TRFCreation" time="405.975">
    <skipped/>
  </testcase> <!-- Test001_TRFCreation -->
  <testcase classname="testCases.Expense.MergeExpenseAutomationOrg" name="TC002_Expense_createExpenseformergeCab" time="260.13"/>
  <testcase classname="testCases.Expense.CreateExpenseTestOUP" name="TC003_Expense_EditExpenseWithoutSpentAt" time="0.0">
    <skipped/>
  </testcase> <!-- TC003_Expense_EditExpenseWithoutSpentAt -->
  <testcase classname="testCases.Expense.CreateExpenseTestOUP" name="TC004_Expense_EditExpenseWithoutDescription" time="0.0">
    <skipped/>
  </testcase> <!-- TC004_Expense_EditExpenseWithoutDescription -->
  <testcase classname="testCases.Expense.MergeExpenseAutomationOrg" name="TC003_Expense_AutoMergeExpenseIconinExpenseList" time="161.371">
    <skipped/>
  </testcase> <!-- TC003_Expense_AutoMergeExpenseIconinExpenseList -->
  <testcase classname="testCases.TRF.TRF_TestcasesOUP" name="Test002_TRFVerifyPendingList" time="408.888">
    <skipped/>
  </testcase> <!-- Test002_TRFVerifyPendingList -->
  <testcase classname="testCases.Expense.MergeExpenseAutomationOrg" name="TC003_Expense_AutoMergeExpenseIconinExpenseList" time="159.465">
    <failure type="org.openqa.selenium.NoSuchElementException" message="Unable to locate element: (//img[@src=&amp;apos;/assets/images/merged_expense.svg&amp;apos;]/parent::span)[1]
For documentation on this error, please visit: https://www.seleniumhq.org/exceptions/no_such_element.html
Build info: version: &amp;apos;3.141.59&amp;apos;, revision: &amp;apos;e82be7d358&amp;apos;, time: &amp;apos;2018-11-14T08:17:03&amp;apos;
System info: host: &amp;apos;Ramesh-P-Air&amp;apos;, ip: &amp;apos;2409:4070:2e1c:ee56:983f:2bf9:3b28:f61e%en0&amp;apos;, os.name: &amp;apos;Mac OS X&amp;apos;, os.arch: &amp;apos;x86_64&amp;apos;, os.version: &amp;apos;10.14.6&amp;apos;, java.version: &amp;apos;14.0.1&amp;apos;
Driver info: org.openqa.selenium.remote.RemoteWebDriver
Capabilities {acceptInsecureCerts: true, browserName: firefox, browserVersion: 90.0.2, javascriptEnabled: true, moz:accessibilityChecks: false, moz:buildID: 20210721174149, moz:geckodriverVersion: 0.29.0, moz:headless: false, moz:processID: 18690, moz:profile: /var/folders/4c/lg2hcd3x1cq..., moz:shutdownTimeout: 60000, moz:useNonSpecCompliantPointerOrigin: false, moz:webdriverClick: true, pageLoadStrategy: normal, platform: MAC, platformName: MAC, platformVersion: 20.4.0, proxy: Proxy(), setWindowRect: true, strictFileInteractability: false, timeouts: {implicit: 0, pageLoad: 300000, script: 30000}, unhandledPromptBehavior: dismiss and notify, webdriver.remote.sessionid: cc2b06b6-5a1b-8640-96d7-074...}
Session ID: cc2b06b6-5a1b-8640-96d7-074da498747c
*** Element info: {Using=xpath, value=(//img[@src=&amp;apos;/assets/images/merged_expense.svg&amp;apos;]/parent::span)[1]}">
      <![CDATA[org.openqa.selenium.NoSuchElementException: Unable to locate element: (//img[@src='/assets/images/merged_expense.svg']/parent::span)[1]
For documentation on this error, please visit: https://www.seleniumhq.org/exceptions/no_such_element.html
Build info: version: '3.141.59', revision: 'e82be7d358', time: '2018-11-14T08:17:03'
System info: host: 'Ramesh-P-Air', ip: '2409:4070:2e1c:ee56:983f:2bf9:3b28:f61e%en0', os.name: 'Mac OS X', os.arch: 'x86_64', os.version: '10.14.6', java.version: '14.0.1'
Driver info: org.openqa.selenium.remote.RemoteWebDriver
Capabilities {acceptInsecureCerts: true, browserName: firefox, browserVersion: 90.0.2, javascriptEnabled: true, moz:accessibilityChecks: false, moz:buildID: 20210721174149, moz:geckodriverVersion: 0.29.0, moz:headless: false, moz:processID: 18690, moz:profile: /var/folders/4c/lg2hcd3x1cq..., moz:shutdownTimeout: 60000, moz:useNonSpecCompliantPointerOrigin: false, moz:webdriverClick: true, pageLoadStrategy: normal, platform: MAC, platformName: MAC, platformVersion: 20.4.0, proxy: Proxy(), setWindowRect: true, strictFileInteractability: false, timeouts: {implicit: 0, pageLoad: 300000, script: 30000}, unhandledPromptBehavior: dismiss and notify, webdriver.remote.sessionid: cc2b06b6-5a1b-8640-96d7-074...}
Session ID: cc2b06b6-5a1b-8640-96d7-074da498747c
*** Element info: {Using=xpath, value=(//img[@src='/assets/images/merged_expense.svg']/parent::span)[1]}
at org.openqa.selenium.remote.http.W3CHttpResponseCodec.createException(W3CHttpResponseCodec.java:187)
at org.openqa.selenium.remote.http.W3CHttpResponseCodec.decode(W3CHttpResponseCodec.java:122)
at org.openqa.selenium.remote.http.W3CHttpResponseCodec.decode(W3CHttpResponseCodec.java:49)
at org.openqa.selenium.remote.HttpCommandExecutor.execute(HttpCommandExecutor.java:158)
at org.openqa.selenium.remote.RemoteWebDriver.execute(RemoteWebDriver.java:552)
at org.openqa.selenium.remote.RemoteWebDriver.findElement(RemoteWebDriver.java:323)
at org.openqa.selenium.remote.RemoteWebDriver.findElementByXPath(RemoteWebDriver.java:428)
at org.openqa.selenium.By$ByXPath.findElement(By.java:353)
at org.openqa.selenium.remote.RemoteWebDriver.findElement(RemoteWebDriver.java:315)
at org.openqa.selenium.support.pagefactory.DefaultElementLocator.findElement(DefaultElementLocator.java:69)
at org.openqa.selenium.support.pagefactory.internal.LocatingElementHandler.invoke(LocatingElementHandler.java:38)
at com.sun.proxy.$Proxy31.getAttribute(Unknown Source)
at frameworkBase.TestBotElementsWrapper.getAttributeValue(TestBotElementsWrapper.java:674)
at pageobjects.EmployeeViews.ExpensePage.AutoMergeVerify(ExpensePage.java:1786)
at testCases.Expense.MergeExpenseAutomationOrg.TC003_Expense_AutoMergeExpenseIconinExpenseList(MergeExpenseAutomationOrg.java:126)
at java.base/java.util.concurrent.ThreadPoolExecutor.runWorker(ThreadPoolExecutor.java:1130)
at java.base/java.util.concurrent.ThreadPoolExecutor$Worker.run(ThreadPoolExecutor.java:630)
at java.base/java.lang.Thread.run(Thread.java:832)
... Removed 16 stack frames]]>
    </failure>
  </testcase> <!-- TC003_Expense_AutoMergeExpenseIconinExpenseList -->
  <testcase classname="testCases.Expense.MergeExpenseAutomationOrg" name="TC004_Expense_VerfiyAutoMergeExpenseDetailsBills" time="0.001">
    <skipped/>
  </testcase> <!-- TC004_Expense_VerfiyAutoMergeExpenseDetailsBills -->
  <testcase classname="testCases.Expense.CreateExpenseTestOUP" name="TC005_CreateExpenseWithNativeFields" time="0.0">
    <skipped/>
  </testcase> <!-- TC005_CreateExpenseWithNativeFields -->
  <testcase classname="testCases.Expense.MergeExpenseAutomationOrg" name="TC005_Expense_VerfiyAutoMergeExpenseDetails" time="0.0">
    <skipped/>
  </testcase> <!-- TC005_Expense_VerfiyAutoMergeExpenseDetails -->
  <testcase classname="testCases.MoneyRequest.MoneyRequestCreateOUP" name="TC005_VerifyMoneyrequest" time="0.0">
    <skipped/>
  </testcase> <!-- TC005_VerifyMoneyrequest -->
  <testcase classname="testCases.TRF.TRF_TestcasesOUP" name="Test001_TRFCreation" time="409.645">
    <failure type="org.openqa.selenium.json.JsonException" message="java.lang.reflect.InvocationTargetException
Build info: version: &amp;apos;3.141.59&amp;apos;, revision: &amp;apos;e82be7d358&amp;apos;, time: &amp;apos;2018-11-14T08:17:03&amp;apos;
System info: host: &amp;apos;Ramesh-P-Air&amp;apos;, ip: &amp;apos;2409:4070:2e1c:ee56:983f:2bf9:3b28:f61e%en0&amp;apos;, os.name: &amp;apos;Mac OS X&amp;apos;, os.arch: &amp;apos;x86_64&amp;apos;, os.version: &amp;apos;10.14.6&amp;apos;, java.version: &amp;apos;14.0.1&amp;apos;
Driver info: driver.version: RemoteWebDriver">
      <![CDATA[org.openqa.selenium.json.JsonException: java.lang.reflect.InvocationTargetException
Build info: version: '3.141.59', revision: 'e82be7d358', time: '2018-11-14T08:17:03'
System info: host: 'Ramesh-P-Air', ip: '2409:4070:2e1c:ee56:983f:2bf9:3b28:f61e%en0', os.name: 'Mac OS X', os.arch: 'x86_64', os.version: '10.14.6', java.version: '14.0.1'
Driver info: driver.version: RemoteWebDriver
at org.openqa.selenium.json.JsonOutput.convertUsingMethod(JsonOutput.java:332)
at org.openqa.selenium.json.JsonOutput.lambda$new$16(JsonOutput.java:155)
at org.openqa.selenium.json.JsonOutput.write(JsonOutput.java:264)
at org.openqa.selenium.json.JsonOutput.lambda$null$21(JsonOutput.java:168)
at java.base/java.util.LinkedHashMap$LinkedValues.forEach(LinkedHashMap.java:647)
at org.openqa.selenium.json.JsonOutput.lambda$new$22(JsonOutput.java:168)
at org.openqa.selenium.json.JsonOutput.write(JsonOutput.java:264)
at org.openqa.selenium.json.JsonOutput.lambda$null$23(JsonOutput.java:177)
at com.google.common.collect.SingletonImmutableBiMap.forEach(SingletonImmutableBiMap.java:65)
at org.openqa.selenium.json.JsonOutput.lambda$new$24(JsonOutput.java:176)
at org.openqa.selenium.json.JsonOutput.write(JsonOutput.java:264)
at org.openqa.selenium.json.JsonOutput.write(JsonOutput.java:255)
at org.openqa.selenium.json.Json.toJson(Json.java:42)
at org.openqa.selenium.remote.http.AbstractHttpCommandCodec.encode(AbstractHttpCommandCodec.java:227)
at org.openqa.selenium.remote.http.AbstractHttpCommandCodec.encode(AbstractHttpCommandCodec.java:117)
at org.openqa.selenium.remote.HttpCommandExecutor.execute(HttpCommandExecutor.java:152)
at org.openqa.selenium.remote.RemoteWebDriver.execute(RemoteWebDriver.java:552)
at org.openqa.selenium.remote.RemoteWebDriver.perform(RemoteWebDriver.java:618)
at org.openqa.selenium.interactions.Actions$BuiltAction.perform(Actions.java:639)
at frameworkBase.TestBotElementsWrapper.click_Actions(TestBotElementsWrapper.java:563)
at pageobjects.EmployeeViews.TRFPage.Goto_TRFCreation_Page(TRFPage.java:572)
at testCases.TRF.TRF_TestcasesOUP.Test001_TRFCreation(TRF_TestcasesOUP.java:35)
at java.base/java.util.concurrent.ThreadPoolExecutor.runWorker(ThreadPoolExecutor.java:1130)
at java.base/java.util.concurrent.ThreadPoolExecutor$Worker.run(ThreadPoolExecutor.java:630)
at java.base/java.lang.Thread.run(Thread.java:832)
Suppressed: org.openqa.selenium.json.JsonException: Attempting to close incomplete json stream
Build info: version: '3.141.59', revision: 'e82be7d358', time: '2018-11-14T08:17:03'
System info: host: 'Ramesh-P-Air', ip: '2409:4070:2e1c:ee56:983f:2bf9:3b28:f61e%en0', os.name: 'Mac OS X', os.arch: 'x86_64', os.version: '10.14.6', java.version: '14.0.1'
Driver info: driver.version: RemoteWebDriver
at org.openqa.selenium.json.JsonOutput.close(JsonOutput.java:279)
at org.openqa.selenium.json.Json.toJson(Json.java:44)
... 24 more
at org.openqa.selenium.json.JsonOutput.convertUsingMethod(JsonOutput.java:328)
... 36 more
Caused by: org.openqa.selenium.NoSuchElementException: Unable to locate element: //a[text()='Travel Requests']
For documentation on this error, please visit: https://www.seleniumhq.org/exceptions/no_such_element.html
Build info: version: '3.141.59', revision: 'e82be7d358', time: '2018-11-14T08:17:03'
System info: host: 'Ramesh-P-Air', ip: '2409:4070:2e1c:ee56:983f:2bf9:3b28:f61e%en0', os.name: 'Mac OS X', os.arch: 'x86_64', os.version: '10.14.6', java.version: '14.0.1'
Driver info: org.openqa.selenium.remote.RemoteWebDriver
Capabilities {acceptInsecureCerts: true, browserName: firefox, browserVersion: 90.0.2, javascriptEnabled: true, moz:accessibilityChecks: false, moz:buildID: 20210721174149, moz:geckodriverVersion: 0.29.0, moz:headless: false, moz:processID: 40791, moz:profile: /var/folders/s0/h2xfsvn150n..., moz:shutdownTimeout: 60000, moz:useNonSpecCompliantPointerOrigin: false, moz:webdriverClick: true, pageLoadStrategy: normal, platform: MAC, platformName: MAC, platformVersion: 20.4.0, proxy: Proxy(), setWindowRect: true, strictFileInteractability: false, timeouts: {implicit: 0, pageLoad: 300000, script: 30000}, unhandledPromptBehavior: dismiss and notify, webdriver.remote.sessionid: 2a8c2803-fa1f-9949-b3a1-e42...}
Session ID: 2a8c2803-fa1f-9949-b3a1-e4284d4467c4
*** Element info: {Using=xpath, value=//a[text()='Travel Requests']}
at org.openqa.selenium.remote.http.W3CHttpResponseCodec.createException(W3CHttpResponseCodec.java:187)
at org.openqa.selenium.remote.http.W3CHttpResponseCodec.decode(W3CHttpResponseCodec.java:122)
at org.openqa.selenium.remote.http.W3CHttpResponseCodec.decode(W3CHttpResponseCodec.java:49)
at org.openqa.selenium.remote.HttpCommandExecutor.execute(HttpCommandExecutor.java:158)
at org.openqa.selenium.remote.RemoteWebDriver.execute(RemoteWebDriver.java:552)
at org.openqa.selenium.remote.RemoteWebDriver.findElement(RemoteWebDriver.java:323)
at org.openqa.selenium.remote.RemoteWebDriver.findElementByXPath(RemoteWebDriver.java:428)
at org.openqa.selenium.By$ByXPath.findElement(By.java:353)
at org.openqa.selenium.remote.RemoteWebDriver.findElement(RemoteWebDriver.java:315)
at org.openqa.selenium.support.pagefactory.DefaultElementLocator.findElement(DefaultElementLocator.java:69)
at org.openqa.selenium.support.pagefactory.internal.LocatingElementHandler.invoke(LocatingElementHandler.java:38)
at com.sun.proxy.$Proxy31.getWrappedElement(Unknown Source)
at org.openqa.selenium.interactions.PointerInput$Origin.asArg(PointerInput.java:204)
at org.openqa.selenium.interactions.PointerInput$Move.encode(PointerInput.java:155)
at org.openqa.selenium.interactions.Sequence.encode(Sequence.java:75)
at org.openqa.selenium.interactions.Sequence.toJson(Sequence.java:84)
... 41 more
... Removed 21 stack frames]]>
    </failure>
  </testcase> <!-- Test001_TRFCreation -->
  <testcase classname="testCases.Expense.CreateExpenseTestOUP" name="TC006_EditExpenseWithNativeFields" time="0.0">
    <skipped/>
  </testcase> <!-- TC006_EditExpenseWithNativeFields -->
  <testcase classname="testCases.Expense.MergeExpenseAutomationOrg" name="TC006_Expense_UnMerge" time="0.0">
    <skipped/>
  </testcase> <!-- TC006_Expense_UnMerge -->
  <testcase classname="testCases.TRF.TRF_TestcasesOUP" name="Test004_TripEdit" time="406.782">
    <skipped/>
  </testcase> <!-- Test004_TripEdit -->
  <testcase classname="testCases.TRF.TRF_TestcasesOUP" name="Test002_TRFVerifyPendingList" time="411.102">
    <failure type="org.openqa.selenium.json.JsonException" message="java.lang.reflect.InvocationTargetException
Build info: version: &amp;apos;3.141.59&amp;apos;, revision: &amp;apos;e82be7d358&amp;apos;, time: &amp;apos;2018-11-14T08:17:03&amp;apos;
System info: host: &amp;apos;Ramesh-P-Air&amp;apos;, ip: &amp;apos;2409:4070:2e1c:ee56:983f:2bf9:3b28:f61e%en0&amp;apos;, os.name: &amp;apos;Mac OS X&amp;apos;, os.arch: &amp;apos;x86_64&amp;apos;, os.version: &amp;apos;10.14.6&amp;apos;, java.version: &amp;apos;14.0.1&amp;apos;
Driver info: driver.version: RemoteWebDriver">
      <![CDATA[org.openqa.selenium.json.JsonException: java.lang.reflect.InvocationTargetException
Build info: version: '3.141.59', revision: 'e82be7d358', time: '2018-11-14T08:17:03'
System info: host: 'Ramesh-P-Air', ip: '2409:4070:2e1c:ee56:983f:2bf9:3b28:f61e%en0', os.name: 'Mac OS X', os.arch: 'x86_64', os.version: '10.14.6', java.version: '14.0.1'
Driver info: driver.version: RemoteWebDriver
at org.openqa.selenium.json.JsonOutput.convertUsingMethod(JsonOutput.java:332)
at org.openqa.selenium.json.JsonOutput.lambda$new$16(JsonOutput.java:155)
at org.openqa.selenium.json.JsonOutput.write(JsonOutput.java:264)
at org.openqa.selenium.json.JsonOutput.lambda$null$21(JsonOutput.java:168)
at java.base/java.util.LinkedHashMap$LinkedValues.forEach(LinkedHashMap.java:647)
at org.openqa.selenium.json.JsonOutput.lambda$new$22(JsonOutput.java:168)
at org.openqa.selenium.json.JsonOutput.write(JsonOutput.java:264)
at org.openqa.selenium.json.JsonOutput.lambda$null$23(JsonOutput.java:177)
at com.google.common.collect.SingletonImmutableBiMap.forEach(SingletonImmutableBiMap.java:65)
at org.openqa.selenium.json.JsonOutput.lambda$new$24(JsonOutput.java:176)
at org.openqa.selenium.json.JsonOutput.write(JsonOutput.java:264)
at org.openqa.selenium.json.JsonOutput.write(JsonOutput.java:255)
at org.openqa.selenium.json.Json.toJson(Json.java:42)
at org.openqa.selenium.remote.http.AbstractHttpCommandCodec.encode(AbstractHttpCommandCodec.java:227)
at org.openqa.selenium.remote.http.AbstractHttpCommandCodec.encode(AbstractHttpCommandCodec.java:117)
at org.openqa.selenium.remote.HttpCommandExecutor.execute(HttpCommandExecutor.java:152)
at org.openqa.selenium.remote.RemoteWebDriver.execute(RemoteWebDriver.java:552)
at org.openqa.selenium.remote.RemoteWebDriver.perform(RemoteWebDriver.java:618)
at org.openqa.selenium.interactions.Actions$BuiltAction.perform(Actions.java:639)
at frameworkBase.TestBotElementsWrapper.click_Actions(TestBotElementsWrapper.java:563)
at pageobjects.EmployeeViews.TRFPage.Goto_TRF_Page(TRFPage.java:583)
at testCases.TRF.TRF_TestcasesOUP.Test002_TRFVerifyPendingList(TRF_TestcasesOUP.java:53)
at java.base/java.util.concurrent.ThreadPoolExecutor.runWorker(ThreadPoolExecutor.java:1130)
at java.base/java.util.concurrent.ThreadPoolExecutor$Worker.run(ThreadPoolExecutor.java:630)
at java.base/java.lang.Thread.run(Thread.java:832)
Suppressed: org.openqa.selenium.json.JsonException: Attempting to close incomplete json stream
Build info: version: '3.141.59', revision: 'e82be7d358', time: '2018-11-14T08:17:03'
System info: host: 'Ramesh-P-Air', ip: '2409:4070:2e1c:ee56:983f:2bf9:3b28:f61e%en0', os.name: 'Mac OS X', os.arch: 'x86_64', os.version: '10.14.6', java.version: '14.0.1'
Driver info: driver.version: RemoteWebDriver
at org.openqa.selenium.json.JsonOutput.close(JsonOutput.java:279)
at org.openqa.selenium.json.Json.toJson(Json.java:44)
... 24 more
at org.openqa.selenium.json.JsonOutput.convertUsingMethod(JsonOutput.java:328)
... 36 more
Caused by: org.openqa.selenium.NoSuchElementException: Unable to locate element: //a[text()='Travel Requests']
For documentation on this error, please visit: https://www.seleniumhq.org/exceptions/no_such_element.html
Build info: version: '3.141.59', revision: 'e82be7d358', time: '2018-11-14T08:17:03'
System info: host: 'Ramesh-P-Air', ip: '2409:4070:2e1c:ee56:983f:2bf9:3b28:f61e%en0', os.name: 'Mac OS X', os.arch: 'x86_64', os.version: '10.14.6', java.version: '14.0.1'
Driver info: org.openqa.selenium.remote.RemoteWebDriver
Capabilities {acceptInsecureCerts: true, browserName: firefox, browserVersion: 90.0.2, javascriptEnabled: true, moz:accessibilityChecks: false, moz:buildID: 20210721174149, moz:geckodriverVersion: 0.29.0, moz:headless: false, moz:processID: 42293, moz:profile: /var/folders/s0/h2xfsvn150n..., moz:shutdownTimeout: 60000, moz:useNonSpecCompliantPointerOrigin: false, moz:webdriverClick: true, pageLoadStrategy: normal, platform: MAC, platformName: MAC, platformVersion: 20.4.0, proxy: Proxy(), setWindowRect: true, strictFileInteractability: false, timeouts: {implicit: 0, pageLoad: 300000, script: 30000}, unhandledPromptBehavior: dismiss and notify, webdriver.remote.sessionid: 6a60fd20-63f5-c445-b6ff-bdc...}
Session ID: 6a60fd20-63f5-c445-b6ff-bdc99c505c4e
*** Element info: {Using=xpath, value=//a[text()='Travel Requests']}
at org.openqa.selenium.remote.http.W3CHttpResponseCodec.createException(W3CHttpResponseCodec.java:187)
at org.openqa.selenium.remote.http.W3CHttpResponseCodec.decode(W3CHttpResponseCodec.java:122)
at org.openqa.selenium.remote.http.W3CHttpResponseCodec.decode(W3CHttpResponseCodec.java:49)
at org.openqa.selenium.remote.HttpCommandExecutor.execute(HttpCommandExecutor.java:158)
at org.openqa.selenium.remote.RemoteWebDriver.execute(RemoteWebDriver.java:552)
at org.openqa.selenium.remote.RemoteWebDriver.findElement(RemoteWebDriver.java:323)
at org.openqa.selenium.remote.RemoteWebDriver.findElementByXPath(RemoteWebDriver.java:428)
at org.openqa.selenium.By$ByXPath.findElement(By.java:353)
at org.openqa.selenium.remote.RemoteWebDriver.findElement(RemoteWebDriver.java:315)
at org.openqa.selenium.support.pagefactory.DefaultElementLocator.findElement(DefaultElementLocator.java:69)
at org.openqa.selenium.support.pagefactory.internal.LocatingElementHandler.invoke(LocatingElementHandler.java:38)
at com.sun.proxy.$Proxy31.getWrappedElement(Unknown Source)
at org.openqa.selenium.interactions.PointerInput$Origin.asArg(PointerInput.java:204)
at org.openqa.selenium.interactions.PointerInput$Move.encode(PointerInput.java:155)
at org.openqa.selenium.interactions.Sequence.encode(Sequence.java:75)
at org.openqa.selenium.interactions.Sequence.toJson(Sequence.java:84)
... 41 more
... Removed 21 stack frames]]>
    </failure>
  </testcase> <!-- Test002_TRFVerifyPendingList -->
  <testcase classname="testCases.TRF.TRF_TestcasesOUP" name="Test005_TripDelete" time="406.707">
    <skipped/>
  </testcase> <!-- Test005_TripDelete -->
  <testcase classname="testCases.TRF.TRF_TestcasesOUP" name="Test006_SaveTRF" time="406.437">
    <skipped/>
  </testcase> <!-- Test006_SaveTRF -->
  <testcase classname="testCases.TRF.TRF_TestcasesOUP" name="Test004_TripEdit" time="406.937">
    <failure type="org.openqa.selenium.json.JsonException" message="java.lang.reflect.InvocationTargetException
Build info: version: &amp;apos;3.141.59&amp;apos;, revision: &amp;apos;e82be7d358&amp;apos;, time: &amp;apos;2018-11-14T08:17:03&amp;apos;
System info: host: &amp;apos;Ramesh-P-Air&amp;apos;, ip: &amp;apos;2409:4070:2e1c:ee56:983f:2bf9:3b28:f61e%en0&amp;apos;, os.name: &amp;apos;Mac OS X&amp;apos;, os.arch: &amp;apos;x86_64&amp;apos;, os.version: &amp;apos;10.14.6&amp;apos;, java.version: &amp;apos;14.0.1&amp;apos;
Driver info: driver.version: RemoteWebDriver">
      <![CDATA[org.openqa.selenium.json.JsonException: java.lang.reflect.InvocationTargetException
Build info: version: '3.141.59', revision: 'e82be7d358', time: '2018-11-14T08:17:03'
System info: host: 'Ramesh-P-Air', ip: '2409:4070:2e1c:ee56:983f:2bf9:3b28:f61e%en0', os.name: 'Mac OS X', os.arch: 'x86_64', os.version: '10.14.6', java.version: '14.0.1'
Driver info: driver.version: RemoteWebDriver
at org.openqa.selenium.json.JsonOutput.convertUsingMethod(JsonOutput.java:332)
at org.openqa.selenium.json.JsonOutput.lambda$new$16(JsonOutput.java:155)
at org.openqa.selenium.json.JsonOutput.write(JsonOutput.java:264)
at org.openqa.selenium.json.JsonOutput.lambda$null$21(JsonOutput.java:168)
at java.base/java.util.LinkedHashMap$LinkedValues.forEach(LinkedHashMap.java:647)
at org.openqa.selenium.json.JsonOutput.lambda$new$22(JsonOutput.java:168)
at org.openqa.selenium.json.JsonOutput.write(JsonOutput.java:264)
at org.openqa.selenium.json.JsonOutput.lambda$null$23(JsonOutput.java:177)
at com.google.common.collect.SingletonImmutableBiMap.forEach(SingletonImmutableBiMap.java:65)
at org.openqa.selenium.json.JsonOutput.lambda$new$24(JsonOutput.java:176)
at org.openqa.selenium.json.JsonOutput.write(JsonOutput.java:264)
at org.openqa.selenium.json.JsonOutput.write(JsonOutput.java:255)
at org.openqa.selenium.json.Json.toJson(Json.java:42)
at org.openqa.selenium.remote.http.AbstractHttpCommandCodec.encode(AbstractHttpCommandCodec.java:227)
at org.openqa.selenium.remote.http.AbstractHttpCommandCodec.encode(AbstractHttpCommandCodec.java:117)
at org.openqa.selenium.remote.HttpCommandExecutor.execute(HttpCommandExecutor.java:152)
at org.openqa.selenium.remote.RemoteWebDriver.execute(RemoteWebDriver.java:552)
at org.openqa.selenium.remote.RemoteWebDriver.perform(RemoteWebDriver.java:618)
at org.openqa.selenium.interactions.Actions$BuiltAction.perform(Actions.java:639)
at frameworkBase.TestBotElementsWrapper.click_Actions(TestBotElementsWrapper.java:563)
at pageobjects.EmployeeViews.TRFPage.Goto_TRF_Page(TRFPage.java:583)
at testCases.TRF.TRF_TestcasesOUP.Test004_TripEdit(TRF_TestcasesOUP.java:97)
at java.base/java.util.concurrent.ThreadPoolExecutor.runWorker(ThreadPoolExecutor.java:1130)
at java.base/java.util.concurrent.ThreadPoolExecutor$Worker.run(ThreadPoolExecutor.java:630)
at java.base/java.lang.Thread.run(Thread.java:832)
Suppressed: org.openqa.selenium.json.JsonException: Attempting to close incomplete json stream
Build info: version: '3.141.59', revision: 'e82be7d358', time: '2018-11-14T08:17:03'
System info: host: 'Ramesh-P-Air', ip: '2409:4070:2e1c:ee56:983f:2bf9:3b28:f61e%en0', os.name: 'Mac OS X', os.arch: 'x86_64', os.version: '10.14.6', java.version: '14.0.1'
Driver info: driver.version: RemoteWebDriver
at org.openqa.selenium.json.JsonOutput.close(JsonOutput.java:279)
at org.openqa.selenium.json.Json.toJson(Json.java:44)
... 24 more
at org.openqa.selenium.json.JsonOutput.convertUsingMethod(JsonOutput.java:328)
... 36 more
Caused by: org.openqa.selenium.NoSuchElementException: Unable to locate element: //a[text()='Travel Requests']
For documentation on this error, please visit: https://www.seleniumhq.org/exceptions/no_such_element.html
Build info: version: '3.141.59', revision: 'e82be7d358', time: '2018-11-14T08:17:03'
System info: host: 'Ramesh-P-Air', ip: '2409:4070:2e1c:ee56:983f:2bf9:3b28:f61e%en0', os.name: 'Mac OS X', os.arch: 'x86_64', os.version: '10.14.6', java.version: '14.0.1'
Driver info: org.openqa.selenium.remote.RemoteWebDriver
Capabilities {acceptInsecureCerts: true, browserName: firefox, browserVersion: 90.0.2, javascriptEnabled: true, moz:accessibilityChecks: false, moz:buildID: 20210721174149, moz:geckodriverVersion: 0.29.0, moz:headless: false, moz:processID: 9438, moz:profile: /var/folders/s0/h2xfsvn150n..., moz:shutdownTimeout: 60000, moz:useNonSpecCompliantPointerOrigin: false, moz:webdriverClick: true, pageLoadStrategy: normal, platform: MAC, platformName: MAC, platformVersion: 20.5.0, proxy: Proxy(), setWindowRect: true, strictFileInteractability: false, timeouts: {implicit: 0, pageLoad: 300000, script: 30000}, unhandledPromptBehavior: dismiss and notify, webdriver.remote.sessionid: c8cd109f-969a-2a44-afd9-fbc...}
Session ID: c8cd109f-969a-2a44-afd9-fbcd5be7c961
*** Element info: {Using=xpath, value=//a[text()='Travel Requests']}
at org.openqa.selenium.remote.http.W3CHttpResponseCodec.createException(W3CHttpResponseCodec.java:187)
at org.openqa.selenium.remote.http.W3CHttpResponseCodec.decode(W3CHttpResponseCodec.java:122)
at org.openqa.selenium.remote.http.W3CHttpResponseCodec.decode(W3CHttpResponseCodec.java:49)
at org.openqa.selenium.remote.HttpCommandExecutor.execute(HttpCommandExecutor.java:158)
at org.openqa.selenium.remote.RemoteWebDriver.execute(RemoteWebDriver.java:552)
at org.openqa.selenium.remote.RemoteWebDriver.findElement(RemoteWebDriver.java:323)
at org.openqa.selenium.remote.RemoteWebDriver.findElementByXPath(RemoteWebDriver.java:428)
at org.openqa.selenium.By$ByXPath.findElement(By.java:353)
at org.openqa.selenium.remote.RemoteWebDriver.findElement(RemoteWebDriver.java:315)
at org.openqa.selenium.support.pagefactory.DefaultElementLocator.findElement(DefaultElementLocator.java:69)
at org.openqa.selenium.support.pagefactory.internal.LocatingElementHandler.invoke(LocatingElementHandler.java:38)
at com.sun.proxy.$Proxy31.getWrappedElement(Unknown Source)
at org.openqa.selenium.interactions.PointerInput$Origin.asArg(PointerInput.java:204)
at org.openqa.selenium.interactions.PointerInput$Move.encode(PointerInput.java:155)
at org.openqa.selenium.interactions.Sequence.encode(Sequence.java:75)
at org.openqa.selenium.interactions.Sequence.toJson(Sequence.java:84)
... 41 more
... Removed 21 stack frames]]>
    </failure>
  </testcase> <!-- Test004_TripEdit -->
  <testcase classname="testCases.Expense.CreateExpenseTestOUP" name="TC007_DeleteBill" time="0.0">
    <skipped/>
  </testcase> <!-- TC007_DeleteBill -->
  <testcase classname="testCases.Expense.MergeExpenseAutomationOrg" name="TC007_Expense_VerifyBillsAfterUnMerge" time="0.0">
    <skipped/>
  </testcase> <!-- TC007_Expense_VerifyBillsAfterUnMerge -->
  <testcase classname="testCases.Expense.MergeExpenseAutomationOrg" name="TC008_Expense_MergeExpenseIconinExpenseList" time="0.0">
    <skipped/>
  </testcase> <!-- TC008_Expense_MergeExpenseIconinExpenseList -->
  <testcase classname="testCases.Expense.CreateExpenseTestOUP" name="TC008_Expense_Split" time="0.0">
    <skipped/>
  </testcase> <!-- TC008_Expense_Split -->
  <testcase classname="testCases.Expense.CreateExpenseTestOUP" name="TC009_Expense_DeleteFromHamburger" time="0.0">
    <skipped/>
  </testcase> <!-- TC009_Expense_DeleteFromHamburger -->
  <testcase classname="testCases.Expense.MergeExpenseAutomationOrg" name="TC009_Expense_MergeExpenseIconinHamburger" time="0.0">
    <skipped/>
  </testcase> <!-- TC009_Expense_MergeExpenseIconinHamburger -->
  <testcase classname="testCases.Expense.CreateExpenseTestOUP" name="TC010_Expense_DeleteFromQuickView" time="0.0">
    <skipped/>
  </testcase> <!-- TC010_Expense_DeleteFromQuickView -->
  <testcase classname="testCases.Expense.MergeExpenseAutomationOrg" name="TC010_Expense_MergeExpenseWithoutSelectingMergableTransaction" time="0.0">
    <skipped/>
  </testcase> <!-- TC010_Expense_MergeExpenseWithoutSelectingMergableTransaction -->
  <testcase classname="testCases.Expense.MergeExpenseAutomationOrg" name="TC011_Expense_MergeExpense" time="0.0">
    <skipped/>
  </testcase> <!-- TC011_Expense_MergeExpense -->
  <testcase classname="testCases.Expense.CreateExpenseTestOUP" name="TC011_ExportExpense" time="0.0">
    <skipped/>
  </testcase> <!-- TC011_ExportExpense -->
  <testcase classname="testCases.Expense.MergeExpenseAutomationOrg" name="TC012_Expense_VerfiyMergeExpenseDetails" time="0.0">
    <skipped/>
  </testcase> <!-- TC012_Expense_VerfiyMergeExpenseDetails -->
  <testcase classname="testCases.Expense.CreateExpenseTestOUP" name="TC012_MileageExpense" time="0.003">
    <skipped/>
  </testcase> <!-- TC012_MileageExpense -->
  <testcase classname="testCases.TRF.TRF_TestcasesOUP" name="Test006_SubmitTRF" time="407.91">
    <skipped/>
  </testcase> <!-- Test006_SubmitTRF -->
  <testcase classname="testCases.TRF.TRF_TestcasesOUP" name="Test005_TripDelete" time="370.889">
    <failure type="org.openqa.selenium.json.JsonException" message="java.lang.reflect.InvocationTargetException
Build info: version: &amp;apos;3.141.59&amp;apos;, revision: &amp;apos;e82be7d358&amp;apos;, time: &amp;apos;2018-11-14T08:17:03&amp;apos;
System info: host: &amp;apos;Ramesh-P-Air&amp;apos;, ip: &amp;apos;2409:4070:2e1c:ee56:983f:2bf9:3b28:f61e%en0&amp;apos;, os.name: &amp;apos;Mac OS X&amp;apos;, os.arch: &amp;apos;x86_64&amp;apos;, os.version: &amp;apos;10.14.6&amp;apos;, java.version: &amp;apos;14.0.1&amp;apos;
Driver info: driver.version: RemoteWebDriver">
      <![CDATA[org.openqa.selenium.json.JsonException: java.lang.reflect.InvocationTargetException
Build info: version: '3.141.59', revision: 'e82be7d358', time: '2018-11-14T08:17:03'
System info: host: 'Ramesh-P-Air', ip: '2409:4070:2e1c:ee56:983f:2bf9:3b28:f61e%en0', os.name: 'Mac OS X', os.arch: 'x86_64', os.version: '10.14.6', java.version: '14.0.1'
Driver info: driver.version: RemoteWebDriver
at org.openqa.selenium.json.JsonOutput.convertUsingMethod(JsonOutput.java:332)
at org.openqa.selenium.json.JsonOutput.lambda$new$16(JsonOutput.java:155)
at org.openqa.selenium.json.JsonOutput.write(JsonOutput.java:264)
at org.openqa.selenium.json.JsonOutput.lambda$null$21(JsonOutput.java:168)
at java.base/java.util.LinkedHashMap$LinkedValues.forEach(LinkedHashMap.java:647)
at org.openqa.selenium.json.JsonOutput.lambda$new$22(JsonOutput.java:168)
at org.openqa.selenium.json.JsonOutput.write(JsonOutput.java:264)
at org.openqa.selenium.json.JsonOutput.lambda$null$23(JsonOutput.java:177)
at com.google.common.collect.SingletonImmutableBiMap.forEach(SingletonImmutableBiMap.java:65)
at org.openqa.selenium.json.JsonOutput.lambda$new$24(JsonOutput.java:176)
at org.openqa.selenium.json.JsonOutput.write(JsonOutput.java:264)
at org.openqa.selenium.json.JsonOutput.write(JsonOutput.java:255)
at org.openqa.selenium.json.Json.toJson(Json.java:42)
at org.openqa.selenium.remote.http.AbstractHttpCommandCodec.encode(AbstractHttpCommandCodec.java:227)
at org.openqa.selenium.remote.http.AbstractHttpCommandCodec.encode(AbstractHttpCommandCodec.java:117)
at org.openqa.selenium.remote.HttpCommandExecutor.execute(HttpCommandExecutor.java:152)
at org.openqa.selenium.remote.RemoteWebDriver.execute(RemoteWebDriver.java:552)
at org.openqa.selenium.remote.RemoteWebDriver.perform(RemoteWebDriver.java:618)
at org.openqa.selenium.interactions.Actions$BuiltAction.perform(Actions.java:639)
at frameworkBase.TestBotElementsWrapper.click_Actions(TestBotElementsWrapper.java:563)
at pageobjects.EmployeeViews.TRFPage.Goto_TRF_Page(TRFPage.java:583)
at testCases.TRF.TRF_TestcasesOUP.Test005_TripDelete(TRF_TestcasesOUP.java:113)
at java.base/java.util.concurrent.ThreadPoolExecutor.runWorker(ThreadPoolExecutor.java:1130)
at java.base/java.util.concurrent.ThreadPoolExecutor$Worker.run(ThreadPoolExecutor.java:630)
at java.base/java.lang.Thread.run(Thread.java:832)
Suppressed: org.openqa.selenium.json.JsonException: Attempting to close incomplete json stream
Build info: version: '3.141.59', revision: 'e82be7d358', time: '2018-11-14T08:17:03'
System info: host: 'Ramesh-P-Air', ip: '2409:4070:2e1c:ee56:983f:2bf9:3b28:f61e%en0', os.name: 'Mac OS X', os.arch: 'x86_64', os.version: '10.14.6', java.version: '14.0.1'
Driver info: driver.version: RemoteWebDriver
at org.openqa.selenium.json.JsonOutput.close(JsonOutput.java:279)
at org.openqa.selenium.json.Json.toJson(Json.java:44)
... 24 more
at org.openqa.selenium.json.JsonOutput.convertUsingMethod(JsonOutput.java:328)
... 36 more
Caused by: org.openqa.selenium.NoSuchElementException: Unable to locate element: //a[text()='Travel Requests']
For documentation on this error, please visit: https://www.seleniumhq.org/exceptions/no_such_element.html
Build info: version: '3.141.59', revision: 'e82be7d358', time: '2018-11-14T08:17:03'
System info: host: 'Ramesh-P-Air', ip: '2409:4070:2e1c:ee56:983f:2bf9:3b28:f61e%en0', os.name: 'Mac OS X', os.arch: 'x86_64', os.version: '10.14.6', java.version: '14.0.1'
Driver info: org.openqa.selenium.remote.RemoteWebDriver
Capabilities {acceptInsecureCerts: true, browserName: firefox, browserVersion: 90.0.2, javascriptEnabled: true, moz:accessibilityChecks: false, moz:buildID: 20210721174149, moz:geckodriverVersion: 0.29.0, moz:headless: false, moz:processID: 14949, moz:profile: /var/folders/jm/f3b6h5jx2z3..., moz:shutdownTimeout: 60000, moz:useNonSpecCompliantPointerOrigin: false, moz:webdriverClick: true, pageLoadStrategy: normal, platform: MAC, platformName: MAC, platformVersion: 20.5.0, proxy: Proxy(), setWindowRect: true, strictFileInteractability: false, timeouts: {implicit: 0, pageLoad: 300000, script: 30000}, unhandledPromptBehavior: dismiss and notify, webdriver.remote.sessionid: ebd19faa-a040-e445-b2ec-a48...}
Session ID: ebd19faa-a040-e445-b2ec-a48d583b36c1
*** Element info: {Using=xpath, value=//a[text()='Travel Requests']}
at org.openqa.selenium.remote.http.W3CHttpResponseCodec.createException(W3CHttpResponseCodec.java:187)
at org.openqa.selenium.remote.http.W3CHttpResponseCodec.decode(W3CHttpResponseCodec.java:122)
at org.openqa.selenium.remote.http.W3CHttpResponseCodec.decode(W3CHttpResponseCodec.java:49)
at org.openqa.selenium.remote.HttpCommandExecutor.execute(HttpCommandExecutor.java:158)
at org.openqa.selenium.remote.RemoteWebDriver.execute(RemoteWebDriver.java:552)
at org.openqa.selenium.remote.RemoteWebDriver.findElement(RemoteWebDriver.java:323)
at org.openqa.selenium.remote.RemoteWebDriver.findElementByXPath(RemoteWebDriver.java:428)
at org.openqa.selenium.By$ByXPath.findElement(By.java:353)
at org.openqa.selenium.remote.RemoteWebDriver.findElement(RemoteWebDriver.java:315)
at org.openqa.selenium.support.pagefactory.DefaultElementLocator.findElement(DefaultElementLocator.java:69)
at org.openqa.selenium.support.pagefactory.internal.LocatingElementHandler.invoke(LocatingElementHandler.java:38)
at com.sun.proxy.$Proxy31.getWrappedElement(Unknown Source)
at org.openqa.selenium.interactions.PointerInput$Origin.asArg(PointerInput.java:204)
at org.openqa.selenium.interactions.PointerInput$Move.encode(PointerInput.java:155)
at org.openqa.selenium.interactions.Sequence.encode(Sequence.java:75)
at org.openqa.selenium.interactions.Sequence.toJson(Sequence.java:84)
... 41 more
... Removed 21 stack frames]]>
    </failure>
  </testcase> <!-- Test005_TripDelete -->
  <testcase classname="testCases.Expense.MergeExpenseAutomationOrg" name="TC013_Expense_VerfiyMergeExpenseDetailsBills" time="0.0">
    <skipped/>
  </testcase> <!-- TC013_Expense_VerfiyMergeExpenseDetailsBills -->
  <testcase classname="testCases.Expense.CreateExpenseTestOUP" name="TC013_Expense_ViewExpense" time="0.0">
    <skipped/>
  </testcase> <!-- TC013_Expense_ViewExpense -->
  <testcase classname="testCases.TRF.TRF_TestcasesOUP" name="Test006_SaveTRF" time="408.294">
    <failure type="org.openqa.selenium.json.JsonException" message="java.lang.reflect.InvocationTargetException
Build info: version: &amp;apos;3.141.59&amp;apos;, revision: &amp;apos;e82be7d358&amp;apos;, time: &amp;apos;2018-11-14T08:17:03&amp;apos;
System info: host: &amp;apos;Ramesh-P-Air&amp;apos;, ip: &amp;apos;2409:4070:2e1c:ee56:983f:2bf9:3b28:f61e%en0&amp;apos;, os.name: &amp;apos;Mac OS X&amp;apos;, os.arch: &amp;apos;x86_64&amp;apos;, os.version: &amp;apos;10.14.6&amp;apos;, java.version: &amp;apos;14.0.1&amp;apos;
Driver info: driver.version: RemoteWebDriver">
      <![CDATA[org.openqa.selenium.json.JsonException: java.lang.reflect.InvocationTargetException
Build info: version: '3.141.59', revision: 'e82be7d358', time: '2018-11-14T08:17:03'
System info: host: 'Ramesh-P-Air', ip: '2409:4070:2e1c:ee56:983f:2bf9:3b28:f61e%en0', os.name: 'Mac OS X', os.arch: 'x86_64', os.version: '10.14.6', java.version: '14.0.1'
Driver info: driver.version: RemoteWebDriver
at org.openqa.selenium.json.JsonOutput.convertUsingMethod(JsonOutput.java:332)
at org.openqa.selenium.json.JsonOutput.lambda$new$16(JsonOutput.java:155)
at org.openqa.selenium.json.JsonOutput.write(JsonOutput.java:264)
at org.openqa.selenium.json.JsonOutput.lambda$null$21(JsonOutput.java:168)
at java.base/java.util.LinkedHashMap$LinkedValues.forEach(LinkedHashMap.java:647)
at org.openqa.selenium.json.JsonOutput.lambda$new$22(JsonOutput.java:168)
at org.openqa.selenium.json.JsonOutput.write(JsonOutput.java:264)
at org.openqa.selenium.json.JsonOutput.lambda$null$23(JsonOutput.java:177)
at com.google.common.collect.SingletonImmutableBiMap.forEach(SingletonImmutableBiMap.java:65)
at org.openqa.selenium.json.JsonOutput.lambda$new$24(JsonOutput.java:176)
at org.openqa.selenium.json.JsonOutput.write(JsonOutput.java:264)
at org.openqa.selenium.json.JsonOutput.write(JsonOutput.java:255)
at org.openqa.selenium.json.Json.toJson(Json.java:42)
at org.openqa.selenium.remote.http.AbstractHttpCommandCodec.encode(AbstractHttpCommandCodec.java:227)
at org.openqa.selenium.remote.http.AbstractHttpCommandCodec.encode(AbstractHttpCommandCodec.java:117)
at org.openqa.selenium.remote.HttpCommandExecutor.execute(HttpCommandExecutor.java:152)
at org.openqa.selenium.remote.RemoteWebDriver.execute(RemoteWebDriver.java:552)
at org.openqa.selenium.remote.RemoteWebDriver.perform(RemoteWebDriver.java:618)
at org.openqa.selenium.interactions.Actions$BuiltAction.perform(Actions.java:639)
at frameworkBase.TestBotElementsWrapper.click_Actions(TestBotElementsWrapper.java:563)
at pageobjects.EmployeeViews.TRFPage.Goto_TRFCreation_Page(TRFPage.java:572)
at testCases.TRF.TRF_TestcasesOUP.Test006_SaveTRF(TRF_TestcasesOUP.java:150)
at java.base/java.util.concurrent.ThreadPoolExecutor.runWorker(ThreadPoolExecutor.java:1130)
at java.base/java.util.concurrent.ThreadPoolExecutor$Worker.run(ThreadPoolExecutor.java:630)
at java.base/java.lang.Thread.run(Thread.java:832)
Suppressed: org.openqa.selenium.json.JsonException: Attempting to close incomplete json stream
Build info: version: '3.141.59', revision: 'e82be7d358', time: '2018-11-14T08:17:03'
System info: host: 'Ramesh-P-Air', ip: '2409:4070:2e1c:ee56:983f:2bf9:3b28:f61e%en0', os.name: 'Mac OS X', os.arch: 'x86_64', os.version: '10.14.6', java.version: '14.0.1'
Driver info: driver.version: RemoteWebDriver
at org.openqa.selenium.json.JsonOutput.close(JsonOutput.java:279)
at org.openqa.selenium.json.Json.toJson(Json.java:44)
... 24 more
at org.openqa.selenium.json.JsonOutput.convertUsingMethod(JsonOutput.java:328)
... 36 more
Caused by: org.openqa.selenium.NoSuchElementException: Unable to locate element: //a[text()='Travel Requests']
For documentation on this error, please visit: https://www.seleniumhq.org/exceptions/no_such_element.html
Build info: version: '3.141.59', revision: 'e82be7d358', time: '2018-11-14T08:17:03'
System info: host: 'Ramesh-P-Air', ip: '2409:4070:2e1c:ee56:983f:2bf9:3b28:f61e%en0', os.name: 'Mac OS X', os.arch: 'x86_64', os.version: '10.14.6', java.version: '14.0.1'
Driver info: org.openqa.selenium.remote.RemoteWebDriver
Capabilities {acceptInsecureCerts: true, browserName: firefox, browserVersion: 90.0.2, javascriptEnabled: true, moz:accessibilityChecks: false, moz:buildID: 20210721174149, moz:geckodriverVersion: 0.29.0, moz:headless: false, moz:processID: 42463, moz:profile: /var/folders/s0/h2xfsvn150n..., moz:shutdownTimeout: 60000, moz:useNonSpecCompliantPointerOrigin: false, moz:webdriverClick: true, pageLoadStrategy: normal, platform: MAC, platformName: MAC, platformVersion: 20.4.0, proxy: Proxy(), setWindowRect: true, strictFileInteractability: false, timeouts: {implicit: 0, pageLoad: 300000, script: 30000}, unhandledPromptBehavior: dismiss and notify, webdriver.remote.sessionid: 7d780015-d021-404a-b8c2-5b6...}
Session ID: 7d780015-d021-404a-b8c2-5b61ac3fc2fa
*** Element info: {Using=xpath, value=//a[text()='Travel Requests']}
at org.openqa.selenium.remote.http.W3CHttpResponseCodec.createException(W3CHttpResponseCodec.java:187)
at org.openqa.selenium.remote.http.W3CHttpResponseCodec.decode(W3CHttpResponseCodec.java:122)
at org.openqa.selenium.remote.http.W3CHttpResponseCodec.decode(W3CHttpResponseCodec.java:49)
at org.openqa.selenium.remote.HttpCommandExecutor.execute(HttpCommandExecutor.java:158)
at org.openqa.selenium.remote.RemoteWebDriver.execute(RemoteWebDriver.java:552)
at org.openqa.selenium.remote.RemoteWebDriver.findElement(RemoteWebDriver.java:323)
at org.openqa.selenium.remote.RemoteWebDriver.findElementByXPath(RemoteWebDriver.java:428)
at org.openqa.selenium.By$ByXPath.findElement(By.java:353)
at org.openqa.selenium.remote.RemoteWebDriver.findElement(RemoteWebDriver.java:315)
at org.openqa.selenium.support.pagefactory.DefaultElementLocator.findElement(DefaultElementLocator.java:69)
at org.openqa.selenium.support.pagefactory.internal.LocatingElementHandler.invoke(LocatingElementHandler.java:38)
at com.sun.proxy.$Proxy31.getWrappedElement(Unknown Source)
at org.openqa.selenium.interactions.PointerInput$Origin.asArg(PointerInput.java:204)
at org.openqa.selenium.interactions.PointerInput$Move.encode(PointerInput.java:155)
at org.openqa.selenium.interactions.Sequence.encode(Sequence.java:75)
at org.openqa.selenium.interactions.Sequence.toJson(Sequence.java:84)
... 41 more
... Removed 21 stack frames]]>
    </failure>
  </testcase> <!-- Test006_SaveTRF -->
  <testcase classname="testCases.TRF.TRF_TestcasesOUP" name="Test012_TRFDelete" time="369.613">
    <skipped/>
  </testcase> <!-- Test012_TRFDelete -->
  <testcase classname="testCases.MoneyRequest.MoneyRequestCreateOUP" name="TC010_DeclineMoneyrequestManager" time="2134.94">
    <failure type="org.openqa.selenium.NoSuchElementException" message="Unable to locate element: //div[@class=&amp;apos;audit-trail-status-name&amp;apos; and text()=&amp;apos;DeclinedByManager&amp;apos;]
For documentation on this error, please visit: https://www.seleniumhq.org/exceptions/no_such_element.html
Build info: version: &amp;apos;3.141.59&amp;apos;, revision: &amp;apos;e82be7d358&amp;apos;, time: &amp;apos;2018-11-14T08:17:03&amp;apos;
System info: host: &amp;apos;Ramesh-P-Air&amp;apos;, ip: &amp;apos;2409:4070:2e1c:ee56:983f:2bf9:3b28:f61e%en0&amp;apos;, os.name: &amp;apos;Mac OS X&amp;apos;, os.arch: &amp;apos;x86_64&amp;apos;, os.version: &amp;apos;10.14.6&amp;apos;, java.version: &amp;apos;14.0.1&amp;apos;
Driver info: org.openqa.selenium.remote.RemoteWebDriver
Capabilities {acceptInsecureCerts: true, browserName: firefox, browserVersion: 90.0.2, javascriptEnabled: true, moz:accessibilityChecks: false, moz:buildID: 20210721174149, moz:geckodriverVersion: 0.29.0, moz:headless: false, moz:processID: 15984, moz:profile: /var/folders/66/2l5glm0d18q..., moz:shutdownTimeout: 60000, moz:useNonSpecCompliantPointerOrigin: false, moz:webdriverClick: true, pageLoadStrategy: normal, platform: MAC, platformName: MAC, platformVersion: 20.5.0, proxy: Proxy(), setWindowRect: true, strictFileInteractability: false, timeouts: {implicit: 0, pageLoad: 300000, script: 30000}, unhandledPromptBehavior: dismiss and notify, webdriver.remote.sessionid: d4bad8b3-a014-bc46-9200-77e...}
Session ID: d4bad8b3-a014-bc46-9200-77eedbd3cddd
*** Element info: {Using=xpath, value=//div[@class=&amp;apos;audit-trail-status-name&amp;apos; and text()=&amp;apos;DeclinedByManager&amp;apos;]}">
      <![CDATA[org.openqa.selenium.NoSuchElementException: Unable to locate element: //div[@class='audit-trail-status-name' and text()='DeclinedByManager']
For documentation on this error, please visit: https://www.seleniumhq.org/exceptions/no_such_element.html
Build info: version: '3.141.59', revision: 'e82be7d358', time: '2018-11-14T08:17:03'
System info: host: 'Ramesh-P-Air', ip: '2409:4070:2e1c:ee56:983f:2bf9:3b28:f61e%en0', os.name: 'Mac OS X', os.arch: 'x86_64', os.version: '10.14.6', java.version: '14.0.1'
Driver info: org.openqa.selenium.remote.RemoteWebDriver
Capabilities {acceptInsecureCerts: true, browserName: firefox, browserVersion: 90.0.2, javascriptEnabled: true, moz:accessibilityChecks: false, moz:buildID: 20210721174149, moz:geckodriverVersion: 0.29.0, moz:headless: false, moz:processID: 15984, moz:profile: /var/folders/66/2l5glm0d18q..., moz:shutdownTimeout: 60000, moz:useNonSpecCompliantPointerOrigin: false, moz:webdriverClick: true, pageLoadStrategy: normal, platform: MAC, platformName: MAC, platformVersion: 20.5.0, proxy: Proxy(), setWindowRect: true, strictFileInteractability: false, timeouts: {implicit: 0, pageLoad: 300000, script: 30000}, unhandledPromptBehavior: dismiss and notify, webdriver.remote.sessionid: d4bad8b3-a014-bc46-9200-77e...}
Session ID: d4bad8b3-a014-bc46-9200-77eedbd3cddd
*** Element info: {Using=xpath, value=//div[@class='audit-trail-status-name' and text()='DeclinedByManager']}
at org.openqa.selenium.remote.http.W3CHttpResponseCodec.createException(W3CHttpResponseCodec.java:187)
at org.openqa.selenium.remote.http.W3CHttpResponseCodec.decode(W3CHttpResponseCodec.java:122)
at org.openqa.selenium.remote.http.W3CHttpResponseCodec.decode(W3CHttpResponseCodec.java:49)
at org.openqa.selenium.remote.HttpCommandExecutor.execute(HttpCommandExecutor.java:158)
at org.openqa.selenium.remote.RemoteWebDriver.execute(RemoteWebDriver.java:552)
at org.openqa.selenium.remote.RemoteWebDriver.findElement(RemoteWebDriver.java:323)
at org.openqa.selenium.remote.RemoteWebDriver.findElementByXPath(RemoteWebDriver.java:428)
at org.openqa.selenium.By$ByXPath.findElement(By.java:353)
at org.openqa.selenium.remote.RemoteWebDriver.findElement(RemoteWebDriver.java:315)
at org.openqa.selenium.support.pagefactory.DefaultElementLocator.findElement(DefaultElementLocator.java:69)
at org.openqa.selenium.support.pagefactory.internal.LocatingElementHandler.invoke(LocatingElementHandler.java:38)
at com.sun.proxy.$Proxy31.getText(Unknown Source)
at pageobjects.EmployeeViews.LoadRequestsPage.Verfiyactionstate_manager_Decline(LoadRequestsPage.java:1450)
at testCases.MoneyRequest.MoneyRequestCreateOUP.TC010_DeclineMoneyrequestManager(MoneyRequestCreateOUP.java:303)
at java.base/java.util.concurrent.ThreadPoolExecutor.runWorker(ThreadPoolExecutor.java:1130)
at java.base/java.util.concurrent.ThreadPoolExecutor$Worker.run(ThreadPoolExecutor.java:630)
at java.base/java.lang.Thread.run(Thread.java:832)
... Removed 16 stack frames]]>
    </failure>
  </testcase> <!-- TC010_DeclineMoneyrequestManager -->
  <testcase classname="testCases.Expense.CreateExpenseTestOUP" name="TC014_Expense_MergeExpenseIconinAndMergeExpenseinHamburgerExpenseList" time="0.0">
    <skipped/>
  </testcase> <!-- TC014_Expense_MergeExpenseIconinAndMergeExpenseinHamburgerExpenseList -->
  <testcase classname="testCases.TRF.TRF_TestcasesOUP" name="Test006_SubmitTRF" time="408.749">
    <failure type="org.openqa.selenium.json.JsonException" message="java.lang.reflect.InvocationTargetException
Build info: version: &amp;apos;3.141.59&amp;apos;, revision: &amp;apos;e82be7d358&amp;apos;, time: &amp;apos;2018-11-14T08:17:03&amp;apos;
System info: host: &amp;apos;Ramesh-P-Air&amp;apos;, ip: &amp;apos;2409:4070:2e1c:ee56:983f:2bf9:3b28:f61e%en0&amp;apos;, os.name: &amp;apos;Mac OS X&amp;apos;, os.arch: &amp;apos;x86_64&amp;apos;, os.version: &amp;apos;10.14.6&amp;apos;, java.version: &amp;apos;14.0.1&amp;apos;
Driver info: driver.version: RemoteWebDriver">
      <![CDATA[org.openqa.selenium.json.JsonException: java.lang.reflect.InvocationTargetException
Build info: version: '3.141.59', revision: 'e82be7d358', time: '2018-11-14T08:17:03'
System info: host: 'Ramesh-P-Air', ip: '2409:4070:2e1c:ee56:983f:2bf9:3b28:f61e%en0', os.name: 'Mac OS X', os.arch: 'x86_64', os.version: '10.14.6', java.version: '14.0.1'
Driver info: driver.version: RemoteWebDriver
at org.openqa.selenium.json.JsonOutput.convertUsingMethod(JsonOutput.java:332)
at org.openqa.selenium.json.JsonOutput.lambda$new$16(JsonOutput.java:155)
at org.openqa.selenium.json.JsonOutput.write(JsonOutput.java:264)
at org.openqa.selenium.json.JsonOutput.lambda$null$21(JsonOutput.java:168)
at java.base/java.util.LinkedHashMap$LinkedValues.forEach(LinkedHashMap.java:647)
at org.openqa.selenium.json.JsonOutput.lambda$new$22(JsonOutput.java:168)
at org.openqa.selenium.json.JsonOutput.write(JsonOutput.java:264)
at org.openqa.selenium.json.JsonOutput.lambda$null$23(JsonOutput.java:177)
at com.google.common.collect.SingletonImmutableBiMap.forEach(SingletonImmutableBiMap.java:65)
at org.openqa.selenium.json.JsonOutput.lambda$new$24(JsonOutput.java:176)
at org.openqa.selenium.json.JsonOutput.write(JsonOutput.java:264)
at org.openqa.selenium.json.JsonOutput.write(JsonOutput.java:255)
at org.openqa.selenium.json.Json.toJson(Json.java:42)
at org.openqa.selenium.remote.http.AbstractHttpCommandCodec.encode(AbstractHttpCommandCodec.java:227)
at org.openqa.selenium.remote.http.AbstractHttpCommandCodec.encode(AbstractHttpCommandCodec.java:117)
at org.openqa.selenium.remote.HttpCommandExecutor.execute(HttpCommandExecutor.java:152)
at org.openqa.selenium.remote.RemoteWebDriver.execute(RemoteWebDriver.java:552)
at org.openqa.selenium.remote.RemoteWebDriver.perform(RemoteWebDriver.java:618)
at org.openqa.selenium.interactions.Actions$BuiltAction.perform(Actions.java:639)
at frameworkBase.TestBotElementsWrapper.click_Actions(TestBotElementsWrapper.java:563)
at pageobjects.EmployeeViews.TRFPage.Goto_TRFCreation_Page(TRFPage.java:572)
at testCases.TRF.TRF_TestcasesOUP.Test006_SubmitTRF(TRF_TestcasesOUP.java:131)
at java.base/java.util.concurrent.ThreadPoolExecutor.runWorker(ThreadPoolExecutor.java:1130)
at java.base/java.util.concurrent.ThreadPoolExecutor$Worker.run(ThreadPoolExecutor.java:630)
at java.base/java.lang.Thread.run(Thread.java:832)
Suppressed: org.openqa.selenium.json.JsonException: Attempting to close incomplete json stream
Build info: version: '3.141.59', revision: 'e82be7d358', time: '2018-11-14T08:17:03'
System info: host: 'Ramesh-P-Air', ip: '2409:4070:2e1c:ee56:983f:2bf9:3b28:f61e%en0', os.name: 'Mac OS X', os.arch: 'x86_64', os.version: '10.14.6', java.version: '14.0.1'
Driver info: driver.version: RemoteWebDriver
at org.openqa.selenium.json.JsonOutput.close(JsonOutput.java:279)
at org.openqa.selenium.json.Json.toJson(Json.java:44)
... 24 more
at org.openqa.selenium.json.JsonOutput.convertUsingMethod(JsonOutput.java:328)
... 36 more
Caused by: org.openqa.selenium.NoSuchElementException: Unable to locate element: //a[text()='Travel Requests']
For documentation on this error, please visit: https://www.seleniumhq.org/exceptions/no_such_element.html
Build info: version: '3.141.59', revision: 'e82be7d358', time: '2018-11-14T08:17:03'
System info: host: 'Ramesh-P-Air', ip: '2409:4070:2e1c:ee56:983f:2bf9:3b28:f61e%en0', os.name: 'Mac OS X', os.arch: 'x86_64', os.version: '10.14.6', java.version: '14.0.1'
Driver info: org.openqa.selenium.remote.RemoteWebDriver
Capabilities {acceptInsecureCerts: true, browserName: firefox, browserVersion: 90.0.2, javascriptEnabled: true, moz:accessibilityChecks: false, moz:buildID: 20210721174149, moz:geckodriverVersion: 0.29.0, moz:headless: false, moz:processID: 54335, moz:profile: /var/folders/vl/0xfr13zn0nz..., moz:shutdownTimeout: 60000, moz:useNonSpecCompliantPointerOrigin: false, moz:webdriverClick: true, pageLoadStrategy: normal, platform: MAC, platformName: MAC, platformVersion: 20.5.0, proxy: Proxy(), setWindowRect: true, strictFileInteractability: false, timeouts: {implicit: 0, pageLoad: 300000, script: 30000}, unhandledPromptBehavior: dismiss and notify, webdriver.remote.sessionid: b02f3fb6-581e-4148-89ba-f03...}
Session ID: b02f3fb6-581e-4148-89ba-f03930ebf1de
*** Element info: {Using=xpath, value=//a[text()='Travel Requests']}
at org.openqa.selenium.remote.http.W3CHttpResponseCodec.createException(W3CHttpResponseCodec.java:187)
at org.openqa.selenium.remote.http.W3CHttpResponseCodec.decode(W3CHttpResponseCodec.java:122)
at org.openqa.selenium.remote.http.W3CHttpResponseCodec.decode(W3CHttpResponseCodec.java:49)
at org.openqa.selenium.remote.HttpCommandExecutor.execute(HttpCommandExecutor.java:158)
at org.openqa.selenium.remote.RemoteWebDriver.execute(RemoteWebDriver.java:552)
at org.openqa.selenium.remote.RemoteWebDriver.findElement(RemoteWebDriver.java:323)
at org.openqa.selenium.remote.RemoteWebDriver.findElementByXPath(RemoteWebDriver.java:428)
at org.openqa.selenium.By$ByXPath.findElement(By.java:353)
at org.openqa.selenium.remote.RemoteWebDriver.findElement(RemoteWebDriver.java:315)
at org.openqa.selenium.support.pagefactory.DefaultElementLocator.findElement(DefaultElementLocator.java:69)
at org.openqa.selenium.support.pagefactory.internal.LocatingElementHandler.invoke(LocatingElementHandler.java:38)
at com.sun.proxy.$Proxy31.getWrappedElement(Unknown Source)
at org.openqa.selenium.interactions.PointerInput$Origin.asArg(PointerInput.java:204)
at org.openqa.selenium.interactions.PointerInput$Move.encode(PointerInput.java:155)
at org.openqa.selenium.interactions.Sequence.encode(Sequence.java:75)
at org.openqa.selenium.interactions.Sequence.toJson(Sequence.java:84)
... 41 more
... Removed 21 stack frames]]>
    </failure>
  </testcase> <!-- Test006_SubmitTRF -->
  <testcase classname="testCases.Expense.CreateExpenseTestOUP" name="TC015_Expense_AutoMergeExpenseIconinaAndExpenseBillsExpenseList" time="0.0">
    <skipped/>
  </testcase> <!-- TC015_Expense_AutoMergeExpenseIconinaAndExpenseBillsExpenseList -->
  <testcase classname="testCases.TRF.TRF_TestcasesOUP" name="Test013_ViolatedTRF" time="407.782">
    <skipped/>
  </testcase> <!-- Test013_ViolatedTRF -->
  <testcase classname="testCases.TRF.TRF_TestcasesOUP" name="Test012_TRFDelete" time="407.646">
    <failure type="org.openqa.selenium.json.JsonException" message="java.lang.reflect.InvocationTargetException
Build info: version: &amp;apos;3.141.59&amp;apos;, revision: &amp;apos;e82be7d358&amp;apos;, time: &amp;apos;2018-11-14T08:17:03&amp;apos;
System info: host: &amp;apos;Ramesh-P-Air&amp;apos;, ip: &amp;apos;2409:4070:2e1c:ee56:983f:2bf9:3b28:f61e%en0&amp;apos;, os.name: &amp;apos;Mac OS X&amp;apos;, os.arch: &amp;apos;x86_64&amp;apos;, os.version: &amp;apos;10.14.6&amp;apos;, java.version: &amp;apos;14.0.1&amp;apos;
Driver info: driver.version: RemoteWebDriver">
      <![CDATA[org.openqa.selenium.json.JsonException: java.lang.reflect.InvocationTargetException
Build info: version: '3.141.59', revision: 'e82be7d358', time: '2018-11-14T08:17:03'
System info: host: 'Ramesh-P-Air', ip: '2409:4070:2e1c:ee56:983f:2bf9:3b28:f61e%en0', os.name: 'Mac OS X', os.arch: 'x86_64', os.version: '10.14.6', java.version: '14.0.1'
Driver info: driver.version: RemoteWebDriver
at org.openqa.selenium.json.JsonOutput.convertUsingMethod(JsonOutput.java:332)
at org.openqa.selenium.json.JsonOutput.lambda$new$16(JsonOutput.java:155)
at org.openqa.selenium.json.JsonOutput.write(JsonOutput.java:264)
at org.openqa.selenium.json.JsonOutput.lambda$null$21(JsonOutput.java:168)
at java.base/java.util.LinkedHashMap$LinkedValues.forEach(LinkedHashMap.java:647)
at org.openqa.selenium.json.JsonOutput.lambda$new$22(JsonOutput.java:168)
at org.openqa.selenium.json.JsonOutput.write(JsonOutput.java:264)
at org.openqa.selenium.json.JsonOutput.lambda$null$23(JsonOutput.java:177)
at com.google.common.collect.SingletonImmutableBiMap.forEach(SingletonImmutableBiMap.java:65)
at org.openqa.selenium.json.JsonOutput.lambda$new$24(JsonOutput.java:176)
at org.openqa.selenium.json.JsonOutput.write(JsonOutput.java:264)
at org.openqa.selenium.json.JsonOutput.write(JsonOutput.java:255)
at org.openqa.selenium.json.Json.toJson(Json.java:42)
at org.openqa.selenium.remote.http.AbstractHttpCommandCodec.encode(AbstractHttpCommandCodec.java:227)
at org.openqa.selenium.remote.http.AbstractHttpCommandCodec.encode(AbstractHttpCommandCodec.java:117)
at org.openqa.selenium.remote.HttpCommandExecutor.execute(HttpCommandExecutor.java:152)
at org.openqa.selenium.remote.RemoteWebDriver.execute(RemoteWebDriver.java:552)
at org.openqa.selenium.remote.RemoteWebDriver.perform(RemoteWebDriver.java:618)
at org.openqa.selenium.interactions.Actions$BuiltAction.perform(Actions.java:639)
at frameworkBase.TestBotElementsWrapper.click_Actions(TestBotElementsWrapper.java:563)
at pageobjects.EmployeeViews.TRFPage.Goto_TRF_Page(TRFPage.java:583)
at testCases.TRF.TRF_TestcasesOUP.Test012_TRFDelete(TRF_TestcasesOUP.java:253)
at java.base/java.util.concurrent.ThreadPoolExecutor.runWorker(ThreadPoolExecutor.java:1130)
at java.base/java.util.concurrent.ThreadPoolExecutor$Worker.run(ThreadPoolExecutor.java:630)
at java.base/java.lang.Thread.run(Thread.java:832)
Suppressed: org.openqa.selenium.json.JsonException: Attempting to close incomplete json stream
Build info: version: '3.141.59', revision: 'e82be7d358', time: '2018-11-14T08:17:03'
System info: host: 'Ramesh-P-Air', ip: '2409:4070:2e1c:ee56:983f:2bf9:3b28:f61e%en0', os.name: 'Mac OS X', os.arch: 'x86_64', os.version: '10.14.6', java.version: '14.0.1'
Driver info: driver.version: RemoteWebDriver
at org.openqa.selenium.json.JsonOutput.close(JsonOutput.java:279)
at org.openqa.selenium.json.Json.toJson(Json.java:44)
... 24 more
at org.openqa.selenium.json.JsonOutput.convertUsingMethod(JsonOutput.java:328)
... 36 more
Caused by: org.openqa.selenium.NoSuchElementException: Unable to locate element: //a[text()='Travel Requests']
For documentation on this error, please visit: https://www.seleniumhq.org/exceptions/no_such_element.html
Build info: version: '3.141.59', revision: 'e82be7d358', time: '2018-11-14T08:17:03'
System info: host: 'Ramesh-P-Air', ip: '2409:4070:2e1c:ee56:983f:2bf9:3b28:f61e%en0', os.name: 'Mac OS X', os.arch: 'x86_64', os.version: '10.14.6', java.version: '14.0.1'
Driver info: org.openqa.selenium.remote.RemoteWebDriver
Capabilities {acceptInsecureCerts: true, browserName: firefox, browserVersion: 90.0.2, javascriptEnabled: true, moz:accessibilityChecks: false, moz:buildID: 20210721174149, moz:geckodriverVersion: 0.29.0, moz:headless: false, moz:processID: 50228, moz:profile: /var/folders/s0/h2xfsvn150n..., moz:shutdownTimeout: 60000, moz:useNonSpecCompliantPointerOrigin: false, moz:webdriverClick: true, pageLoadStrategy: normal, platform: MAC, platformName: MAC, platformVersion: 20.4.0, proxy: Proxy(), setWindowRect: true, strictFileInteractability: false, timeouts: {implicit: 0, pageLoad: 300000, script: 30000}, unhandledPromptBehavior: dismiss and notify, webdriver.remote.sessionid: 4aa32785-3c49-d045-8872-86d...}
Session ID: 4aa32785-3c49-d045-8872-86d9ab4ce4ab
*** Element info: {Using=xpath, value=//a[text()='Travel Requests']}
at org.openqa.selenium.remote.http.W3CHttpResponseCodec.createException(W3CHttpResponseCodec.java:187)
at org.openqa.selenium.remote.http.W3CHttpResponseCodec.decode(W3CHttpResponseCodec.java:122)
at org.openqa.selenium.remote.http.W3CHttpResponseCodec.decode(W3CHttpResponseCodec.java:49)
at org.openqa.selenium.remote.HttpCommandExecutor.execute(HttpCommandExecutor.java:158)
at org.openqa.selenium.remote.RemoteWebDriver.execute(RemoteWebDriver.java:552)
at org.openqa.selenium.remote.RemoteWebDriver.findElement(RemoteWebDriver.java:323)
at org.openqa.selenium.remote.RemoteWebDriver.findElementByXPath(RemoteWebDriver.java:428)
at org.openqa.selenium.By$ByXPath.findElement(By.java:353)
at org.openqa.selenium.remote.RemoteWebDriver.findElement(RemoteWebDriver.java:315)
at org.openqa.selenium.support.pagefactory.DefaultElementLocator.findElement(DefaultElementLocator.java:69)
at org.openqa.selenium.support.pagefactory.internal.LocatingElementHandler.invoke(LocatingElementHandler.java:38)
at com.sun.proxy.$Proxy31.getWrappedElement(Unknown Source)
at org.openqa.selenium.interactions.PointerInput$Origin.asArg(PointerInput.java:204)
at org.openqa.selenium.interactions.PointerInput$Move.encode(PointerInput.java:155)
at org.openqa.selenium.interactions.Sequence.encode(Sequence.java:75)
at org.openqa.selenium.interactions.Sequence.toJson(Sequence.java:84)
... 41 more
... Removed 21 stack frames]]>
    </failure>
  </testcase> <!-- Test012_TRFDelete -->
  <testcase classname="testCases.Expense.CreateExpenseTestOUP" name="TC016_Expense_UnMerge" time="0.0">
    <skipped/>
  </testcase> <!-- TC016_Expense_UnMerge -->
  <testcase classname="testCases.TRF.TRF_TestcasesOUP" name="Test014_NotViolatedTRF" time="406.311">
    <skipped/>
  </testcase> <!-- Test014_NotViolatedTRF -->
  <testcase classname="testCases.TRF.TRF_TestcasesOUP" name="Test015_TRFExport" time="407.548">
    <skipped/>
  </testcase> <!-- Test015_TRFExport -->
  <testcase classname="testCases.TRF.TRF_TestcasesOUP" name="Test013_ViolatedTRF" time="405.234">
    <failure type="org.openqa.selenium.json.JsonException" message="java.lang.reflect.InvocationTargetException
Build info: version: &amp;apos;3.141.59&amp;apos;, revision: &amp;apos;e82be7d358&amp;apos;, time: &amp;apos;2018-11-14T08:17:03&amp;apos;
System info: host: &amp;apos;Ramesh-P-Air&amp;apos;, ip: &amp;apos;2409:4070:2e1c:ee56:983f:2bf9:3b28:f61e%en0&amp;apos;, os.name: &amp;apos;Mac OS X&amp;apos;, os.arch: &amp;apos;x86_64&amp;apos;, os.version: &amp;apos;10.14.6&amp;apos;, java.version: &amp;apos;14.0.1&amp;apos;
Driver info: driver.version: RemoteWebDriver">
      <![CDATA[org.openqa.selenium.json.JsonException: java.lang.reflect.InvocationTargetException
Build info: version: '3.141.59', revision: 'e82be7d358', time: '2018-11-14T08:17:03'
System info: host: 'Ramesh-P-Air', ip: '2409:4070:2e1c:ee56:983f:2bf9:3b28:f61e%en0', os.name: 'Mac OS X', os.arch: 'x86_64', os.version: '10.14.6', java.version: '14.0.1'
Driver info: driver.version: RemoteWebDriver
at org.openqa.selenium.json.JsonOutput.convertUsingMethod(JsonOutput.java:332)
at org.openqa.selenium.json.JsonOutput.lambda$new$16(JsonOutput.java:155)
at org.openqa.selenium.json.JsonOutput.write(JsonOutput.java:264)
at org.openqa.selenium.json.JsonOutput.lambda$null$21(JsonOutput.java:168)
at java.base/java.util.LinkedHashMap$LinkedValues.forEach(LinkedHashMap.java:647)
at org.openqa.selenium.json.JsonOutput.lambda$new$22(JsonOutput.java:168)
at org.openqa.selenium.json.JsonOutput.write(JsonOutput.java:264)
at org.openqa.selenium.json.JsonOutput.lambda$null$23(JsonOutput.java:177)
at com.google.common.collect.SingletonImmutableBiMap.forEach(SingletonImmutableBiMap.java:65)
at org.openqa.selenium.json.JsonOutput.lambda$new$24(JsonOutput.java:176)
at org.openqa.selenium.json.JsonOutput.write(JsonOutput.java:264)
at org.openqa.selenium.json.JsonOutput.write(JsonOutput.java:255)
at org.openqa.selenium.json.Json.toJson(Json.java:42)
at org.openqa.selenium.remote.http.AbstractHttpCommandCodec.encode(AbstractHttpCommandCodec.java:227)
at org.openqa.selenium.remote.http.AbstractHttpCommandCodec.encode(AbstractHttpCommandCodec.java:117)
at org.openqa.selenium.remote.HttpCommandExecutor.execute(HttpCommandExecutor.java:152)
at org.openqa.selenium.remote.RemoteWebDriver.execute(RemoteWebDriver.java:552)
at org.openqa.selenium.remote.RemoteWebDriver.perform(RemoteWebDriver.java:618)
at org.openqa.selenium.interactions.Actions$BuiltAction.perform(Actions.java:639)
at frameworkBase.TestBotElementsWrapper.click_Actions(TestBotElementsWrapper.java:563)
at pageobjects.EmployeeViews.TRFPage.Goto_TRF_Page(TRFPage.java:583)
at testCases.TRF.TRF_TestcasesOUP.Test013_ViolatedTRF(TRF_TestcasesOUP.java:272)
at java.base/java.util.concurrent.ThreadPoolExecutor.runWorker(ThreadPoolExecutor.java:1130)
at java.base/java.util.concurrent.ThreadPoolExecutor$Worker.run(ThreadPoolExecutor.java:630)
at java.base/java.lang.Thread.run(Thread.java:832)
Suppressed: org.openqa.selenium.json.JsonException: Attempting to close incomplete json stream
Build info: version: '3.141.59', revision: 'e82be7d358', time: '2018-11-14T08:17:03'
System info: host: 'Ramesh-P-Air', ip: '2409:4070:2e1c:ee56:983f:2bf9:3b28:f61e%en0', os.name: 'Mac OS X', os.arch: 'x86_64', os.version: '10.14.6', java.version: '14.0.1'
Driver info: driver.version: RemoteWebDriver
at org.openqa.selenium.json.JsonOutput.close(JsonOutput.java:279)
at org.openqa.selenium.json.Json.toJson(Json.java:44)
... 24 more
at org.openqa.selenium.json.JsonOutput.convertUsingMethod(JsonOutput.java:328)
... 36 more
Caused by: org.openqa.selenium.NoSuchElementException: Unable to locate element: //a[text()='Travel Requests']
For documentation on this error, please visit: https://www.seleniumhq.org/exceptions/no_such_element.html
Build info: version: '3.141.59', revision: 'e82be7d358', time: '2018-11-14T08:17:03'
System info: host: 'Ramesh-P-Air', ip: '2409:4070:2e1c:ee56:983f:2bf9:3b28:f61e%en0', os.name: 'Mac OS X', os.arch: 'x86_64', os.version: '10.14.6', java.version: '14.0.1'
Driver info: org.openqa.selenium.remote.RemoteWebDriver
Capabilities {acceptInsecureCerts: true, browserName: firefox, browserVersion: 90.0.2, javascriptEnabled: true, moz:accessibilityChecks: false, moz:buildID: 20210721174149, moz:geckodriverVersion: 0.29.0, moz:headless: false, moz:processID: 19361, moz:profile: /var/folders/4c/lg2hcd3x1cq..., moz:shutdownTimeout: 60000, moz:useNonSpecCompliantPointerOrigin: false, moz:webdriverClick: true, pageLoadStrategy: normal, platform: MAC, platformName: MAC, platformVersion: 20.4.0, proxy: Proxy(), setWindowRect: true, strictFileInteractability: false, timeouts: {implicit: 0, pageLoad: 300000, script: 30000}, unhandledPromptBehavior: dismiss and notify, webdriver.remote.sessionid: 41c4666d-726b-c941-a00d-3e5...}
Session ID: 41c4666d-726b-c941-a00d-3e520e2bb472
*** Element info: {Using=xpath, value=//a[text()='Travel Requests']}
at org.openqa.selenium.remote.http.W3CHttpResponseCodec.createException(W3CHttpResponseCodec.java:187)
at org.openqa.selenium.remote.http.W3CHttpResponseCodec.decode(W3CHttpResponseCodec.java:122)
at org.openqa.selenium.remote.http.W3CHttpResponseCodec.decode(W3CHttpResponseCodec.java:49)
at org.openqa.selenium.remote.HttpCommandExecutor.execute(HttpCommandExecutor.java:158)
at org.openqa.selenium.remote.RemoteWebDriver.execute(RemoteWebDriver.java:552)
at org.openqa.selenium.remote.RemoteWebDriver.findElement(RemoteWebDriver.java:323)
at org.openqa.selenium.remote.RemoteWebDriver.findElementByXPath(RemoteWebDriver.java:428)
at org.openqa.selenium.By$ByXPath.findElement(By.java:353)
at org.openqa.selenium.remote.RemoteWebDriver.findElement(RemoteWebDriver.java:315)
at org.openqa.selenium.support.pagefactory.DefaultElementLocator.findElement(DefaultElementLocator.java:69)
at org.openqa.selenium.support.pagefactory.internal.LocatingElementHandler.invoke(LocatingElementHandler.java:38)
at com.sun.proxy.$Proxy31.getWrappedElement(Unknown Source)
at org.openqa.selenium.interactions.PointerInput$Origin.asArg(PointerInput.java:204)
at org.openqa.selenium.interactions.PointerInput$Move.encode(PointerInput.java:155)
at org.openqa.selenium.interactions.Sequence.encode(Sequence.java:75)
at org.openqa.selenium.interactions.Sequence.toJson(Sequence.java:84)
... 40 more
... Removed 20 stack frames]]>
    </failure>
  </testcase> <!-- Test013_ViolatedTRF -->
  <testcase classname="testCases.Expense.CreateExpenseTestOUP" name="TC017_Expense_MergeExpenseWithoutSelectingMergableTransaction" time="0.0">
    <skipped/>
  </testcase> <!-- TC017_Expense_MergeExpenseWithoutSelectingMergableTransaction -->
  <testcase classname="testCases.Expense.MergeExpenseAutomationOrg" name="TC014_Expense_EditMergeExpenseDetails" time="795.754">
    <skipped/>
  </testcase> <!-- TC014_Expense_EditMergeExpenseDetails -->
  <testcase classname="testCases.TRF.TRF_TestcasesOUP" name="Test016_downloadPolicyException" time="409.334">
    <skipped/>
  </testcase> <!-- Test016_downloadPolicyException -->
  <testcase classname="testCases.TRF.TRF_TestcasesOUP" name="Test014_NotViolatedTRF" time="408.952">
    <failure type="org.openqa.selenium.json.JsonException" message="java.lang.reflect.InvocationTargetException
Build info: version: &amp;apos;3.141.59&amp;apos;, revision: &amp;apos;e82be7d358&amp;apos;, time: &amp;apos;2018-11-14T08:17:03&amp;apos;
System info: host: &amp;apos;Ramesh-P-Air&amp;apos;, ip: &amp;apos;2409:4070:2e1c:ee56:983f:2bf9:3b28:f61e%en0&amp;apos;, os.name: &amp;apos;Mac OS X&amp;apos;, os.arch: &amp;apos;x86_64&amp;apos;, os.version: &amp;apos;10.14.6&amp;apos;, java.version: &amp;apos;14.0.1&amp;apos;
Driver info: driver.version: RemoteWebDriver">
      <![CDATA[org.openqa.selenium.json.JsonException: java.lang.reflect.InvocationTargetException
Build info: version: '3.141.59', revision: 'e82be7d358', time: '2018-11-14T08:17:03'
System info: host: 'Ramesh-P-Air', ip: '2409:4070:2e1c:ee56:983f:2bf9:3b28:f61e%en0', os.name: 'Mac OS X', os.arch: 'x86_64', os.version: '10.14.6', java.version: '14.0.1'
Driver info: driver.version: RemoteWebDriver
at org.openqa.selenium.json.JsonOutput.convertUsingMethod(JsonOutput.java:332)
at org.openqa.selenium.json.JsonOutput.lambda$new$16(JsonOutput.java:155)
at org.openqa.selenium.json.JsonOutput.write(JsonOutput.java:264)
at org.openqa.selenium.json.JsonOutput.lambda$null$21(JsonOutput.java:168)
at java.base/java.util.LinkedHashMap$LinkedValues.forEach(LinkedHashMap.java:647)
at org.openqa.selenium.json.JsonOutput.lambda$new$22(JsonOutput.java:168)
at org.openqa.selenium.json.JsonOutput.write(JsonOutput.java:264)
at org.openqa.selenium.json.JsonOutput.lambda$null$23(JsonOutput.java:177)
at com.google.common.collect.SingletonImmutableBiMap.forEach(SingletonImmutableBiMap.java:65)
at org.openqa.selenium.json.JsonOutput.lambda$new$24(JsonOutput.java:176)
at org.openqa.selenium.json.JsonOutput.write(JsonOutput.java:264)
at org.openqa.selenium.json.JsonOutput.write(JsonOutput.java:255)
at org.openqa.selenium.json.Json.toJson(Json.java:42)
at org.openqa.selenium.remote.http.AbstractHttpCommandCodec.encode(AbstractHttpCommandCodec.java:227)
at org.openqa.selenium.remote.http.AbstractHttpCommandCodec.encode(AbstractHttpCommandCodec.java:117)
at org.openqa.selenium.remote.HttpCommandExecutor.execute(HttpCommandExecutor.java:152)
at org.openqa.selenium.remote.RemoteWebDriver.execute(RemoteWebDriver.java:552)
at org.openqa.selenium.remote.RemoteWebDriver.perform(RemoteWebDriver.java:618)
at org.openqa.selenium.interactions.Actions$BuiltAction.perform(Actions.java:639)
at frameworkBase.TestBotElementsWrapper.click_Actions(TestBotElementsWrapper.java:563)
at pageobjects.EmployeeViews.TRFPage.Goto_TRF_Page(TRFPage.java:583)
at testCases.TRF.TRF_TestcasesOUP.Test014_NotViolatedTRF(TRF_TestcasesOUP.java:288)
at java.base/java.util.concurrent.ThreadPoolExecutor.runWorker(ThreadPoolExecutor.java:1130)
at java.base/java.util.concurrent.ThreadPoolExecutor$Worker.run(ThreadPoolExecutor.java:630)
at java.base/java.lang.Thread.run(Thread.java:832)
Suppressed: org.openqa.selenium.json.JsonException: Attempting to close incomplete json stream
Build info: version: '3.141.59', revision: 'e82be7d358', time: '2018-11-14T08:17:03'
System info: host: 'Ramesh-P-Air', ip: '2409:4070:2e1c:ee56:983f:2bf9:3b28:f61e%en0', os.name: 'Mac OS X', os.arch: 'x86_64', os.version: '10.14.6', java.version: '14.0.1'
Driver info: driver.version: RemoteWebDriver
at org.openqa.selenium.json.JsonOutput.close(JsonOutput.java:279)
at org.openqa.selenium.json.Json.toJson(Json.java:44)
... 24 more
at org.openqa.selenium.json.JsonOutput.convertUsingMethod(JsonOutput.java:328)
... 36 more
Caused by: org.openqa.selenium.NoSuchElementException: Unable to locate element: //a[text()='Travel Requests']
For documentation on this error, please visit: https://www.seleniumhq.org/exceptions/no_such_element.html
Build info: version: '3.141.59', revision: 'e82be7d358', time: '2018-11-14T08:17:03'
System info: host: 'Ramesh-P-Air', ip: '2409:4070:2e1c:ee56:983f:2bf9:3b28:f61e%en0', os.name: 'Mac OS X', os.arch: 'x86_64', os.version: '10.14.6', java.version: '14.0.1'
Driver info: org.openqa.selenium.remote.RemoteWebDriver
Capabilities {acceptInsecureCerts: true, browserName: firefox, browserVersion: 90.0.2, javascriptEnabled: true, moz:accessibilityChecks: false, moz:buildID: 20210721174149, moz:geckodriverVersion: 0.29.0, moz:headless: false, moz:processID: 10179, moz:profile: /var/folders/s0/h2xfsvn150n..., moz:shutdownTimeout: 60000, moz:useNonSpecCompliantPointerOrigin: false, moz:webdriverClick: true, pageLoadStrategy: normal, platform: MAC, platformName: MAC, platformVersion: 20.5.0, proxy: Proxy(), setWindowRect: true, strictFileInteractability: false, timeouts: {implicit: 0, pageLoad: 300000, script: 30000}, unhandledPromptBehavior: dismiss and notify, webdriver.remote.sessionid: 9b8ce8aa-938c-bb42-a70f-be9...}
Session ID: 9b8ce8aa-938c-bb42-a70f-be9ede489633
*** Element info: {Using=xpath, value=//a[text()='Travel Requests']}
at org.openqa.selenium.remote.http.W3CHttpResponseCodec.createException(W3CHttpResponseCodec.java:187)
at org.openqa.selenium.remote.http.W3CHttpResponseCodec.decode(W3CHttpResponseCodec.java:122)
at org.openqa.selenium.remote.http.W3CHttpResponseCodec.decode(W3CHttpResponseCodec.java:49)
at org.openqa.selenium.remote.HttpCommandExecutor.execute(HttpCommandExecutor.java:158)
at org.openqa.selenium.remote.RemoteWebDriver.execute(RemoteWebDriver.java:552)
at org.openqa.selenium.remote.RemoteWebDriver.findElement(RemoteWebDriver.java:323)
at org.openqa.selenium.remote.RemoteWebDriver.findElementByXPath(RemoteWebDriver.java:428)
at org.openqa.selenium.By$ByXPath.findElement(By.java:353)
at org.openqa.selenium.remote.RemoteWebDriver.findElement(RemoteWebDriver.java:315)
at org.openqa.selenium.support.pagefactory.DefaultElementLocator.findElement(DefaultElementLocator.java:69)
at org.openqa.selenium.support.pagefactory.internal.LocatingElementHandler.invoke(LocatingElementHandler.java:38)
at com.sun.proxy.$Proxy31.getWrappedElement(Unknown Source)
at org.openqa.selenium.interactions.PointerInput$Origin.asArg(PointerInput.java:204)
at org.openqa.selenium.interactions.PointerInput$Move.encode(PointerInput.java:155)
at org.openqa.selenium.interactions.Sequence.encode(Sequence.java:75)
at org.openqa.selenium.interactions.Sequence.toJson(Sequence.java:84)
... 40 more
... Removed 20 stack frames]]>
    </failure>
  </testcase> <!-- Test014_NotViolatedTRF -->
  <testcase classname="testCases.TRF.TRF_TestcasesOUP" name="Test015_TRFExport" time="409.615">
    <failure type="org.openqa.selenium.json.JsonException" message="java.lang.reflect.InvocationTargetException
Build info: version: &amp;apos;3.141.59&amp;apos;, revision: &amp;apos;e82be7d358&amp;apos;, time: &amp;apos;2018-11-14T08:17:03&amp;apos;
System info: host: &amp;apos;Ramesh-P-Air&amp;apos;, ip: &amp;apos;2409:4070:2e1c:ee56:983f:2bf9:3b28:f61e%en0&amp;apos;, os.name: &amp;apos;Mac OS X&amp;apos;, os.arch: &amp;apos;x86_64&amp;apos;, os.version: &amp;apos;10.14.6&amp;apos;, java.version: &amp;apos;14.0.1&amp;apos;
Driver info: driver.version: RemoteWebDriver">
      <![CDATA[org.openqa.selenium.json.JsonException: java.lang.reflect.InvocationTargetException
Build info: version: '3.141.59', revision: 'e82be7d358', time: '2018-11-14T08:17:03'
System info: host: 'Ramesh-P-Air', ip: '2409:4070:2e1c:ee56:983f:2bf9:3b28:f61e%en0', os.name: 'Mac OS X', os.arch: 'x86_64', os.version: '10.14.6', java.version: '14.0.1'
Driver info: driver.version: RemoteWebDriver
at org.openqa.selenium.json.JsonOutput.convertUsingMethod(JsonOutput.java:332)
at org.openqa.selenium.json.JsonOutput.lambda$new$16(JsonOutput.java:155)
at org.openqa.selenium.json.JsonOutput.write(JsonOutput.java:264)
at org.openqa.selenium.json.JsonOutput.lambda$null$21(JsonOutput.java:168)
at java.base/java.util.LinkedHashMap$LinkedValues.forEach(LinkedHashMap.java:647)
at org.openqa.selenium.json.JsonOutput.lambda$new$22(JsonOutput.java:168)
at org.openqa.selenium.json.JsonOutput.write(JsonOutput.java:264)
at org.openqa.selenium.json.JsonOutput.lambda$null$23(JsonOutput.java:177)
at com.google.common.collect.SingletonImmutableBiMap.forEach(SingletonImmutableBiMap.java:65)
at org.openqa.selenium.json.JsonOutput.lambda$new$24(JsonOutput.java:176)
at org.openqa.selenium.json.JsonOutput.write(JsonOutput.java:264)
at org.openqa.selenium.json.JsonOutput.write(JsonOutput.java:255)
at org.openqa.selenium.json.Json.toJson(Json.java:42)
at org.openqa.selenium.remote.http.AbstractHttpCommandCodec.encode(AbstractHttpCommandCodec.java:227)
at org.openqa.selenium.remote.http.AbstractHttpCommandCodec.encode(AbstractHttpCommandCodec.java:117)
at org.openqa.selenium.remote.HttpCommandExecutor.execute(HttpCommandExecutor.java:152)
at org.openqa.selenium.remote.RemoteWebDriver.execute(RemoteWebDriver.java:552)
at org.openqa.selenium.remote.RemoteWebDriver.perform(RemoteWebDriver.java:618)
at org.openqa.selenium.interactions.Actions$BuiltAction.perform(Actions.java:639)
at frameworkBase.TestBotElementsWrapper.click_Actions(TestBotElementsWrapper.java:563)
at pageobjects.EmployeeViews.TRFPage.Goto_TRF_Page(TRFPage.java:583)
at testCases.TRF.TRF_TestcasesOUP.Test015_TRFExport(TRF_TestcasesOUP.java:304)
at java.base/java.util.concurrent.ThreadPoolExecutor.runWorker(ThreadPoolExecutor.java:1130)
at java.base/java.util.concurrent.ThreadPoolExecutor$Worker.run(ThreadPoolExecutor.java:630)
at java.base/java.lang.Thread.run(Thread.java:832)
Suppressed: org.openqa.selenium.json.JsonException: Attempting to close incomplete json stream
Build info: version: '3.141.59', revision: 'e82be7d358', time: '2018-11-14T08:17:03'
System info: host: 'Ramesh-P-Air', ip: '2409:4070:2e1c:ee56:983f:2bf9:3b28:f61e%en0', os.name: 'Mac OS X', os.arch: 'x86_64', os.version: '10.14.6', java.version: '14.0.1'
Driver info: driver.version: RemoteWebDriver
at org.openqa.selenium.json.JsonOutput.close(JsonOutput.java:279)
at org.openqa.selenium.json.Json.toJson(Json.java:44)
... 24 more
at org.openqa.selenium.json.JsonOutput.convertUsingMethod(JsonOutput.java:328)
... 36 more
Caused by: org.openqa.selenium.NoSuchElementException: Unable to locate element: //a[text()='Travel Requests']
For documentation on this error, please visit: https://www.seleniumhq.org/exceptions/no_such_element.html
Build info: version: '3.141.59', revision: 'e82be7d358', time: '2018-11-14T08:17:03'
System info: host: 'Ramesh-P-Air', ip: '2409:4070:2e1c:ee56:983f:2bf9:3b28:f61e%en0', os.name: 'Mac OS X', os.arch: 'x86_64', os.version: '10.14.6', java.version: '14.0.1'
Driver info: org.openqa.selenium.remote.RemoteWebDriver
Capabilities {acceptInsecureCerts: true, browserName: firefox, browserVersion: 90.0.2, javascriptEnabled: true, moz:accessibilityChecks: false, moz:buildID: 20210721174149, moz:geckodriverVersion: 0.29.0, moz:headless: false, moz:processID: 54995, moz:profile: /var/folders/vl/0xfr13zn0nz..., moz:shutdownTimeout: 60000, moz:useNonSpecCompliantPointerOrigin: false, moz:webdriverClick: true, pageLoadStrategy: normal, platform: MAC, platformName: MAC, platformVersion: 20.5.0, proxy: Proxy(), setWindowRect: true, strictFileInteractability: false, timeouts: {implicit: 0, pageLoad: 300000, script: 30000}, unhandledPromptBehavior: dismiss and notify, webdriver.remote.sessionid: 1ca5652f-5a67-b041-802e-059...}
Session ID: 1ca5652f-5a67-b041-802e-05994f150e01
*** Element info: {Using=xpath, value=//a[text()='Travel Requests']}
at org.openqa.selenium.remote.http.W3CHttpResponseCodec.createException(W3CHttpResponseCodec.java:187)
at org.openqa.selenium.remote.http.W3CHttpResponseCodec.decode(W3CHttpResponseCodec.java:122)
at org.openqa.selenium.remote.http.W3CHttpResponseCodec.decode(W3CHttpResponseCodec.java:49)
at org.openqa.selenium.remote.HttpCommandExecutor.execute(HttpCommandExecutor.java:158)
at org.openqa.selenium.remote.RemoteWebDriver.execute(RemoteWebDriver.java:552)
at org.openqa.selenium.remote.RemoteWebDriver.findElement(RemoteWebDriver.java:323)
at org.openqa.selenium.remote.RemoteWebDriver.findElementByXPath(RemoteWebDriver.java:428)
at org.openqa.selenium.By$ByXPath.findElement(By.java:353)
at org.openqa.selenium.remote.RemoteWebDriver.findElement(RemoteWebDriver.java:315)
at org.openqa.selenium.support.pagefactory.DefaultElementLocator.findElement(DefaultElementLocator.java:69)
at org.openqa.selenium.support.pagefactory.internal.LocatingElementHandler.invoke(LocatingElementHandler.java:38)
at com.sun.proxy.$Proxy31.getWrappedElement(Unknown Source)
at org.openqa.selenium.interactions.PointerInput$Origin.asArg(PointerInput.java:204)
at org.openqa.selenium.interactions.PointerInput$Move.encode(PointerInput.java:155)
at org.openqa.selenium.interactions.Sequence.encode(Sequence.java:75)
at org.openqa.selenium.interactions.Sequence.toJson(Sequence.java:84)
... 40 more
... Removed 20 stack frames]]>
    </failure>
  </testcase> <!-- Test015_TRFExport -->
  <testcase classname="testCases.Expense.CreateExpenseTestOUP" name="TC019_Expense_DeleteFromHamburger" time="0.0">
    <skipped/>
  </testcase> <!-- TC019_Expense_DeleteFromHamburger -->
  <testcase classname="testCases.TRF.TRF_TestcasesOUP" name="Test017_downloadWorkflowComments" time="408.254">
    <skipped/>
  </testcase> <!-- Test017_downloadWorkflowComments -->
  <testcase classname="testCases.Reports.ReportsModuleTestsOUP" name="TC001_createReportWithoutMandatoryFields" time="124.661"/>
  <testcase classname="testCases.TRF.TRF_TestcasesOUP" name="Test016_downloadPolicyException" time="410.072">
    <failure type="org.openqa.selenium.json.JsonException" message="java.lang.reflect.InvocationTargetException
Build info: version: &amp;apos;3.141.59&amp;apos;, revision: &amp;apos;e82be7d358&amp;apos;, time: &amp;apos;2018-11-14T08:17:03&amp;apos;
System info: host: &amp;apos;Ramesh-P-Air&amp;apos;, ip: &amp;apos;2409:4070:2e1c:ee56:983f:2bf9:3b28:f61e%en0&amp;apos;, os.name: &amp;apos;Mac OS X&amp;apos;, os.arch: &amp;apos;x86_64&amp;apos;, os.version: &amp;apos;10.14.6&amp;apos;, java.version: &amp;apos;14.0.1&amp;apos;
Driver info: driver.version: RemoteWebDriver">
      <![CDATA[org.openqa.selenium.json.JsonException: java.lang.reflect.InvocationTargetException
Build info: version: '3.141.59', revision: 'e82be7d358', time: '2018-11-14T08:17:03'
System info: host: 'Ramesh-P-Air', ip: '2409:4070:2e1c:ee56:983f:2bf9:3b28:f61e%en0', os.name: 'Mac OS X', os.arch: 'x86_64', os.version: '10.14.6', java.version: '14.0.1'
Driver info: driver.version: RemoteWebDriver
at org.openqa.selenium.json.JsonOutput.convertUsingMethod(JsonOutput.java:332)
at org.openqa.selenium.json.JsonOutput.lambda$new$16(JsonOutput.java:155)
at org.openqa.selenium.json.JsonOutput.write(JsonOutput.java:264)
at org.openqa.selenium.json.JsonOutput.lambda$null$21(JsonOutput.java:168)
at java.base/java.util.LinkedHashMap$LinkedValues.forEach(LinkedHashMap.java:647)
at org.openqa.selenium.json.JsonOutput.lambda$new$22(JsonOutput.java:168)
at org.openqa.selenium.json.JsonOutput.write(JsonOutput.java:264)
at org.openqa.selenium.json.JsonOutput.lambda$null$23(JsonOutput.java:177)
at com.google.common.collect.SingletonImmutableBiMap.forEach(SingletonImmutableBiMap.java:65)
at org.openqa.selenium.json.JsonOutput.lambda$new$24(JsonOutput.java:176)
at org.openqa.selenium.json.JsonOutput.write(JsonOutput.java:264)
at org.openqa.selenium.json.JsonOutput.write(JsonOutput.java:255)
at org.openqa.selenium.json.Json.toJson(Json.java:42)
at org.openqa.selenium.remote.http.AbstractHttpCommandCodec.encode(AbstractHttpCommandCodec.java:227)
at org.openqa.selenium.remote.http.AbstractHttpCommandCodec.encode(AbstractHttpCommandCodec.java:117)
at org.openqa.selenium.remote.HttpCommandExecutor.execute(HttpCommandExecutor.java:152)
at org.openqa.selenium.remote.RemoteWebDriver.execute(RemoteWebDriver.java:552)
at org.openqa.selenium.remote.RemoteWebDriver.perform(RemoteWebDriver.java:618)
at org.openqa.selenium.interactions.Actions$BuiltAction.perform(Actions.java:639)
at frameworkBase.TestBotElementsWrapper.click_Actions(TestBotElementsWrapper.java:563)
at pageobjects.EmployeeViews.TRFPage.Goto_TRF_Page(TRFPage.java:583)
at testCases.TRF.TRF_TestcasesOUP.Test016_downloadPolicyException(TRF_TestcasesOUP.java:318)
at java.base/java.util.concurrent.ThreadPoolExecutor.runWorker(ThreadPoolExecutor.java:1130)
at java.base/java.util.concurrent.ThreadPoolExecutor$Worker.run(ThreadPoolExecutor.java:630)
at java.base/java.lang.Thread.run(Thread.java:832)
Suppressed: org.openqa.selenium.json.JsonException: Attempting to close incomplete json stream
Build info: version: '3.141.59', revision: 'e82be7d358', time: '2018-11-14T08:17:03'
System info: host: 'Ramesh-P-Air', ip: '2409:4070:2e1c:ee56:983f:2bf9:3b28:f61e%en0', os.name: 'Mac OS X', os.arch: 'x86_64', os.version: '10.14.6', java.version: '14.0.1'
Driver info: driver.version: RemoteWebDriver
at org.openqa.selenium.json.JsonOutput.close(JsonOutput.java:279)
at org.openqa.selenium.json.Json.toJson(Json.java:44)
... 24 more
at org.openqa.selenium.json.JsonOutput.convertUsingMethod(JsonOutput.java:328)
... 36 more
Caused by: org.openqa.selenium.NoSuchElementException: Unable to locate element: //a[text()='Travel Requests']
For documentation on this error, please visit: https://www.seleniumhq.org/exceptions/no_such_element.html
Build info: version: '3.141.59', revision: 'e82be7d358', time: '2018-11-14T08:17:03'
System info: host: 'Ramesh-P-Air', ip: '2409:4070:2e1c:ee56:983f:2bf9:3b28:f61e%en0', os.name: 'Mac OS X', os.arch: 'x86_64', os.version: '10.14.6', java.version: '14.0.1'
Driver info: org.openqa.selenium.remote.RemoteWebDriver
Capabilities {acceptInsecureCerts: true, browserName: firefox, browserVersion: 90.0.2, javascriptEnabled: true, moz:accessibilityChecks: false, moz:buildID: 20210721174149, moz:geckodriverVersion: 0.29.0, moz:headless: false, moz:processID: 15849, moz:profile: /var/folders/jm/f3b6h5jx2z3..., moz:shutdownTimeout: 60000, moz:useNonSpecCompliantPointerOrigin: false, moz:webdriverClick: true, pageLoadStrategy: normal, platform: MAC, platformName: MAC, platformVersion: 20.5.0, proxy: Proxy(), setWindowRect: true, strictFileInteractability: false, timeouts: {implicit: 0, pageLoad: 300000, script: 30000}, unhandledPromptBehavior: dismiss and notify, webdriver.remote.sessionid: fd2b3994-d5e6-8447-aa50-760...}
Session ID: fd2b3994-d5e6-8447-aa50-76088a71837b
*** Element info: {Using=xpath, value=//a[text()='Travel Requests']}
at org.openqa.selenium.remote.http.W3CHttpResponseCodec.createException(W3CHttpResponseCodec.java:187)
at org.openqa.selenium.remote.http.W3CHttpResponseCodec.decode(W3CHttpResponseCodec.java:122)
at org.openqa.selenium.remote.http.W3CHttpResponseCodec.decode(W3CHttpResponseCodec.java:49)
at org.openqa.selenium.remote.HttpCommandExecutor.execute(HttpCommandExecutor.java:158)
at org.openqa.selenium.remote.RemoteWebDriver.execute(RemoteWebDriver.java:552)
at org.openqa.selenium.remote.RemoteWebDriver.findElement(RemoteWebDriver.java:323)
at org.openqa.selenium.remote.RemoteWebDriver.findElementByXPath(RemoteWebDriver.java:428)
at org.openqa.selenium.By$ByXPath.findElement(By.java:353)
at org.openqa.selenium.remote.RemoteWebDriver.findElement(RemoteWebDriver.java:315)
at org.openqa.selenium.support.pagefactory.DefaultElementLocator.findElement(DefaultElementLocator.java:69)
at org.openqa.selenium.support.pagefactory.internal.LocatingElementHandler.invoke(LocatingElementHandler.java:38)
at com.sun.proxy.$Proxy31.getWrappedElement(Unknown Source)
at org.openqa.selenium.interactions.PointerInput$Origin.asArg(PointerInput.java:204)
at org.openqa.selenium.interactions.PointerInput$Move.encode(PointerInput.java:155)
at org.openqa.selenium.interactions.Sequence.encode(Sequence.java:75)
at org.openqa.selenium.interactions.Sequence.toJson(Sequence.java:84)
... 40 more
... Removed 20 stack frames]]>
    </failure>
  </testcase> <!-- Test016_downloadPolicyException -->
  <testcase classname="testCases.Expense.MergeExpenseAutomationOrg" name="TC018_Expense_DeleteFromHamburger" time="378.561">
    <skipped/>
  </testcase> <!-- TC018_Expense_DeleteFromHamburger -->
  <testcase classname="testCases.Reports.ReportsModuleTestsOUP" name="TC002_createReport" time="310.696">
    <skipped/>
  </testcase> <!-- TC002_createReport -->
  <testcase classname="testCases.Expense.MergeExpenseAutomationOrg" name="TC014_Expense_EditMergeExpenseDetails" time="794.871">
    <failure type="java.lang.AssertionError" message="The following asserts failed:
	expected [Transaction updated successfully.] but found []">
      <![CDATA[java.lang.AssertionError: The following asserts failed:
expected [Transaction updated successfully.] but found []
at pageobjects.EmployeeViews.CreateExpensePage.clickUpdate(CreateExpensePage.java:1272)
at testCases.Expense.MergeExpenseAutomationOrg.TC014_Expense_EditMergeExpenseDetails(MergeExpenseAutomationOrg.java:412)
at java.base/java.util.concurrent.ThreadPoolExecutor.runWorker(ThreadPoolExecutor.java:1130)
at java.base/java.util.concurrent.ThreadPoolExecutor$Worker.run(ThreadPoolExecutor.java:630)
at java.base/java.lang.Thread.run(Thread.java:832)
... Removed 14 stack frames]]>
    </failure>
  </testcase> <!-- TC014_Expense_EditMergeExpenseDetails -->
  <testcase classname="testCases.Expense.MergeExpenseAutomationOrg" name="TC015_Expense_createExpenseformerge" time="0.0">
    <skipped/>
  </testcase> <!-- TC015_Expense_createExpenseformerge -->
  <testcase classname="testCases.Expense.MergeExpenseAutomationOrg" name="TC016_Expense_VerfiyAutoMergeExpenseDetails" time="0.0">
    <skipped/>
  </testcase> <!-- TC016_Expense_VerfiyAutoMergeExpenseDetails -->
  <testcase classname="testCases.Expense.MergeExpenseAutomationOrg" name="TC017_Expense_MergeExpensemorethanTwoTransactions" time="0.0">
    <skipped/>
  </testcase> <!-- TC017_Expense_MergeExpensemorethanTwoTransactions -->
  <testcase classname="testCases.TRF.TRF_TestcasesOUP" name="Test017_downloadWorkflowComments" time="412.715">
    <failure type="org.openqa.selenium.json.JsonException" message="java.lang.reflect.InvocationTargetException
Build info: version: &amp;apos;3.141.59&amp;apos;, revision: &amp;apos;e82be7d358&amp;apos;, time: &amp;apos;2018-11-14T08:17:03&amp;apos;
System info: host: &amp;apos;Ramesh-P-Air&amp;apos;, ip: &amp;apos;2409:4070:2e1c:ee56:983f:2bf9:3b28:f61e%en0&amp;apos;, os.name: &amp;apos;Mac OS X&amp;apos;, os.arch: &amp;apos;x86_64&amp;apos;, os.version: &amp;apos;10.14.6&amp;apos;, java.version: &amp;apos;14.0.1&amp;apos;
Driver info: driver.version: RemoteWebDriver">
      <![CDATA[org.openqa.selenium.json.JsonException: java.lang.reflect.InvocationTargetException
Build info: version: '3.141.59', revision: 'e82be7d358', time: '2018-11-14T08:17:03'
System info: host: 'Ramesh-P-Air', ip: '2409:4070:2e1c:ee56:983f:2bf9:3b28:f61e%en0', os.name: 'Mac OS X', os.arch: 'x86_64', os.version: '10.14.6', java.version: '14.0.1'
Driver info: driver.version: RemoteWebDriver
at org.openqa.selenium.json.JsonOutput.convertUsingMethod(JsonOutput.java:332)
at org.openqa.selenium.json.JsonOutput.lambda$new$16(JsonOutput.java:155)
at org.openqa.selenium.json.JsonOutput.write(JsonOutput.java:264)
at org.openqa.selenium.json.JsonOutput.lambda$null$21(JsonOutput.java:168)
at java.base/java.util.LinkedHashMap$LinkedValues.forEach(LinkedHashMap.java:647)
at org.openqa.selenium.json.JsonOutput.lambda$new$22(JsonOutput.java:168)
at org.openqa.selenium.json.JsonOutput.write(JsonOutput.java:264)
at org.openqa.selenium.json.JsonOutput.lambda$null$23(JsonOutput.java:177)
at com.google.common.collect.SingletonImmutableBiMap.forEach(SingletonImmutableBiMap.java:65)
at org.openqa.selenium.json.JsonOutput.lambda$new$24(JsonOutput.java:176)
at org.openqa.selenium.json.JsonOutput.write(JsonOutput.java:264)
at org.openqa.selenium.json.JsonOutput.write(JsonOutput.java:255)
at org.openqa.selenium.json.Json.toJson(Json.java:42)
at org.openqa.selenium.remote.http.AbstractHttpCommandCodec.encode(AbstractHttpCommandCodec.java:227)
at org.openqa.selenium.remote.http.AbstractHttpCommandCodec.encode(AbstractHttpCommandCodec.java:117)
at org.openqa.selenium.remote.HttpCommandExecutor.execute(HttpCommandExecutor.java:152)
at org.openqa.selenium.remote.RemoteWebDriver.execute(RemoteWebDriver.java:552)
at org.openqa.selenium.remote.RemoteWebDriver.perform(RemoteWebDriver.java:618)
at org.openqa.selenium.interactions.Actions$BuiltAction.perform(Actions.java:639)
at frameworkBase.TestBotElementsWrapper.click_Actions(TestBotElementsWrapper.java:563)
at pageobjects.EmployeeViews.TRFPage.Goto_TRF_Page(TRFPage.java:583)
at testCases.TRF.TRF_TestcasesOUP.Test017_downloadWorkflowComments(TRF_TestcasesOUP.java:332)
at java.base/java.util.concurrent.ThreadPoolExecutor.runWorker(ThreadPoolExecutor.java:1130)
at java.base/java.util.concurrent.ThreadPoolExecutor$Worker.run(ThreadPoolExecutor.java:630)
at java.base/java.lang.Thread.run(Thread.java:832)
Suppressed: org.openqa.selenium.json.JsonException: Attempting to close incomplete json stream
Build info: version: '3.141.59', revision: 'e82be7d358', time: '2018-11-14T08:17:03'
System info: host: 'Ramesh-P-Air', ip: '2409:4070:2e1c:ee56:983f:2bf9:3b28:f61e%en0', os.name: 'Mac OS X', os.arch: 'x86_64', os.version: '10.14.6', java.version: '14.0.1'
Driver info: driver.version: RemoteWebDriver
at org.openqa.selenium.json.JsonOutput.close(JsonOutput.java:279)
at org.openqa.selenium.json.Json.toJson(Json.java:44)
... 24 more
at org.openqa.selenium.json.JsonOutput.convertUsingMethod(JsonOutput.java:328)
... 36 more
Caused by: org.openqa.selenium.NoSuchElementException: Unable to locate element: //a[text()='Travel Requests']
For documentation on this error, please visit: https://www.seleniumhq.org/exceptions/no_such_element.html
Build info: version: '3.141.59', revision: 'e82be7d358', time: '2018-11-14T08:17:03'
System info: host: 'Ramesh-P-Air', ip: '2409:4070:2e1c:ee56:983f:2bf9:3b28:f61e%en0', os.name: 'Mac OS X', os.arch: 'x86_64', os.version: '10.14.6', java.version: '14.0.1'
Driver info: org.openqa.selenium.remote.RemoteWebDriver
Capabilities {acceptInsecureCerts: true, browserName: firefox, browserVersion: 90.0.2, javascriptEnabled: true, moz:accessibilityChecks: false, moz:buildID: 20210721174149, moz:geckodriverVersion: 0.29.0, moz:headless: false, moz:processID: 17800, moz:profile: /var/folders/wl/q8ylskb13qg..., moz:shutdownTimeout: 60000, moz:useNonSpecCompliantPointerOrigin: false, moz:webdriverClick: true, pageLoadStrategy: normal, platform: MAC, platformName: MAC, platformVersion: 20.4.0, proxy: Proxy(), setWindowRect: true, strictFileInteractability: false, timeouts: {implicit: 0, pageLoad: 300000, script: 30000}, unhandledPromptBehavior: dismiss and notify, webdriver.remote.sessionid: 9f6cd3fa-fe56-b94c-a593-97f...}
Session ID: 9f6cd3fa-fe56-b94c-a593-97f09eb894c9
*** Element info: {Using=xpath, value=//a[text()='Travel Requests']}
at org.openqa.selenium.remote.http.W3CHttpResponseCodec.createException(W3CHttpResponseCodec.java:187)
at org.openqa.selenium.remote.http.W3CHttpResponseCodec.decode(W3CHttpResponseCodec.java:122)
at org.openqa.selenium.remote.http.W3CHttpResponseCodec.decode(W3CHttpResponseCodec.java:49)
at org.openqa.selenium.remote.HttpCommandExecutor.execute(HttpCommandExecutor.java:158)
at org.openqa.selenium.remote.RemoteWebDriver.execute(RemoteWebDriver.java:552)
at org.openqa.selenium.remote.RemoteWebDriver.findElement(RemoteWebDriver.java:323)
at org.openqa.selenium.remote.RemoteWebDriver.findElementByXPath(RemoteWebDriver.java:428)
at org.openqa.selenium.By$ByXPath.findElement(By.java:353)
at org.openqa.selenium.remote.RemoteWebDriver.findElement(RemoteWebDriver.java:315)
at org.openqa.selenium.support.pagefactory.DefaultElementLocator.findElement(DefaultElementLocator.java:69)
at org.openqa.selenium.support.pagefactory.internal.LocatingElementHandler.invoke(LocatingElementHandler.java:38)
at com.sun.proxy.$Proxy31.getWrappedElement(Unknown Source)
at org.openqa.selenium.interactions.PointerInput$Origin.asArg(PointerInput.java:204)
at org.openqa.selenium.interactions.PointerInput$Move.encode(PointerInput.java:155)
at org.openqa.selenium.interactions.Sequence.encode(Sequence.java:75)
at org.openqa.selenium.interactions.Sequence.toJson(Sequence.java:84)
... 40 more
... Removed 20 stack frames]]>
    </failure>
  </testcase> <!-- Test017_downloadWorkflowComments -->
  <testcase classname="testCases.Reports.ReportsModuleTestsOUP" name="TC003_createReport_Add_ExistingExpense" time="317.377">
    <skipped/>
  </testcase> <!-- TC003_createReport_Add_ExistingExpense -->
  <testcase classname="testCases.Reports.ReportsModuleTestsOUP" name="TC008_EditReportRemoveExpense" time="180.117">
    <skipped/>
  </testcase> <!-- TC008_EditReportRemoveExpense -->
  <testcase classname="testCases.Expense.MergeExpenseAutomationOrg" name="TC018_Expense_DeleteFromHamburger" time="379.826">
    <failure type="org.openqa.selenium.TimeoutException" message="Expected condition failed: waiting for visibility of [[RemoteWebDriver: firefox on MAC (64dfb3c9-2d0c-df46-b374-f1f3512c012d)] -&amp;gt; xpath: //div[@class=&amp;apos;customToastContent&amp;apos;]] (tried for 100 second(s) with 600 milliseconds interval)
Build info: version: &amp;apos;3.141.59&amp;apos;, revision: &amp;apos;e82be7d358&amp;apos;, time: &amp;apos;2018-11-14T08:17:03&amp;apos;
System info: host: &amp;apos;Ramesh-P-Air&amp;apos;, ip: &amp;apos;2409:4070:2e1c:ee56:983f:2bf9:3b28:f61e%en0&amp;apos;, os.name: &amp;apos;Mac OS X&amp;apos;, os.arch: &amp;apos;x86_64&amp;apos;, os.version: &amp;apos;10.14.6&amp;apos;, java.version: &amp;apos;14.0.1&amp;apos;
Driver info: driver.version: unknown">
      <![CDATA[org.openqa.selenium.TimeoutException: Expected condition failed: waiting for visibility of [[RemoteWebDriver: firefox on MAC (64dfb3c9-2d0c-df46-b374-f1f3512c012d)] -> xpath: //div[@class='customToastContent']] (tried for 100 second(s) with 600 milliseconds interval)
Build info: version: '3.141.59', revision: 'e82be7d358', time: '2018-11-14T08:17:03'
System info: host: 'Ramesh-P-Air', ip: '2409:4070:2e1c:ee56:983f:2bf9:3b28:f61e%en0', os.name: 'Mac OS X', os.arch: 'x86_64', os.version: '10.14.6', java.version: '14.0.1'
Driver info: driver.version: unknown
at org.openqa.selenium.support.ui.FluentWait.timeoutException(FluentWait.java:304)
at org.openqa.selenium.support.ui.FluentWait.until(FluentWait.java:272)
at frameworkBase.TestBotElementsWrapper.fluentWaitForElementVisible(TestBotElementsWrapper.java:296)
at pageobjects.EmployeeViews.ExpensePage.deleteExpenseHamburger_Automation(ExpensePage.java:1430)
at testCases.Expense.MergeExpenseAutomationOrg.TC018_Expense_DeleteFromHamburger(MergeExpenseAutomationOrg.java:518)
at java.base/java.util.concurrent.ThreadPoolExecutor.runWorker(ThreadPoolExecutor.java:1130)
at java.base/java.util.concurrent.ThreadPoolExecutor$Worker.run(ThreadPoolExecutor.java:630)
at java.base/java.lang.Thread.run(Thread.java:832)
... Removed 12 stack frames]]>
    </failure>
  </testcase> <!-- TC018_Expense_DeleteFromHamburger -->
  <testcase classname="testCases.Reports.ReportsModuleTestsOUP" name="TC002_createReport" time="313.723">
    <failure type="org.openqa.selenium.NoSuchElementException" message="Unable to locate element: //span[text()=&amp;apos;Edit Report&amp;apos;]
For documentation on this error, please visit: https://www.seleniumhq.org/exceptions/no_such_element.html
Build info: version: &amp;apos;3.141.59&amp;apos;, revision: &amp;apos;e82be7d358&amp;apos;, time: &amp;apos;2018-11-14T08:17:03&amp;apos;
System info: host: &amp;apos;Ramesh-P-Air&amp;apos;, ip: &amp;apos;2409:4070:2e1c:ee56:983f:2bf9:3b28:f61e%en0&amp;apos;, os.name: &amp;apos;Mac OS X&amp;apos;, os.arch: &amp;apos;x86_64&amp;apos;, os.version: &amp;apos;10.14.6&amp;apos;, java.version: &amp;apos;14.0.1&amp;apos;
Driver info: org.openqa.selenium.remote.RemoteWebDriver
Capabilities {acceptInsecureCerts: true, browserName: firefox, browserVersion: 90.0.2, javascriptEnabled: true, moz:accessibilityChecks: false, moz:buildID: 20210721174149, moz:geckodriverVersion: 0.29.0, moz:headless: false, moz:processID: 17653, moz:profile: /var/folders/66/2l5glm0d18q..., moz:shutdownTimeout: 60000, moz:useNonSpecCompliantPointerOrigin: false, moz:webdriverClick: true, pageLoadStrategy: normal, platform: MAC, platformName: MAC, platformVersion: 20.5.0, proxy: Proxy(), setWindowRect: true, strictFileInteractability: false, timeouts: {implicit: 0, pageLoad: 300000, script: 30000}, unhandledPromptBehavior: dismiss and notify, webdriver.remote.sessionid: 7c500a1c-4345-a847-8499-984...}
Session ID: 7c500a1c-4345-a847-8499-984400729d95
*** Element info: {Using=xpath, value=//span[text()=&amp;apos;Edit Report&amp;apos;]}">
      <![CDATA[org.openqa.selenium.NoSuchElementException: Unable to locate element: //span[text()='Edit Report']
For documentation on this error, please visit: https://www.seleniumhq.org/exceptions/no_such_element.html
Build info: version: '3.141.59', revision: 'e82be7d358', time: '2018-11-14T08:17:03'
System info: host: 'Ramesh-P-Air', ip: '2409:4070:2e1c:ee56:983f:2bf9:3b28:f61e%en0', os.name: 'Mac OS X', os.arch: 'x86_64', os.version: '10.14.6', java.version: '14.0.1'
Driver info: org.openqa.selenium.remote.RemoteWebDriver
Capabilities {acceptInsecureCerts: true, browserName: firefox, browserVersion: 90.0.2, javascriptEnabled: true, moz:accessibilityChecks: false, moz:buildID: 20210721174149, moz:geckodriverVersion: 0.29.0, moz:headless: false, moz:processID: 17653, moz:profile: /var/folders/66/2l5glm0d18q..., moz:shutdownTimeout: 60000, moz:useNonSpecCompliantPointerOrigin: false, moz:webdriverClick: true, pageLoadStrategy: normal, platform: MAC, platformName: MAC, platformVersion: 20.5.0, proxy: Proxy(), setWindowRect: true, strictFileInteractability: false, timeouts: {implicit: 0, pageLoad: 300000, script: 30000}, unhandledPromptBehavior: dismiss and notify, webdriver.remote.sessionid: 7c500a1c-4345-a847-8499-984...}
Session ID: 7c500a1c-4345-a847-8499-984400729d95
*** Element info: {Using=xpath, value=//span[text()='Edit Report']}
at org.openqa.selenium.remote.http.W3CHttpResponseCodec.createException(W3CHttpResponseCodec.java:187)
at org.openqa.selenium.remote.http.W3CHttpResponseCodec.decode(W3CHttpResponseCodec.java:122)
at org.openqa.selenium.remote.http.W3CHttpResponseCodec.decode(W3CHttpResponseCodec.java:49)
at org.openqa.selenium.remote.HttpCommandExecutor.execute(HttpCommandExecutor.java:158)
at org.openqa.selenium.remote.RemoteWebDriver.execute(RemoteWebDriver.java:552)
at org.openqa.selenium.remote.RemoteWebDriver.findElement(RemoteWebDriver.java:323)
at org.openqa.selenium.remote.RemoteWebDriver.findElementByXPath(RemoteWebDriver.java:428)
at org.openqa.selenium.By$ByXPath.findElement(By.java:353)
at org.openqa.selenium.remote.RemoteWebDriver.findElement(RemoteWebDriver.java:315)
at org.openqa.selenium.support.pagefactory.DefaultElementLocator.findElement(DefaultElementLocator.java:69)
at org.openqa.selenium.support.pagefactory.internal.LocatingElementHandler.invoke(LocatingElementHandler.java:38)
at com.sun.proxy.$Proxy31.getText(Unknown Source)
at orgUtils_ExpenseProduct.OUP_ExpenseOrg.CreateReportWithMandatoryFields_OUP(OUP_ExpenseOrg.java:516)
at orgUtils_ExpenseProduct.OUP_ReportOrg.CreateReportWithMandatoryFields(OUP_ReportOrg.java:954)
at testCases.Reports.ReportsModuleTestsOUP.TC002_createReport(ReportsModuleTestsOUP.java:53)
at java.base/java.util.concurrent.ThreadPoolExecutor.runWorker(ThreadPoolExecutor.java:1130)
at java.base/java.util.concurrent.ThreadPoolExecutor$Worker.run(ThreadPoolExecutor.java:630)
at java.base/java.lang.Thread.run(Thread.java:832)
... Removed 16 stack frames]]>
    </failure>
  </testcase> <!-- TC002_createReport -->
  <testcase classname="testCases.Reports.ReportsModuleTestsOUP" name="TC004_createReport_AddNewExpense" time="326.068">
    <skipped/>
  </testcase> <!-- TC004_createReport_AddNewExpense -->
  <testcase classname="testCases.Reports.ReportsModuleTestsOUP" name="TC008_EditReportRemoveExpense" time="182.947">
    <failure type="org.openqa.selenium.NoSuchElementException" message="Unable to locate element: //td[@class=&amp;apos;actionColumnHoverClass&amp;apos;]//div//img
For documentation on this error, please visit: https://www.seleniumhq.org/exceptions/no_such_element.html
Build info: version: &amp;apos;3.141.59&amp;apos;, revision: &amp;apos;e82be7d358&amp;apos;, time: &amp;apos;2018-11-14T08:17:03&amp;apos;
System info: host: &amp;apos;Ramesh-P-Air&amp;apos;, ip: &amp;apos;2409:4070:2e1c:ee56:983f:2bf9:3b28:f61e%en0&amp;apos;, os.name: &amp;apos;Mac OS X&amp;apos;, os.arch: &amp;apos;x86_64&amp;apos;, os.version: &amp;apos;10.14.6&amp;apos;, java.version: &amp;apos;14.0.1&amp;apos;
Driver info: org.openqa.selenium.remote.RemoteWebDriver
Capabilities {acceptInsecureCerts: true, browserName: firefox, browserVersion: 90.0.2, javascriptEnabled: true, moz:accessibilityChecks: false, moz:buildID: 20210721174149, moz:geckodriverVersion: 0.29.0, moz:headless: false, moz:processID: 41726, moz:profile: /var/folders/s0/h2xfsvn150n..., moz:shutdownTimeout: 60000, moz:useNonSpecCompliantPointerOrigin: false, moz:webdriverClick: true, pageLoadStrategy: normal, platform: MAC, platformName: MAC, platformVersion: 20.4.0, proxy: Proxy(), setWindowRect: true, strictFileInteractability: false, timeouts: {implicit: 0, pageLoad: 300000, script: 30000}, unhandledPromptBehavior: dismiss and notify, webdriver.remote.sessionid: f5cffc05-0738-ba45-bcaa-fd3...}
Session ID: f5cffc05-0738-ba45-bcaa-fd3676ce28a5
*** Element info: {Using=xpath, value=//td[@class=&amp;apos;actionColumnHoverClass&amp;apos;]//div//img}">
      <![CDATA[org.openqa.selenium.NoSuchElementException: Unable to locate element: //td[@class='actionColumnHoverClass']//div//img
For documentation on this error, please visit: https://www.seleniumhq.org/exceptions/no_such_element.html
Build info: version: '3.141.59', revision: 'e82be7d358', time: '2018-11-14T08:17:03'
System info: host: 'Ramesh-P-Air', ip: '2409:4070:2e1c:ee56:983f:2bf9:3b28:f61e%en0', os.name: 'Mac OS X', os.arch: 'x86_64', os.version: '10.14.6', java.version: '14.0.1'
Driver info: org.openqa.selenium.remote.RemoteWebDriver
Capabilities {acceptInsecureCerts: true, browserName: firefox, browserVersion: 90.0.2, javascriptEnabled: true, moz:accessibilityChecks: false, moz:buildID: 20210721174149, moz:geckodriverVersion: 0.29.0, moz:headless: false, moz:processID: 41726, moz:profile: /var/folders/s0/h2xfsvn150n..., moz:shutdownTimeout: 60000, moz:useNonSpecCompliantPointerOrigin: false, moz:webdriverClick: true, pageLoadStrategy: normal, platform: MAC, platformName: MAC, platformVersion: 20.4.0, proxy: Proxy(), setWindowRect: true, strictFileInteractability: false, timeouts: {implicit: 0, pageLoad: 300000, script: 30000}, unhandledPromptBehavior: dismiss and notify, webdriver.remote.sessionid: f5cffc05-0738-ba45-bcaa-fd3...}
Session ID: f5cffc05-0738-ba45-bcaa-fd3676ce28a5
*** Element info: {Using=xpath, value=//td[@class='actionColumnHoverClass']//div//img}
at org.openqa.selenium.remote.http.W3CHttpResponseCodec.createException(W3CHttpResponseCodec.java:187)
at org.openqa.selenium.remote.http.W3CHttpResponseCodec.decode(W3CHttpResponseCodec.java:122)
at org.openqa.selenium.remote.http.W3CHttpResponseCodec.decode(W3CHttpResponseCodec.java:49)
at org.openqa.selenium.remote.HttpCommandExecutor.execute(HttpCommandExecutor.java:158)
at org.openqa.selenium.remote.RemoteWebDriver.execute(RemoteWebDriver.java:552)
at org.openqa.selenium.remote.RemoteWebDriver.findElement(RemoteWebDriver.java:323)
at org.openqa.selenium.remote.RemoteWebDriver.findElementByXPath(RemoteWebDriver.java:428)
at org.openqa.selenium.By$ByXPath.findElement(By.java:353)
at org.openqa.selenium.remote.RemoteWebDriver.findElement(RemoteWebDriver.java:315)
at org.openqa.selenium.support.pagefactory.DefaultElementLocator.findElement(DefaultElementLocator.java:69)
at org.openqa.selenium.support.pagefactory.internal.LocatingElementHandler.invoke(LocatingElementHandler.java:38)
at com.sun.proxy.$Proxy31.getWrappedElement(Unknown Source)
at org.openqa.selenium.remote.internal.WebElementToJsonConverter.apply(WebElementToJsonConverter.java:50)
at java.base/java.util.stream.ReferencePipeline$3$1.accept(ReferencePipeline.java:195)
at java.base/java.util.Spliterators$ArraySpliterator.forEachRemaining(Spliterators.java:948)
at java.base/java.util.stream.AbstractPipeline.copyInto(AbstractPipeline.java:484)
at java.base/java.util.stream.AbstractPipeline.wrapAndCopyInto(AbstractPipeline.java:474)
at java.base/java.util.stream.ReduceOps$ReduceOp.evaluateSequential(ReduceOps.java:913)
at java.base/java.util.stream.AbstractPipeline.evaluate(AbstractPipeline.java:234)
at java.base/java.util.stream.ReferencePipeline.collect(ReferencePipeline.java:578)
at org.openqa.selenium.remote.RemoteWebDriver.executeScript(RemoteWebDriver.java:484)
at frameworkBase.TestBotElementsWrapper.ScrollToElement(TestBotElementsWrapper.java:640)
at orgUtils_ExpenseProduct.OUP_ReportOrg.RemoveExpense(OUP_ReportOrg.java:421)
at testCases.Reports.ReportsModuleTestsOUP.TC008_EditReportRemoveExpense(ReportsModuleTestsOUP.java:82)
at java.base/java.util.concurrent.ThreadPoolExecutor.runWorker(ThreadPoolExecutor.java:1130)
at java.base/java.util.concurrent.ThreadPoolExecutor$Worker.run(ThreadPoolExecutor.java:630)
at java.base/java.lang.Thread.run(Thread.java:832)
... Removed 16 stack frames]]>
    </failure>
  </testcase> <!-- TC008_EditReportRemoveExpense -->
  <testcase classname="testCases.Expense.CreateExpenseTestOUP" name="TC027_Expense_EditMergeExpenseDetails" time="0.0">
    <skipped/>
  </testcase> <!-- TC027_Expense_EditMergeExpenseDetails -->
  <testcase classname="testCases.Reports.ReportsModuleTestsOUP" name="TC003_createReport_Add_ExistingExpense" time="346.548">
    <failure type="org.openqa.selenium.NoSuchElementException" message="Unable to locate element: //span[text()=&amp;apos;Edit Report&amp;apos;]
For documentation on this error, please visit: https://www.seleniumhq.org/exceptions/no_such_element.html
Build info: version: &amp;apos;3.141.59&amp;apos;, revision: &amp;apos;e82be7d358&amp;apos;, time: &amp;apos;2018-11-14T08:17:03&amp;apos;
System info: host: &amp;apos;Ramesh-P-Air&amp;apos;, ip: &amp;apos;2409:4070:2e1c:ee56:983f:2bf9:3b28:f61e%en0&amp;apos;, os.name: &amp;apos;Mac OS X&amp;apos;, os.arch: &amp;apos;x86_64&amp;apos;, os.version: &amp;apos;10.14.6&amp;apos;, java.version: &amp;apos;14.0.1&amp;apos;
Driver info: org.openqa.selenium.remote.RemoteWebDriver
Capabilities {acceptInsecureCerts: true, browserName: firefox, browserVersion: 90.0.2, javascriptEnabled: true, moz:accessibilityChecks: false, moz:buildID: 20210721174149, moz:geckodriverVersion: 0.29.0, moz:headless: false, moz:processID: 12114, moz:profile: /var/folders/s0/h2xfsvn150n..., moz:shutdownTimeout: 60000, moz:useNonSpecCompliantPointerOrigin: false, moz:webdriverClick: true, pageLoadStrategy: normal, platform: MAC, platformName: MAC, platformVersion: 20.5.0, proxy: Proxy(), setWindowRect: true, strictFileInteractability: false, timeouts: {implicit: 0, pageLoad: 300000, script: 30000}, unhandledPromptBehavior: dismiss and notify, webdriver.remote.sessionid: 824a8766-bc36-3d41-9173-e8f...}
Session ID: 824a8766-bc36-3d41-9173-e8f620f26da6
*** Element info: {Using=xpath, value=//span[text()=&amp;apos;Edit Report&amp;apos;]}">
      <![CDATA[org.openqa.selenium.NoSuchElementException: Unable to locate element: //span[text()='Edit Report']
For documentation on this error, please visit: https://www.seleniumhq.org/exceptions/no_such_element.html
Build info: version: '3.141.59', revision: 'e82be7d358', time: '2018-11-14T08:17:03'
System info: host: 'Ramesh-P-Air', ip: '2409:4070:2e1c:ee56:983f:2bf9:3b28:f61e%en0', os.name: 'Mac OS X', os.arch: 'x86_64', os.version: '10.14.6', java.version: '14.0.1'
Driver info: org.openqa.selenium.remote.RemoteWebDriver
Capabilities {acceptInsecureCerts: true, browserName: firefox, browserVersion: 90.0.2, javascriptEnabled: true, moz:accessibilityChecks: false, moz:buildID: 20210721174149, moz:geckodriverVersion: 0.29.0, moz:headless: false, moz:processID: 12114, moz:profile: /var/folders/s0/h2xfsvn150n..., moz:shutdownTimeout: 60000, moz:useNonSpecCompliantPointerOrigin: false, moz:webdriverClick: true, pageLoadStrategy: normal, platform: MAC, platformName: MAC, platformVersion: 20.5.0, proxy: Proxy(), setWindowRect: true, strictFileInteractability: false, timeouts: {implicit: 0, pageLoad: 300000, script: 30000}, unhandledPromptBehavior: dismiss and notify, webdriver.remote.sessionid: 824a8766-bc36-3d41-9173-e8f...}
Session ID: 824a8766-bc36-3d41-9173-e8f620f26da6
*** Element info: {Using=xpath, value=//span[text()='Edit Report']}
at org.openqa.selenium.remote.http.W3CHttpResponseCodec.createException(W3CHttpResponseCodec.java:187)
at org.openqa.selenium.remote.http.W3CHttpResponseCodec.decode(W3CHttpResponseCodec.java:122)
at org.openqa.selenium.remote.http.W3CHttpResponseCodec.decode(W3CHttpResponseCodec.java:49)
at org.openqa.selenium.remote.HttpCommandExecutor.execute(HttpCommandExecutor.java:158)
at org.openqa.selenium.remote.RemoteWebDriver.execute(RemoteWebDriver.java:552)
at org.openqa.selenium.remote.RemoteWebDriver.findElement(RemoteWebDriver.java:323)
at org.openqa.selenium.remote.RemoteWebDriver.findElementByXPath(RemoteWebDriver.java:428)
at org.openqa.selenium.By$ByXPath.findElement(By.java:353)
at org.openqa.selenium.remote.RemoteWebDriver.findElement(RemoteWebDriver.java:315)
at org.openqa.selenium.support.pagefactory.DefaultElementLocator.findElement(DefaultElementLocator.java:69)
at org.openqa.selenium.support.pagefactory.internal.LocatingElementHandler.invoke(LocatingElementHandler.java:38)
at com.sun.proxy.$Proxy31.getText(Unknown Source)
at orgUtils_ExpenseProduct.OUP_ExpenseOrg.CreateReportWithMandatoryFields_OUP(OUP_ExpenseOrg.java:516)
at orgUtils_ExpenseProduct.OUP_ReportOrg.CreateReportWithMandatoryFields(OUP_ReportOrg.java:954)
at testCases.Reports.ReportsModuleTestsOUP.TC003_createReport_Add_ExistingExpense(ReportsModuleTestsOUP.java:67)
at java.base/java.util.concurrent.ThreadPoolExecutor.runWorker(ThreadPoolExecutor.java:1130)
at java.base/java.util.concurrent.ThreadPoolExecutor$Worker.run(ThreadPoolExecutor.java:630)
at java.base/java.lang.Thread.run(Thread.java:832)
... Removed 16 stack frames]]>
    </failure>
  </testcase> <!-- TC003_createReport_Add_ExistingExpense -->
  <testcase classname="testCases.Reports.ReportsModuleTestsOUP" name="TC010_SubmitReport" time="192.856"/>
  <testcase classname="testCases.Reports.ReportsModuleTestsOUP" name="TC004_createReport_AddNewExpense" time="309.446">
    <failure type="org.openqa.selenium.NoSuchElementException" message="Unable to locate element: //span[text()=&amp;apos;Edit Report&amp;apos;]
For documentation on this error, please visit: https://www.seleniumhq.org/exceptions/no_such_element.html
Build info: version: &amp;apos;3.141.59&amp;apos;, revision: &amp;apos;e82be7d358&amp;apos;, time: &amp;apos;2018-11-14T08:17:03&amp;apos;
System info: host: &amp;apos;Ramesh-P-Air&amp;apos;, ip: &amp;apos;2409:4070:2e1c:ee56:983f:2bf9:3b28:f61e%en0&amp;apos;, os.name: &amp;apos;Mac OS X&amp;apos;, os.arch: &amp;apos;x86_64&amp;apos;, os.version: &amp;apos;10.14.6&amp;apos;, java.version: &amp;apos;14.0.1&amp;apos;
Driver info: org.openqa.selenium.remote.RemoteWebDriver
Capabilities {acceptInsecureCerts: true, browserName: firefox, browserVersion: 90.0.2, javascriptEnabled: true, moz:accessibilityChecks: false, moz:buildID: 20210721174149, moz:geckodriverVersion: 0.29.0, moz:headless: false, moz:processID: 57259, moz:profile: /var/folders/vl/0xfr13zn0nz..., moz:shutdownTimeout: 60000, moz:useNonSpecCompliantPointerOrigin: false, moz:webdriverClick: true, pageLoadStrategy: normal, platform: MAC, platformName: MAC, platformVersion: 20.5.0, proxy: Proxy(), setWindowRect: true, strictFileInteractability: false, timeouts: {implicit: 0, pageLoad: 300000, script: 30000}, unhandledPromptBehavior: dismiss and notify, webdriver.remote.sessionid: 1168de7e-b894-0448-bec5-9dd...}
Session ID: 1168de7e-b894-0448-bec5-9dd606a442e0
*** Element info: {Using=xpath, value=//span[text()=&amp;apos;Edit Report&amp;apos;]}">
      <![CDATA[org.openqa.selenium.NoSuchElementException: Unable to locate element: //span[text()='Edit Report']
For documentation on this error, please visit: https://www.seleniumhq.org/exceptions/no_such_element.html
Build info: version: '3.141.59', revision: 'e82be7d358', time: '2018-11-14T08:17:03'
System info: host: 'Ramesh-P-Air', ip: '2409:4070:2e1c:ee56:983f:2bf9:3b28:f61e%en0', os.name: 'Mac OS X', os.arch: 'x86_64', os.version: '10.14.6', java.version: '14.0.1'
Driver info: org.openqa.selenium.remote.RemoteWebDriver
Capabilities {acceptInsecureCerts: true, browserName: firefox, browserVersion: 90.0.2, javascriptEnabled: true, moz:accessibilityChecks: false, moz:buildID: 20210721174149, moz:geckodriverVersion: 0.29.0, moz:headless: false, moz:processID: 57259, moz:profile: /var/folders/vl/0xfr13zn0nz..., moz:shutdownTimeout: 60000, moz:useNonSpecCompliantPointerOrigin: false, moz:webdriverClick: true, pageLoadStrategy: normal, platform: MAC, platformName: MAC, platformVersion: 20.5.0, proxy: Proxy(), setWindowRect: true, strictFileInteractability: false, timeouts: {implicit: 0, pageLoad: 300000, script: 30000}, unhandledPromptBehavior: dismiss and notify, webdriver.remote.sessionid: 1168de7e-b894-0448-bec5-9dd...}
Session ID: 1168de7e-b894-0448-bec5-9dd606a442e0
*** Element info: {Using=xpath, value=//span[text()='Edit Report']}
at org.openqa.selenium.remote.http.W3CHttpResponseCodec.createException(W3CHttpResponseCodec.java:187)
at org.openqa.selenium.remote.http.W3CHttpResponseCodec.decode(W3CHttpResponseCodec.java:122)
at org.openqa.selenium.remote.http.W3CHttpResponseCodec.decode(W3CHttpResponseCodec.java:49)
at org.openqa.selenium.remote.HttpCommandExecutor.execute(HttpCommandExecutor.java:158)
at org.openqa.selenium.remote.RemoteWebDriver.execute(RemoteWebDriver.java:552)
at org.openqa.selenium.remote.RemoteWebDriver.findElement(RemoteWebDriver.java:323)
at org.openqa.selenium.remote.RemoteWebDriver.findElementByXPath(RemoteWebDriver.java:428)
at org.openqa.selenium.By$ByXPath.findElement(By.java:353)
at org.openqa.selenium.remote.RemoteWebDriver.findElement(RemoteWebDriver.java:315)
at org.openqa.selenium.support.pagefactory.DefaultElementLocator.findElement(DefaultElementLocator.java:69)
at org.openqa.selenium.support.pagefactory.internal.LocatingElementHandler.invoke(LocatingElementHandler.java:38)
at com.sun.proxy.$Proxy31.getText(Unknown Source)
at orgUtils_ExpenseProduct.OUP_ExpenseOrg.CreateReportWithMandatoryFields_OUP(OUP_ExpenseOrg.java:516)
at pageobjects.EmployeeViews.ReportsPage.CreateReportWithMandatoryFields(ReportsPage.java:988)
at testCases.Reports.ReportsModuleTestsOUP.TC004_createReport_AddNewExpense(ReportsModuleTestsOUP.java:94)
at java.base/java.util.concurrent.ThreadPoolExecutor.runWorker(ThreadPoolExecutor.java:1130)
at java.base/java.util.concurrent.ThreadPoolExecutor$Worker.run(ThreadPoolExecutor.java:630)
at java.base/java.lang.Thread.run(Thread.java:832)
... Removed 16 stack frames]]>
    </failure>
  </testcase> <!-- TC004_createReport_AddNewExpense -->
  <testcase classname="testCases.Reports.ReportsModuleTestsOUP" name="TC005_AddBillExpenseInsideReport" time="583.135">
    <skipped/>
  </testcase> <!-- TC005_AddBillExpenseInsideReport -->
  <testcase classname="testCases.Reports.ReportsModuleTestsOUP" name="TC006_DeleteBillExpenseInsideReport" time="591.012">
    <skipped/>
  </testcase> <!-- TC006_DeleteBillExpenseInsideReport -->
  <testcase classname="testCases.Reports.ReportsModuleTestsOUP" name="TC013_SubmitWithoutActionManager" time="166.348"/>
  <testcase classname="testCases.Expense.CreateExpenseTestOUP" name="TC032_CreateExpenseWithCopyConfigured" time="0.0">
    <skipped/>
  </testcase> <!-- TC032_CreateExpenseWithCopyConfigured -->
  <testcase classname="testCases.Reports.ReportsModuleTestsOUP" name="TC012_SubmitReport_Noapprover" time="441.344"/>
  <testcase classname="testCases.Expense.CreateExpenseTestOUP" name="TC033_CopyParticularTxnType" time="0.0">
    <skipped/>
  </testcase> <!-- TC033_CopyParticularTxnType -->
  <testcase classname="testCases.Reports.ReportsModuleTestsOUP" name="TC014_AcceptActionManager_Report" time="405.664">
    <skipped/>
  </testcase> <!-- TC014_AcceptActionManager_Report -->
  <testcase classname="testCases.Reports.ReportsModuleTestsOUP" name="TC005_AddBillExpenseInsideReport" time="574.312">
    <failure type="org.openqa.selenium.NoSuchElementException" message="Unable to locate element: //div/input[@type=&amp;apos;file&amp;apos;]
For documentation on this error, please visit: https://www.seleniumhq.org/exceptions/no_such_element.html
Build info: version: &amp;apos;3.141.59&amp;apos;, revision: &amp;apos;e82be7d358&amp;apos;, time: &amp;apos;2018-11-14T08:17:03&amp;apos;
System info: host: &amp;apos;Ramesh-P-Air&amp;apos;, ip: &amp;apos;2409:4070:2e1c:ee56:983f:2bf9:3b28:f61e%en0&amp;apos;, os.name: &amp;apos;Mac OS X&amp;apos;, os.arch: &amp;apos;x86_64&amp;apos;, os.version: &amp;apos;10.14.6&amp;apos;, java.version: &amp;apos;14.0.1&amp;apos;
Driver info: org.openqa.selenium.remote.RemoteWebDriver
Capabilities {acceptInsecureCerts: true, browserName: firefox, browserVersion: 90.0.2, javascriptEnabled: true, moz:accessibilityChecks: false, moz:buildID: 20210721174149, moz:geckodriverVersion: 0.29.0, moz:headless: false, moz:processID: 70050, moz:profile: /var/folders/9p/fpzyj86s07q..., moz:shutdownTimeout: 60000, moz:useNonSpecCompliantPointerOrigin: false, moz:webdriverClick: true, pageLoadStrategy: normal, platform: MAC, platformName: MAC, platformVersion: 20.5.0, proxy: Proxy(), setWindowRect: true, strictFileInteractability: false, timeouts: {implicit: 0, pageLoad: 300000, script: 30000}, unhandledPromptBehavior: dismiss and notify, webdriver.remote.sessionid: 92f7b2de-df6a-6347-99c8-808...}
Session ID: 92f7b2de-df6a-6347-99c8-808f65bd0d7c
*** Element info: {Using=xpath, value=//div/input[@type=&amp;apos;file&amp;apos;]}">
      <![CDATA[org.openqa.selenium.NoSuchElementException: Unable to locate element: //div/input[@type='file']
For documentation on this error, please visit: https://www.seleniumhq.org/exceptions/no_such_element.html
Build info: version: '3.141.59', revision: 'e82be7d358', time: '2018-11-14T08:17:03'
System info: host: 'Ramesh-P-Air', ip: '2409:4070:2e1c:ee56:983f:2bf9:3b28:f61e%en0', os.name: 'Mac OS X', os.arch: 'x86_64', os.version: '10.14.6', java.version: '14.0.1'
Driver info: org.openqa.selenium.remote.RemoteWebDriver
Capabilities {acceptInsecureCerts: true, browserName: firefox, browserVersion: 90.0.2, javascriptEnabled: true, moz:accessibilityChecks: false, moz:buildID: 20210721174149, moz:geckodriverVersion: 0.29.0, moz:headless: false, moz:processID: 70050, moz:profile: /var/folders/9p/fpzyj86s07q..., moz:shutdownTimeout: 60000, moz:useNonSpecCompliantPointerOrigin: false, moz:webdriverClick: true, pageLoadStrategy: normal, platform: MAC, platformName: MAC, platformVersion: 20.5.0, proxy: Proxy(), setWindowRect: true, strictFileInteractability: false, timeouts: {implicit: 0, pageLoad: 300000, script: 30000}, unhandledPromptBehavior: dismiss and notify, webdriver.remote.sessionid: 92f7b2de-df6a-6347-99c8-808...}
Session ID: 92f7b2de-df6a-6347-99c8-808f65bd0d7c
*** Element info: {Using=xpath, value=//div/input[@type='file']}
at org.openqa.selenium.remote.http.W3CHttpResponseCodec.createException(W3CHttpResponseCodec.java:187)
at org.openqa.selenium.remote.http.W3CHttpResponseCodec.decode(W3CHttpResponseCodec.java:122)
at org.openqa.selenium.remote.http.W3CHttpResponseCodec.decode(W3CHttpResponseCodec.java:49)
at org.openqa.selenium.remote.HttpCommandExecutor.execute(HttpCommandExecutor.java:158)
at org.openqa.selenium.remote.RemoteWebDriver.execute(RemoteWebDriver.java:552)
at org.openqa.selenium.remote.RemoteWebDriver.findElement(RemoteWebDriver.java:323)
at org.openqa.selenium.remote.RemoteWebDriver.findElementByXPath(RemoteWebDriver.java:428)
at org.openqa.selenium.By$ByXPath.findElement(By.java:353)
at org.openqa.selenium.remote.RemoteWebDriver.findElement(RemoteWebDriver.java:315)
at org.openqa.selenium.support.pagefactory.DefaultElementLocator.findElement(DefaultElementLocator.java:69)
at org.openqa.selenium.support.pagefactory.internal.LocatingElementHandler.invoke(LocatingElementHandler.java:38)
at com.sun.proxy.$Proxy31.sendKeys(Unknown Source)
at orgUtils_ExpenseProduct.OUP_ReportOrg.imageUploadAndAssert(OUP_ReportOrg.java:896)
at orgUtils_ExpenseProduct.OUP_ReportOrg.AddBillInsideReport_OUP(OUP_ReportOrg.java:907)
at testCases.Reports.ReportsModuleTestsOUP.TC005_AddBillExpenseInsideReport(ReportsModuleTestsOUP.java:121)
at java.base/java.util.concurrent.ThreadPoolExecutor.runWorker(ThreadPoolExecutor.java:1130)
at java.base/java.util.concurrent.ThreadPoolExecutor$Worker.run(ThreadPoolExecutor.java:630)
at java.base/java.lang.Thread.run(Thread.java:832)
... Removed 16 stack frames]]>
    </failure>
  </testcase> <!-- TC005_AddBillExpenseInsideReport -->
  <testcase classname="testCases.Expense.CreateExpenseTestOUP" name="TC034_CopyExpensewithoutAmount" time="0.0">
    <skipped/>
  </testcase> <!-- TC034_CopyExpensewithoutAmount -->
  <testcase classname="testCases.Reports.ReportsModuleTestsOUP" name="TC007_addEditExpenseInReport" time="1026.154">
    <skipped/>
  </testcase> <!-- TC007_addEditExpenseInReport -->
  <testcase classname="testCases.Reports.ReportsModuleTestsOUP" name="TC006_DeleteBillExpenseInsideReport" time="587.122">
    <failure type="org.openqa.selenium.NoSuchElementException" message="Unable to locate element: //div/input[@type=&amp;apos;file&amp;apos;]
For documentation on this error, please visit: https://www.seleniumhq.org/exceptions/no_such_element.html
Build info: version: &amp;apos;3.141.59&amp;apos;, revision: &amp;apos;e82be7d358&amp;apos;, time: &amp;apos;2018-11-14T08:17:03&amp;apos;
System info: host: &amp;apos;Ramesh-P-Air&amp;apos;, ip: &amp;apos;2409:4070:2e1c:ee56:983f:2bf9:3b28:f61e%en0&amp;apos;, os.name: &amp;apos;Mac OS X&amp;apos;, os.arch: &amp;apos;x86_64&amp;apos;, os.version: &amp;apos;10.14.6&amp;apos;, java.version: &amp;apos;14.0.1&amp;apos;
Driver info: org.openqa.selenium.remote.RemoteWebDriver
Capabilities {acceptInsecureCerts: true, browserName: firefox, browserVersion: 90.0.2, javascriptEnabled: true, moz:accessibilityChecks: false, moz:buildID: 20210721174149, moz:geckodriverVersion: 0.29.0, moz:headless: false, moz:processID: 85749, moz:profile: /var/folders/4y/ddmftd0135j..., moz:shutdownTimeout: 60000, moz:useNonSpecCompliantPointerOrigin: false, moz:webdriverClick: true, pageLoadStrategy: normal, platform: MAC, platformName: MAC, platformVersion: 20.5.0, proxy: Proxy(), setWindowRect: true, strictFileInteractability: false, timeouts: {implicit: 0, pageLoad: 300000, script: 30000}, unhandledPromptBehavior: dismiss and notify, webdriver.remote.sessionid: dad8fe54-866a-7546-872e-0d5...}
Session ID: dad8fe54-866a-7546-872e-0d563ac819ae
*** Element info: {Using=xpath, value=//div/input[@type=&amp;apos;file&amp;apos;]}">
      <![CDATA[org.openqa.selenium.NoSuchElementException: Unable to locate element: //div/input[@type='file']
For documentation on this error, please visit: https://www.seleniumhq.org/exceptions/no_such_element.html
Build info: version: '3.141.59', revision: 'e82be7d358', time: '2018-11-14T08:17:03'
System info: host: 'Ramesh-P-Air', ip: '2409:4070:2e1c:ee56:983f:2bf9:3b28:f61e%en0', os.name: 'Mac OS X', os.arch: 'x86_64', os.version: '10.14.6', java.version: '14.0.1'
Driver info: org.openqa.selenium.remote.RemoteWebDriver
Capabilities {acceptInsecureCerts: true, browserName: firefox, browserVersion: 90.0.2, javascriptEnabled: true, moz:accessibilityChecks: false, moz:buildID: 20210721174149, moz:geckodriverVersion: 0.29.0, moz:headless: false, moz:processID: 85749, moz:profile: /var/folders/4y/ddmftd0135j..., moz:shutdownTimeout: 60000, moz:useNonSpecCompliantPointerOrigin: false, moz:webdriverClick: true, pageLoadStrategy: normal, platform: MAC, platformName: MAC, platformVersion: 20.5.0, proxy: Proxy(), setWindowRect: true, strictFileInteractability: false, timeouts: {implicit: 0, pageLoad: 300000, script: 30000}, unhandledPromptBehavior: dismiss and notify, webdriver.remote.sessionid: dad8fe54-866a-7546-872e-0d5...}
Session ID: dad8fe54-866a-7546-872e-0d563ac819ae
*** Element info: {Using=xpath, value=//div/input[@type='file']}
at org.openqa.selenium.remote.http.W3CHttpResponseCodec.createException(W3CHttpResponseCodec.java:187)
at org.openqa.selenium.remote.http.W3CHttpResponseCodec.decode(W3CHttpResponseCodec.java:122)
at org.openqa.selenium.remote.http.W3CHttpResponseCodec.decode(W3CHttpResponseCodec.java:49)
at org.openqa.selenium.remote.HttpCommandExecutor.execute(HttpCommandExecutor.java:158)
at org.openqa.selenium.remote.RemoteWebDriver.execute(RemoteWebDriver.java:552)
at org.openqa.selenium.remote.RemoteWebDriver.findElement(RemoteWebDriver.java:323)
at org.openqa.selenium.remote.RemoteWebDriver.findElementByXPath(RemoteWebDriver.java:428)
at org.openqa.selenium.By$ByXPath.findElement(By.java:353)
at org.openqa.selenium.remote.RemoteWebDriver.findElement(RemoteWebDriver.java:315)
at org.openqa.selenium.support.pagefactory.DefaultElementLocator.findElement(DefaultElementLocator.java:69)
at org.openqa.selenium.support.pagefactory.internal.LocatingElementHandler.invoke(LocatingElementHandler.java:38)
at com.sun.proxy.$Proxy31.sendKeys(Unknown Source)
at orgUtils_ExpenseProduct.OUP_ReportOrg.imageUploadAndAssert(OUP_ReportOrg.java:896)
at orgUtils_ExpenseProduct.OUP_ReportOrg.AddBillInsideReport_OUP(OUP_ReportOrg.java:907)
at testCases.Reports.ReportsModuleTestsOUP.TC006_DeleteBillExpenseInsideReport(ReportsModuleTestsOUP.java:134)
at java.base/java.util.concurrent.ThreadPoolExecutor.runWorker(ThreadPoolExecutor.java:1130)
at java.base/java.util.concurrent.ThreadPoolExecutor$Worker.run(ThreadPoolExecutor.java:630)
at java.base/java.lang.Thread.run(Thread.java:832)
... Removed 16 stack frames]]>
    </failure>
  </testcase> <!-- TC006_DeleteBillExpenseInsideReport -->
  <testcase classname="testCases.Expense.CreateExpenseTestOUP" name="TC035_VerifyCopyExpenseTransactionID" time="0.0">
    <skipped/>
  </testcase> <!-- TC035_VerifyCopyExpenseTransactionID -->
  <testcase classname="testCases.Reports.ReportsModuleTestsOUP" name="TC014_AcceptActionManager_Report" time="354.962">
    <failure type="java.lang.AssertionError" message="The following asserts failed:
	expected [Updated successfully] but found []">
      <![CDATA[java.lang.AssertionError: The following asserts failed:
expected [Updated successfully] but found []
at pageobjects.PrivilegedViews.ReportsPagePrivilegedOUP.AcceptAllManager_OUP(ReportsPagePrivilegedOUP.java:188)
at testCases.Reports.ReportsModuleTestsOUP.TC014_AcceptActionManager_Report(ReportsModuleTestsOUP.java:226)
at java.base/java.util.concurrent.ThreadPoolExecutor.runWorker(ThreadPoolExecutor.java:1130)
at java.base/java.util.concurrent.ThreadPoolExecutor$Worker.run(ThreadPoolExecutor.java:630)
at java.base/java.lang.Thread.run(Thread.java:832)
... Removed 14 stack frames]]>
    </failure>
  </testcase> <!-- TC014_AcceptActionManager_Report -->
  <testcase classname="testCases.Expense.CreateExpenseTestOUP" name="TC036_CopyExpenseAddAttachment" time="0.0">
    <skipped/>
  </testcase> <!-- TC036_CopyExpenseAddAttachment -->
  <testcase classname="testCases.Reports.ReportsModuleTestsOUP" name="TC015_SubmitWithoutActionFinance" time="598.443"/>
  <testcase classname="testCases.Expense.CreateExpenseTestOUP" name="TC037_CopyExpenseChangeWalletType" time="0.0">
    <skipped/>
  </testcase> <!-- TC037_CopyExpenseChangeWalletType -->
  <testcase classname="testCases.Reports.ReportsModuleTestsOUP" name="TC018_viewNonViolatedReport" time="336.163">
    <skipped/>
  </testcase> <!-- TC018_viewNonViolatedReport -->
  <testcase classname="testCases.Reports.ReportsModuleTestsOUP" name="TC016_AcceptHardcopyFinance_Report" time="700.013">
    <skipped/>
  </testcase> <!-- TC016_AcceptHardcopyFinance_Report -->
  <testcase classname="testCases.Reports.ReportsModuleTestsOUP" name="TC019_downloadExcel" time="411.605">
    <skipped/>
  </testcase> <!-- TC019_downloadExcel -->
  <testcase classname="testCases.Reports.ReportsModuleTestsOUP" name="TC017_AcceptActionFinance_Report" time="863.549">
    <skipped/>
  </testcase> <!-- TC017_AcceptActionFinance_Report -->
  <testcase classname="testCases.Reports.ReportsModuleTestsOUP" name="TC018_viewNonViolatedReport" time="327.463">
    <failure type="org.openqa.selenium.NoSuchElementException" message="Unable to locate element: //div[text()=&amp;apos;Not Violated&amp;apos;]
For documentation on this error, please visit: https://www.seleniumhq.org/exceptions/no_such_element.html
Build info: version: &amp;apos;3.141.59&amp;apos;, revision: &amp;apos;e82be7d358&amp;apos;, time: &amp;apos;2018-11-14T08:17:03&amp;apos;
System info: host: &amp;apos;Ramesh-P-Air&amp;apos;, ip: &amp;apos;2409:4070:2e1c:ee56:983f:2bf9:3b28:f61e%en0&amp;apos;, os.name: &amp;apos;Mac OS X&amp;apos;, os.arch: &amp;apos;x86_64&amp;apos;, os.version: &amp;apos;10.14.6&amp;apos;, java.version: &amp;apos;14.0.1&amp;apos;
Driver info: org.openqa.selenium.remote.RemoteWebDriver
Capabilities {acceptInsecureCerts: true, browserName: firefox, browserVersion: 90.0.2, javascriptEnabled: true, moz:accessibilityChecks: false, moz:buildID: 20210721174149, moz:geckodriverVersion: 0.29.0, moz:headless: false, moz:processID: 92172, moz:profile: /var/folders/pl/pp82696s3zs..., moz:shutdownTimeout: 60000, moz:useNonSpecCompliantPointerOrigin: false, moz:webdriverClick: true, pageLoadStrategy: normal, platform: MAC, platformName: MAC, platformVersion: 20.5.0, proxy: Proxy(), setWindowRect: true, strictFileInteractability: false, timeouts: {implicit: 0, pageLoad: 300000, script: 30000}, unhandledPromptBehavior: dismiss and notify, webdriver.remote.sessionid: 17eb8f11-f45a-234d-aba1-374...}
Session ID: 17eb8f11-f45a-234d-aba1-374e5dcd3995
*** Element info: {Using=xpath, value=//div[text()=&amp;apos;Not Violated&amp;apos;]}">
      <![CDATA[org.openqa.selenium.NoSuchElementException: Unable to locate element: //div[text()='Not Violated']
For documentation on this error, please visit: https://www.seleniumhq.org/exceptions/no_such_element.html
Build info: version: '3.141.59', revision: 'e82be7d358', time: '2018-11-14T08:17:03'
System info: host: 'Ramesh-P-Air', ip: '2409:4070:2e1c:ee56:983f:2bf9:3b28:f61e%en0', os.name: 'Mac OS X', os.arch: 'x86_64', os.version: '10.14.6', java.version: '14.0.1'
Driver info: org.openqa.selenium.remote.RemoteWebDriver
Capabilities {acceptInsecureCerts: true, browserName: firefox, browserVersion: 90.0.2, javascriptEnabled: true, moz:accessibilityChecks: false, moz:buildID: 20210721174149, moz:geckodriverVersion: 0.29.0, moz:headless: false, moz:processID: 92172, moz:profile: /var/folders/pl/pp82696s3zs..., moz:shutdownTimeout: 60000, moz:useNonSpecCompliantPointerOrigin: false, moz:webdriverClick: true, pageLoadStrategy: normal, platform: MAC, platformName: MAC, platformVersion: 20.5.0, proxy: Proxy(), setWindowRect: true, strictFileInteractability: false, timeouts: {implicit: 0, pageLoad: 300000, script: 30000}, unhandledPromptBehavior: dismiss and notify, webdriver.remote.sessionid: 17eb8f11-f45a-234d-aba1-374...}
Session ID: 17eb8f11-f45a-234d-aba1-374e5dcd3995
*** Element info: {Using=xpath, value=//div[text()='Not Violated']}
at org.openqa.selenium.remote.http.W3CHttpResponseCodec.createException(W3CHttpResponseCodec.java:187)
at org.openqa.selenium.remote.http.W3CHttpResponseCodec.decode(W3CHttpResponseCodec.java:122)
at org.openqa.selenium.remote.http.W3CHttpResponseCodec.decode(W3CHttpResponseCodec.java:49)
at org.openqa.selenium.remote.HttpCommandExecutor.execute(HttpCommandExecutor.java:158)
at org.openqa.selenium.remote.RemoteWebDriver.execute(RemoteWebDriver.java:552)
at org.openqa.selenium.remote.RemoteWebDriver.findElement(RemoteWebDriver.java:323)
at org.openqa.selenium.remote.RemoteWebDriver.findElementByXPath(RemoteWebDriver.java:428)
at org.openqa.selenium.By$ByXPath.findElement(By.java:353)
at org.openqa.selenium.remote.RemoteWebDriver.findElement(RemoteWebDriver.java:315)
at org.openqa.selenium.support.pagefactory.DefaultElementLocator.findElement(DefaultElementLocator.java:69)
at org.openqa.selenium.support.pagefactory.internal.LocatingElementHandler.invoke(LocatingElementHandler.java:38)
at com.sun.proxy.$Proxy31.getText(Unknown Source)
at pageobjects.EmployeeViews.ReportsPage.selectNonViolatedFilter(ReportsPage.java:644)
at testCases.Reports.ReportsModuleTestsOUP.TC018_viewNonViolatedReport(ReportsModuleTestsOUP.java:273)
at java.base/java.util.concurrent.ThreadPoolExecutor.runWorker(ThreadPoolExecutor.java:1130)
at java.base/java.util.concurrent.ThreadPoolExecutor$Worker.run(ThreadPoolExecutor.java:630)
at java.base/java.lang.Thread.run(Thread.java:832)
... Removed 16 stack frames]]>
    </failure>
  </testcase> <!-- TC018_viewNonViolatedReport -->
  <testcase classname="testCases.Expense.CreateExpenseTestOUP" name="TC038_CopyExpenseEditExpenseType" time="0.0">
    <skipped/>
  </testcase> <!-- TC038_CopyExpenseEditExpenseType -->
  <testcase classname="testCases.Reports.ReportsModuleTestsOUP" name="TC007_addEditExpenseInReport" time="1034.905">
    <failure type="java.lang.AssertionError" message="The following asserts failed:
	expected [Transaction updated successfully.] but found []">
      <![CDATA[java.lang.AssertionError: The following asserts failed:
expected [Transaction updated successfully.] but found []
at orgUtils_ExpenseProduct.OUP_ReportOrg.clickUpdate(OUP_ReportOrg.java:562)
at testCases.Reports.ReportsModuleTestsOUP.TC007_addEditExpenseInReport(ReportsModuleTestsOUP.java:152)
at java.base/java.util.concurrent.ThreadPoolExecutor.runWorker(ThreadPoolExecutor.java:1130)
at java.base/java.util.concurrent.ThreadPoolExecutor$Worker.run(ThreadPoolExecutor.java:630)
at java.base/java.lang.Thread.run(Thread.java:832)
... Removed 14 stack frames]]>
    </failure>
  </testcase> <!-- TC007_addEditExpenseInReport -->
  <testcase classname="testCases.Expense.CreateExpenseTestOUP" name="TC039_createExpenseFromHomeDashboard" time="0.0">
    <skipped/>
  </testcase> <!-- TC039_createExpenseFromHomeDashboard -->
  <testcase classname="testCases.Reports.ReportsModuleTestsOUP" name="TC019_downloadExcel" time="408.3">
    <failure type="org.openqa.selenium.NoSuchElementException" message="Unable to locate element: //div[@class=&amp;apos;customToast showCustomToast&amp;apos;]
For documentation on this error, please visit: https://www.seleniumhq.org/exceptions/no_such_element.html
Build info: version: &amp;apos;3.141.59&amp;apos;, revision: &amp;apos;e82be7d358&amp;apos;, time: &amp;apos;2018-11-14T08:17:03&amp;apos;
System info: host: &amp;apos;Ramesh-P-Air&amp;apos;, ip: &amp;apos;2409:4070:2e1c:ee56:983f:2bf9:3b28:f61e%en0&amp;apos;, os.name: &amp;apos;Mac OS X&amp;apos;, os.arch: &amp;apos;x86_64&amp;apos;, os.version: &amp;apos;10.14.6&amp;apos;, java.version: &amp;apos;14.0.1&amp;apos;
Driver info: org.openqa.selenium.remote.RemoteWebDriver
Capabilities {acceptInsecureCerts: true, browserName: firefox, browserVersion: 90.0.2, javascriptEnabled: true, moz:accessibilityChecks: false, moz:buildID: 20210721174149, moz:geckodriverVersion: 0.29.0, moz:headless: false, moz:processID: 42183, moz:profile: /var/folders/s0/h2xfsvn150n..., moz:shutdownTimeout: 60000, moz:useNonSpecCompliantPointerOrigin: false, moz:webdriverClick: true, pageLoadStrategy: normal, platform: MAC, platformName: MAC, platformVersion: 20.4.0, proxy: Proxy(), setWindowRect: true, strictFileInteractability: false, timeouts: {implicit: 0, pageLoad: 300000, script: 30000}, unhandledPromptBehavior: dismiss and notify, webdriver.remote.sessionid: 5ee34879-68ef-fe4c-9f69-026...}
Session ID: 5ee34879-68ef-fe4c-9f69-0267e8ea5bd4
*** Element info: {Using=xpath, value=//div[@class=&amp;apos;customToast showCustomToast&amp;apos;]}">
      <![CDATA[org.openqa.selenium.NoSuchElementException: Unable to locate element: //div[@class='customToast showCustomToast']
For documentation on this error, please visit: https://www.seleniumhq.org/exceptions/no_such_element.html
Build info: version: '3.141.59', revision: 'e82be7d358', time: '2018-11-14T08:17:03'
System info: host: 'Ramesh-P-Air', ip: '2409:4070:2e1c:ee56:983f:2bf9:3b28:f61e%en0', os.name: 'Mac OS X', os.arch: 'x86_64', os.version: '10.14.6', java.version: '14.0.1'
Driver info: org.openqa.selenium.remote.RemoteWebDriver
Capabilities {acceptInsecureCerts: true, browserName: firefox, browserVersion: 90.0.2, javascriptEnabled: true, moz:accessibilityChecks: false, moz:buildID: 20210721174149, moz:geckodriverVersion: 0.29.0, moz:headless: false, moz:processID: 42183, moz:profile: /var/folders/s0/h2xfsvn150n..., moz:shutdownTimeout: 60000, moz:useNonSpecCompliantPointerOrigin: false, moz:webdriverClick: true, pageLoadStrategy: normal, platform: MAC, platformName: MAC, platformVersion: 20.4.0, proxy: Proxy(), setWindowRect: true, strictFileInteractability: false, timeouts: {implicit: 0, pageLoad: 300000, script: 30000}, unhandledPromptBehavior: dismiss and notify, webdriver.remote.sessionid: 5ee34879-68ef-fe4c-9f69-026...}
Session ID: 5ee34879-68ef-fe4c-9f69-0267e8ea5bd4
*** Element info: {Using=xpath, value=//div[@class='customToast showCustomToast']}
at org.openqa.selenium.remote.http.W3CHttpResponseCodec.createException(W3CHttpResponseCodec.java:187)
at org.openqa.selenium.remote.http.W3CHttpResponseCodec.decode(W3CHttpResponseCodec.java:122)
at org.openqa.selenium.remote.http.W3CHttpResponseCodec.decode(W3CHttpResponseCodec.java:49)
at org.openqa.selenium.remote.HttpCommandExecutor.execute(HttpCommandExecutor.java:158)
at org.openqa.selenium.remote.RemoteWebDriver.execute(RemoteWebDriver.java:552)
at org.openqa.selenium.remote.RemoteWebDriver.findElement(RemoteWebDriver.java:323)
at org.openqa.selenium.remote.RemoteWebDriver.findElementByXPath(RemoteWebDriver.java:428)
at org.openqa.selenium.By$ByXPath.findElement(By.java:353)
at org.openqa.selenium.remote.RemoteWebDriver.findElement(RemoteWebDriver.java:315)
at org.openqa.selenium.support.pagefactory.DefaultElementLocator.findElement(DefaultElementLocator.java:69)
at org.openqa.selenium.support.pagefactory.internal.LocatingElementHandler.invoke(LocatingElementHandler.java:38)
at com.sun.proxy.$Proxy31.getText(Unknown Source)
at pageobjects.EmployeeViews.ReportsPage.exportReportOUP(ReportsPage.java:746)
at testCases.Reports.ReportsModuleTestsOUP.TC019_downloadExcel(ReportsModuleTestsOUP.java:284)
at java.base/java.util.concurrent.ThreadPoolExecutor.runWorker(ThreadPoolExecutor.java:1130)
at java.base/java.util.concurrent.ThreadPoolExecutor$Worker.run(ThreadPoolExecutor.java:630)
at java.base/java.lang.Thread.run(Thread.java:832)
... Removed 16 stack frames]]>
    </failure>
  </testcase> <!-- TC019_downloadExcel -->
  <testcase classname="testCases.Reports.ReportsModuleTestsOUP" name="TC020_downloadPolicyException" time="395.746">
    <skipped/>
  </testcase> <!-- TC020_downloadPolicyException -->
  <testcase classname="testCases.Reports.ReportsModuleTestsOUP" name="TC016_AcceptHardcopyFinance_Report" time="703.578">
    <failure type="java.lang.AssertionError" message="The following asserts failed:
	expected [Updated successfully] but found []">
      <![CDATA[java.lang.AssertionError: The following asserts failed:
expected [Updated successfully] but found []
at pageobjects.PrivilegedViews.ReportsPagePrivilegedOUP.HardCopyReceivedALlFinance_OUP(ReportsPagePrivilegedOUP.java:227)
at testCases.Reports.ReportsModuleTestsOUP.TC016_AcceptHardcopyFinance_Report(ReportsModuleTestsOUP.java:252)
at java.base/java.util.concurrent.ThreadPoolExecutor.runWorker(ThreadPoolExecutor.java:1130)
at java.base/java.util.concurrent.ThreadPoolExecutor$Worker.run(ThreadPoolExecutor.java:630)
at java.base/java.lang.Thread.run(Thread.java:832)
... Removed 14 stack frames]]>
    </failure>
  </testcase> <!-- TC016_AcceptHardcopyFinance_Report -->
  <testcase classname="testCases.Reports.ReportsModuleTestsOUP" name="TC021_downloadWorkflowComments" time="396.651">
    <skipped/>
  </testcase> <!-- TC021_downloadWorkflowComments -->
  <testcase classname="testCases.Reports.ReportsModuleTestsOUP" name="TC023_RecallReport" time="145.857">
    <skipped/>
  </testcase> <!-- TC023_RecallReport -->
  <testcase classname="testCases.Reports.ReportsModuleTestsOUP" name="TC020_downloadPolicyException" time="348.511">
    <failure type="org.openqa.selenium.NoSuchElementException" message="Unable to locate element: //div[@class=&amp;apos;customToast showCustomToast&amp;apos;]
For documentation on this error, please visit: https://www.seleniumhq.org/exceptions/no_such_element.html
Build info: version: &amp;apos;3.141.59&amp;apos;, revision: &amp;apos;e82be7d358&amp;apos;, time: &amp;apos;2018-11-14T08:17:03&amp;apos;
System info: host: &amp;apos;Ramesh-P-Air&amp;apos;, ip: &amp;apos;2409:4070:2e1c:ee56:983f:2bf9:3b28:f61e%en0&amp;apos;, os.name: &amp;apos;Mac OS X&amp;apos;, os.arch: &amp;apos;x86_64&amp;apos;, os.version: &amp;apos;10.14.6&amp;apos;, java.version: &amp;apos;14.0.1&amp;apos;
Driver info: org.openqa.selenium.remote.RemoteWebDriver
Capabilities {acceptInsecureCerts: true, browserName: firefox, browserVersion: 90.0.2, javascriptEnabled: true, moz:accessibilityChecks: false, moz:buildID: 20210721174149, moz:geckodriverVersion: 0.29.0, moz:headless: false, moz:processID: 92494, moz:profile: /var/folders/pl/pp82696s3zs..., moz:shutdownTimeout: 60000, moz:useNonSpecCompliantPointerOrigin: false, moz:webdriverClick: true, pageLoadStrategy: normal, platform: MAC, platformName: MAC, platformVersion: 20.5.0, proxy: Proxy(), setWindowRect: true, strictFileInteractability: false, timeouts: {implicit: 0, pageLoad: 300000, script: 30000}, unhandledPromptBehavior: dismiss and notify, webdriver.remote.sessionid: d0db6b11-3821-b44d-baa4-cef...}
Session ID: d0db6b11-3821-b44d-baa4-cef02f62e663
*** Element info: {Using=xpath, value=//div[@class=&amp;apos;customToast showCustomToast&amp;apos;]}">
      <![CDATA[org.openqa.selenium.NoSuchElementException: Unable to locate element: //div[@class='customToast showCustomToast']
For documentation on this error, please visit: https://www.seleniumhq.org/exceptions/no_such_element.html
Build info: version: '3.141.59', revision: 'e82be7d358', time: '2018-11-14T08:17:03'
System info: host: 'Ramesh-P-Air', ip: '2409:4070:2e1c:ee56:983f:2bf9:3b28:f61e%en0', os.name: 'Mac OS X', os.arch: 'x86_64', os.version: '10.14.6', java.version: '14.0.1'
Driver info: org.openqa.selenium.remote.RemoteWebDriver
Capabilities {acceptInsecureCerts: true, browserName: firefox, browserVersion: 90.0.2, javascriptEnabled: true, moz:accessibilityChecks: false, moz:buildID: 20210721174149, moz:geckodriverVersion: 0.29.0, moz:headless: false, moz:processID: 92494, moz:profile: /var/folders/pl/pp82696s3zs..., moz:shutdownTimeout: 60000, moz:useNonSpecCompliantPointerOrigin: false, moz:webdriverClick: true, pageLoadStrategy: normal, platform: MAC, platformName: MAC, platformVersion: 20.5.0, proxy: Proxy(), setWindowRect: true, strictFileInteractability: false, timeouts: {implicit: 0, pageLoad: 300000, script: 30000}, unhandledPromptBehavior: dismiss and notify, webdriver.remote.sessionid: d0db6b11-3821-b44d-baa4-cef...}
Session ID: d0db6b11-3821-b44d-baa4-cef02f62e663
*** Element info: {Using=xpath, value=//div[@class='customToast showCustomToast']}
at org.openqa.selenium.remote.http.W3CHttpResponseCodec.createException(W3CHttpResponseCodec.java:187)
at org.openqa.selenium.remote.http.W3CHttpResponseCodec.decode(W3CHttpResponseCodec.java:122)
at org.openqa.selenium.remote.http.W3CHttpResponseCodec.decode(W3CHttpResponseCodec.java:49)
at org.openqa.selenium.remote.HttpCommandExecutor.execute(HttpCommandExecutor.java:158)
at org.openqa.selenium.remote.RemoteWebDriver.execute(RemoteWebDriver.java:552)
at org.openqa.selenium.remote.RemoteWebDriver.findElement(RemoteWebDriver.java:323)
at org.openqa.selenium.remote.RemoteWebDriver.findElementByXPath(RemoteWebDriver.java:428)
at org.openqa.selenium.By$ByXPath.findElement(By.java:353)
at org.openqa.selenium.remote.RemoteWebDriver.findElement(RemoteWebDriver.java:315)
at org.openqa.selenium.support.pagefactory.DefaultElementLocator.findElement(DefaultElementLocator.java:69)
at org.openqa.selenium.support.pagefactory.internal.LocatingElementHandler.invoke(LocatingElementHandler.java:38)
at com.sun.proxy.$Proxy31.getText(Unknown Source)
at pageobjects.EmployeeViews.ReportsPage.policyExceptionReport(ReportsPage.java:774)
at testCases.Reports.ReportsModuleTestsOUP.TC020_downloadPolicyException(ReportsModuleTestsOUP.java:296)
at java.base/java.util.concurrent.ThreadPoolExecutor.runWorker(ThreadPoolExecutor.java:1130)
at java.base/java.util.concurrent.ThreadPoolExecutor$Worker.run(ThreadPoolExecutor.java:630)
at java.base/java.lang.Thread.run(Thread.java:832)
... Removed 16 stack frames]]>
    </failure>
  </testcase> <!-- TC020_downloadPolicyException -->
  <testcase classname="testCases.Reports.ReportsModuleTestsOUP" name="TC022_DeleteReportQuickView" time="576.483">
    <skipped/>
  </testcase> <!-- TC022_DeleteReportQuickView -->
  <testcase classname="testCases.Reports.ReportsModuleTestsOUP" name="TC023_RecallReport" time="148.607">
    <failure type="org.openqa.selenium.json.JsonException" message="java.lang.reflect.InvocationTargetException
Build info: version: &amp;apos;3.141.59&amp;apos;, revision: &amp;apos;e82be7d358&amp;apos;, time: &amp;apos;2018-11-14T08:17:03&amp;apos;
System info: host: &amp;apos;Ramesh-P-Air&amp;apos;, ip: &amp;apos;2409:4070:2e1c:ee56:983f:2bf9:3b28:f61e%en0&amp;apos;, os.name: &amp;apos;Mac OS X&amp;apos;, os.arch: &amp;apos;x86_64&amp;apos;, os.version: &amp;apos;10.14.6&amp;apos;, java.version: &amp;apos;14.0.1&amp;apos;
Driver info: driver.version: RemoteWebDriver">
      <![CDATA[org.openqa.selenium.json.JsonException: java.lang.reflect.InvocationTargetException
Build info: version: '3.141.59', revision: 'e82be7d358', time: '2018-11-14T08:17:03'
System info: host: 'Ramesh-P-Air', ip: '2409:4070:2e1c:ee56:983f:2bf9:3b28:f61e%en0', os.name: 'Mac OS X', os.arch: 'x86_64', os.version: '10.14.6', java.version: '14.0.1'
Driver info: driver.version: RemoteWebDriver
at org.openqa.selenium.json.JsonOutput.convertUsingMethod(JsonOutput.java:332)
at org.openqa.selenium.json.JsonOutput.lambda$new$16(JsonOutput.java:155)
at org.openqa.selenium.json.JsonOutput.write(JsonOutput.java:264)
at org.openqa.selenium.json.JsonOutput.lambda$null$21(JsonOutput.java:168)
at java.base/java.util.LinkedHashMap$LinkedValues.forEach(LinkedHashMap.java:647)
at org.openqa.selenium.json.JsonOutput.lambda$new$22(JsonOutput.java:168)
at org.openqa.selenium.json.JsonOutput.write(JsonOutput.java:264)
at org.openqa.selenium.json.JsonOutput.lambda$null$23(JsonOutput.java:177)
at com.google.common.collect.SingletonImmutableBiMap.forEach(SingletonImmutableBiMap.java:65)
at org.openqa.selenium.json.JsonOutput.lambda$new$24(JsonOutput.java:176)
at org.openqa.selenium.json.JsonOutput.write(JsonOutput.java:264)
at org.openqa.selenium.json.JsonOutput.write(JsonOutput.java:255)
at org.openqa.selenium.json.Json.toJson(Json.java:42)
at org.openqa.selenium.remote.http.AbstractHttpCommandCodec.encode(AbstractHttpCommandCodec.java:227)
at org.openqa.selenium.remote.http.AbstractHttpCommandCodec.encode(AbstractHttpCommandCodec.java:117)
at org.openqa.selenium.remote.HttpCommandExecutor.execute(HttpCommandExecutor.java:152)
at org.openqa.selenium.remote.RemoteWebDriver.execute(RemoteWebDriver.java:552)
at org.openqa.selenium.remote.RemoteWebDriver.perform(RemoteWebDriver.java:618)
at org.openqa.selenium.interactions.Actions$BuiltAction.perform(Actions.java:639)
at frameworkBase.TestBotElementsWrapper.moveToElement_Actions(TestBotElementsWrapper.java:548)
at orgUtils_ExpenseProduct.OUP_ExpenseOrg.RecallReport(OUP_ExpenseOrg.java:586)
at testCases.Reports.ReportsModuleTestsOUP.TC023_RecallReport(ReportsModuleTestsOUP.java:347)
at java.base/java.util.concurrent.ThreadPoolExecutor.runWorker(ThreadPoolExecutor.java:1130)
at java.base/java.util.concurrent.ThreadPoolExecutor$Worker.run(ThreadPoolExecutor.java:630)
at java.base/java.lang.Thread.run(Thread.java:832)
Suppressed: org.openqa.selenium.json.JsonException: Attempting to close incomplete json stream
Build info: version: '3.141.59', revision: 'e82be7d358', time: '2018-11-14T08:17:03'
System info: host: 'Ramesh-P-Air', ip: '2409:4070:2e1c:ee56:983f:2bf9:3b28:f61e%en0', os.name: 'Mac OS X', os.arch: 'x86_64', os.version: '10.14.6', java.version: '14.0.1'
Driver info: driver.version: RemoteWebDriver
at org.openqa.selenium.json.JsonOutput.close(JsonOutput.java:279)
at org.openqa.selenium.json.Json.toJson(Json.java:44)
... 24 more
at org.openqa.selenium.json.JsonOutput.convertUsingMethod(JsonOutput.java:328)
... 36 more
Caused by: org.openqa.selenium.NoSuchElementException: Unable to locate element: //div/label[text()='Pending at Manager']
For documentation on this error, please visit: https://www.seleniumhq.org/exceptions/no_such_element.html
Build info: version: '3.141.59', revision: 'e82be7d358', time: '2018-11-14T08:17:03'
System info: host: 'Ramesh-P-Air', ip: '2409:4070:2e1c:ee56:983f:2bf9:3b28:f61e%en0', os.name: 'Mac OS X', os.arch: 'x86_64', os.version: '10.14.6', java.version: '14.0.1'
Driver info: org.openqa.selenium.remote.RemoteWebDriver
Capabilities {acceptInsecureCerts: true, browserName: firefox, browserVersion: 90.0.2, javascriptEnabled: true, moz:accessibilityChecks: false, moz:buildID: 20210721174149, moz:geckodriverVersion: 0.29.0, moz:headless: false, moz:processID: 61760, moz:profile: /var/folders/vl/0xfr13zn0nz..., moz:shutdownTimeout: 60000, moz:useNonSpecCompliantPointerOrigin: false, moz:webdriverClick: true, pageLoadStrategy: normal, platform: MAC, platformName: MAC, platformVersion: 20.5.0, proxy: Proxy(), setWindowRect: true, strictFileInteractability: false, timeouts: {implicit: 0, pageLoad: 300000, script: 30000}, unhandledPromptBehavior: dismiss and notify, webdriver.remote.sessionid: 125d23c8-2ef3-b248-b097-414...}
Session ID: 125d23c8-2ef3-b248-b097-4145f2ba6357
*** Element info: {Using=xpath, value=//div/label[text()='Pending at Manager']}
at org.openqa.selenium.remote.http.W3CHttpResponseCodec.createException(W3CHttpResponseCodec.java:187)
at org.openqa.selenium.remote.http.W3CHttpResponseCodec.decode(W3CHttpResponseCodec.java:122)
at org.openqa.selenium.remote.http.W3CHttpResponseCodec.decode(W3CHttpResponseCodec.java:49)
at org.openqa.selenium.remote.HttpCommandExecutor.execute(HttpCommandExecutor.java:158)
at org.openqa.selenium.remote.RemoteWebDriver.execute(RemoteWebDriver.java:552)
at org.openqa.selenium.remote.RemoteWebDriver.findElement(RemoteWebDriver.java:323)
at org.openqa.selenium.remote.RemoteWebDriver.findElementByXPath(RemoteWebDriver.java:428)
at org.openqa.selenium.By$ByXPath.findElement(By.java:353)
at org.openqa.selenium.remote.RemoteWebDriver.findElement(RemoteWebDriver.java:315)
at org.openqa.selenium.support.pagefactory.DefaultElementLocator.findElement(DefaultElementLocator.java:69)
at org.openqa.selenium.support.pagefactory.internal.LocatingElementHandler.invoke(LocatingElementHandler.java:38)
at com.sun.proxy.$Proxy31.getWrappedElement(Unknown Source)
at org.openqa.selenium.interactions.PointerInput$Origin.asArg(PointerInput.java:204)
at org.openqa.selenium.interactions.PointerInput$Move.encode(PointerInput.java:155)
at org.openqa.selenium.interactions.Sequence.encode(Sequence.java:75)
at org.openqa.selenium.interactions.Sequence.toJson(Sequence.java:84)
... 40 more
... Removed 20 stack frames]]>
    </failure>
  </testcase> <!-- TC023_RecallReport -->
  <testcase classname="testCases.Reports.ReportsModuleTestsOUP" name="TC017_AcceptActionFinance_Report" time="858.653">
    <failure type="java.lang.AssertionError" message="The following asserts failed:
	expected [Updated successfully] but found []">
      <![CDATA[java.lang.AssertionError: The following asserts failed:
expected [Updated successfully] but found []
at pageobjects.PrivilegedViews.ReportsPagePrivilegedOUP.AcceptAllFinance_OUP(ReportsPagePrivilegedOUP.java:208)
at testCases.Reports.ReportsModuleTestsOUP.TC017_AcceptActionFinance_Report(ReportsModuleTestsOUP.java:264)
at java.base/java.util.concurrent.ThreadPoolExecutor.runWorker(ThreadPoolExecutor.java:1130)
at java.base/java.util.concurrent.ThreadPoolExecutor$Worker.run(ThreadPoolExecutor.java:630)
at java.base/java.lang.Thread.run(Thread.java:832)
... Removed 14 stack frames]]>
    </failure>
  </testcase> <!-- TC017_AcceptActionFinance_Report -->
  <testcase classname="testCases.Reports.ReportsModuleTestsOUP" name="TC021_downloadWorkflowComments" time="403.807">
    <failure type="org.openqa.selenium.NoSuchElementException" message="Unable to locate element: //div[@class=&amp;apos;customToast showCustomToast&amp;apos;]
For documentation on this error, please visit: https://www.seleniumhq.org/exceptions/no_such_element.html
Build info: version: &amp;apos;3.141.59&amp;apos;, revision: &amp;apos;e82be7d358&amp;apos;, time: &amp;apos;2018-11-14T08:17:03&amp;apos;
System info: host: &amp;apos;Ramesh-P-Air&amp;apos;, ip: &amp;apos;2409:4070:2e1c:ee56:983f:2bf9:3b28:f61e%en0&amp;apos;, os.name: &amp;apos;Mac OS X&amp;apos;, os.arch: &amp;apos;x86_64&amp;apos;, os.version: &amp;apos;10.14.6&amp;apos;, java.version: &amp;apos;14.0.1&amp;apos;
Driver info: org.openqa.selenium.remote.RemoteWebDriver
Capabilities {acceptInsecureCerts: true, browserName: firefox, browserVersion: 90.0.2, javascriptEnabled: true, moz:accessibilityChecks: false, moz:buildID: 20210721174149, moz:geckodriverVersion: 0.29.0, moz:headless: false, moz:processID: 51236, moz:profile: /var/folders/s0/h2xfsvn150n..., moz:shutdownTimeout: 60000, moz:useNonSpecCompliantPointerOrigin: false, moz:webdriverClick: true, pageLoadStrategy: normal, platform: MAC, platformName: MAC, platformVersion: 20.4.0, proxy: Proxy(), setWindowRect: true, strictFileInteractability: false, timeouts: {implicit: 0, pageLoad: 300000, script: 30000}, unhandledPromptBehavior: dismiss and notify, webdriver.remote.sessionid: 5b7329b0-499b-594c-8cff-90c...}
Session ID: 5b7329b0-499b-594c-8cff-90cbf141bb5f
*** Element info: {Using=xpath, value=//div[@class=&amp;apos;customToast showCustomToast&amp;apos;]}">
      <![CDATA[org.openqa.selenium.NoSuchElementException: Unable to locate element: //div[@class='customToast showCustomToast']
For documentation on this error, please visit: https://www.seleniumhq.org/exceptions/no_such_element.html
Build info: version: '3.141.59', revision: 'e82be7d358', time: '2018-11-14T08:17:03'
System info: host: 'Ramesh-P-Air', ip: '2409:4070:2e1c:ee56:983f:2bf9:3b28:f61e%en0', os.name: 'Mac OS X', os.arch: 'x86_64', os.version: '10.14.6', java.version: '14.0.1'
Driver info: org.openqa.selenium.remote.RemoteWebDriver
Capabilities {acceptInsecureCerts: true, browserName: firefox, browserVersion: 90.0.2, javascriptEnabled: true, moz:accessibilityChecks: false, moz:buildID: 20210721174149, moz:geckodriverVersion: 0.29.0, moz:headless: false, moz:processID: 51236, moz:profile: /var/folders/s0/h2xfsvn150n..., moz:shutdownTimeout: 60000, moz:useNonSpecCompliantPointerOrigin: false, moz:webdriverClick: true, pageLoadStrategy: normal, platform: MAC, platformName: MAC, platformVersion: 20.4.0, proxy: Proxy(), setWindowRect: true, strictFileInteractability: false, timeouts: {implicit: 0, pageLoad: 300000, script: 30000}, unhandledPromptBehavior: dismiss and notify, webdriver.remote.sessionid: 5b7329b0-499b-594c-8cff-90c...}
Session ID: 5b7329b0-499b-594c-8cff-90cbf141bb5f
*** Element info: {Using=xpath, value=//div[@class='customToast showCustomToast']}
at org.openqa.selenium.remote.http.W3CHttpResponseCodec.createException(W3CHttpResponseCodec.java:187)
at org.openqa.selenium.remote.http.W3CHttpResponseCodec.decode(W3CHttpResponseCodec.java:122)
at org.openqa.selenium.remote.http.W3CHttpResponseCodec.decode(W3CHttpResponseCodec.java:49)
at org.openqa.selenium.remote.HttpCommandExecutor.execute(HttpCommandExecutor.java:158)
at org.openqa.selenium.remote.RemoteWebDriver.execute(RemoteWebDriver.java:552)
at org.openqa.selenium.remote.RemoteWebDriver.findElement(RemoteWebDriver.java:323)
at org.openqa.selenium.remote.RemoteWebDriver.findElementByXPath(RemoteWebDriver.java:428)
at org.openqa.selenium.By$ByXPath.findElement(By.java:353)
at org.openqa.selenium.remote.RemoteWebDriver.findElement(RemoteWebDriver.java:315)
at org.openqa.selenium.support.pagefactory.DefaultElementLocator.findElement(DefaultElementLocator.java:69)
at org.openqa.selenium.support.pagefactory.internal.LocatingElementHandler.invoke(LocatingElementHandler.java:38)
at com.sun.proxy.$Proxy31.getText(Unknown Source)
at pageobjects.EmployeeViews.ReportsPage.downloadWorkflowComments(ReportsPage.java:807)
at testCases.Reports.ReportsModuleTestsOUP.TC021_downloadWorkflowComments(ReportsModuleTestsOUP.java:307)
at java.base/java.util.concurrent.ThreadPoolExecutor.runWorker(ThreadPoolExecutor.java:1130)
at java.base/java.util.concurrent.ThreadPoolExecutor$Worker.run(ThreadPoolExecutor.java:630)
at java.base/java.lang.Thread.run(Thread.java:832)
... Removed 16 stack frames]]>
    </failure>
  </testcase> <!-- TC021_downloadWorkflowComments -->
  <testcase classname="testCases.Reports.ReportsModuleTestsOUP" name="TC022_DeleteReportQuickView" time="582.473">
    <failure type="org.openqa.selenium.NoSuchElementException" message="Unable to locate element: //div[@class=&amp;apos;customToast showCustomToast&amp;apos;]
For documentation on this error, please visit: https://www.seleniumhq.org/exceptions/no_such_element.html
Build info: version: &amp;apos;3.141.59&amp;apos;, revision: &amp;apos;e82be7d358&amp;apos;, time: &amp;apos;2018-11-14T08:17:03&amp;apos;
System info: host: &amp;apos;Ramesh-P-Air&amp;apos;, ip: &amp;apos;2409:4070:2e1c:ee56:983f:2bf9:3b28:f61e%en0&amp;apos;, os.name: &amp;apos;Mac OS X&amp;apos;, os.arch: &amp;apos;x86_64&amp;apos;, os.version: &amp;apos;10.14.6&amp;apos;, java.version: &amp;apos;14.0.1&amp;apos;
Driver info: org.openqa.selenium.remote.RemoteWebDriver
Capabilities {acceptInsecureCerts: true, browserName: firefox, browserVersion: 90.0.2, javascriptEnabled: true, moz:accessibilityChecks: false, moz:buildID: 20210721174149, moz:geckodriverVersion: 0.29.0, moz:headless: false, moz:processID: 42496, moz:profile: /var/folders/s0/h2xfsvn150n..., moz:shutdownTimeout: 60000, moz:useNonSpecCompliantPointerOrigin: false, moz:webdriverClick: true, pageLoadStrategy: normal, platform: MAC, platformName: MAC, platformVersion: 20.4.0, proxy: Proxy(), setWindowRect: true, strictFileInteractability: false, timeouts: {implicit: 0, pageLoad: 300000, script: 30000}, unhandledPromptBehavior: dismiss and notify, webdriver.remote.sessionid: 39499f5e-1faa-cc4f-979d-f27...}
Session ID: 39499f5e-1faa-cc4f-979d-f275c628ce86
*** Element info: {Using=xpath, value=//div[@class=&amp;apos;customToast showCustomToast&amp;apos;]}">
      <![CDATA[org.openqa.selenium.NoSuchElementException: Unable to locate element: //div[@class='customToast showCustomToast']
For documentation on this error, please visit: https://www.seleniumhq.org/exceptions/no_such_element.html
Build info: version: '3.141.59', revision: 'e82be7d358', time: '2018-11-14T08:17:03'
System info: host: 'Ramesh-P-Air', ip: '2409:4070:2e1c:ee56:983f:2bf9:3b28:f61e%en0', os.name: 'Mac OS X', os.arch: 'x86_64', os.version: '10.14.6', java.version: '14.0.1'
Driver info: org.openqa.selenium.remote.RemoteWebDriver
Capabilities {acceptInsecureCerts: true, browserName: firefox, browserVersion: 90.0.2, javascriptEnabled: true, moz:accessibilityChecks: false, moz:buildID: 20210721174149, moz:geckodriverVersion: 0.29.0, moz:headless: false, moz:processID: 42496, moz:profile: /var/folders/s0/h2xfsvn150n..., moz:shutdownTimeout: 60000, moz:useNonSpecCompliantPointerOrigin: false, moz:webdriverClick: true, pageLoadStrategy: normal, platform: MAC, platformName: MAC, platformVersion: 20.4.0, proxy: Proxy(), setWindowRect: true, strictFileInteractability: false, timeouts: {implicit: 0, pageLoad: 300000, script: 30000}, unhandledPromptBehavior: dismiss and notify, webdriver.remote.sessionid: 39499f5e-1faa-cc4f-979d-f27...}
Session ID: 39499f5e-1faa-cc4f-979d-f275c628ce86
*** Element info: {Using=xpath, value=//div[@class='customToast showCustomToast']}
at org.openqa.selenium.remote.http.W3CHttpResponseCodec.createException(W3CHttpResponseCodec.java:187)
at org.openqa.selenium.remote.http.W3CHttpResponseCodec.decode(W3CHttpResponseCodec.java:122)
at org.openqa.selenium.remote.http.W3CHttpResponseCodec.decode(W3CHttpResponseCodec.java:49)
at org.openqa.selenium.remote.HttpCommandExecutor.execute(HttpCommandExecutor.java:158)
at org.openqa.selenium.remote.RemoteWebDriver.execute(RemoteWebDriver.java:552)
at org.openqa.selenium.remote.RemoteWebDriver.findElement(RemoteWebDriver.java:323)
at org.openqa.selenium.remote.RemoteWebDriver.findElementByXPath(RemoteWebDriver.java:428)
at org.openqa.selenium.By$ByXPath.findElement(By.java:353)
at org.openqa.selenium.remote.RemoteWebDriver.findElement(RemoteWebDriver.java:315)
at org.openqa.selenium.support.pagefactory.DefaultElementLocator.findElement(DefaultElementLocator.java:69)
at org.openqa.selenium.support.pagefactory.internal.LocatingElementHandler.invoke(LocatingElementHandler.java:38)
at com.sun.proxy.$Proxy31.getText(Unknown Source)
at orgUtils_ExpenseProduct.OUP_ExpenseOrg.DeleteReportQucikView(OUP_ExpenseOrg.java:575)
at testCases.Reports.ReportsModuleTestsOUP.TC022_DeleteReportQuickView(ReportsModuleTestsOUP.java:321)
at java.base/java.util.concurrent.ThreadPoolExecutor.runWorker(ThreadPoolExecutor.java:1130)
at java.base/java.util.concurrent.ThreadPoolExecutor$Worker.run(ThreadPoolExecutor.java:630)
at java.base/java.lang.Thread.run(Thread.java:832)
... Removed 16 stack frames]]>
    </failure>
  </testcase> <!-- TC022_DeleteReportQuickView -->
</testsuite> <!-- LoginTestChrome -->
